{"total": {"lines":{"total":12027,"covered":9149,"skipped":0,"pct":76.07},"statements":{"total":13275,"covered":9600,"skipped":0,"pct":72.31},"functions":{"total":2982,"covered":2009,"skipped":0,"pct":67.37},"branches":{"total":8267,"covered":4204,"skipped":0,"pct":50.85},"branchesTrue":{"total":0,"covered":0,"skipped":0,"pct":100}}
,"/Users/victor/development/appquilar/appquilar/src/App.tsx": {"lines":{"total":112,"covered":107,"skipped":0,"pct":95.53},"functions":{"total":30,"covered":22,"skipped":0,"pct":73.33},"statements":{"total":138,"covered":125,"skipped":0,"pct":90.57},"branches":{"total":7,"covered":1,"skipped":0,"pct":14.28}}
,"/Users/victor/development/appquilar/appquilar/src/application/hooks/useAdminCompanies.ts": {"lines":{"total":29,"covered":25,"skipped":0,"pct":86.2},"functions":{"total":5,"covered":4,"skipped":0,"pct":80},"statements":{"total":29,"covered":25,"skipped":0,"pct":86.2},"branches":{"total":3,"covered":1,"skipped":0,"pct":33.33}}
,"/Users/victor/development/appquilar/appquilar/src/application/hooks/useAdminPlatformAnalytics.ts": {"lines":{"total":18,"covered":18,"skipped":0,"pct":100},"functions":{"total":18,"covered":6,"skipped":0,"pct":33.33},"statements":{"total":33,"covered":21,"skipped":0,"pct":63.63},"branches":{"total":4,"covered":2,"skipped":0,"pct":50}}
,"/Users/victor/development/appquilar/appquilar/src/application/hooks/useAllPlatformCategories.ts": {"lines":{"total":33,"covered":28,"skipped":0,"pct":84.84},"functions":{"total":5,"covered":5,"skipped":0,"pct":100},"statements":{"total":34,"covered":29,"skipped":0,"pct":85.29},"branches":{"total":8,"covered":5,"skipped":0,"pct":62.5}}
,"/Users/victor/development/appquilar/appquilar/src/application/hooks/useBilling.ts": {"lines":{"total":12,"covered":8,"skipped":0,"pct":66.66},"functions":{"total":8,"covered":4,"skipped":0,"pct":50},"statements":{"total":12,"covered":8,"skipped":0,"pct":66.66},"branches":{"total":0,"covered":0,"skipped":0,"pct":100}}
,"/Users/victor/development/appquilar/appquilar/src/application/hooks/useBlog.ts": {"lines":{"total":90,"covered":73,"skipped":0,"pct":81.11},"functions":{"total":50,"covered":35,"skipped":0,"pct":70},"statements":{"total":92,"covered":73,"skipped":0,"pct":79.34},"branches":{"total":21,"covered":9,"skipped":0,"pct":42.85}}
,"/Users/victor/development/appquilar/appquilar/src/application/hooks/useBlogImageUpload.ts": {"lines":{"total":8,"covered":4,"skipped":0,"pct":50},"functions":{"total":2,"covered":1,"skipped":0,"pct":50},"statements":{"total":8,"covered":4,"skipped":0,"pct":50},"branches":{"total":0,"covered":0,"skipped":0,"pct":100}}
,"/Users/victor/development/appquilar/appquilar/src/application/hooks/useCaptcha.ts": {"lines":{"total":51,"covered":16,"skipped":0,"pct":31.37},"functions":{"total":11,"covered":4,"skipped":0,"pct":36.36},"statements":{"total":53,"covered":16,"skipped":0,"pct":30.18},"branches":{"total":24,"covered":3,"skipped":0,"pct":12.5}}
,"/Users/victor/development/appquilar/appquilar/src/application/hooks/useCategoryBreadcrumbs.ts": {"lines":{"total":5,"covered":5,"skipped":0,"pct":100},"functions":{"total":3,"covered":3,"skipped":0,"pct":100},"statements":{"total":5,"covered":5,"skipped":0,"pct":100},"branches":{"total":2,"covered":2,"skipped":0,"pct":100}}
,"/Users/victor/development/appquilar/appquilar/src/application/hooks/useCategoryDynamicProperties.ts": {"lines":{"total":5,"covered":5,"skipped":0,"pct":100},"functions":{"total":3,"covered":3,"skipped":0,"pct":100},"statements":{"total":5,"covered":5,"skipped":0,"pct":100},"branches":{"total":0,"covered":0,"skipped":0,"pct":100}}
,"/Users/victor/development/appquilar/appquilar/src/application/hooks/useCompanyAdvancedStats.ts": {"lines":{"total":4,"covered":4,"skipped":0,"pct":100},"functions":{"total":2,"covered":2,"skipped":0,"pct":100},"statements":{"total":4,"covered":4,"skipped":0,"pct":100},"branches":{"total":9,"covered":5,"skipped":0,"pct":55.55}}
,"/Users/victor/development/appquilar/appquilar/src/application/hooks/useCompanyEngagementStats.ts": {"lines":{"total":4,"covered":4,"skipped":0,"pct":100},"functions":{"total":2,"covered":2,"skipped":0,"pct":100},"statements":{"total":4,"covered":4,"skipped":0,"pct":100},"branches":{"total":6,"covered":4,"skipped":0,"pct":66.66}}
,"/Users/victor/development/appquilar/appquilar/src/application/hooks/useCompanyInvitation.ts": {"lines":{"total":3,"covered":3,"skipped":0,"pct":100},"functions":{"total":2,"covered":2,"skipped":0,"pct":100},"statements":{"total":3,"covered":3,"skipped":0,"pct":100},"branches":{"total":0,"covered":0,"skipped":0,"pct":100}}
,"/Users/victor/development/appquilar/appquilar/src/application/hooks/useCompanyMembership.ts": {"lines":{"total":23,"covered":15,"skipped":0,"pct":65.21},"functions":{"total":13,"covered":5,"skipped":0,"pct":38.46},"statements":{"total":23,"covered":15,"skipped":0,"pct":65.21},"branches":{"total":2,"covered":2,"skipped":0,"pct":100}}
,"/Users/victor/development/appquilar/appquilar/src/application/hooks/useCompanyProfile.ts": {"lines":{"total":10,"covered":10,"skipped":0,"pct":100},"functions":{"total":5,"covered":5,"skipped":0,"pct":100},"statements":{"total":10,"covered":10,"skipped":0,"pct":100},"branches":{"total":0,"covered":0,"skipped":0,"pct":100}}
,"/Users/victor/development/appquilar/appquilar/src/application/hooks/useContact.ts": {"lines":{"total":3,"covered":3,"skipped":0,"pct":100},"functions":{"total":2,"covered":2,"skipped":0,"pct":100},"statements":{"total":3,"covered":3,"skipped":0,"pct":100},"branches":{"total":0,"covered":0,"skipped":0,"pct":100}}
,"/Users/victor/development/appquilar/appquilar/src/application/hooks/useCurrentUser.ts": {"lines":{"total":6,"covered":6,"skipped":0,"pct":100},"functions":{"total":2,"covered":2,"skipped":0,"pct":100},"statements":{"total":7,"covered":6,"skipped":0,"pct":85.71},"branches":{"total":6,"covered":5,"skipped":0,"pct":83.33}}
,"/Users/victor/development/appquilar/appquilar/src/application/hooks/useLatestPublicProducts.ts": {"lines":{"total":4,"covered":4,"skipped":0,"pct":100},"functions":{"total":2,"covered":2,"skipped":0,"pct":100},"statements":{"total":4,"covered":4,"skipped":0,"pct":100},"branches":{"total":0,"covered":0,"skipped":0,"pct":100}}
,"/Users/victor/development/appquilar/appquilar/src/application/hooks/useMediaActions.ts": {"lines":{"total":8,"covered":5,"skipped":0,"pct":62.5},"functions":{"total":4,"covered":1,"skipped":0,"pct":25},"statements":{"total":8,"covered":5,"skipped":0,"pct":62.5},"branches":{"total":0,"covered":0,"skipped":0,"pct":100}}
,"/Users/victor/development/appquilar/appquilar/src/application/hooks/useMediaUrl.ts": {"lines":{"total":32,"covered":20,"skipped":0,"pct":62.5},"functions":{"total":4,"covered":4,"skipped":0,"pct":100},"statements":{"total":36,"covered":21,"skipped":0,"pct":58.33},"branches":{"total":14,"covered":4,"skipped":0,"pct":28.57}}
,"/Users/victor/development/appquilar/appquilar/src/application/hooks/usePaymentPlans.ts": {"lines":{"total":19,"covered":5,"skipped":0,"pct":26.31},"functions":{"total":10,"covered":0,"skipped":0,"pct":0},"statements":{"total":19,"covered":5,"skipped":0,"pct":26.31},"branches":{"total":14,"covered":0,"skipped":0,"pct":0}}
,"/Users/victor/development/appquilar/appquilar/src/application/hooks/usePlatformUsers.ts": {"lines":{"total":27,"covered":22,"skipped":0,"pct":81.48},"functions":{"total":5,"covered":3,"skipped":0,"pct":60},"statements":{"total":27,"covered":22,"skipped":0,"pct":81.48},"branches":{"total":0,"covered":0,"skipped":0,"pct":100}}
,"/Users/victor/development/appquilar/appquilar/src/application/hooks/useProductInventory.ts": {"lines":{"total":39,"covered":13,"skipped":0,"pct":33.33},"functions":{"total":16,"covered":4,"skipped":0,"pct":25},"statements":{"total":40,"covered":14,"skipped":0,"pct":35},"branches":{"total":28,"covered":9,"skipped":0,"pct":32.14}}
,"/Users/victor/development/appquilar/appquilar/src/application/hooks/useProductOwnerAddress.ts": {"lines":{"total":9,"covered":9,"skipped":0,"pct":100},"functions":{"total":2,"covered":2,"skipped":0,"pct":100},"statements":{"total":9,"covered":9,"skipped":0,"pct":100},"branches":{"total":15,"covered":15,"skipped":0,"pct":100}}
,"/Users/victor/development/appquilar/appquilar/src/application/hooks/useProductSelection.ts": {"lines":{"total":36,"covered":35,"skipped":0,"pct":97.22},"functions":{"total":8,"covered":8,"skipped":0,"pct":100},"statements":{"total":37,"covered":36,"skipped":0,"pct":97.29},"branches":{"total":26,"covered":18,"skipped":0,"pct":69.23}}
,"/Users/victor/development/appquilar/appquilar/src/application/hooks/useProducts.ts": {"lines":{"total":124,"covered":49,"skipped":0,"pct":39.51},"functions":{"total":41,"covered":20,"skipped":0,"pct":48.78},"statements":{"total":127,"covered":50,"skipped":0,"pct":39.37},"branches":{"total":61,"covered":19,"skipped":0,"pct":31.14}}
,"/Users/victor/development/appquilar/appquilar/src/application/hooks/usePublicCompanyProducts.ts": {"lines":{"total":4,"covered":4,"skipped":0,"pct":100},"functions":{"total":3,"covered":3,"skipped":0,"pct":100},"statements":{"total":4,"covered":4,"skipped":0,"pct":100},"branches":{"total":0,"covered":0,"skipped":0,"pct":100}}
,"/Users/victor/development/appquilar/appquilar/src/application/hooks/usePublicCompanyProfile.ts": {"lines":{"total":3,"covered":3,"skipped":0,"pct":100},"functions":{"total":2,"covered":2,"skipped":0,"pct":100},"statements":{"total":3,"covered":3,"skipped":0,"pct":100},"branches":{"total":0,"covered":0,"skipped":0,"pct":100}}
,"/Users/victor/development/appquilar/appquilar/src/application/hooks/usePublicMediaUrl.ts": {"lines":{"total":5,"covered":4,"skipped":0,"pct":80},"functions":{"total":1,"covered":1,"skipped":0,"pct":100},"statements":{"total":5,"covered":4,"skipped":0,"pct":80},"branches":{"total":5,"covered":2,"skipped":0,"pct":40}}
,"/Users/victor/development/appquilar/appquilar/src/application/hooks/usePublicProductSearch.ts": {"lines":{"total":16,"covered":14,"skipped":0,"pct":87.5},"functions":{"total":7,"covered":3,"skipped":0,"pct":42.85},"statements":{"total":18,"covered":14,"skipped":0,"pct":77.77},"branches":{"total":14,"covered":7,"skipped":0,"pct":50}}
,"/Users/victor/development/appquilar/appquilar/src/application/hooks/usePublicSiteCategories.ts": {"lines":{"total":95,"covered":81,"skipped":0,"pct":85.26},"functions":{"total":18,"covered":16,"skipped":0,"pct":88.88},"statements":{"total":109,"covered":92,"skipped":0,"pct":84.4},"branches":{"total":39,"covered":31,"skipped":0,"pct":79.48}}
,"/Users/victor/development/appquilar/appquilar/src/application/hooks/useRentConversations.ts": {"lines":{"total":56,"covered":49,"skipped":0,"pct":87.5},"functions":{"total":15,"covered":15,"skipped":0,"pct":100},"statements":{"total":59,"covered":52,"skipped":0,"pct":88.13},"branches":{"total":40,"covered":27,"skipped":0,"pct":67.5}}
,"/Users/victor/development/appquilar/appquilar/src/application/hooks/useRentalDetails.ts": {"lines":{"total":49,"covered":36,"skipped":0,"pct":73.46},"functions":{"total":14,"covered":8,"skipped":0,"pct":57.14},"statements":{"total":55,"covered":36,"skipped":0,"pct":65.45},"branches":{"total":49,"covered":27,"skipped":0,"pct":55.1}}
,"/Users/victor/development/appquilar/appquilar/src/application/hooks/useRentalForm.ts": {"lines":{"total":20,"covered":8,"skipped":0,"pct":40},"functions":{"total":4,"covered":1,"skipped":0,"pct":25},"statements":{"total":22,"covered":8,"skipped":0,"pct":36.36},"branches":{"total":12,"covered":0,"skipped":0,"pct":0}}
,"/Users/victor/development/appquilar/appquilar/src/application/hooks/useRentalMessages.ts": {"lines":{"total":69,"covered":43,"skipped":0,"pct":62.31},"functions":{"total":25,"covered":16,"skipped":0,"pct":64},"statements":{"total":71,"covered":43,"skipped":0,"pct":60.56},"branches":{"total":65,"covered":36,"skipped":0,"pct":55.38}}
,"/Users/victor/development/appquilar/appquilar/src/application/hooks/useRentals.ts": {"lines":{"total":29,"covered":28,"skipped":0,"pct":96.55},"functions":{"total":12,"covered":12,"skipped":0,"pct":100},"statements":{"total":30,"covered":29,"skipped":0,"pct":96.66},"branches":{"total":34,"covered":22,"skipped":0,"pct":64.7}}
,"/Users/victor/development/appquilar/appquilar/src/application/hooks/useTrackProductView.ts": {"lines":{"total":45,"covered":28,"skipped":0,"pct":62.22},"functions":{"total":8,"covered":4,"skipped":0,"pct":50},"statements":{"total":45,"covered":28,"skipped":0,"pct":62.22},"branches":{"total":18,"covered":8,"skipped":0,"pct":44.44}}
,"/Users/victor/development/appquilar/appquilar/src/application/hooks/useUserConfig.ts": {"lines":{"total":94,"covered":49,"skipped":0,"pct":52.12},"functions":{"total":15,"covered":8,"skipped":0,"pct":53.33},"statements":{"total":99,"covered":50,"skipped":0,"pct":50.5},"branches":{"total":44,"covered":27,"skipped":0,"pct":61.36}}
,"/Users/victor/development/appquilar/appquilar/src/application/hooks/useUserEngagementStats.ts": {"lines":{"total":4,"covered":3,"skipped":0,"pct":75},"functions":{"total":2,"covered":1,"skipped":0,"pct":50},"statements":{"total":4,"covered":3,"skipped":0,"pct":75},"branches":{"total":6,"covered":4,"skipped":0,"pct":66.66}}
,"/Users/victor/development/appquilar/appquilar/src/application/services/AdminPlatformAnalyticsService.ts": {"lines":{"total":389,"covered":341,"skipped":0,"pct":87.66},"functions":{"total":159,"covered":146,"skipped":0,"pct":91.82},"statements":{"total":452,"covered":399,"skipped":0,"pct":88.27},"branches":{"total":236,"covered":135,"skipped":0,"pct":57.2}}
,"/Users/victor/development/appquilar/appquilar/src/application/services/AuthService.ts": {"lines":{"total":54,"covered":41,"skipped":0,"pct":75.92},"functions":{"total":13,"covered":10,"skipped":0,"pct":76.92},"statements":{"total":54,"covered":41,"skipped":0,"pct":75.92},"branches":{"total":12,"covered":8,"skipped":0,"pct":66.66}}
,"/Users/victor/development/appquilar/appquilar/src/application/services/BillingService.ts": {"lines":{"total":10,"covered":7,"skipped":0,"pct":70},"functions":{"total":6,"covered":4,"skipped":0,"pct":66.66},"statements":{"total":10,"covered":7,"skipped":0,"pct":70},"branches":{"total":2,"covered":1,"skipped":0,"pct":50}}
,"/Users/victor/development/appquilar/appquilar/src/application/services/BlogService.ts": {"lines":{"total":20,"covered":16,"skipped":0,"pct":80},"functions":{"total":16,"covered":13,"skipped":0,"pct":81.25},"statements":{"total":20,"covered":16,"skipped":0,"pct":80},"branches":{"total":2,"covered":1,"skipped":0,"pct":50}}
,"/Users/victor/development/appquilar/appquilar/src/application/services/CapabilityService.ts": {"lines":{"total":6,"covered":0,"skipped":0,"pct":0},"functions":{"total":2,"covered":0,"skipped":0,"pct":0},"statements":{"total":6,"covered":0,"skipped":0,"pct":0},"branches":{"total":14,"covered":0,"skipped":0,"pct":0}}
,"/Users/victor/development/appquilar/appquilar/src/application/services/CaptchaService.ts": {"lines":{"total":7,"covered":6,"skipped":0,"pct":85.71},"functions":{"total":3,"covered":3,"skipped":0,"pct":100},"statements":{"total":7,"covered":6,"skipped":0,"pct":85.71},"branches":{"total":2,"covered":1,"skipped":0,"pct":50}}
,"/Users/victor/development/appquilar/appquilar/src/application/services/CategoryService.ts": {"lines":{"total":13,"covered":8,"skipped":0,"pct":61.53},"functions":{"total":9,"covered":5,"skipped":0,"pct":55.55},"statements":{"total":13,"covered":8,"skipped":0,"pct":61.53},"branches":{"total":2,"covered":1,"skipped":0,"pct":50}}
,"/Users/victor/development/appquilar/appquilar/src/application/services/CompanyAdminService.ts": {"lines":{"total":7,"covered":6,"skipped":0,"pct":85.71},"functions":{"total":3,"covered":3,"skipped":0,"pct":100},"statements":{"total":7,"covered":6,"skipped":0,"pct":85.71},"branches":{"total":2,"covered":1,"skipped":0,"pct":50}}
,"/Users/victor/development/appquilar/appquilar/src/application/services/CompanyAdvancedStatsService.ts": {"lines":{"total":122,"covered":114,"skipped":0,"pct":93.44},"functions":{"total":32,"covered":30,"skipped":0,"pct":93.75},"statements":{"total":135,"covered":127,"skipped":0,"pct":94.07},"branches":{"total":67,"covered":49,"skipped":0,"pct":73.13}}
,"/Users/victor/development/appquilar/appquilar/src/application/services/CompanyEngagementService.ts": {"lines":{"total":8,"covered":6,"skipped":0,"pct":75},"functions":{"total":4,"covered":3,"skipped":0,"pct":75},"statements":{"total":8,"covered":6,"skipped":0,"pct":75},"branches":{"total":2,"covered":1,"skipped":0,"pct":50}}
,"/Users/victor/development/appquilar/appquilar/src/application/services/CompanyInvitationService.ts": {"lines":{"total":7,"covered":6,"skipped":0,"pct":85.71},"functions":{"total":3,"covered":3,"skipped":0,"pct":100},"statements":{"total":7,"covered":6,"skipped":0,"pct":85.71},"branches":{"total":2,"covered":1,"skipped":0,"pct":50}}
,"/Users/victor/development/appquilar/appquilar/src/application/services/CompanyMembershipService.ts": {"lines":{"total":11,"covered":6,"skipped":0,"pct":54.54},"functions":{"total":7,"covered":3,"skipped":0,"pct":42.85},"statements":{"total":11,"covered":6,"skipped":0,"pct":54.54},"branches":{"total":4,"covered":1,"skipped":0,"pct":25}}
,"/Users/victor/development/appquilar/appquilar/src/application/services/CompanyProfileService.ts": {"lines":{"total":8,"covered":7,"skipped":0,"pct":87.5},"functions":{"total":4,"covered":4,"skipped":0,"pct":100},"statements":{"total":8,"covered":7,"skipped":0,"pct":87.5},"branches":{"total":2,"covered":1,"skipped":0,"pct":50}}
,"/Users/victor/development/appquilar/appquilar/src/application/services/ContactService.ts": {"lines":{"total":7,"covered":6,"skipped":0,"pct":85.71},"functions":{"total":3,"covered":3,"skipped":0,"pct":100},"statements":{"total":7,"covered":6,"skipped":0,"pct":85.71},"branches":{"total":2,"covered":1,"skipped":0,"pct":50}}
,"/Users/victor/development/appquilar/appquilar/src/application/services/MediaService.ts": {"lines":{"total":9,"covered":7,"skipped":0,"pct":77.77},"functions":{"total":5,"covered":4,"skipped":0,"pct":80},"statements":{"total":9,"covered":7,"skipped":0,"pct":77.77},"branches":{"total":3,"covered":1,"skipped":0,"pct":33.33}}
,"/Users/victor/development/appquilar/appquilar/src/application/services/PaymentPlanService.ts": {"lines":{"total":10,"covered":5,"skipped":0,"pct":50},"functions":{"total":6,"covered":2,"skipped":0,"pct":33.33},"statements":{"total":10,"covered":5,"skipped":0,"pct":50},"branches":{"total":3,"covered":1,"skipped":0,"pct":33.33}}
,"/Users/victor/development/appquilar/appquilar/src/application/services/ProductInventoryService.ts": {"lines":{"total":13,"covered":6,"skipped":0,"pct":46.15},"functions":{"total":9,"covered":3,"skipped":0,"pct":33.33},"statements":{"total":13,"covered":6,"skipped":0,"pct":46.15},"branches":{"total":4,"covered":1,"skipped":0,"pct":25}}
,"/Users/victor/development/appquilar/appquilar/src/application/services/ProductService.ts": {"lines":{"total":26,"covered":10,"skipped":0,"pct":38.46},"functions":{"total":22,"covered":7,"skipped":0,"pct":31.81},"statements":{"total":26,"covered":10,"skipped":0,"pct":38.46},"branches":{"total":2,"covered":1,"skipped":0,"pct":50}}
,"/Users/victor/development/appquilar/appquilar/src/application/services/PublicCompanyProductsService.ts": {"lines":{"total":7,"covered":6,"skipped":0,"pct":85.71},"functions":{"total":3,"covered":3,"skipped":0,"pct":100},"statements":{"total":7,"covered":6,"skipped":0,"pct":85.71},"branches":{"total":2,"covered":1,"skipped":0,"pct":50}}
,"/Users/victor/development/appquilar/appquilar/src/application/services/PublicCompanyProfileService.ts": {"lines":{"total":7,"covered":6,"skipped":0,"pct":85.71},"functions":{"total":3,"covered":3,"skipped":0,"pct":100},"statements":{"total":7,"covered":6,"skipped":0,"pct":85.71},"branches":{"total":2,"covered":1,"skipped":0,"pct":50}}
,"/Users/victor/development/appquilar/appquilar/src/application/services/RentalService.ts": {"lines":{"total":16,"covered":14,"skipped":0,"pct":87.5},"functions":{"total":12,"covered":11,"skipped":0,"pct":91.66},"statements":{"total":16,"covered":14,"skipped":0,"pct":87.5},"branches":{"total":2,"covered":1,"skipped":0,"pct":50}}
,"/Users/victor/development/appquilar/appquilar/src/application/services/SiteService.ts": {"lines":{"total":8,"covered":6,"skipped":0,"pct":75},"functions":{"total":4,"covered":3,"skipped":0,"pct":75},"statements":{"total":8,"covered":6,"skipped":0,"pct":75},"branches":{"total":2,"covered":1,"skipped":0,"pct":50}}
,"/Users/victor/development/appquilar/appquilar/src/application/services/UserEngagementService.ts": {"lines":{"total":7,"covered":5,"skipped":0,"pct":71.42},"functions":{"total":3,"covered":2,"skipped":0,"pct":66.66},"statements":{"total":7,"covered":5,"skipped":0,"pct":71.42},"branches":{"total":2,"covered":1,"skipped":0,"pct":50}}
,"/Users/victor/development/appquilar/appquilar/src/application/services/UserService.ts": {"lines":{"total":21,"covered":11,"skipped":0,"pct":52.38},"functions":{"total":8,"covered":5,"skipped":0,"pct":62.5},"statements":{"total":21,"covered":11,"skipped":0,"pct":52.38},"branches":{"total":10,"covered":2,"skipped":0,"pct":20}}
,"/Users/victor/development/appquilar/appquilar/src/components/Home/CategoryGrid.tsx": {"lines":{"total":33,"covered":30,"skipped":0,"pct":90.9},"functions":{"total":9,"covered":8,"skipped":0,"pct":88.88},"statements":{"total":38,"covered":32,"skipped":0,"pct":84.21},"branches":{"total":20,"covered":15,"skipped":0,"pct":75}}
,"/Users/victor/development/appquilar/appquilar/src/components/Home/FaqSection.tsx": {"lines":{"total":19,"covered":16,"skipped":0,"pct":84.21},"functions":{"total":4,"covered":3,"skipped":0,"pct":75},"statements":{"total":22,"covered":16,"skipped":0,"pct":72.72},"branches":{"total":6,"covered":1,"skipped":0,"pct":16.66}}
,"/Users/victor/development/appquilar/appquilar/src/components/Home/FeaturedProducts.tsx": {"lines":{"total":29,"covered":26,"skipped":0,"pct":89.65},"functions":{"total":8,"covered":7,"skipped":0,"pct":87.5},"statements":{"total":33,"covered":27,"skipped":0,"pct":81.81},"branches":{"total":32,"covered":16,"skipped":0,"pct":50}}
,"/Users/victor/development/appquilar/appquilar/src/components/Home/Hero.tsx": {"lines":{"total":35,"covered":28,"skipped":0,"pct":80},"functions":{"total":11,"covered":7,"skipped":0,"pct":63.63},"statements":{"total":41,"covered":30,"skipped":0,"pct":73.17},"branches":{"total":12,"covered":6,"skipped":0,"pct":50}}
,"/Users/victor/development/appquilar/appquilar/src/components/Home/SearchBar.tsx": {"lines":{"total":28,"covered":21,"skipped":0,"pct":75},"functions":{"total":6,"covered":3,"skipped":0,"pct":50},"statements":{"total":31,"covered":21,"skipped":0,"pct":67.74},"branches":{"total":8,"covered":1,"skipped":0,"pct":12.5}}
,"/Users/victor/development/appquilar/appquilar/src/components/Home/TrustDifferentiators.tsx": {"lines":{"total":19,"covered":16,"skipped":0,"pct":84.21},"functions":{"total":4,"covered":3,"skipped":0,"pct":75},"statements":{"total":22,"covered":16,"skipped":0,"pct":72.72},"branches":{"total":6,"covered":1,"skipped":0,"pct":16.66}}
,"/Users/victor/development/appquilar/appquilar/src/components/auth/AuthModal.tsx": {"lines":{"total":49,"covered":38,"skipped":0,"pct":77.55},"functions":{"total":14,"covered":7,"skipped":0,"pct":50},"statements":{"total":52,"covered":38,"skipped":0,"pct":73.07},"branches":{"total":32,"covered":23,"skipped":0,"pct":71.87}}
,"/Users/victor/development/appquilar/appquilar/src/components/auth/ForgotPasswordForm.tsx": {"lines":{"total":28,"covered":25,"skipped":0,"pct":89.28},"functions":{"total":6,"covered":5,"skipped":0,"pct":83.33},"statements":{"total":31,"covered":25,"skipped":0,"pct":80.64},"branches":{"total":8,"covered":3,"skipped":0,"pct":37.5}}
,"/Users/victor/development/appquilar/appquilar/src/components/auth/PlanGuard.tsx": {"lines":{"total":42,"covered":31,"skipped":0,"pct":73.8},"functions":{"total":6,"covered":4,"skipped":0,"pct":66.66},"statements":{"total":47,"covered":32,"skipped":0,"pct":68.08},"branches":{"total":38,"covered":18,"skipped":0,"pct":47.36}}
,"/Users/victor/development/appquilar/appquilar/src/components/auth/RoleGuard.tsx": {"lines":{"total":36,"covered":29,"skipped":0,"pct":80.55},"functions":{"total":4,"covered":3,"skipped":0,"pct":75},"statements":{"total":39,"covered":29,"skipped":0,"pct":74.35},"branches":{"total":18,"covered":9,"skipped":0,"pct":50}}
,"/Users/victor/development/appquilar/appquilar/src/components/auth/SignInForm.tsx": {"lines":{"total":51,"covered":40,"skipped":0,"pct":78.43},"functions":{"total":11,"covered":9,"skipped":0,"pct":81.81},"statements":{"total":58,"covered":42,"skipped":0,"pct":72.41},"branches":{"total":37,"covered":22,"skipped":0,"pct":59.45}}
,"/Users/victor/development/appquilar/appquilar/src/components/auth/SignUpForm.tsx": {"lines":{"total":54,"covered":51,"skipped":0,"pct":94.44},"functions":{"total":9,"covered":8,"skipped":0,"pct":88.88},"statements":{"total":61,"covered":55,"skipped":0,"pct":90.16},"branches":{"total":26,"covered":20,"skipped":0,"pct":76.92}}
,"/Users/victor/development/appquilar/appquilar/src/components/blog/BlogMediaImage.tsx": {"lines":{"total":24,"covered":20,"skipped":0,"pct":83.33},"functions":{"total":4,"covered":3,"skipped":0,"pct":75},"statements":{"total":27,"covered":20,"skipped":0,"pct":74.07},"branches":{"total":10,"covered":2,"skipped":0,"pct":20}}
,"/Users/victor/development/appquilar/appquilar/src/components/blog/GoogleSnippetPreview.tsx": {"lines":{"total":17,"covered":14,"skipped":0,"pct":82.35},"functions":{"total":3,"covered":2,"skipped":0,"pct":66.66},"statements":{"total":20,"covered":14,"skipped":0,"pct":70},"branches":{"total":13,"covered":7,"skipped":0,"pct":53.84}}
,"/Users/victor/development/appquilar/appquilar/src/components/categories/CategoryIcon.tsx": {"lines":{"total":24,"covered":20,"skipped":0,"pct":83.33},"functions":{"total":4,"covered":3,"skipped":0,"pct":75},"statements":{"total":27,"covered":20,"skipped":0,"pct":74.07},"branches":{"total":14,"covered":4,"skipped":0,"pct":28.57}}
,"/Users/victor/development/appquilar/appquilar/src/components/categories/categoryIconNames.ts": {"lines":{"total":1,"covered":1,"skipped":0,"pct":100},"functions":{"total":0,"covered":0,"skipped":0,"pct":100},"statements":{"total":1,"covered":1,"skipped":0,"pct":100},"branches":{"total":0,"covered":0,"skipped":0,"pct":100}}
,"/Users/victor/development/appquilar/appquilar/src/components/category/DynamicPropertyFiltersSection.tsx": {"lines":{"total":27,"covered":13,"skipped":0,"pct":48.14},"functions":{"total":8,"covered":1,"skipped":0,"pct":12.5},"statements":{"total":30,"covered":13,"skipped":0,"pct":43.33},"branches":{"total":24,"covered":1,"skipped":0,"pct":4.16}}
,"/Users/victor/development/appquilar/appquilar/src/components/category/LoadingState.tsx": {"lines":{"total":17,"covered":14,"skipped":0,"pct":82.35},"functions":{"total":3,"covered":2,"skipped":0,"pct":66.66},"statements":{"total":20,"covered":14,"skipped":0,"pct":70},"branches":{"total":6,"covered":1,"skipped":0,"pct":16.66}}
,"/Users/victor/development/appquilar/appquilar/src/components/category/ProductGrid.tsx": {"lines":{"total":18,"covered":15,"skipped":0,"pct":83.33},"functions":{"total":4,"covered":3,"skipped":0,"pct":75},"statements":{"total":21,"covered":15,"skipped":0,"pct":71.42},"branches":{"total":6,"covered":1,"skipped":0,"pct":16.66}}
,"/Users/victor/development/appquilar/appquilar/src/components/common/AppLogo.tsx": {"lines":{"total":26,"covered":21,"skipped":0,"pct":80.76},"functions":{"total":4,"covered":2,"skipped":0,"pct":50},"statements":{"total":29,"covered":21,"skipped":0,"pct":72.41},"branches":{"total":13,"covered":5,"skipped":0,"pct":38.46}}
,"/Users/victor/development/appquilar/appquilar/src/components/common/PublicBreadcrumbs.tsx": {"lines":{"total":21,"covered":17,"skipped":0,"pct":80.95},"functions":{"total":4,"covered":3,"skipped":0,"pct":75},"statements":{"total":24,"covered":17,"skipped":0,"pct":70.83},"branches":{"total":16,"covered":9,"skipped":0,"pct":56.25}}
,"/Users/victor/development/appquilar/appquilar/src/components/company/PublicCompanyLocationMap.tsx": {"lines":{"total":34,"covered":30,"skipped":0,"pct":88.23},"functions":{"total":5,"covered":4,"skipped":0,"pct":80},"statements":{"total":37,"covered":30,"skipped":0,"pct":81.08},"branches":{"total":21,"covered":13,"skipped":0,"pct":61.9}}
,"/Users/victor/development/appquilar/appquilar/src/components/dashboard/Dashboard.tsx": {"lines":{"total":17,"covered":14,"skipped":0,"pct":82.35},"functions":{"total":3,"covered":2,"skipped":0,"pct":66.66},"statements":{"total":20,"covered":14,"skipped":0,"pct":70},"branches":{"total":6,"covered":1,"skipped":0,"pct":16.66}}
,"/Users/victor/development/appquilar/appquilar/src/components/dashboard/DashboardRoutes.tsx": {"lines":{"total":113,"covered":110,"skipped":0,"pct":97.34},"functions":{"total":28,"covered":19,"skipped":0,"pct":67.85},"statements":{"total":141,"covered":127,"skipped":0,"pct":90.07},"branches":{"total":6,"covered":1,"skipped":0,"pct":16.66}}
,"/Users/victor/development/appquilar/appquilar/src/components/dashboard/MessagesDashboard.tsx": {"lines":{"total":86,"covered":69,"skipped":0,"pct":80.23},"functions":{"total":24,"covered":16,"skipped":0,"pct":66.66},"statements":{"total":96,"covered":74,"skipped":0,"pct":77.08},"branches":{"total":55,"covered":35,"skipped":0,"pct":63.63}}
,"/Users/victor/development/appquilar/appquilar/src/components/dashboard/ProductsManagement.tsx": {"lines":{"total":34,"covered":26,"skipped":0,"pct":76.47},"functions":{"total":5,"covered":3,"skipped":0,"pct":60},"statements":{"total":37,"covered":26,"skipped":0,"pct":70.27},"branches":{"total":20,"covered":9,"skipped":0,"pct":45}}
,"/Users/victor/development/appquilar/appquilar/src/components/dashboard/UserManagement.tsx": {"lines":{"total":34,"covered":26,"skipped":0,"pct":76.47},"functions":{"total":8,"covered":3,"skipped":0,"pct":37.5},"statements":{"total":37,"covered":26,"skipped":0,"pct":70.27},"branches":{"total":8,"covered":2,"skipped":0,"pct":25}}
,"/Users/victor/development/appquilar/appquilar/src/components/dashboard/analytics/AdminPlatformAnalyticsHomeSection.tsx": {"lines":{"total":42,"covered":36,"skipped":0,"pct":85.71},"functions":{"total":13,"covered":11,"skipped":0,"pct":84.61},"statements":{"total":46,"covered":37,"skipped":0,"pct":80.43},"branches":{"total":22,"covered":13,"skipped":0,"pct":59.09}}
,"/Users/victor/development/appquilar/appquilar/src/components/dashboard/analytics/PlatformAnalyticsPage.tsx": {"lines":{"total":48,"covered":42,"skipped":0,"pct":87.5},"functions":{"total":20,"covered":16,"skipped":0,"pct":80},"statements":{"total":55,"covered":45,"skipped":0,"pct":81.81},"branches":{"total":26,"covered":10,"skipped":0,"pct":38.46}}
,"/Users/victor/development/appquilar/appquilar/src/components/dashboard/analytics/platformAnalyticsFormat.ts": {"lines":{"total":21,"covered":15,"skipped":0,"pct":71.42},"functions":{"total":4,"covered":4,"skipped":0,"pct":100},"statements":{"total":23,"covered":17,"skipped":0,"pct":73.91},"branches":{"total":15,"covered":9,"skipped":0,"pct":60}}
,"/Users/victor/development/appquilar/appquilar/src/components/dashboard/analytics/platformAnalyticsUi.tsx": {"lines":{"total":78,"covered":69,"skipped":0,"pct":88.46},"functions":{"total":22,"covered":19,"skipped":0,"pct":86.36},"statements":{"total":86,"covered":73,"skipped":0,"pct":84.88},"branches":{"total":57,"covered":38,"skipped":0,"pct":66.66}}
,"/Users/victor/development/appquilar/appquilar/src/components/dashboard/blog/BlogEditorPage.tsx": {"lines":{"total":135,"covered":112,"skipped":0,"pct":82.96},"functions":{"total":35,"covered":29,"skipped":0,"pct":82.85},"statements":{"total":142,"covered":116,"skipped":0,"pct":81.69},"branches":{"total":131,"covered":104,"skipped":0,"pct":79.38}}
,"/Users/victor/development/appquilar/appquilar/src/components/dashboard/blog/BlogManagementPage.tsx": {"lines":{"total":66,"covered":60,"skipped":0,"pct":90.9},"functions":{"total":22,"covered":20,"skipped":0,"pct":90.9},"statements":{"total":73,"covered":64,"skipped":0,"pct":87.67},"branches":{"total":50,"covered":41,"skipped":0,"pct":82}}
,"/Users/victor/development/appquilar/appquilar/src/components/dashboard/blog/BlogSingleImageUploader.tsx": {"lines":{"total":47,"covered":20,"skipped":0,"pct":42.55},"functions":{"total":9,"covered":2,"skipped":0,"pct":22.22},"statements":{"total":50,"covered":20,"skipped":0,"pct":40},"branches":{"total":21,"covered":2,"skipped":0,"pct":9.52}}
,"/Users/victor/development/appquilar/appquilar/src/components/dashboard/common/DashboardSectionHeader.tsx": {"lines":{"total":17,"covered":14,"skipped":0,"pct":82.35},"functions":{"total":3,"covered":2,"skipped":0,"pct":66.66},"statements":{"total":20,"covered":14,"skipped":0,"pct":70},"branches":{"total":10,"covered":4,"skipped":0,"pct":40}}
,"/Users/victor/development/appquilar/appquilar/src/components/dashboard/common/DataTable.tsx": {"lines":{"total":24,"covered":20,"skipped":0,"pct":83.33},"functions":{"total":8,"covered":6,"skipped":0,"pct":75},"statements":{"total":27,"covered":20,"skipped":0,"pct":74.07},"branches":{"total":18,"covered":10,"skipped":0,"pct":55.55}}
,"/Users/victor/development/appquilar/appquilar/src/components/dashboard/common/FormHeader.tsx": {"lines":{"total":24,"covered":20,"skipped":0,"pct":83.33},"functions":{"total":5,"covered":3,"skipped":0,"pct":60},"statements":{"total":27,"covered":20,"skipped":0,"pct":74.07},"branches":{"total":10,"covered":3,"skipped":0,"pct":30}}
,"/Users/victor/development/appquilar/appquilar/src/components/dashboard/common/LoadingSpinner.tsx": {"lines":{"total":17,"covered":14,"skipped":0,"pct":82.35},"functions":{"total":3,"covered":2,"skipped":0,"pct":66.66},"statements":{"total":20,"covered":14,"skipped":0,"pct":70},"branches":{"total":6,"covered":1,"skipped":0,"pct":16.66}}
,"/Users/victor/development/appquilar/appquilar/src/components/dashboard/companies/CompanyFormPage.tsx": {"lines":{"total":134,"covered":85,"skipped":0,"pct":63.43},"functions":{"total":31,"covered":20,"skipped":0,"pct":64.51},"statements":{"total":138,"covered":85,"skipped":0,"pct":61.59},"branches":{"total":173,"covered":93,"skipped":0,"pct":53.75}}
,"/Users/victor/development/appquilar/appquilar/src/components/dashboard/companies/CompanyImageField.tsx": {"lines":{"total":39,"covered":22,"skipped":0,"pct":56.41},"functions":{"total":10,"covered":3,"skipped":0,"pct":30},"statements":{"total":42,"covered":22,"skipped":0,"pct":52.38},"branches":{"total":34,"covered":11,"skipped":0,"pct":32.35}}
,"/Users/victor/development/appquilar/appquilar/src/components/dashboard/companies/CompanyManagement.tsx": {"lines":{"total":58,"covered":45,"skipped":0,"pct":77.58},"functions":{"total":19,"covered":11,"skipped":0,"pct":57.89},"statements":{"total":61,"covered":45,"skipped":0,"pct":73.77},"branches":{"total":39,"covered":25,"skipped":0,"pct":64.1}}
,"/Users/victor/development/appquilar/appquilar/src/components/dashboard/companies/CompanySubscriptionSettingsCard.tsx": {"lines":{"total":85,"covered":56,"skipped":0,"pct":65.88},"functions":{"total":13,"covered":9,"skipped":0,"pct":69.23},"statements":{"total":90,"covered":58,"skipped":0,"pct":64.44},"branches":{"total":66,"covered":28,"skipped":0,"pct":42.42}}
,"/Users/victor/development/appquilar/appquilar/src/components/dashboard/companies/CompanyUsersPage.tsx": {"lines":{"total":62,"covered":40,"skipped":0,"pct":64.51},"functions":{"total":9,"covered":4,"skipped":0,"pct":44.44},"statements":{"total":65,"covered":40,"skipped":0,"pct":61.53},"branches":{"total":38,"covered":24,"skipped":0,"pct":63.15}}
,"/Users/victor/development/appquilar/appquilar/src/components/dashboard/companies/users/CompanyUsersTable.tsx": {"lines":{"total":25,"covered":19,"skipped":0,"pct":76},"functions":{"total":7,"covered":4,"skipped":0,"pct":57.14},"statements":{"total":28,"covered":19,"skipped":0,"pct":67.85},"branches":{"total":22,"covered":10,"skipped":0,"pct":45.45}}
,"/Users/victor/development/appquilar/appquilar/src/components/dashboard/companies/users/InviteUserDialog.tsx": {"lines":{"total":29,"covered":20,"skipped":0,"pct":68.96},"functions":{"total":9,"covered":3,"skipped":0,"pct":33.33},"statements":{"total":32,"covered":20,"skipped":0,"pct":62.5},"branches":{"total":7,"covered":1,"skipped":0,"pct":14.28}}
,"/Users/victor/development/appquilar/appquilar/src/components/dashboard/config/UserConfigPage.tsx": {"lines":{"total":25,"covered":22,"skipped":0,"pct":88},"functions":{"total":5,"covered":4,"skipped":0,"pct":80},"statements":{"total":29,"covered":23,"skipped":0,"pct":79.31},"branches":{"total":8,"covered":2,"skipped":0,"pct":25}}
,"/Users/victor/development/appquilar/appquilar/src/components/dashboard/config/UserSubscriptionSettingsCard.tsx": {"lines":{"total":66,"covered":54,"skipped":0,"pct":81.81},"functions":{"total":9,"covered":6,"skipped":0,"pct":66.66},"statements":{"total":69,"covered":54,"skipped":0,"pct":78.26},"branches":{"total":51,"covered":34,"skipped":0,"pct":66.66}}
,"/Users/victor/development/appquilar/appquilar/src/components/dashboard/config/hooks/useUserConfig.ts": {"lines":{"total":0,"covered":0,"skipped":0,"pct":100},"functions":{"total":0,"covered":0,"skipped":0,"pct":100},"statements":{"total":0,"covered":0,"skipped":0,"pct":100},"branches":{"total":0,"covered":0,"skipped":0,"pct":100}}
,"/Users/victor/development/appquilar/appquilar/src/components/dashboard/config/layout/DesktopConfigLayout.tsx": {"lines":{"total":17,"covered":14,"skipped":0,"pct":82.35},"functions":{"total":3,"covered":2,"skipped":0,"pct":66.66},"statements":{"total":20,"covered":14,"skipped":0,"pct":70},"branches":{"total":6,"covered":1,"skipped":0,"pct":16.66}}
,"/Users/victor/development/appquilar/appquilar/src/components/dashboard/config/layout/MobileConfigLayout.tsx": {"lines":{"total":17,"covered":13,"skipped":0,"pct":76.47},"functions":{"total":3,"covered":1,"skipped":0,"pct":33.33},"statements":{"total":20,"covered":13,"skipped":0,"pct":65},"branches":{"total":6,"covered":1,"skipped":0,"pct":16.66}}
,"/Users/victor/development/appquilar/appquilar/src/components/dashboard/config/tabs/AddressTab.tsx": {"lines":{"total":30,"covered":27,"skipped":0,"pct":90},"functions":{"total":10,"covered":9,"skipped":0,"pct":90},"statements":{"total":33,"covered":27,"skipped":0,"pct":81.81},"branches":{"total":27,"covered":15,"skipped":0,"pct":55.55}}
,"/Users/victor/development/appquilar/appquilar/src/components/dashboard/config/tabs/PasswordTab.tsx": {"lines":{"total":20,"covered":13,"skipped":0,"pct":65},"functions":{"total":6,"covered":1,"skipped":0,"pct":16.66},"statements":{"total":23,"covered":13,"skipped":0,"pct":56.52},"branches":{"total":6,"covered":1,"skipped":0,"pct":16.66}}
,"/Users/victor/development/appquilar/appquilar/src/components/dashboard/config/tabs/ProfileTab.tsx": {"lines":{"total":38,"covered":32,"skipped":0,"pct":84.21},"functions":{"total":9,"covered":8,"skipped":0,"pct":88.88},"statements":{"total":41,"covered":32,"skipped":0,"pct":78.04},"branches":{"total":26,"covered":12,"skipped":0,"pct":46.15}}
,"/Users/victor/development/appquilar/appquilar/src/components/dashboard/forms/image-upload/ImageDropZone.tsx": {"lines":{"total":24,"covered":18,"skipped":0,"pct":75},"functions":{"total":5,"covered":2,"skipped":0,"pct":40},"statements":{"total":27,"covered":18,"skipped":0,"pct":66.66},"branches":{"total":10,"covered":3,"skipped":0,"pct":30}}
,"/Users/victor/development/appquilar/appquilar/src/components/dashboard/forms/image-upload/ImagePreview.tsx": {"lines":{"total":19,"covered":15,"skipped":0,"pct":78.94},"functions":{"total":4,"covered":2,"skipped":0,"pct":50},"statements":{"total":22,"covered":15,"skipped":0,"pct":68.18},"branches":{"total":8,"covered":3,"skipped":0,"pct":37.5}}
,"/Users/victor/development/appquilar/appquilar/src/components/dashboard/forms/image-upload/imageUtils.ts": {"lines":{"total":16,"covered":4,"skipped":0,"pct":25},"functions":{"total":3,"covered":0,"skipped":0,"pct":0},"statements":{"total":17,"covered":4,"skipped":0,"pct":23.52},"branches":{"total":6,"covered":0,"skipped":0,"pct":0}}
,"/Users/victor/development/appquilar/appquilar/src/components/dashboard/hooks/useAddressMap.ts": {"lines":{"total":68,"covered":35,"skipped":0,"pct":51.47},"functions":{"total":7,"covered":4,"skipped":0,"pct":57.14},"statements":{"total":73,"covered":38,"skipped":0,"pct":52.05},"branches":{"total":42,"covered":20,"skipped":0,"pct":47.61}}
,"/Users/victor/development/appquilar/appquilar/src/components/dashboard/hooks/useProfilePicture.ts": {"lines":{"total":38,"covered":32,"skipped":0,"pct":84.21},"functions":{"total":7,"covered":6,"skipped":0,"pct":85.71},"statements":{"total":38,"covered":32,"skipped":0,"pct":84.21},"branches":{"total":14,"covered":11,"skipped":0,"pct":78.57}}
,"/Users/victor/development/appquilar/appquilar/src/components/dashboard/layout/CompanySubscriptionStatusNotice.tsx": {"lines":{"total":33,"covered":30,"skipped":0,"pct":90.9},"functions":{"total":4,"covered":3,"skipped":0,"pct":75},"statements":{"total":36,"covered":30,"skipped":0,"pct":83.33},"branches":{"total":20,"covered":13,"skipped":0,"pct":65}}
,"/Users/victor/development/appquilar/appquilar/src/components/dashboard/layout/DashboardLayout.tsx": {"lines":{"total":31,"covered":28,"skipped":0,"pct":90.32},"functions":{"total":7,"covered":6,"skipped":0,"pct":85.71},"statements":{"total":34,"covered":28,"skipped":0,"pct":82.35},"branches":{"total":8,"covered":3,"skipped":0,"pct":37.5}}
,"/Users/victor/development/appquilar/appquilar/src/components/dashboard/layout/UserSubscriptionStatusNotice.tsx": {"lines":{"total":31,"covered":28,"skipped":0,"pct":90.32},"functions":{"total":4,"covered":3,"skipped":0,"pct":75},"statements":{"total":34,"covered":28,"skipped":0,"pct":82.35},"branches":{"total":19,"covered":12,"skipped":0,"pct":63.15}}
,"/Users/victor/development/appquilar/appquilar/src/components/dashboard/messages/RentConversationList.tsx": {"lines":{"total":24,"covered":21,"skipped":0,"pct":87.5},"functions":{"total":7,"covered":6,"skipped":0,"pct":85.71},"statements":{"total":27,"covered":21,"skipped":0,"pct":77.77},"branches":{"total":19,"covered":13,"skipped":0,"pct":68.42}}
,"/Users/victor/development/appquilar/appquilar/src/components/dashboard/messages/RentConversationPanel.tsx": {"lines":{"total":127,"covered":101,"skipped":0,"pct":79.52},"functions":{"total":34,"covered":29,"skipped":0,"pct":85.29},"statements":{"total":141,"covered":112,"skipped":0,"pct":79.43},"branches":{"total":120,"covered":78,"skipped":0,"pct":65}}
,"/Users/victor/development/appquilar/appquilar/src/components/dashboard/messages/RentConversationSummary.tsx": {"lines":{"total":34,"covered":31,"skipped":0,"pct":91.17},"functions":{"total":6,"covered":5,"skipped":0,"pct":83.33},"statements":{"total":37,"covered":31,"skipped":0,"pct":83.78},"branches":{"total":21,"covered":11,"skipped":0,"pct":52.38}}
,"/Users/victor/development/appquilar/appquilar/src/components/dashboard/navigation/DashboardNavigation.tsx": {"lines":{"total":17,"covered":14,"skipped":0,"pct":82.35},"functions":{"total":3,"covered":2,"skipped":0,"pct":66.66},"statements":{"total":20,"covered":14,"skipped":0,"pct":70},"branches":{"total":6,"covered":1,"skipped":0,"pct":16.66}}
,"/Users/victor/development/appquilar/appquilar/src/components/dashboard/navigation/DashboardNavigationContent.tsx": {"lines":{"total":51,"covered":42,"skipped":0,"pct":82.35},"functions":{"total":12,"covered":9,"skipped":0,"pct":75},"statements":{"total":57,"covered":43,"skipped":0,"pct":75.43},"branches":{"total":41,"covered":25,"skipped":0,"pct":60.97}}
,"/Users/victor/development/appquilar/appquilar/src/components/dashboard/navigation/NavItem.tsx": {"lines":{"total":19,"covered":16,"skipped":0,"pct":84.21},"functions":{"total":4,"covered":3,"skipped":0,"pct":75},"statements":{"total":22,"covered":16,"skipped":0,"pct":72.72},"branches":{"total":17,"covered":10,"skipped":0,"pct":58.82}}
,"/Users/victor/development/appquilar/appquilar/src/components/dashboard/navigation/NavSection.tsx": {"lines":{"total":18,"covered":15,"skipped":0,"pct":83.33},"functions":{"total":4,"covered":3,"skipped":0,"pct":75},"statements":{"total":21,"covered":15,"skipped":0,"pct":71.42},"branches":{"total":8,"covered":3,"skipped":0,"pct":37.5}}
,"/Users/victor/development/appquilar/appquilar/src/components/dashboard/navigation/UnreadMessagesBadge.tsx": {"lines":{"total":23,"covered":20,"skipped":0,"pct":86.95},"functions":{"total":4,"covered":3,"skipped":0,"pct":75},"statements":{"total":26,"covered":20,"skipped":0,"pct":76.92},"branches":{"total":8,"covered":3,"skipped":0,"pct":37.5}}
,"/Users/victor/development/appquilar/appquilar/src/components/dashboard/navigation/UpgradeLink.tsx": {"lines":{"total":25,"covered":20,"skipped":0,"pct":80},"functions":{"total":5,"covered":3,"skipped":0,"pct":60},"statements":{"total":28,"covered":20,"skipped":0,"pct":71.42},"branches":{"total":6,"covered":1,"skipped":0,"pct":16.66}}
,"/Users/victor/development/appquilar/appquilar/src/components/dashboard/navigation/UpgradeToProLink.tsx": {"lines":{"total":40,"covered":25,"skipped":0,"pct":62.5},"functions":{"total":6,"covered":3,"skipped":0,"pct":50},"statements":{"total":43,"covered":25,"skipped":0,"pct":58.13},"branches":{"total":18,"covered":8,"skipped":0,"pct":44.44}}
,"/Users/victor/development/appquilar/appquilar/src/components/dashboard/navigation/UserProfile.tsx": {"lines":{"total":38,"covered":31,"skipped":0,"pct":81.57},"functions":{"total":8,"covered":4,"skipped":0,"pct":50},"statements":{"total":42,"covered":31,"skipped":0,"pct":73.8},"branches":{"total":22,"covered":10,"skipped":0,"pct":45.45}}
,"/Users/victor/development/appquilar/appquilar/src/components/dashboard/overview/DashboardOverview.tsx": {"lines":{"total":183,"covered":156,"skipped":0,"pct":85.24},"functions":{"total":62,"covered":48,"skipped":0,"pct":77.41},"statements":{"total":203,"covered":170,"skipped":0,"pct":83.74},"branches":{"total":269,"covered":207,"skipped":0,"pct":76.95}}
,"/Users/victor/development/appquilar/appquilar/src/components/dashboard/products/CategorySelect.tsx": {"lines":{"total":49,"covered":36,"skipped":0,"pct":73.46},"functions":{"total":17,"covered":12,"skipped":0,"pct":70.58},"statements":{"total":56,"covered":39,"skipped":0,"pct":69.64},"branches":{"total":36,"covered":19,"skipped":0,"pct":52.77}}
,"/Users/victor/development/appquilar/appquilar/src/components/dashboard/products/DeleteConfirmationModal.tsx": {"lines":{"total":17,"covered":13,"skipped":0,"pct":76.47},"functions":{"total":3,"covered":1,"skipped":0,"pct":33.33},"statements":{"total":20,"covered":13,"skipped":0,"pct":65},"branches":{"total":6,"covered":1,"skipped":0,"pct":16.66}}
,"/Users/victor/development/appquilar/appquilar/src/components/dashboard/products/ProductCard.tsx": {"lines":{"total":63,"covered":55,"skipped":0,"pct":87.3},"functions":{"total":10,"covered":6,"skipped":0,"pct":60},"statements":{"total":67,"covered":56,"skipped":0,"pct":83.58},"branches":{"total":100,"covered":71,"skipped":0,"pct":71}}
,"/Users/victor/development/appquilar/appquilar/src/components/dashboard/products/ProductGrid.tsx": {"lines":{"total":23,"covered":17,"skipped":0,"pct":73.91},"functions":{"total":7,"covered":3,"skipped":0,"pct":42.85},"statements":{"total":26,"covered":17,"skipped":0,"pct":65.38},"branches":{"total":31,"covered":9,"skipped":0,"pct":29.03}}
,"/Users/victor/development/appquilar/appquilar/src/components/dashboard/products/ProductPagination.tsx": {"lines":{"total":45,"covered":25,"skipped":0,"pct":55.55},"functions":{"total":8,"covered":5,"skipped":0,"pct":62.5},"statements":{"total":51,"covered":27,"skipped":0,"pct":52.94},"branches":{"total":30,"covered":13,"skipped":0,"pct":43.33}}
,"/Users/victor/development/appquilar/appquilar/src/components/dashboard/products/ProductsHeader.tsx": {"lines":{"total":17,"covered":14,"skipped":0,"pct":82.35},"functions":{"total":3,"covered":2,"skipped":0,"pct":66.66},"statements":{"total":20,"covered":14,"skipped":0,"pct":70},"branches":{"total":6,"covered":1,"skipped":0,"pct":16.66}}
,"/Users/victor/development/appquilar/appquilar/src/components/dashboard/products/SearchToolbar.tsx": {"lines":{"total":41,"covered":31,"skipped":0,"pct":75.6},"functions":{"total":18,"covered":11,"skipped":0,"pct":61.11},"statements":{"total":48,"covered":33,"skipped":0,"pct":68.75},"branches":{"total":42,"covered":24,"skipped":0,"pct":57.14}}
,"/Users/victor/development/appquilar/appquilar/src/components/dashboard/products/hooks/useProductsManagement.ts": {"lines":{"total":108,"covered":60,"skipped":0,"pct":55.55},"functions":{"total":16,"covered":8,"skipped":0,"pct":50},"statements":{"total":111,"covered":61,"skipped":0,"pct":54.95},"branches":{"total":84,"covered":34,"skipped":0,"pct":40.47}}
,"/Users/victor/development/appquilar/appquilar/src/components/dashboard/rentals/CreateRentalHeader.tsx": {"lines":{"total":24,"covered":20,"skipped":0,"pct":83.33},"functions":{"total":5,"covered":3,"skipped":0,"pct":60},"statements":{"total":27,"covered":20,"skipped":0,"pct":74.07},"branches":{"total":10,"covered":3,"skipped":0,"pct":30}}
,"/Users/victor/development/appquilar/appquilar/src/components/dashboard/rentals/details/CustomerInfoCard.tsx": {"lines":{"total":17,"covered":14,"skipped":0,"pct":82.35},"functions":{"total":3,"covered":2,"skipped":0,"pct":66.66},"statements":{"total":20,"covered":14,"skipped":0,"pct":70},"branches":{"total":14,"covered":6,"skipped":0,"pct":42.85}}
,"/Users/victor/development/appquilar/appquilar/src/components/dashboard/rentals/details/ErrorDisplay.tsx": {"lines":{"total":23,"covered":15,"skipped":0,"pct":65.21},"functions":{"total":5,"covered":1,"skipped":0,"pct":20},"statements":{"total":26,"covered":15,"skipped":0,"pct":57.69},"branches":{"total":8,"covered":1,"skipped":0,"pct":12.5}}
,"/Users/victor/development/appquilar/appquilar/src/components/dashboard/rentals/details/LoadingSpinner.tsx": {"lines":{"total":17,"covered":14,"skipped":0,"pct":82.35},"functions":{"total":3,"covered":2,"skipped":0,"pct":66.66},"statements":{"total":20,"covered":14,"skipped":0,"pct":70},"branches":{"total":6,"covered":1,"skipped":0,"pct":16.66}}
,"/Users/victor/development/appquilar/appquilar/src/components/dashboard/rentals/details/RentalDetailsCard.tsx": {"lines":{"total":48,"covered":37,"skipped":0,"pct":77.08},"functions":{"total":7,"covered":6,"skipped":0,"pct":85.71},"statements":{"total":52,"covered":38,"skipped":0,"pct":73.07},"branches":{"total":52,"covered":25,"skipped":0,"pct":48.07}}
,"/Users/victor/development/appquilar/appquilar/src/components/dashboard/rentals/details/RentalDetailsHeader.tsx": {"lines":{"total":24,"covered":20,"skipped":0,"pct":83.33},"functions":{"total":6,"covered":4,"skipped":0,"pct":66.66},"statements":{"total":27,"covered":20,"skipped":0,"pct":74.07},"branches":{"total":8,"covered":2,"skipped":0,"pct":25}}
,"/Users/victor/development/appquilar/appquilar/src/components/dashboard/rentals/details/RentalEditableCard.tsx": {"lines":{"total":68,"covered":35,"skipped":0,"pct":51.47},"functions":{"total":15,"covered":6,"skipped":0,"pct":40},"statements":{"total":75,"covered":36,"skipped":0,"pct":48},"branches":{"total":49,"covered":14,"skipped":0,"pct":28.57}}
,"/Users/victor/development/appquilar/appquilar/src/components/dashboard/rentals/details/RentalMessagesCard.tsx": {"lines":{"total":53,"covered":40,"skipped":0,"pct":75.47},"functions":{"total":13,"covered":9,"skipped":0,"pct":69.23},"statements":{"total":57,"covered":41,"skipped":0,"pct":71.92},"branches":{"total":41,"covered":28,"skipped":0,"pct":68.29}}
,"/Users/victor/development/appquilar/appquilar/src/components/dashboard/rentals/details/RentalStateWizard.tsx": {"lines":{"total":50,"covered":42,"skipped":0,"pct":84},"functions":{"total":18,"covered":13,"skipped":0,"pct":72.22},"statements":{"total":59,"covered":47,"skipped":0,"pct":79.66},"branches":{"total":68,"covered":48,"skipped":0,"pct":70.58}}
,"/Users/victor/development/appquilar/appquilar/src/components/dashboard/rentals/form/CustomerInfoFields.tsx": {"lines":{"total":19,"covered":16,"skipped":0,"pct":84.21},"functions":{"total":5,"covered":4,"skipped":0,"pct":80},"statements":{"total":22,"covered":16,"skipped":0,"pct":72.72},"branches":{"total":6,"covered":1,"skipped":0,"pct":16.66}}
,"/Users/victor/development/appquilar/appquilar/src/components/dashboard/rentals/form/FormActions.tsx": {"lines":{"total":22,"covered":19,"skipped":0,"pct":86.36},"functions":{"total":4,"covered":3,"skipped":0,"pct":75},"statements":{"total":25,"covered":19,"skipped":0,"pct":76},"branches":{"total":18,"covered":7,"skipped":0,"pct":38.88}}
,"/Users/victor/development/appquilar/appquilar/src/components/dashboard/rentals/form/ProductInfoFields.tsx": {"lines":{"total":19,"covered":16,"skipped":0,"pct":84.21},"functions":{"total":5,"covered":4,"skipped":0,"pct":80},"statements":{"total":22,"covered":16,"skipped":0,"pct":72.72},"branches":{"total":10,"covered":4,"skipped":0,"pct":40}}
,"/Users/victor/development/appquilar/appquilar/src/components/dashboard/rentals/form/ProductSearch.tsx": {"lines":{"total":23,"covered":20,"skipped":0,"pct":86.95},"functions":{"total":7,"covered":6,"skipped":0,"pct":85.71},"statements":{"total":26,"covered":20,"skipped":0,"pct":76.92},"branches":{"total":18,"covered":9,"skipped":0,"pct":50}}
,"/Users/victor/development/appquilar/appquilar/src/components/dashboard/rentals/form/RentalDetailsFields.tsx": {"lines":{"total":79,"covered":58,"skipped":0,"pct":73.41},"functions":{"total":12,"covered":7,"skipped":0,"pct":58.33},"statements":{"total":82,"covered":58,"skipped":0,"pct":70.73},"branches":{"total":79,"covered":54,"skipped":0,"pct":68.35}}
,"/Users/victor/development/appquilar/appquilar/src/components/dashboard/rentals/form/SelectedProductDisplay.tsx": {"lines":{"total":20,"covered":17,"skipped":0,"pct":85},"functions":{"total":4,"covered":3,"skipped":0,"pct":75},"statements":{"total":23,"covered":17,"skipped":0,"pct":73.91},"branches":{"total":13,"covered":6,"skipped":0,"pct":46.15}}
,"/Users/victor/development/appquilar/appquilar/src/components/dashboard/rentals/form/components/DateTimeField.tsx": {"lines":{"total":23,"covered":20,"skipped":0,"pct":86.95},"functions":{"total":5,"covered":4,"skipped":0,"pct":80},"statements":{"total":26,"covered":20,"skipped":0,"pct":76.92},"branches":{"total":15,"covered":7,"skipped":0,"pct":46.66}}
,"/Users/victor/development/appquilar/appquilar/src/components/dashboard/rentals/form/components/MonetaryField.tsx": {"lines":{"total":20,"covered":17,"skipped":0,"pct":85},"functions":{"total":6,"covered":5,"skipped":0,"pct":83.33},"statements":{"total":23,"covered":17,"skipped":0,"pct":73.91},"branches":{"total":9,"covered":2,"skipped":0,"pct":22.22}}
,"/Users/victor/development/appquilar/appquilar/src/components/dashboard/rentals/form/utils/dateTimeUtils.ts": {"lines":{"total":14,"covered":5,"skipped":0,"pct":35.71},"functions":{"total":5,"covered":1,"skipped":0,"pct":20},"statements":{"total":14,"covered":5,"skipped":0,"pct":35.71},"branches":{"total":0,"covered":0,"skipped":0,"pct":100}}
,"/Users/victor/development/appquilar/appquilar/src/components/dashboard/stats/AdminCompanyStatsSection.tsx": {"lines":{"total":83,"covered":57,"skipped":0,"pct":68.67},"functions":{"total":40,"covered":23,"skipped":0,"pct":57.5},"statements":{"total":98,"covered":67,"skipped":0,"pct":68.36},"branches":{"total":102,"covered":69,"skipped":0,"pct":67.64}}
,"/Users/victor/development/appquilar/appquilar/src/components/dashboard/stats/AdvancedStatsDeltaBadge.tsx": {"lines":{"total":39,"covered":30,"skipped":0,"pct":76.92},"functions":{"total":6,"covered":5,"skipped":0,"pct":83.33},"statements":{"total":42,"covered":30,"skipped":0,"pct":71.42},"branches":{"total":37,"covered":19,"skipped":0,"pct":51.35}}
,"/Users/victor/development/appquilar/appquilar/src/components/dashboard/stats/CompanyAdvancedStatsPremium.tsx": {"lines":{"total":87,"covered":78,"skipped":0,"pct":89.65},"functions":{"total":34,"covered":30,"skipped":0,"pct":88.23},"statements":{"total":109,"covered":94,"skipped":0,"pct":86.23},"branches":{"total":63,"covered":45,"skipped":0,"pct":71.42}}
,"/Users/victor/development/appquilar/appquilar/src/components/dashboard/stats/EngagementLineChart.tsx": {"lines":{"total":23,"covered":19,"skipped":0,"pct":82.6},"functions":{"total":5,"covered":3,"skipped":0,"pct":60},"statements":{"total":26,"covered":19,"skipped":0,"pct":73.07},"branches":{"total":6,"covered":1,"skipped":0,"pct":16.66}}
,"/Users/victor/development/appquilar/appquilar/src/components/dashboard/stats/StatsDateRangeToolbar.tsx": {"lines":{"total":29,"covered":22,"skipped":0,"pct":75.86},"functions":{"total":9,"covered":5,"skipped":0,"pct":55.55},"statements":{"total":33,"covered":23,"skipped":0,"pct":69.69},"branches":{"total":18,"covered":9,"skipped":0,"pct":50}}
,"/Users/victor/development/appquilar/appquilar/src/components/dashboard/stats/engagementStatsUtils.ts": {"lines":{"total":8,"covered":7,"skipped":0,"pct":87.5},"functions":{"total":4,"covered":4,"skipped":0,"pct":100},"statements":{"total":10,"covered":9,"skipped":0,"pct":90},"branches":{"total":6,"covered":5,"skipped":0,"pct":83.33}}
,"/Users/victor/development/appquilar/appquilar/src/components/dashboard/upgrade/UpgradePage.tsx": {"lines":{"total":55,"covered":29,"skipped":0,"pct":52.72},"functions":{"total":11,"covered":3,"skipped":0,"pct":27.27},"statements":{"total":59,"covered":29,"skipped":0,"pct":49.15},"branches":{"total":39,"covered":9,"skipped":0,"pct":23.07}}
,"/Users/victor/development/appquilar/appquilar/src/components/dashboard/upgrade/steps/CompanyInfoStep.tsx": {"lines":{"total":38,"covered":28,"skipped":0,"pct":73.68},"functions":{"total":12,"covered":9,"skipped":0,"pct":75},"statements":{"total":42,"covered":29,"skipped":0,"pct":69.04},"branches":{"total":10,"covered":1,"skipped":0,"pct":10}}
,"/Users/victor/development/appquilar/appquilar/src/components/dashboard/upgrade/steps/ContactInfoStep.tsx": {"lines":{"total":43,"covered":16,"skipped":0,"pct":37.2},"functions":{"total":14,"covered":1,"skipped":0,"pct":7.14},"statements":{"total":46,"covered":16,"skipped":0,"pct":34.78},"branches":{"total":20,"covered":1,"skipped":0,"pct":5}}
,"/Users/victor/development/appquilar/appquilar/src/components/dashboard/upgrade/steps/SelectPlanStep.tsx": {"lines":{"total":50,"covered":16,"skipped":0,"pct":32},"functions":{"total":13,"covered":1,"skipped":0,"pct":7.69},"statements":{"total":55,"covered":16,"skipped":0,"pct":29.09},"branches":{"total":51,"covered":1,"skipped":0,"pct":1.96}}
,"/Users/victor/development/appquilar/appquilar/src/components/dashboard/user-management/AccessRestricted.tsx": {"lines":{"total":17,"covered":14,"skipped":0,"pct":82.35},"functions":{"total":3,"covered":2,"skipped":0,"pct":66.66},"statements":{"total":20,"covered":14,"skipped":0,"pct":70},"branches":{"total":6,"covered":1,"skipped":0,"pct":16.66}}
,"/Users/victor/development/appquilar/appquilar/src/components/dashboard/user-management/ResultsCount.tsx": {"lines":{"total":19,"covered":16,"skipped":0,"pct":84.21},"functions":{"total":3,"covered":2,"skipped":0,"pct":66.66},"statements":{"total":22,"covered":16,"skipped":0,"pct":72.72},"branches":{"total":8,"covered":3,"skipped":0,"pct":37.5}}
,"/Users/victor/development/appquilar/appquilar/src/components/dashboard/user-management/UserManagementHeader.tsx": {"lines":{"total":17,"covered":14,"skipped":0,"pct":82.35},"functions":{"total":3,"covered":2,"skipped":0,"pct":66.66},"statements":{"total":20,"covered":14,"skipped":0,"pct":70},"branches":{"total":6,"covered":1,"skipped":0,"pct":16.66}}
,"/Users/victor/development/appquilar/appquilar/src/components/dashboard/user-management/UserSearchForm.tsx": {"lines":{"total":33,"covered":23,"skipped":0,"pct":69.69},"functions":{"total":9,"covered":4,"skipped":0,"pct":44.44},"statements":{"total":38,"covered":24,"skipped":0,"pct":63.15},"branches":{"total":14,"covered":7,"skipped":0,"pct":50}}
,"/Users/victor/development/appquilar/appquilar/src/components/dashboard/user-management/UserTable.tsx": {"lines":{"total":35,"covered":22,"skipped":0,"pct":62.85},"functions":{"total":11,"covered":5,"skipped":0,"pct":45.45},"statements":{"total":38,"covered":22,"skipped":0,"pct":57.89},"branches":{"total":17,"covered":11,"skipped":0,"pct":64.7}}
,"/Users/victor/development/appquilar/appquilar/src/components/dashboard/users/ProfilePictureUpload.tsx": {"lines":{"total":53,"covered":33,"skipped":0,"pct":62.26},"functions":{"total":13,"covered":5,"skipped":0,"pct":38.46},"statements":{"total":56,"covered":33,"skipped":0,"pct":58.92},"branches":{"total":28,"covered":8,"skipped":0,"pct":28.57}}
,"/Users/victor/development/appquilar/appquilar/src/components/layout/CategoryDrawerTree.tsx": {"lines":{"total":76,"covered":66,"skipped":0,"pct":86.84},"functions":{"total":25,"covered":20,"skipped":0,"pct":80},"statements":{"total":91,"covered":76,"skipped":0,"pct":83.51},"branches":{"total":42,"covered":29,"skipped":0,"pct":69.04}}
,"/Users/victor/development/appquilar/appquilar/src/components/layout/Footer.tsx": {"lines":{"total":33,"covered":28,"skipped":0,"pct":84.84},"functions":{"total":8,"covered":6,"skipped":0,"pct":75},"statements":{"total":36,"covered":28,"skipped":0,"pct":77.77},"branches":{"total":12,"covered":4,"skipped":0,"pct":33.33}}
,"/Users/victor/development/appquilar/appquilar/src/components/layout/Header.tsx": {"lines":{"total":113,"covered":86,"skipped":0,"pct":76.1},"functions":{"total":35,"covered":19,"skipped":0,"pct":54.28},"statements":{"total":128,"covered":93,"skipped":0,"pct":72.65},"branches":{"total":62,"covered":42,"skipped":0,"pct":67.74}}
,"/Users/victor/development/appquilar/appquilar/src/components/layout/PublicSessionMessagesLink.tsx": {"lines":{"total":27,"covered":15,"skipped":0,"pct":55.55},"functions":{"total":4,"covered":1,"skipped":0,"pct":25},"statements":{"total":30,"covered":15,"skipped":0,"pct":50},"branches":{"total":13,"covered":1,"skipped":0,"pct":7.69}}
,"/Users/victor/development/appquilar/appquilar/src/components/products/CompanyInfo.tsx": {"lines":{"total":30,"covered":27,"skipped":0,"pct":90},"functions":{"total":5,"covered":4,"skipped":0,"pct":80},"statements":{"total":33,"covered":27,"skipped":0,"pct":81.81},"branches":{"total":33,"covered":24,"skipped":0,"pct":72.72}}
,"/Users/victor/development/appquilar/appquilar/src/components/products/ContactModal.tsx": {"lines":{"total":82,"covered":71,"skipped":0,"pct":86.58},"functions":{"total":12,"covered":9,"skipped":0,"pct":75},"statements":{"total":85,"covered":71,"skipped":0,"pct":83.52},"branches":{"total":85,"covered":62,"skipped":0,"pct":72.94}}
,"/Users/victor/development/appquilar/appquilar/src/components/products/ProductCard.tsx": {"lines":{"total":29,"covered":24,"skipped":0,"pct":82.75},"functions":{"total":6,"covered":3,"skipped":0,"pct":50},"statements":{"total":32,"covered":24,"skipped":0,"pct":75},"branches":{"total":30,"covered":16,"skipped":0,"pct":53.33}}
,"/Users/victor/development/appquilar/appquilar/src/components/products/ProductDynamicPropertiesSummary.tsx": {"lines":{"total":20,"covered":16,"skipped":0,"pct":80},"functions":{"total":4,"covered":2,"skipped":0,"pct":50},"statements":{"total":23,"covered":16,"skipped":0,"pct":69.56},"branches":{"total":15,"covered":8,"skipped":0,"pct":53.33}}
,"/Users/victor/development/appquilar/appquilar/src/components/products/ProductImageGallery.tsx": {"lines":{"total":38,"covered":21,"skipped":0,"pct":55.26},"functions":{"total":11,"covered":2,"skipped":0,"pct":18.18},"statements":{"total":42,"covered":21,"skipped":0,"pct":50},"branches":{"total":26,"covered":4,"skipped":0,"pct":15.38}}
,"/Users/victor/development/appquilar/appquilar/src/components/products/ProductInfo.tsx": {"lines":{"total":35,"covered":28,"skipped":0,"pct":80},"functions":{"total":8,"covered":5,"skipped":0,"pct":62.5},"statements":{"total":38,"covered":28,"skipped":0,"pct":73.68},"branches":{"total":49,"covered":30,"skipped":0,"pct":61.22}}
,"/Users/victor/development/appquilar/appquilar/src/components/products/ProductLocationMap.tsx": {"lines":{"total":23,"covered":20,"skipped":0,"pct":86.95},"functions":{"total":4,"covered":3,"skipped":0,"pct":75},"statements":{"total":26,"covered":20,"skipped":0,"pct":76.92},"branches":{"total":7,"covered":1,"skipped":0,"pct":14.28}}
,"/Users/victor/development/appquilar/appquilar/src/components/products/ProductPage.tsx": {"lines":{"total":95,"covered":86,"skipped":0,"pct":90.52},"functions":{"total":18,"covered":16,"skipped":0,"pct":88.88},"statements":{"total":100,"covered":87,"skipped":0,"pct":87},"branches":{"total":127,"covered":93,"skipped":0,"pct":73.22}}
,"/Users/victor/development/appquilar/appquilar/src/components/products/ProductRentalCostCalculator.tsx": {"lines":{"total":61,"covered":46,"skipped":0,"pct":75.4},"functions":{"total":10,"covered":7,"skipped":0,"pct":70},"statements":{"total":65,"covered":46,"skipped":0,"pct":70.76},"branches":{"total":45,"covered":24,"skipped":0,"pct":53.33}}
,"/Users/victor/development/appquilar/appquilar/src/components/products/SpanishDateInput.tsx": {"lines":{"total":82,"covered":59,"skipped":0,"pct":71.95},"functions":{"total":12,"covered":10,"skipped":0,"pct":83.33},"statements":{"total":86,"covered":60,"skipped":0,"pct":69.76},"branches":{"total":31,"covered":14,"skipped":0,"pct":45.16}}
,"/Users/victor/development/appquilar/appquilar/src/components/products/SpanishDateRangePicker.tsx": {"lines":{"total":54,"covered":48,"skipped":0,"pct":88.88},"functions":{"total":10,"covered":9,"skipped":0,"pct":90},"statements":{"total":59,"covered":50,"skipped":0,"pct":84.74},"branches":{"total":36,"covered":28,"skipped":0,"pct":77.77}}
,"/Users/victor/development/appquilar/appquilar/src/components/routing/ProtectedRoute.tsx": {"lines":{"total":29,"covered":25,"skipped":0,"pct":86.2},"functions":{"total":4,"covered":3,"skipped":0,"pct":75},"statements":{"total":32,"covered":25,"skipped":0,"pct":78.12},"branches":{"total":14,"covered":8,"skipped":0,"pct":57.14}}
,"/Users/victor/development/appquilar/appquilar/src/components/shared/RichTextEditor.tsx": {"lines":{"total":41,"covered":27,"skipped":0,"pct":65.85},"functions":{"total":11,"covered":4,"skipped":0,"pct":36.36},"statements":{"total":50,"covered":27,"skipped":0,"pct":54},"branches":{"total":24,"covered":7,"skipped":0,"pct":29.16}}
,"/Users/victor/development/appquilar/appquilar/src/components/ui/accordion.tsx": {"lines":{"total":29,"covered":26,"skipped":0,"pct":89.65},"functions":{"total":5,"covered":4,"skipped":0,"pct":80},"statements":{"total":35,"covered":29,"skipped":0,"pct":82.85},"branches":{"total":6,"covered":1,"skipped":0,"pct":16.66}}
,"/Users/victor/development/appquilar/appquilar/src/components/ui/alert-dialog.tsx": {"lines":{"total":53,"covered":50,"skipped":0,"pct":94.33},"functions":{"total":10,"covered":1,"skipped":0,"pct":10},"statements":{"total":64,"covered":50,"skipped":0,"pct":78.12},"branches":{"total":6,"covered":1,"skipped":0,"pct":16.66}}
,"/Users/victor/development/appquilar/appquilar/src/components/ui/alert.tsx": {"lines":{"total":29,"covered":26,"skipped":0,"pct":89.65},"functions":{"total":5,"covered":4,"skipped":0,"pct":80},"statements":{"total":35,"covered":29,"skipped":0,"pct":82.85},"branches":{"total":6,"covered":1,"skipped":0,"pct":16.66}}
,"/Users/victor/development/appquilar/appquilar/src/components/ui/avatar.tsx": {"lines":{"total":28,"covered":25,"skipped":0,"pct":89.28},"functions":{"total":5,"covered":4,"skipped":0,"pct":80},"statements":{"total":34,"covered":28,"skipped":0,"pct":82.35},"branches":{"total":6,"covered":1,"skipped":0,"pct":16.66}}
,"/Users/victor/development/appquilar/appquilar/src/components/ui/badge.tsx": {"lines":{"total":17,"covered":14,"skipped":0,"pct":82.35},"functions":{"total":3,"covered":2,"skipped":0,"pct":66.66},"statements":{"total":20,"covered":14,"skipped":0,"pct":70},"branches":{"total":6,"covered":1,"skipped":0,"pct":16.66}}
,"/Users/victor/development/appquilar/appquilar/src/components/ui/button.tsx": {"lines":{"total":21,"covered":18,"skipped":0,"pct":85.71},"functions":{"total":3,"covered":2,"skipped":0,"pct":66.66},"statements":{"total":24,"covered":18,"skipped":0,"pct":75},"branches":{"total":9,"covered":4,"skipped":0,"pct":44.44}}
,"/Users/victor/development/appquilar/appquilar/src/components/ui/calendar.tsx": {"lines":{"total":19,"covered":16,"skipped":0,"pct":84.21},"functions":{"total":5,"covered":4,"skipped":0,"pct":80},"statements":{"total":22,"covered":16,"skipped":0,"pct":72.72},"branches":{"total":7,"covered":2,"skipped":0,"pct":28.57}}
,"/Users/victor/development/appquilar/appquilar/src/components/ui/card.tsx": {"lines":{"total":43,"covered":40,"skipped":0,"pct":93.02},"functions":{"total":8,"covered":7,"skipped":0,"pct":87.5},"statements":{"total":52,"covered":46,"skipped":0,"pct":88.46},"branches":{"total":6,"covered":1,"skipped":0,"pct":16.66}}
,"/Users/victor/development/appquilar/appquilar/src/components/ui/checkbox.tsx": {"lines":{"total":18,"covered":15,"skipped":0,"pct":83.33},"functions":{"total":3,"covered":1,"skipped":0,"pct":33.33},"statements":{"total":22,"covered":15,"skipped":0,"pct":68.18},"branches":{"total":6,"covered":1,"skipped":0,"pct":16.66}}
,"/Users/victor/development/appquilar/appquilar/src/components/ui/command.tsx": {"lines":{"total":60,"covered":51,"skipped":0,"pct":85},"functions":{"total":11,"covered":1,"skipped":0,"pct":9.09},"statements":{"total":69,"covered":51,"skipped":0,"pct":73.91},"branches":{"total":8,"covered":1,"skipped":0,"pct":12.5}}
,"/Users/victor/development/appquilar/appquilar/src/components/ui/dialog.tsx": {"lines":{"total":44,"covered":41,"skipped":0,"pct":93.18},"functions":{"total":8,"covered":6,"skipped":0,"pct":75},"statements":{"total":53,"covered":46,"skipped":0,"pct":86.79},"branches":{"total":6,"covered":1,"skipped":0,"pct":16.66}}
,"/Users/victor/development/appquilar/appquilar/src/components/ui/dropdown-menu.tsx": {"lines":{"total":64,"covered":60,"skipped":0,"pct":93.75},"functions":{"total":11,"covered":2,"skipped":0,"pct":18.18},"statements":{"total":75,"covered":61,"skipped":0,"pct":81.33},"branches":{"total":13,"covered":1,"skipped":0,"pct":7.69}}
,"/Users/victor/development/appquilar/appquilar/src/components/ui/form.tsx": {"lines":{"total":84,"covered":76,"skipped":0,"pct":90.47},"functions":{"total":18,"covered":13,"skipped":0,"pct":72.22},"statements":{"total":92,"covered":81,"skipped":0,"pct":88.04},"branches":{"total":16,"covered":10,"skipped":0,"pct":62.5}}
,"/Users/victor/development/appquilar/appquilar/src/components/ui/input.tsx": {"lines":{"total":19,"covered":16,"skipped":0,"pct":84.21},"functions":{"total":3,"covered":2,"skipped":0,"pct":66.66},"statements":{"total":22,"covered":16,"skipped":0,"pct":72.72},"branches":{"total":6,"covered":1,"skipped":0,"pct":16.66}}
,"/Users/victor/development/appquilar/appquilar/src/components/ui/label.tsx": {"lines":{"total":19,"covered":16,"skipped":0,"pct":84.21},"functions":{"total":3,"covered":2,"skipped":0,"pct":66.66},"statements":{"total":23,"covered":17,"skipped":0,"pct":73.91},"branches":{"total":6,"covered":1,"skipped":0,"pct":16.66}}
,"/Users/victor/development/appquilar/appquilar/src/components/ui/pagination.tsx": {"lines":{"total":43,"covered":40,"skipped":0,"pct":93.02},"functions":{"total":9,"covered":7,"skipped":0,"pct":77.77},"statements":{"total":53,"covered":46,"skipped":0,"pct":86.79},"branches":{"total":11,"covered":6,"skipped":0,"pct":54.54}}
,"/Users/victor/development/appquilar/appquilar/src/components/ui/phone-country-data.ts": {"lines":{"total":1,"covered":1,"skipped":0,"pct":100},"functions":{"total":0,"covered":0,"skipped":0,"pct":100},"statements":{"total":1,"covered":1,"skipped":0,"pct":100},"branches":{"total":0,"covered":0,"skipped":0,"pct":100}}
,"/Users/victor/development/appquilar/appquilar/src/components/ui/phone-number-input.tsx": {"lines":{"total":62,"covered":53,"skipped":0,"pct":85.48},"functions":{"total":17,"covered":13,"skipped":0,"pct":76.47},"statements":{"total":70,"covered":57,"skipped":0,"pct":81.42},"branches":{"total":30,"covered":17,"skipped":0,"pct":56.66}}
,"/Users/victor/development/appquilar/appquilar/src/components/ui/popover.tsx": {"lines":{"total":20,"covered":17,"skipped":0,"pct":85},"functions":{"total":3,"covered":2,"skipped":0,"pct":66.66},"statements":{"total":24,"covered":18,"skipped":0,"pct":75},"branches":{"total":8,"covered":3,"skipped":0,"pct":37.5}}
,"/Users/victor/development/appquilar/appquilar/src/components/ui/progress.tsx": {"lines":{"total":18,"covered":15,"skipped":0,"pct":83.33},"functions":{"total":3,"covered":2,"skipped":0,"pct":66.66},"statements":{"total":22,"covered":16,"skipped":0,"pct":72.72},"branches":{"total":8,"covered":3,"skipped":0,"pct":37.5}}
,"/Users/victor/development/appquilar/appquilar/src/components/ui/scroll-area.tsx": {"lines":{"total":22,"covered":19,"skipped":0,"pct":86.36},"functions":{"total":4,"covered":3,"skipped":0,"pct":75},"statements":{"total":27,"covered":21,"skipped":0,"pct":77.77},"branches":{"total":11,"covered":5,"skipped":0,"pct":45.45}}
,"/Users/victor/development/appquilar/appquilar/src/components/ui/select.tsx": {"lines":{"total":50,"covered":47,"skipped":0,"pct":94},"functions":{"total":9,"covered":6,"skipped":0,"pct":66.66},"statements":{"total":60,"covered":52,"skipped":0,"pct":86.66},"branches":{"total":11,"covered":6,"skipped":0,"pct":54.54}}
,"/Users/victor/development/appquilar/appquilar/src/components/ui/separator.tsx": {"lines":{"total":18,"covered":15,"skipped":0,"pct":83.33},"functions":{"total":3,"covered":2,"skipped":0,"pct":66.66},"statements":{"total":22,"covered":16,"skipped":0,"pct":72.72},"branches":{"total":10,"covered":4,"skipped":0,"pct":40}}
,"/Users/victor/development/appquilar/appquilar/src/components/ui/sheet.tsx": {"lines":{"total":45,"covered":42,"skipped":0,"pct":93.33},"functions":{"total":8,"covered":5,"skipped":0,"pct":62.5},"statements":{"total":54,"covered":46,"skipped":0,"pct":85.18},"branches":{"total":7,"covered":1,"skipped":0,"pct":14.28}}
,"/Users/victor/development/appquilar/appquilar/src/components/ui/sidebar/Sidebar.tsx": {"lines":{"total":28,"covered":23,"skipped":0,"pct":82.14},"functions":{"total":5,"covered":3,"skipped":0,"pct":60},"statements":{"total":31,"covered":23,"skipped":0,"pct":74.19},"branches":{"total":25,"covered":11,"skipped":0,"pct":44}}
,"/Users/victor/development/appquilar/appquilar/src/components/ui/sidebar/SidebarContent.tsx": {"lines":{"total":19,"covered":16,"skipped":0,"pct":84.21},"functions":{"total":3,"covered":2,"skipped":0,"pct":66.66},"statements":{"total":22,"covered":16,"skipped":0,"pct":72.72},"branches":{"total":6,"covered":1,"skipped":0,"pct":16.66}}
,"/Users/victor/development/appquilar/appquilar/src/components/ui/sidebar/SidebarFooter.tsx": {"lines":{"total":19,"covered":15,"skipped":0,"pct":78.94},"functions":{"total":3,"covered":1,"skipped":0,"pct":33.33},"statements":{"total":22,"covered":15,"skipped":0,"pct":68.18},"branches":{"total":6,"covered":1,"skipped":0,"pct":16.66}}
,"/Users/victor/development/appquilar/appquilar/src/components/ui/sidebar/SidebarGroup.tsx": {"lines":{"total":38,"covered":30,"skipped":0,"pct":78.94},"functions":{"total":6,"covered":1,"skipped":0,"pct":16.66},"statements":{"total":42,"covered":30,"skipped":0,"pct":71.42},"branches":{"total":12,"covered":1,"skipped":0,"pct":8.33}}
,"/Users/victor/development/appquilar/appquilar/src/components/ui/sidebar/SidebarHeader.tsx": {"lines":{"total":19,"covered":16,"skipped":0,"pct":84.21},"functions":{"total":3,"covered":2,"skipped":0,"pct":66.66},"statements":{"total":22,"covered":16,"skipped":0,"pct":72.72},"branches":{"total":6,"covered":1,"skipped":0,"pct":16.66}}
,"/Users/victor/development/appquilar/appquilar/src/components/ui/sidebar/SidebarInput.tsx": {"lines":{"total":19,"covered":15,"skipped":0,"pct":78.94},"functions":{"total":3,"covered":1,"skipped":0,"pct":33.33},"statements":{"total":22,"covered":15,"skipped":0,"pct":68.18},"branches":{"total":6,"covered":1,"skipped":0,"pct":16.66}}
,"/Users/victor/development/appquilar/appquilar/src/components/ui/sidebar/SidebarInset.tsx": {"lines":{"total":19,"covered":16,"skipped":0,"pct":84.21},"functions":{"total":3,"covered":2,"skipped":0,"pct":66.66},"statements":{"total":22,"covered":16,"skipped":0,"pct":72.72},"branches":{"total":6,"covered":1,"skipped":0,"pct":16.66}}
,"/Users/victor/development/appquilar/appquilar/src/components/ui/sidebar/SidebarMenu.tsx": {"lines":{"total":19,"covered":16,"skipped":0,"pct":84.21},"functions":{"total":3,"covered":2,"skipped":0,"pct":66.66},"statements":{"total":23,"covered":17,"skipped":0,"pct":73.91},"branches":{"total":6,"covered":1,"skipped":0,"pct":16.66}}
,"/Users/victor/development/appquilar/appquilar/src/components/ui/sidebar/SidebarProvider.tsx": {"lines":{"total":51,"covered":39,"skipped":0,"pct":76.47},"functions":{"total":14,"covered":10,"skipped":0,"pct":71.42},"statements":{"total":59,"covered":43,"skipped":0,"pct":72.88},"branches":{"total":24,"covered":8,"skipped":0,"pct":33.33}}
,"/Users/victor/development/appquilar/appquilar/src/components/ui/sidebar/SidebarRail.tsx": {"lines":{"total":24,"covered":16,"skipped":0,"pct":66.66},"functions":{"total":5,"covered":1,"skipped":0,"pct":20},"statements":{"total":27,"covered":16,"skipped":0,"pct":59.25},"branches":{"total":6,"covered":1,"skipped":0,"pct":16.66}}
,"/Users/victor/development/appquilar/appquilar/src/components/ui/sidebar/SidebarSeparator.tsx": {"lines":{"total":19,"covered":15,"skipped":0,"pct":78.94},"functions":{"total":3,"covered":1,"skipped":0,"pct":33.33},"statements":{"total":22,"covered":15,"skipped":0,"pct":68.18},"branches":{"total":6,"covered":1,"skipped":0,"pct":16.66}}
,"/Users/victor/development/appquilar/appquilar/src/components/ui/sidebar/SidebarTrigger.tsx": {"lines":{"total":26,"covered":16,"skipped":0,"pct":61.53},"functions":{"total":6,"covered":1,"skipped":0,"pct":16.66},"statements":{"total":29,"covered":16,"skipped":0,"pct":55.17},"branches":{"total":6,"covered":1,"skipped":0,"pct":16.66}}
,"/Users/victor/development/appquilar/appquilar/src/components/ui/sidebar/index.ts": {"lines":{"total":0,"covered":0,"skipped":0,"pct":100},"functions":{"total":0,"covered":0,"skipped":0,"pct":100},"statements":{"total":0,"covered":0,"skipped":0,"pct":100},"branches":{"total":0,"covered":0,"skipped":0,"pct":100}}
,"/Users/victor/development/appquilar/appquilar/src/components/ui/sidebar/menu/SidebarMenuAction.tsx": {"lines":{"total":20,"covered":15,"skipped":0,"pct":75},"functions":{"total":3,"covered":1,"skipped":0,"pct":33.33},"statements":{"total":23,"covered":15,"skipped":0,"pct":65.21},"branches":{"total":12,"covered":1,"skipped":0,"pct":8.33}}
,"/Users/victor/development/appquilar/appquilar/src/components/ui/sidebar/menu/SidebarMenuBadge.tsx": {"lines":{"total":18,"covered":15,"skipped":0,"pct":83.33},"functions":{"total":3,"covered":1,"skipped":0,"pct":33.33},"statements":{"total":22,"covered":15,"skipped":0,"pct":68.18},"branches":{"total":6,"covered":1,"skipped":0,"pct":16.66}}
,"/Users/victor/development/appquilar/appquilar/src/components/ui/sidebar/menu/SidebarMenuButton.tsx": {"lines":{"total":30,"covered":23,"skipped":0,"pct":76.66},"functions":{"total":5,"covered":3,"skipped":0,"pct":60},"statements":{"total":33,"covered":23,"skipped":0,"pct":69.69},"branches":{"total":18,"covered":6,"skipped":0,"pct":33.33}}
,"/Users/victor/development/appquilar/appquilar/src/components/ui/sidebar/menu/SidebarMenuItem.tsx": {"lines":{"total":18,"covered":15,"skipped":0,"pct":83.33},"functions":{"total":3,"covered":2,"skipped":0,"pct":66.66},"statements":{"total":22,"covered":16,"skipped":0,"pct":72.72},"branches":{"total":6,"covered":1,"skipped":0,"pct":16.66}}
[...]
,"/Users/victor/development/appquilar/appquilar/src/domain/schemas/userConfigSchema.ts": {"lines":{"total":5,"covered":3,"skipped":0,"pct":60},"functions":{"total":2,"covered":0,"skipped":0,"pct":0},"statements":{"total":5,"covered":3,"skipped":0,"pct":60},"branches":{"total":0,"covered":0,"skipped":0,"pct":100}}
,"/Users/victor/development/appquilar/appquilar/src/domain/services/DynamicPropertyService.ts": {"lines":{"total":110,"covered":16,"skipped":0,"pct":14.54},"functions":{"total":32,"covered":1,"skipped":0,"pct":3.12},"statements":{"total":128,"covered":16,"skipped":0,"pct":12.5},"branches":{"total":107,"covered":0,"skipped":0,"pct":0}}
,"/Users/victor/development/appquilar/appquilar/src/domain/services/ProductRentabilityService.ts": {"lines":{"total":35,"covered":28,"skipped":0,"pct":80},"functions":{"total":7,"covered":6,"skipped":0,"pct":85.71},"statements":{"total":37,"covered":29,"skipped":0,"pct":78.37},"branches":{"total":52,"covered":33,"skipped":0,"pct":63.46}}
,"/Users/victor/development/appquilar/appquilar/src/domain/services/RentalStateMachineService.ts": {"lines":{"total":85,"covered":51,"skipped":0,"pct":60},"functions":{"total":5,"covered":3,"skipped":0,"pct":60},"statements":{"total":85,"covered":51,"skipped":0,"pct":60},"branches":{"total":121,"covered":57,"skipped":0,"pct":47.1}}
,"/Users/victor/development/appquilar/appquilar/src/domain/services/RentalStatusService.ts": {"lines":{"total":22,"covered":14,"skipped":0,"pct":63.63},"functions":{"total":4,"covered":2,"skipped":0,"pct":50},"statements":{"total":22,"covered":14,"skipped":0,"pct":63.63},"branches":{"total":18,"covered":12,"skipped":0,"pct":66.66}}
,"/Users/victor/development/appquilar/appquilar/src/domain/services/navigation/NavigationConfig.ts": {"lines":{"total":18,"covered":18,"skipped":0,"pct":100},"functions":{"total":7,"covered":7,"skipped":0,"pct":100},"statements":{"total":23,"covered":23,"skipped":0,"pct":100},"branches":{"total":8,"covered":8,"skipped":0,"pct":100}}
,"/Users/victor/development/appquilar/appquilar/src/domain/valueObject/uuidv4.ts": {"lines":{"total":21,"covered":10,"skipped":0,"pct":47.61},"functions":{"total":8,"covered":5,"skipped":0,"pct":62.5},"statements":{"total":21,"covered":10,"skipped":0,"pct":47.61},"branches":{"total":10,"covered":4,"skipped":0,"pct":40}}
,"/Users/victor/development/appquilar/appquilar/src/hooks/use-mobile.tsx": {"lines":{"total":25,"covered":22,"skipped":0,"pct":88},"functions":{"total":6,"covered":5,"skipped":0,"pct":83.33},"statements":{"total":29,"covered":23,"skipped":0,"pct":79.31},"branches":{"total":6,"covered":1,"skipped":0,"pct":16.66}}
,"/Users/victor/development/appquilar/appquilar/src/hooks/use-toast.ts": {"lines":{"total":50,"covered":29,"skipped":0,"pct":58},"functions":{"total":18,"covered":8,"skipped":0,"pct":44.44},"statements":{"total":53,"covered":29,"skipped":0,"pct":54.71},"branches":{"total":20,"covered":2,"skipped":0,"pct":10}}
,"/Users/victor/development/appquilar/appquilar/src/hooks/useAuthModalLauncher.ts": {"lines":{"total":11,"covered":4,"skipped":0,"pct":36.36},"functions":{"total":4,"covered":1,"skipped":0,"pct":25},"statements":{"total":11,"covered":4,"skipped":0,"pct":36.36},"branches":{"total":2,"covered":0,"skipped":0,"pct":0}}
,"/Users/victor/development/appquilar/appquilar/src/hooks/useBillingReturnSync.ts": {"lines":{"total":139,"covered":113,"skipped":0,"pct":81.29},"functions":{"total":23,"covered":19,"skipped":0,"pct":82.6},"statements":{"total":147,"covered":120,"skipped":0,"pct":81.63},"branches":{"total":93,"covered":54,"skipped":0,"pct":58.06}}
,"/Users/victor/development/appquilar/appquilar/src/hooks/useNavigation.ts": {"lines":{"total":46,"covered":44,"skipped":0,"pct":95.65},"functions":{"total":10,"covered":9,"skipped":0,"pct":90},"statements":{"total":48,"covered":46,"skipped":0,"pct":95.83},"branches":{"total":38,"covered":34,"skipped":0,"pct":89.47}}
,"/Users/victor/development/appquilar/appquilar/src/hooks/useProductLocationMap.ts": {"lines":{"total":68,"covered":40,"skipped":0,"pct":58.82},"functions":{"total":10,"covered":7,"skipped":0,"pct":70},"statements":{"total":70,"covered":40,"skipped":0,"pct":57.14},"branches":{"total":49,"covered":26,"skipped":0,"pct":53.06}}
,"/Users/victor/development/appquilar/appquilar/src/hooks/useScrollToTop.ts": {"lines":{"total":3,"covered":3,"skipped":0,"pct":100},"functions":{"total":2,"covered":2,"skipped":0,"pct":100},"statements":{"total":3,"covered":3,"skipped":0,"pct":100},"branches":{"total":0,"covered":0,"skipped":0,"pct":100}}
,"/Users/victor/development/appquilar/appquilar/src/hooks/useSeo.ts": {"lines":{"total":48,"covered":42,"skipped":0,"pct":87.5},"functions":{"total":8,"covered":7,"skipped":0,"pct":87.5},"statements":{"total":63,"covered":55,"skipped":0,"pct":87.3},"branches":{"total":38,"covered":21,"skipped":0,"pct":55.26}}
,"/Users/victor/development/appquilar/appquilar/src/hooks/useStatsDateRange.ts": {"lines":{"total":47,"covered":19,"skipped":0,"pct":40.42},"functions":{"total":9,"covered":5,"skipped":0,"pct":55.55},"statements":{"total":50,"covered":22,"skipped":0,"pct":44},"branches":{"total":35,"covered":15,"skipped":0,"pct":42.85}}
,"/Users/victor/development/appquilar/appquilar/src/infrastructure/auth/AuthSessionStorage.ts": {"lines":{"total":46,"covered":35,"skipped":0,"pct":76.08},"functions":{"total":10,"covered":9,"skipped":0,"pct":90},"statements":{"total":49,"covered":37,"skipped":0,"pct":75.51},"branches":{"total":28,"covered":17,"skipped":0,"pct":60.71}}
,"/Users/victor/development/appquilar/appquilar/src/infrastructure/google/GoogleMapsAdapter.ts": {"lines":{"total":87,"covered":39,"skipped":0,"pct":44.82},"functions":{"total":13,"covered":4,"skipped":0,"pct":30.76},"statements":{"total":89,"covered":39,"skipped":0,"pct":43.82},"branches":{"total":60,"covered":5,"skipped":0,"pct":8.33}}
,"/Users/victor/development/appquilar/appquilar/src/infrastructure/google/GoogleMapsLoader.ts": {"lines":{"total":16,"covered":14,"skipped":0,"pct":87.5},"functions":{"total":4,"covered":4,"skipped":0,"pct":100},"statements":{"total":17,"covered":15,"skipped":0,"pct":88.23},"branches":{"total":11,"covered":6,"skipped":0,"pct":54.54}}
,"/Users/victor/development/appquilar/appquilar/src/infrastructure/http/ApiClient.ts": {"lines":{"total":49,"covered":39,"skipped":0,"pct":79.59},"functions":{"total":10,"covered":8,"skipped":0,"pct":80},"statements":{"total":49,"covered":39,"skipped":0,"pct":79.59},"branches":{"total":30,"covered":22,"skipped":0,"pct":73.33}}
,"/Users/victor/development/appquilar/appquilar/src/infrastructure/repositories/ApiAuthRepository.ts": {"lines":{"total":35,"covered":20,"skipped":0,"pct":57.14},"functions":{"total":10,"covered":8,"skipped":0,"pct":80},"statements":{"total":35,"covered":20,"skipped":0,"pct":57.14},"branches":{"total":14,"covered":3,"skipped":0,"pct":21.42}}
,"/Users/victor/development/appquilar/appquilar/src/infrastructure/repositories/ApiBillingRepository.ts": {"lines":{"total":29,"covered":18,"skipped":0,"pct":62.06},"functions":{"total":7,"covered":5,"skipped":0,"pct":71.42},"statements":{"total":29,"covered":18,"skipped":0,"pct":62.06},"branches":{"total":6,"covered":2,"skipped":0,"pct":33.33}}
,"/Users/victor/development/appquilar/appquilar/src/infrastructure/repositories/ApiBlogRepository.ts": {"lines":{"total":85,"covered":66,"skipped":0,"pct":77.64},"functions":{"total":31,"covered":29,"skipped":0,"pct":93.54},"statements":{"total":97,"covered":75,"skipped":0,"pct":77.31},"branches":{"total":102,"covered":61,"skipped":0,"pct":59.8}}
,"/Users/victor/development/appquilar/appquilar/src/infrastructure/repositories/ApiCaptchaRepository.ts": {"lines":{"total":13,"covered":11,"skipped":0,"pct":84.61},"functions":{"total":4,"covered":4,"skipped":0,"pct":100},"statements":{"total":13,"covered":11,"skipped":0,"pct":84.61},"branches":{"total":16,"covered":14,"skipped":0,"pct":87.5}}
,"/Users/victor/development/appquilar/appquilar/src/infrastructure/repositories/ApiCategoryRepository.ts": {"lines":{"total":60,"covered":38,"skipped":0,"pct":63.33},"functions":{"total":18,"covered":8,"skipped":0,"pct":44.44},"statements":{"total":68,"covered":39,"skipped":0,"pct":57.35},"branches":{"total":84,"covered":22,"skipped":0,"pct":26.19}}
,"/Users/victor/development/appquilar/appquilar/src/infrastructure/repositories/ApiCompanyAdminRepository.ts": {"lines":{"total":25,"covered":24,"skipped":0,"pct":96},"functions":{"total":5,"covered":5,"skipped":0,"pct":100},"statements":{"total":25,"covered":24,"skipped":0,"pct":96},"branches":{"total":16,"covered":9,"skipped":0,"pct":56.25}}
,"/Users/victor/development/appquilar/appquilar/src/infrastructure/repositories/ApiCompanyEngagementRepository.ts": {"lines":{"total":30,"covered":26,"skipped":0,"pct":86.66},"functions":{"total":10,"covered":9,"skipped":0,"pct":90},"statements":{"total":30,"covered":26,"skipped":0,"pct":86.66},"branches":{"total":20,"covered":14,"skipped":0,"pct":70}}
,"/Users/victor/development/appquilar/appquilar/src/infrastructure/repositories/ApiCompanyInvitationRepository.ts": {"lines":{"total":22,"covered":21,"skipped":0,"pct":95.45},"functions":{"total":4,"covered":4,"skipped":0,"pct":100},"statements":{"total":22,"covered":21,"skipped":0,"pct":95.45},"branches":{"total":12,"covered":11,"skipped":0,"pct":91.66}}
,"/Users/victor/development/appquilar/appquilar/src/infrastructure/repositories/ApiCompanyMembershipRepository.ts": {"lines":{"total":39,"covered":16,"skipped":0,"pct":41.02},"functions":{"total":10,"covered":6,"skipped":0,"pct":60},"statements":{"total":40,"covered":17,"skipped":0,"pct":42.5},"branches":{"total":32,"covered":10,"skipped":0,"pct":31.25}}
,"/Users/victor/development/appquilar/appquilar/src/infrastructure/repositories/ApiCompanyProfileRepository.ts": {"lines":{"total":32,"covered":29,"skipped":0,"pct":90.62},"functions":{"total":6,"covered":6,"skipped":0,"pct":100},"statements":{"total":32,"covered":29,"skipped":0,"pct":90.62},"branches":{"total":93,"covered":57,"skipped":0,"pct":61.29}}
,"/Users/victor/development/appquilar/appquilar/src/infrastructure/repositories/ApiContactRepository.ts": {"lines":{"total":8,"covered":7,"skipped":0,"pct":87.5},"functions":{"total":3,"covered":3,"skipped":0,"pct":100},"statements":{"total":8,"covered":7,"skipped":0,"pct":87.5},"branches":{"total":2,"covered":1,"skipped":0,"pct":50}}
,"/Users/victor/development/appquilar/appquilar/src/infrastructure/repositories/ApiMediaRepository.ts": {"lines":{"total":25,"covered":15,"skipped":0,"pct":60},"functions":{"total":6,"covered":5,"skipped":0,"pct":83.33},"statements":{"total":25,"covered":15,"skipped":0,"pct":60},"branches":{"total":7,"covered":2,"skipped":0,"pct":28.57}}
,"/Users/victor/development/appquilar/appquilar/src/infrastructure/repositories/ApiPaymentPlanRepository.ts": {"lines":{"total":38,"covered":12,"skipped":0,"pct":31.57},"functions":{"total":12,"covered":2,"skipped":0,"pct":16.66},"statements":{"total":38,"covered":12,"skipped":0,"pct":31.57},"branches":{"total":77,"covered":1,"skipped":0,"pct":1.29}}
,"/Users/victor/development/appquilar/appquilar/src/infrastructure/repositories/ApiProductRepository.ts": {"lines":{"total":217,"covered":98,"skipped":0,"pct":45.16},"functions":{"total":52,"covered":18,"skipped":0,"pct":34.61},"statements":{"total":235,"covered":106,"skipped":0,"pct":45.1},"branches":{"total":360,"covered":141,"skipped":0,"pct":39.16}}
,"/Users/victor/development/appquilar/appquilar/src/infrastructure/repositories/ApiPublicCompanyProductsRepository.ts": {"lines":{"total":45,"covered":34,"skipped":0,"pct":75.55},"functions":{"total":11,"covered":9,"skipped":0,"pct":81.81},"statements":{"total":45,"covered":34,"skipped":0,"pct":75.55},"branches":{"total":126,"covered":61,"skipped":0,"pct":48.41}}
,"/Users/victor/development/appquilar/appquilar/src/infrastructure/repositories/ApiPublicCompanyProfileRepository.ts": {"lines":{"total":22,"covered":21,"skipped":0,"pct":95.45},"functions":{"total":7,"covered":7,"skipped":0,"pct":100},"statements":{"total":23,"covered":22,"skipped":0,"pct":95.65},"branches":{"total":44,"covered":36,"skipped":0,"pct":81.81}}
,"/Users/victor/development/appquilar/appquilar/src/infrastructure/repositories/ApiRentalRepository.ts": {"lines":{"total":120,"covered":85,"skipped":0,"pct":70.83},"functions":{"total":24,"covered":23,"skipped":0,"pct":95.83},"statements":{"total":136,"covered":94,"skipped":0,"pct":69.11},"branches":{"total":201,"covered":77,"skipped":0,"pct":38.3}}
,"/Users/victor/development/appquilar/appquilar/src/infrastructure/repositories/ApiSiteRepository.ts": {"lines":{"total":21,"covered":18,"skipped":0,"pct":85.71},"functions":{"total":7,"covered":5,"skipped":0,"pct":71.42},"statements":{"total":22,"covered":18,"skipped":0,"pct":81.81},"branches":{"total":29,"covered":15,"skipped":0,"pct":51.72}}
,"/Users/victor/development/appquilar/appquilar/src/infrastructure/repositories/ApiUserEngagementRepository.ts": {"lines":{"total":28,"covered":25,"skipped":0,"pct":89.28},"functions":{"total":8,"covered":8,"skipped":0,"pct":100},"statements":{"total":28,"covered":25,"skipped":0,"pct":89.28},"branches":{"total":18,"covered":12,"skipped":0,"pct":66.66}}
,"/Users/victor/development/appquilar/appquilar/src/infrastructure/repositories/ApiUserRepository.ts": {"lines":{"total":78,"covered":70,"skipped":0,"pct":89.74},"functions":{"total":19,"covered":18,"skipped":0,"pct":94.73},"statements":{"total":87,"covered":76,"skipped":0,"pct":87.35},"branches":{"total":131,"covered":82,"skipped":0,"pct":62.59}}
,"/Users/victor/development/appquilar/appquilar/src/lib/utils.ts": {"lines":{"total":1,"covered":1,"skipped":0,"pct":100},"functions":{"total":1,"covered":1,"skipped":0,"pct":100},"statements":{"total":1,"covered":1,"skipped":0,"pct":100},"branches":{"total":0,"covered":0,"skipped":0,"pct":100}}
,"/Users/victor/development/appquilar/appquilar/src/main.tsx": {"lines":{"total":25,"covered":12,"skipped":0,"pct":48},"functions":{"total":3,"covered":2,"skipped":0,"pct":66.66},"statements":{"total":25,"covered":12,"skipped":0,"pct":48},"branches":{"total":18,"covered":7,"skipped":0,"pct":38.88}}
,"/Users/victor/development/appquilar/appquilar/src/pages/AboutPage.tsx": {"lines":{"total":22,"covered":19,"skipped":0,"pct":86.36},"functions":{"total":4,"covered":3,"skipped":0,"pct":75},"statements":{"total":25,"covered":19,"skipped":0,"pct":76},"branches":{"total":6,"covered":1,"skipped":0,"pct":16.66}}
,"/Users/victor/development/appquilar/appquilar/src/pages/CategoriesPage.tsx": {"lines":{"total":28,"covered":23,"skipped":0,"pct":82.14},"functions":{"total":7,"covered":4,"skipped":0,"pct":57.14},"statements":{"total":31,"covered":23,"skipped":0,"pct":74.19},"branches":{"total":20,"covered":4,"skipped":0,"pct":20}}
,"/Users/victor/development/appquilar/appquilar/src/pages/CompanyInvitationPage.tsx": {"lines":{"total":135,"covered":111,"skipped":0,"pct":82.22},"functions":{"total":24,"covered":22,"skipped":0,"pct":91.66},"statements":{"total":138,"covered":111,"skipped":0,"pct":80.43},"branches":{"total":71,"covered":55,"skipped":0,"pct":77.46}}
,"/Users/victor/development/appquilar/appquilar/src/pages/ContactPage.tsx": {"lines":{"total":53,"covered":48,"skipped":0,"pct":90.56},"functions":{"total":10,"covered":9,"skipped":0,"pct":90},"statements":{"total":60,"covered":52,"skipped":0,"pct":86.66},"branches":{"total":28,"covered":20,"skipped":0,"pct":71.42}}
,"/Users/victor/development/appquilar/appquilar/src/pages/Dashboard.tsx": {"lines":{"total":29,"covered":24,"skipped":0,"pct":82.75},"functions":{"total":5,"covered":4,"skipped":0,"pct":80},"statements":{"total":32,"covered":24,"skipped":0,"pct":75},"branches":{"total":10,"covered":3,"skipped":0,"pct":30}}
,"/Users/victor/development/appquilar/appquilar/src/pages/Index.tsx": {"lines":{"total":26,"covered":23,"skipped":0,"pct":88.46},"functions":{"total":5,"covered":4,"skipped":0,"pct":80},"statements":{"total":30,"covered":24,"skipped":0,"pct":80},"branches":{"total":6,"covered":1,"skipped":0,"pct":16.66}}
,"/Users/victor/development/appquilar/appquilar/src/pages/ProductDetail.tsx": {"lines":{"total":22,"covered":19,"skipped":0,"pct":86.36},"functions":{"total":4,"covered":3,"skipped":0,"pct":75},"statements":{"total":25,"covered":19,"skipped":0,"pct":76},"branches":{"total":6,"covered":1,"skipped":0,"pct":16.66}}
,"/Users/victor/development/appquilar/appquilar/src/pages/PublicCompanyPage.tsx": {"lines":{"total":99,"covered":82,"skipped":0,"pct":82.82},"functions":{"total":26,"covered":20,"skipped":0,"pct":76.92},"statements":{"total":110,"covered":90,"skipped":0,"pct":81.81},"branches":{"total":149,"covered":105,"skipped":0,"pct":70.46}}
,"/Users/victor/development/appquilar/appquilar/src/pages/ResetPassword.tsx": {"lines":{"total":40,"covered":37,"skipped":0,"pct":92.5},"functions":{"total":7,"covered":6,"skipped":0,"pct":85.71},"statements":{"total":43,"covered":37,"skipped":0,"pct":86.04},"branches":{"total":14,"covered":8,"skipped":0,"pct":57.14}}
,"/Users/victor/development/appquilar/appquilar/src/pages/SearchPage.tsx": {"lines":{"total":223,"covered":167,"skipped":0,"pct":74.88},"functions":{"total":60,"covered":44,"skipped":0,"pct":73.33},"statements":{"total":246,"covered":183,"skipped":0,"pct":74.39},"branches":{"total":155,"covered":85,"skipped":0,"pct":54.83}}
,"/Users/victor/development/appquilar/appquilar/src/pages/dashboard/rentals/CreateRental.tsx": {"lines":{"total":39,"covered":35,"skipped":0,"pct":89.74},"functions":{"total":6,"covered":4,"skipped":0,"pct":66.66},"statements":{"total":42,"covered":35,"skipped":0,"pct":83.33},"branches":{"total":41,"covered":31,"skipped":0,"pct":75.6}}
,"/Users/victor/development/appquilar/appquilar/src/pages/dashboard/rentals/RentalDetails.tsx": {"lines":{"total":35,"covered":31,"skipped":0,"pct":88.57},"functions":{"total":5,"covered":4,"skipped":0,"pct":80},"statements":{"total":38,"covered":31,"skipped":0,"pct":81.57},"branches":{"total":20,"covered":13,"skipped":0,"pct":65}}
,"/Users/victor/development/appquilar/appquilar/src/pages/legal/CookiesPage.tsx": {"lines":{"total":22,"covered":19,"skipped":0,"pct":86.36},"functions":{"total":4,"covered":3,"skipped":0,"pct":75},"statements":{"total":25,"covered":19,"skipped":0,"pct":76},"branches":{"total":6,"covered":1,"skipped":0,"pct":16.66}}
,"/Users/victor/development/appquilar/appquilar/src/pages/legal/PrivacyPage.tsx": {"lines":{"total":22,"covered":19,"skipped":0,"pct":86.36},"functions":{"total":4,"covered":3,"skipped":0,"pct":75},"statements":{"total":25,"covered":19,"skipped":0,"pct":76},"branches":{"total":6,"covered":1,"skipped":0,"pct":16.66}}
,"/Users/victor/development/appquilar/appquilar/src/pages/legal/TermsPage.tsx": {"lines":{"total":22,"covered":19,"skipped":0,"pct":86.36},"functions":{"total":4,"covered":3,"skipped":0,"pct":75},"statements":{"total":25,"covered":19,"skipped":0,"pct":76},"branches":{"total":6,"covered":1,"skipped":0,"pct":16.66}}
,"/Users/victor/development/appquilar/appquilar/src/utils/backendError.ts": {"lines":{"total":49,"covered":25,"skipped":0,"pct":51.02},"functions":{"total":10,"covered":7,"skipped":0,"pct":70},"statements":{"total":53,"covered":27,"skipped":0,"pct":50.94},"branches":{"total":36,"covered":12,"skipped":0,"pct":33.33}}
,"/Users/victor/development/appquilar/appquilar/src/utils/categoryBreadcrumb.ts": {"lines":{"total":10,"covered":10,"skipped":0,"pct":100},"functions":{"total":1,"covered":1,"skipped":0,"pct":100},"statements":{"total":10,"covered":10,"skipped":0,"pct":100},"branches":{"total":8,"covered":8,"skipped":0,"pct":100}}
,"/Users/victor/development/appquilar/appquilar/src/utils/normalizeSearchText.ts": {"lines":{"total":1,"covered":1,"skipped":0,"pct":100},"functions":{"total":1,"covered":1,"skipped":0,"pct":100},"statements":{"total":1,"covered":1,"skipped":0,"pct":100},"branches":{"total":0,"covered":0,"skipped":0,"pct":100}}
}
