{"total": {"lines":{"total":6057,"covered":3836,"skipped":0,"pct":63.33},"statements":{"total":6659,"covered":4016,"skipped":0,"pct":60.3},"functions":{"total":1616,"covered":817,"skipped":0,"pct":50.55},"branches":{"total":4406,"covered":1731,"skipped":0,"pct":39.28},"branchesTrue":{"total":0,"covered":0,"skipped":0,"pct":100}}
,"/Users/victor/development/appquilar/appquilar/src/App.tsx": {"lines":{"total":112,"covered":100,"skipped":0,"pct":89.28},"functions":{"total":30,"covered":15,"skipped":0,"pct":50},"statements":{"total":138,"covered":114,"skipped":0,"pct":82.6},"branches":{"total":7,"covered":1,"skipped":0,"pct":14.28}}
,"/Users/victor/development/appquilar/appquilar/src/application/hooks/useBlog.ts": {"lines":{"total":90,"covered":20,"skipped":0,"pct":22.22},"functions":{"total":50,"covered":3,"skipped":0,"pct":6},"statements":{"total":92,"covered":20,"skipped":0,"pct":21.73},"branches":{"total":21,"covered":1,"skipped":0,"pct":4.76}}
,"/Users/victor/development/appquilar/appquilar/src/application/hooks/useCaptcha.ts": {"lines":{"total":51,"covered":16,"skipped":0,"pct":31.37},"functions":{"total":11,"covered":4,"skipped":0,"pct":36.36},"statements":{"total":53,"covered":16,"skipped":0,"pct":30.18},"branches":{"total":24,"covered":3,"skipped":0,"pct":12.5}}
,"/Users/victor/development/appquilar/appquilar/src/application/hooks/useCategoryBreadcrumbs.ts": {"lines":{"total":5,"covered":5,"skipped":0,"pct":100},"functions":{"total":3,"covered":3,"skipped":0,"pct":100},"statements":{"total":5,"covered":5,"skipped":0,"pct":100},"branches":{"total":2,"covered":2,"skipped":0,"pct":100}}
,"/Users/victor/development/appquilar/appquilar/src/application/hooks/useCategoryDynamicProperties.ts": {"lines":{"total":5,"covered":5,"skipped":0,"pct":100},"functions":{"total":3,"covered":3,"skipped":0,"pct":100},"statements":{"total":5,"covered":5,"skipped":0,"pct":100},"branches":{"total":0,"covered":0,"skipped":0,"pct":100}}
,"/Users/victor/development/appquilar/appquilar/src/application/hooks/useCategoryWithProducts.ts": {"lines":{"total":16,"covered":14,"skipped":0,"pct":87.5},"functions":{"total":7,"covered":4,"skipped":0,"pct":57.14},"statements":{"total":18,"covered":15,"skipped":0,"pct":83.33},"branches":{"total":12,"covered":8,"skipped":0,"pct":66.66}}
,"/Users/victor/development/appquilar/appquilar/src/application/hooks/useContact.ts": {"lines":{"total":3,"covered":3,"skipped":0,"pct":100},"functions":{"total":2,"covered":2,"skipped":0,"pct":100},"statements":{"total":3,"covered":3,"skipped":0,"pct":100},"branches":{"total":0,"covered":0,"skipped":0,"pct":100}}
,"/Users/victor/development/appquilar/appquilar/src/application/hooks/useCurrentUser.ts": {"lines":{"total":6,"covered":6,"skipped":0,"pct":100},"functions":{"total":2,"covered":2,"skipped":0,"pct":100},"statements":{"total":7,"covered":6,"skipped":0,"pct":85.71},"branches":{"total":6,"covered":5,"skipped":0,"pct":83.33}}
,"/Users/victor/development/appquilar/appquilar/src/application/hooks/useLatestPublicProducts.ts": {"lines":{"total":4,"covered":4,"skipped":0,"pct":100},"functions":{"total":2,"covered":2,"skipped":0,"pct":100},"statements":{"total":4,"covered":4,"skipped":0,"pct":100},"branches":{"total":0,"covered":0,"skipped":0,"pct":100}}
,"/Users/victor/development/appquilar/appquilar/src/application/hooks/useMediaUrl.ts": {"lines":{"total":32,"covered":15,"skipped":0,"pct":46.87},"functions":{"total":4,"covered":4,"skipped":0,"pct":100},"statements":{"total":36,"covered":16,"skipped":0,"pct":44.44},"branches":{"total":14,"covered":2,"skipped":0,"pct":14.28}}
,"/Users/victor/development/appquilar/appquilar/src/application/hooks/useProductInventory.ts": {"lines":{"total":39,"covered":13,"skipped":0,"pct":33.33},"functions":{"total":16,"covered":3,"skipped":0,"pct":18.75},"statements":{"total":40,"covered":13,"skipped":0,"pct":32.5},"branches":{"total":28,"covered":9,"skipped":0,"pct":32.14}}
,"/Users/victor/development/appquilar/appquilar/src/application/hooks/useProducts.ts": {"lines":{"total":124,"covered":22,"skipped":0,"pct":17.74},"functions":{"total":41,"covered":5,"skipped":0,"pct":12.19},"statements":{"total":127,"covered":22,"skipped":0,"pct":17.32},"branches":{"total":61,"covered":1,"skipped":0,"pct":1.63}}
,"/Users/victor/development/appquilar/appquilar/src/application/hooks/usePublicCompanyProducts.ts": {"lines":{"total":4,"covered":4,"skipped":0,"pct":100},"functions":{"total":3,"covered":3,"skipped":0,"pct":100},"statements":{"total":4,"covered":4,"skipped":0,"pct":100},"branches":{"total":0,"covered":0,"skipped":0,"pct":100}}
,"/Users/victor/development/appquilar/appquilar/src/application/hooks/usePublicCompanyProfile.ts": {"lines":{"total":3,"covered":3,"skipped":0,"pct":100},"functions":{"total":2,"covered":2,"skipped":0,"pct":100},"statements":{"total":3,"covered":3,"skipped":0,"pct":100},"branches":{"total":0,"covered":0,"skipped":0,"pct":100}}
,"/Users/victor/development/appquilar/appquilar/src/application/hooks/usePublicMediaUrl.ts": {"lines":{"total":5,"covered":4,"skipped":0,"pct":80},"functions":{"total":1,"covered":1,"skipped":0,"pct":100},"statements":{"total":5,"covered":4,"skipped":0,"pct":80},"branches":{"total":5,"covered":2,"skipped":0,"pct":40}}
,"/Users/victor/development/appquilar/appquilar/src/application/hooks/usePublicProductSearch.ts": {"lines":{"total":16,"covered":14,"skipped":0,"pct":87.5},"functions":{"total":7,"covered":4,"skipped":0,"pct":57.14},"statements":{"total":18,"covered":15,"skipped":0,"pct":83.33},"branches":{"total":14,"covered":11,"skipped":0,"pct":78.57}}
,"/Users/victor/development/appquilar/appquilar/src/application/hooks/usePublicSiteCategories.ts": {"lines":{"total":95,"covered":80,"skipped":0,"pct":84.21},"functions":{"total":18,"covered":16,"skipped":0,"pct":88.88},"statements":{"total":109,"covered":91,"skipped":0,"pct":83.48},"branches":{"total":39,"covered":31,"skipped":0,"pct":79.48}}
,"/Users/victor/development/appquilar/appquilar/src/application/hooks/useRentalMessages.ts": {"lines":{"total":69,"covered":18,"skipped":0,"pct":26.08},"functions":{"total":25,"covered":4,"skipped":0,"pct":16},"statements":{"total":71,"covered":18,"skipped":0,"pct":25.35},"branches":{"total":65,"covered":5,"skipped":0,"pct":7.69}}
,"/Users/victor/development/appquilar/appquilar/src/application/hooks/useRentals.ts": {"lines":{"total":29,"covered":18,"skipped":0,"pct":62.06},"functions":{"total":12,"covered":5,"skipped":0,"pct":41.66},"statements":{"total":30,"covered":19,"skipped":0,"pct":63.33},"branches":{"total":34,"covered":8,"skipped":0,"pct":23.52}}
,"/Users/victor/development/appquilar/appquilar/src/application/hooks/useTrackProductView.ts": {"lines":{"total":45,"covered":36,"skipped":0,"pct":80},"functions":{"total":8,"covered":6,"skipped":0,"pct":75},"statements":{"total":45,"covered":36,"skipped":0,"pct":80},"branches":{"total":18,"covered":10,"skipped":0,"pct":55.55}}
,"/Users/victor/development/appquilar/appquilar/src/application/services/AdminPlatformAnalyticsService.ts": {"lines":{"total":389,"covered":46,"skipped":0,"pct":11.82},"functions":{"total":159,"covered":2,"skipped":0,"pct":1.25},"statements":{"total":452,"covered":46,"skipped":0,"pct":10.17},"branches":{"total":236,"covered":1,"skipped":0,"pct":0.42}}
,"/Users/victor/development/appquilar/appquilar/src/application/services/AuthService.ts": {"lines":{"total":54,"covered":44,"skipped":0,"pct":81.48},"functions":{"total":13,"covered":10,"skipped":0,"pct":76.92},"statements":{"total":54,"covered":44,"skipped":0,"pct":81.48},"branches":{"total":12,"covered":8,"skipped":0,"pct":66.66}}
,"/Users/victor/development/appquilar/appquilar/src/application/services/BillingService.ts": {"lines":{"total":10,"covered":5,"skipped":0,"pct":50},"functions":{"total":6,"covered":2,"skipped":0,"pct":33.33},"statements":{"total":10,"covered":5,"skipped":0,"pct":50},"branches":{"total":2,"covered":1,"skipped":0,"pct":50}}
,"/Users/victor/development/appquilar/appquilar/src/application/services/BlogService.ts": {"lines":{"total":20,"covered":6,"skipped":0,"pct":30},"functions":{"total":16,"covered":3,"skipped":0,"pct":18.75},"statements":{"total":20,"covered":6,"skipped":0,"pct":30},"branches":{"total":2,"covered":1,"skipped":0,"pct":50}}
,"/Users/victor/development/appquilar/appquilar/src/application/services/CapabilityService.ts": {"lines":{"total":6,"covered":0,"skipped":0,"pct":0},"functions":{"total":2,"covered":0,"skipped":0,"pct":0},"statements":{"total":6,"covered":0,"skipped":0,"pct":0},"branches":{"total":14,"covered":0,"skipped":0,"pct":0}}
,"/Users/victor/development/appquilar/appquilar/src/application/services/CaptchaService.ts": {"lines":{"total":7,"covered":6,"skipped":0,"pct":85.71},"functions":{"total":3,"covered":3,"skipped":0,"pct":100},"statements":{"total":7,"covered":6,"skipped":0,"pct":85.71},"branches":{"total":2,"covered":1,"skipped":0,"pct":50}}
,"/Users/victor/development/appquilar/appquilar/src/application/services/CategoryService.ts": {"lines":{"total":13,"covered":9,"skipped":0,"pct":69.23},"functions":{"total":9,"covered":6,"skipped":0,"pct":66.66},"statements":{"total":13,"covered":9,"skipped":0,"pct":69.23},"branches":{"total":2,"covered":1,"skipped":0,"pct":50}}
,"/Users/victor/development/appquilar/appquilar/src/application/services/CompanyAdminService.ts": {"lines":{"total":7,"covered":5,"skipped":0,"pct":71.42},"functions":{"total":3,"covered":2,"skipped":0,"pct":66.66},"statements":{"total":7,"covered":5,"skipped":0,"pct":71.42},"branches":{"total":2,"covered":1,"skipped":0,"pct":50}}
,"/Users/victor/development/appquilar/appquilar/src/application/services/CompanyAdvancedStatsService.ts": {"lines":{"total":122,"covered":21,"skipped":0,"pct":17.21},"functions":{"total":32,"covered":2,"skipped":0,"pct":6.25},"statements":{"total":135,"covered":21,"skipped":0,"pct":15.55},"branches":{"total":67,"covered":1,"skipped":0,"pct":1.49}}
,"/Users/victor/development/appquilar/appquilar/src/application/services/CompanyEngagementService.ts": {"lines":{"total":8,"covered":5,"skipped":0,"pct":62.5},"functions":{"total":4,"covered":2,"skipped":0,"pct":50},"statements":{"total":8,"covered":5,"skipped":0,"pct":62.5},"branches":{"total":2,"covered":1,"skipped":0,"pct":50}}
,"/Users/victor/development/appquilar/appquilar/src/application/services/CompanyInvitationService.ts": {"lines":{"total":7,"covered":5,"skipped":0,"pct":71.42},"functions":{"total":3,"covered":2,"skipped":0,"pct":66.66},"statements":{"total":7,"covered":5,"skipped":0,"pct":71.42},"branches":{"total":2,"covered":1,"skipped":0,"pct":50}}
,"/Users/victor/development/appquilar/appquilar/src/application/services/CompanyMembershipService.ts": {"lines":{"total":11,"covered":5,"skipped":0,"pct":45.45},"functions":{"total":7,"covered":2,"skipped":0,"pct":28.57},"statements":{"total":11,"covered":5,"skipped":0,"pct":45.45},"branches":{"total":4,"covered":1,"skipped":0,"pct":25}}
,"/Users/victor/development/appquilar/appquilar/src/application/services/CompanyProfileService.ts": {"lines":{"total":8,"covered":5,"skipped":0,"pct":62.5},"functions":{"total":4,"covered":2,"skipped":0,"pct":50},"statements":{"total":8,"covered":5,"skipped":0,"pct":62.5},"branches":{"total":2,"covered":1,"skipped":0,"pct":50}}
,"/Users/victor/development/appquilar/appquilar/src/application/services/ContactService.ts": {"lines":{"total":7,"covered":6,"skipped":0,"pct":85.71},"functions":{"total":3,"covered":3,"skipped":0,"pct":100},"statements":{"total":7,"covered":6,"skipped":0,"pct":85.71},"branches":{"total":2,"covered":1,"skipped":0,"pct":50}}
,"/Users/victor/development/appquilar/appquilar/src/application/services/MediaService.ts": {"lines":{"total":9,"covered":5,"skipped":0,"pct":55.55},"functions":{"total":5,"covered":2,"skipped":0,"pct":40},"statements":{"total":9,"covered":5,"skipped":0,"pct":55.55},"branches":{"total":3,"covered":1,"skipped":0,"pct":33.33}}
,"/Users/victor/development/appquilar/appquilar/src/application/services/PaymentPlanService.ts": {"lines":{"total":10,"covered":5,"skipped":0,"pct":50},"functions":{"total":6,"covered":2,"skipped":0,"pct":33.33},"statements":{"total":10,"covered":5,"skipped":0,"pct":50},"branches":{"total":3,"covered":1,"skipped":0,"pct":33.33}}
,"/Users/victor/development/appquilar/appquilar/src/application/services/ProductInventoryService.ts": {"lines":{"total":13,"covered":6,"skipped":0,"pct":46.15},"functions":{"total":9,"covered":3,"skipped":0,"pct":33.33},"statements":{"total":13,"covered":6,"skipped":0,"pct":46.15},"branches":{"total":4,"covered":1,"skipped":0,"pct":25}}
,"/Users/victor/development/appquilar/appquilar/src/application/services/ProductService.ts": {"lines":{"total":26,"covered":8,"skipped":0,"pct":30.76},"functions":{"total":22,"covered":5,"skipped":0,"pct":22.72},"statements":{"total":26,"covered":8,"skipped":0,"pct":30.76},"branches":{"total":2,"covered":1,"skipped":0,"pct":50}}
,"/Users/victor/development/appquilar/appquilar/src/application/services/PublicCompanyProductsService.ts": {"lines":{"total":7,"covered":6,"skipped":0,"pct":85.71},"functions":{"total":3,"covered":3,"skipped":0,"pct":100},"statements":{"total":7,"covered":6,"skipped":0,"pct":85.71},"branches":{"total":2,"covered":1,"skipped":0,"pct":50}}
,"/Users/victor/development/appquilar/appquilar/src/application/services/PublicCompanyProfileService.ts": {"lines":{"total":7,"covered":6,"skipped":0,"pct":85.71},"functions":{"total":3,"covered":3,"skipped":0,"pct":100},"statements":{"total":7,"covered":6,"skipped":0,"pct":85.71},"branches":{"total":2,"covered":1,"skipped":0,"pct":50}}
,"/Users/victor/development/appquilar/appquilar/src/application/services/RentalService.ts": {"lines":{"total":16,"covered":8,"skipped":0,"pct":50},"functions":{"total":12,"covered":5,"skipped":0,"pct":41.66},"statements":{"total":16,"covered":8,"skipped":0,"pct":50},"branches":{"total":2,"covered":1,"skipped":0,"pct":50}}
,"/Users/victor/development/appquilar/appquilar/src/application/services/SiteService.ts": {"lines":{"total":8,"covered":6,"skipped":0,"pct":75},"functions":{"total":4,"covered":3,"skipped":0,"pct":75},"statements":{"total":8,"covered":6,"skipped":0,"pct":75},"branches":{"total":2,"covered":1,"skipped":0,"pct":50}}
,"/Users/victor/development/appquilar/appquilar/src/application/services/UserEngagementService.ts": {"lines":{"total":7,"covered":5,"skipped":0,"pct":71.42},"functions":{"total":3,"covered":2,"skipped":0,"pct":66.66},"statements":{"total":7,"covered":5,"skipped":0,"pct":71.42},"branches":{"total":2,"covered":1,"skipped":0,"pct":50}}
,"/Users/victor/development/appquilar/appquilar/src/application/services/UserService.ts": {"lines":{"total":21,"covered":7,"skipped":0,"pct":33.33},"functions":{"total":8,"covered":2,"skipped":0,"pct":25},"statements":{"total":21,"covered":7,"skipped":0,"pct":33.33},"branches":{"total":10,"covered":1,"skipped":0,"pct":10}}
,"/Users/victor/development/appquilar/appquilar/src/components/Home/CategoryGrid.tsx": {"lines":{"total":33,"covered":30,"skipped":0,"pct":90.9},"functions":{"total":9,"covered":8,"skipped":0,"pct":88.88},"statements":{"total":38,"covered":32,"skipped":0,"pct":84.21},"branches":{"total":20,"covered":15,"skipped":0,"pct":75}}
,"/Users/victor/development/appquilar/appquilar/src/components/Home/FaqSection.tsx": {"lines":{"total":19,"covered":16,"skipped":0,"pct":84.21},"functions":{"total":4,"covered":3,"skipped":0,"pct":75},"statements":{"total":22,"covered":16,"skipped":0,"pct":72.72},"branches":{"total":6,"covered":1,"skipped":0,"pct":16.66}}
,"/Users/victor/development/appquilar/appquilar/src/components/Home/FeaturedProducts.tsx": {"lines":{"total":29,"covered":26,"skipped":0,"pct":89.65},"functions":{"total":8,"covered":7,"skipped":0,"pct":87.5},"statements":{"total":33,"covered":27,"skipped":0,"pct":81.81},"branches":{"total":32,"covered":18,"skipped":0,"pct":56.25}}
,"/Users/victor/development/appquilar/appquilar/src/components/Home/Hero.tsx": {"lines":{"total":35,"covered":28,"skipped":0,"pct":80},"functions":{"total":11,"covered":7,"skipped":0,"pct":63.63},"statements":{"total":41,"covered":30,"skipped":0,"pct":73.17},"branches":{"total":12,"covered":6,"skipped":0,"pct":50}}
,"/Users/victor/development/appquilar/appquilar/src/components/Home/SearchBar.tsx": {"lines":{"total":28,"covered":25,"skipped":0,"pct":89.28},"functions":{"total":6,"covered":5,"skipped":0,"pct":83.33},"statements":{"total":31,"covered":25,"skipped":0,"pct":80.64},"branches":{"total":8,"covered":2,"skipped":0,"pct":25}}
,"/Users/victor/development/appquilar/appquilar/src/components/Home/TrustDifferentiators.tsx": {"lines":{"total":19,"covered":16,"skipped":0,"pct":84.21},"functions":{"total":4,"covered":3,"skipped":0,"pct":75},"statements":{"total":22,"covered":16,"skipped":0,"pct":72.72},"branches":{"total":6,"covered":1,"skipped":0,"pct":16.66}}
,"/Users/victor/development/appquilar/appquilar/src/components/auth/AuthModal.tsx": {"lines":{"total":49,"covered":42,"skipped":0,"pct":85.71},"functions":{"total":14,"covered":9,"skipped":0,"pct":64.28},"statements":{"total":52,"covered":42,"skipped":0,"pct":80.76},"branches":{"total":32,"covered":27,"skipped":0,"pct":84.37}}
,"/Users/victor/development/appquilar/appquilar/src/components/auth/ForgotPasswordForm.tsx": {"lines":{"total":28,"covered":25,"skipped":0,"pct":89.28},"functions":{"total":6,"covered":5,"skipped":0,"pct":83.33},"statements":{"total":31,"covered":25,"skipped":0,"pct":80.64},"branches":{"total":8,"covered":3,"skipped":0,"pct":37.5}}
,"/Users/victor/development/appquilar/appquilar/src/components/auth/SignInForm.tsx": {"lines":{"total":51,"covered":38,"skipped":0,"pct":74.5},"functions":{"total":11,"covered":8,"skipped":0,"pct":72.72},"statements":{"total":58,"covered":38,"skipped":0,"pct":65.51},"branches":{"total":37,"covered":13,"skipped":0,"pct":35.13}}
,"/Users/victor/development/appquilar/appquilar/src/components/auth/SignUpForm.tsx": {"lines":{"total":54,"covered":49,"skipped":0,"pct":90.74},"functions":{"total":9,"covered":8,"skipped":0,"pct":88.88},"statements":{"total":61,"covered":51,"skipped":0,"pct":83.6},"branches":{"total":26,"covered":14,"skipped":0,"pct":53.84}}
,"/Users/victor/development/appquilar/appquilar/src/components/blog/BlogMediaImage.tsx": {"lines":{"total":24,"covered":20,"skipped":0,"pct":83.33},"functions":{"total":4,"covered":3,"skipped":0,"pct":75},"statements":{"total":27,"covered":20,"skipped":0,"pct":74.07},"branches":{"total":10,"covered":2,"skipped":0,"pct":20}}
,"/Users/victor/development/appquilar/appquilar/src/components/categories/CategoryIcon.tsx": {"lines":{"total":24,"covered":20,"skipped":0,"pct":83.33},"functions":{"total":4,"covered":3,"skipped":0,"pct":75},"statements":{"total":27,"covered":20,"skipped":0,"pct":74.07},"branches":{"total":14,"covered":4,"skipped":0,"pct":28.57}}
,"/Users/victor/development/appquilar/appquilar/src/components/categories/categoryIconNames.ts": {"lines":{"total":1,"covered":1,"skipped":0,"pct":100},"functions":{"total":0,"covered":0,"skipped":0,"pct":100},"statements":{"total":1,"covered":1,"skipped":0,"pct":100},"branches":{"total":0,"covered":0,"skipped":0,"pct":100}}
,"/Users/victor/development/appquilar/appquilar/src/components/category/CategoryHeader.tsx": {"lines":{"total":21,"covered":18,"skipped":0,"pct":85.71},"functions":{"total":4,"covered":3,"skipped":0,"pct":75},"statements":{"total":25,"covered":19,"skipped":0,"pct":76},"branches":{"total":12,"covered":4,"skipped":0,"pct":33.33}}
,"/Users/victor/development/appquilar/appquilar/src/components/category/CategorySearch.tsx": {"lines":{"total":18,"covered":14,"skipped":0,"pct":77.77},"functions":{"total":4,"covered":2,"skipped":0,"pct":50},"statements":{"total":21,"covered":14,"skipped":0,"pct":66.66},"branches":{"total":6,"covered":1,"skipped":0,"pct":16.66}}
,"/Users/victor/development/appquilar/appquilar/src/components/category/DynamicPropertyFiltersSection.tsx": {"lines":{"total":27,"covered":23,"skipped":0,"pct":85.18},"functions":{"total":8,"covered":7,"skipped":0,"pct":87.5},"statements":{"total":30,"covered":23,"skipped":0,"pct":76.66},"branches":{"total":24,"covered":16,"skipped":0,"pct":66.66}}
,"/Users/victor/development/appquilar/appquilar/src/components/category/LoadingState.tsx": {"lines":{"total":17,"covered":14,"skipped":0,"pct":82.35},"functions":{"total":3,"covered":2,"skipped":0,"pct":66.66},"statements":{"total":20,"covered":14,"skipped":0,"pct":70},"branches":{"total":6,"covered":1,"skipped":0,"pct":16.66}}
,"/Users/victor/development/appquilar/appquilar/src/components/category/NoProductsFound.tsx": {"lines":{"total":17,"covered":14,"skipped":0,"pct":82.35},"functions":{"total":3,"covered":2,"skipped":0,"pct":66.66},"statements":{"total":20,"covered":14,"skipped":0,"pct":70},"branches":{"total":8,"covered":2,"skipped":0,"pct":25}}
,"/Users/victor/development/appquilar/appquilar/src/components/category/ProductGrid.tsx": {"lines":{"total":18,"covered":15,"skipped":0,"pct":83.33},"functions":{"total":4,"covered":3,"skipped":0,"pct":75},"statements":{"total":21,"covered":15,"skipped":0,"pct":71.42},"branches":{"total":6,"covered":1,"skipped":0,"pct":16.66}}
,"/Users/victor/development/appquilar/appquilar/src/components/common/AppLogo.tsx": {"lines":{"total":26,"covered":21,"skipped":0,"pct":80.76},"functions":{"total":4,"covered":2,"skipped":0,"pct":50},"statements":{"total":29,"covered":21,"skipped":0,"pct":72.41},"branches":{"total":13,"covered":5,"skipped":0,"pct":38.46}}
,"/Users/victor/development/appquilar/appquilar/src/components/common/PublicBreadcrumbs.tsx": {"lines":{"total":21,"covered":17,"skipped":0,"pct":80.95},"functions":{"total":4,"covered":3,"skipped":0,"pct":75},"statements":{"total":24,"covered":17,"skipped":0,"pct":70.83},"branches":{"total":16,"covered":9,"skipped":0,"pct":56.25}}
,"/Users/victor/development/appquilar/appquilar/src/components/company/PublicCompanyLocationMap.tsx": {"lines":{"total":34,"covered":30,"skipped":0,"pct":88.23},"functions":{"total":5,"covered":4,"skipped":0,"pct":80},"statements":{"total":37,"covered":30,"skipped":0,"pct":81.08},"branches":{"total":21,"covered":13,"skipped":0,"pct":61.9}}
,"/Users/victor/development/appquilar/appquilar/src/components/layout/CategoryDrawerTree.tsx": {"lines":{"total":76,"covered":66,"skipped":0,"pct":86.84},"functions":{"total":25,"covered":20,"skipped":0,"pct":80},"statements":{"total":91,"covered":76,"skipped":0,"pct":83.51},"branches":{"total":42,"covered":25,"skipped":0,"pct":59.52}}
,"/Users/victor/development/appquilar/appquilar/src/components/layout/Footer.tsx": {"lines":{"total":33,"covered":28,"skipped":0,"pct":84.84},"functions":{"total":8,"covered":6,"skipped":0,"pct":75},"statements":{"total":36,"covered":28,"skipped":0,"pct":77.77},"branches":{"total":12,"covered":4,"skipped":0,"pct":33.33}}
,"/Users/victor/development/appquilar/appquilar/src/components/layout/Header.tsx": {"lines":{"total":113,"covered":101,"skipped":0,"pct":89.38},"functions":{"total":35,"covered":27,"skipped":0,"pct":77.14},"statements":{"total":128,"covered":109,"skipped":0,"pct":85.15},"branches":{"total":62,"covered":45,"skipped":0,"pct":72.58}}
,"/Users/victor/development/appquilar/appquilar/src/components/layout/PublicSessionMessagesLink.tsx": {"lines":{"total":27,"covered":24,"skipped":0,"pct":88.88},"functions":{"total":4,"covered":3,"skipped":0,"pct":75},"statements":{"total":30,"covered":24,"skipped":0,"pct":80},"branches":{"total":13,"covered":7,"skipped":0,"pct":53.84}}
,"/Users/victor/development/appquilar/appquilar/src/components/products/CompanyInfo.tsx": {"lines":{"total":30,"covered":27,"skipped":0,"pct":90},"functions":{"total":5,"covered":4,"skipped":0,"pct":80},"statements":{"total":33,"covered":27,"skipped":0,"pct":81.81},"branches":{"total":33,"covered":23,"skipped":0,"pct":69.69}}
,"/Users/victor/development/appquilar/appquilar/src/components/products/ContactModal.tsx": {"lines":{"total":82,"covered":72,"skipped":0,"pct":87.8},"functions":{"total":12,"covered":9,"skipped":0,"pct":75},"statements":{"total":85,"covered":72,"skipped":0,"pct":84.7},"branches":{"total":85,"covered":65,"skipped":0,"pct":76.47}}
,"/Users/victor/development/appquilar/appquilar/src/components/products/ProductCard.tsx": {"lines":{"total":29,"covered":24,"skipped":0,"pct":82.75},"functions":{"total":6,"covered":3,"skipped":0,"pct":50},"statements":{"total":32,"covered":24,"skipped":0,"pct":75},"branches":{"total":30,"covered":16,"skipped":0,"pct":53.33}}
,"/Users/victor/development/appquilar/appquilar/src/components/products/ProductDynamicPropertiesSummary.tsx": {"lines":{"total":20,"covered":16,"skipped":0,"pct":80},"functions":{"total":4,"covered":2,"skipped":0,"pct":50},"statements":{"total":23,"covered":16,"skipped":0,"pct":69.56},"branches":{"total":15,"covered":8,"skipped":0,"pct":53.33}}
,"/Users/victor/development/appquilar/appquilar/src/components/products/ProductImageGallery.tsx": {"lines":{"total":38,"covered":30,"skipped":0,"pct":78.94},"functions":{"total":11,"covered":7,"skipped":0,"pct":63.63},"statements":{"total":42,"covered":30,"skipped":0,"pct":71.42},"branches":{"total":26,"covered":18,"skipped":0,"pct":69.23}}
,"/Users/victor/development/appquilar/appquilar/src/components/products/ProductInfo.tsx": {"lines":{"total":35,"covered":30,"skipped":0,"pct":85.71},"functions":{"total":8,"covered":7,"skipped":0,"pct":87.5},"statements":{"total":38,"covered":30,"skipped":0,"pct":78.94},"branches":{"total":49,"covered":36,"skipped":0,"pct":73.46}}
,"/Users/victor/development/appquilar/appquilar/src/components/products/ProductLocationMap.tsx": {"lines":{"total":23,"covered":20,"skipped":0,"pct":86.95},"functions":{"total":4,"covered":3,"skipped":0,"pct":75},"statements":{"total":26,"covered":20,"skipped":0,"pct":76.92},"branches":{"total":7,"covered":1,"skipped":0,"pct":14.28}}
,"/Users/victor/development/appquilar/appquilar/src/components/products/ProductPage.tsx": {"lines":{"total":95,"covered":89,"skipped":0,"pct":93.68},"functions":{"total":18,"covered":17,"skipped":0,"pct":94.44},"statements":{"total":100,"covered":91,"skipped":0,"pct":91},"branches":{"total":127,"covered":98,"skipped":0,"pct":77.16}}
,"/Users/victor/development/appquilar/appquilar/src/components/products/ProductRentalCostCalculator.tsx": {"lines":{"total":61,"covered":53,"skipped":0,"pct":86.88},"functions":{"total":10,"covered":9,"skipped":0,"pct":90},"statements":{"total":65,"covered":53,"skipped":0,"pct":81.53},"branches":{"total":45,"covered":29,"skipped":0,"pct":64.44}}
,"/Users/victor/development/appquilar/appquilar/src/components/products/SpanishDateRangePicker.tsx": {"lines":{"total":54,"covered":48,"skipped":0,"pct":88.88},"functions":{"total":10,"covered":9,"skipped":0,"pct":90},"statements":{"total":59,"covered":50,"skipped":0,"pct":84.74},"branches":{"total":36,"covered":28,"skipped":0,"pct":77.77}}
,"/Users/victor/development/appquilar/appquilar/src/components/routing/ProtectedRoute.tsx": {"lines":{"total":29,"covered":23,"skipped":0,"pct":79.31},"functions":{"total":4,"covered":3,"skipped":0,"pct":75},"statements":{"total":32,"covered":23,"skipped":0,"pct":71.87},"branches":{"total":14,"covered":6,"skipped":0,"pct":42.85}}
,"/Users/victor/development/appquilar/appquilar/src/components/shared/SafeHtml.tsx": {"lines":{"total":20,"covered":16,"skipped":0,"pct":80},"functions":{"total":3,"covered":2,"skipped":0,"pct":66.66},"statements":{"total":23,"covered":16,"skipped":0,"pct":69.56},"branches":{"total":10,"covered":3,"skipped":0,"pct":30}}
,"/Users/victor/development/appquilar/appquilar/src/components/ui/accordion.tsx": {"lines":{"total":29,"covered":26,"skipped":0,"pct":89.65},"functions":{"total":5,"covered":4,"skipped":0,"pct":80},"statements":{"total":35,"covered":29,"skipped":0,"pct":82.85},"branches":{"total":6,"covered":1,"skipped":0,"pct":16.66}}
,"/Users/victor/development/appquilar/appquilar/src/components/ui/alert.tsx": {"lines":{"total":29,"covered":26,"skipped":0,"pct":89.65},"functions":{"total":5,"covered":4,"skipped":0,"pct":80},"statements":{"total":35,"covered":29,"skipped":0,"pct":82.85},"branches":{"total":6,"covered":1,"skipped":0,"pct":16.66}}
,"/Users/victor/development/appquilar/appquilar/src/components/ui/badge.tsx": {"lines":{"total":17,"covered":14,"skipped":0,"pct":82.35},"functions":{"total":3,"covered":2,"skipped":0,"pct":66.66},"statements":{"total":20,"covered":14,"skipped":0,"pct":70},"branches":{"total":6,"covered":1,"skipped":0,"pct":16.66}}
,"/Users/victor/development/appquilar/appquilar/src/components/ui/button.tsx": {"lines":{"total":21,"covered":18,"skipped":0,"pct":85.71},"functions":{"total":3,"covered":2,"skipped":0,"pct":66.66},"statements":{"total":24,"covered":18,"skipped":0,"pct":75},"branches":{"total":9,"covered":4,"skipped":0,"pct":44.44}}
,"/Users/victor/development/appquilar/appquilar/src/components/ui/calendar.tsx": {"lines":{"total":19,"covered":16,"skipped":0,"pct":84.21},"functions":{"total":5,"covered":4,"skipped":0,"pct":80},"statements":{"total":22,"covered":16,"skipped":0,"pct":72.72},"branches":{"total":7,"covered":2,"skipped":0,"pct":28.57}}
,"/Users/victor/development/appquilar/appquilar/src/components/ui/card.tsx": {"lines":{"total":43,"covered":40,"skipped":0,"pct":93.02},"functions":{"total":8,"covered":6,"skipped":0,"pct":75},"statements":{"total":52,"covered":45,"skipped":0,"pct":86.53},"branches":{"total":6,"covered":1,"skipped":0,"pct":16.66}}
,"/Users/victor/development/appquilar/appquilar/src/components/ui/dialog.tsx": {"lines":{"total":44,"covered":41,"skipped":0,"pct":93.18},"functions":{"total":8,"covered":6,"skipped":0,"pct":75},"statements":{"total":53,"covered":46,"skipped":0,"pct":86.79},"branches":{"total":6,"covered":1,"skipped":0,"pct":16.66}}
,"/Users/victor/development/appquilar/appquilar/src/components/ui/form.tsx": {"lines":{"total":84,"covered":72,"skipped":0,"pct":85.71},"functions":{"total":18,"covered":11,"skipped":0,"pct":61.11},"statements":{"total":92,"covered":77,"skipped":0,"pct":83.69},"branches":{"total":16,"covered":10,"skipped":0,"pct":62.5}}
,"/Users/victor/development/appquilar/appquilar/src/components/ui/input.tsx": {"lines":{"total":19,"covered":16,"skipped":0,"pct":84.21},"functions":{"total":3,"covered":2,"skipped":0,"pct":66.66},"statements":{"total":22,"covered":16,"skipped":0,"pct":72.72},"branches":{"total":6,"covered":1,"skipped":0,"pct":16.66}}
,"/Users/victor/development/appquilar/appquilar/src/components/ui/label.tsx": {"lines":{"total":19,"covered":16,"skipped":0,"pct":84.21},"functions":{"total":3,"covered":2,"skipped":0,"pct":66.66},"statements":{"total":23,"covered":17,"skipped":0,"pct":73.91},"branches":{"total":6,"covered":1,"skipped":0,"pct":16.66}}
,"/Users/victor/development/appquilar/appquilar/src/components/ui/popover.tsx": {"lines":{"total":20,"covered":17,"skipped":0,"pct":85},"functions":{"total":3,"covered":2,"skipped":0,"pct":66.66},"statements":{"total":24,"covered":18,"skipped":0,"pct":75},"branches":{"total":8,"covered":2,"skipped":0,"pct":25}}
,"/Users/victor/development/appquilar/appquilar/src/components/ui/select.tsx": {"lines":{"total":50,"covered":47,"skipped":0,"pct":94},"functions":{"total":9,"covered":6,"skipped":0,"pct":66.66},"statements":{"total":60,"covered":52,"skipped":0,"pct":86.66},"branches":{"total":11,"covered":6,"skipped":0,"pct":54.54}}
,"/Users/victor/development/appquilar/appquilar/src/components/ui/sheet.tsx": {"lines":{"total":45,"covered":42,"skipped":0,"pct":93.33},"functions":{"total":8,"covered":5,"skipped":0,"pct":62.5},"statements":{"total":54,"covered":46,"skipped":0,"pct":85.18},"branches":{"total":7,"covered":1,"skipped":0,"pct":14.28}}
,"/Users/victor/development/appquilar/appquilar/src/components/ui/sonner.tsx": {"lines":{"total":22,"covered":19,"skipped":0,"pct":86.36},"functions":{"total":4,"covered":3,"skipped":0,"pct":75},"statements":{"total":25,"covered":19,"skipped":0,"pct":76},"branches":{"total":7,"covered":2,"skipped":0,"pct":28.57}}
,"/Users/victor/development/appquilar/appquilar/src/components/ui/table.tsx": {"lines":{"total":53,"covered":50,"skipped":0,"pct":94.33},"functions":{"total":10,"covered":7,"skipped":0,"pct":70},"statements":{"total":64,"covered":56,"skipped":0,"pct":87.5},"branches":{"total":6,"covered":1,"skipped":0,"pct":16.66}}
,"/Users/victor/development/appquilar/appquilar/src/components/ui/textarea.tsx": {"lines":{"total":19,"covered":16,"skipped":0,"pct":84.21},"functions":{"total":3,"covered":2,"skipped":0,"pct":66.66},"statements":{"total":22,"covered":16,"skipped":0,"pct":72.72},"branches":{"total":6,"covered":1,"skipped":0,"pct":16.66}}
,"/Users/victor/development/appquilar/appquilar/src/components/ui/toast.tsx": {"lines":{"total":46,"covered":42,"skipped":0,"pct":91.3},"functions":{"total":8,"covered":2,"skipped":0,"pct":25},"statements":{"total":54,"covered":43,"skipped":0,"pct":79.62},"branches":{"total":6,"covered":1,"skipped":0,"pct":16.66}}
,"/Users/victor/development/appquilar/appquilar/src/components/ui/toaster.tsx": {"lines":{"total":22,"covered":18,"skipped":0,"pct":81.81},"functions":{"total":5,"covered":3,"skipped":0,"pct":60},"statements":{"total":25,"covered":18,"skipped":0,"pct":72},"branches":{"total":10,"covered":1,"skipped":0,"pct":10}}
,"/Users/victor/development/appquilar/appquilar/src/components/ui/tooltip.tsx": {"lines":{"total":21,"covered":18,"skipped":0,"pct":85.71},"functions":{"total":3,"covered":2,"skipped":0,"pct":66.66},"statements":{"total":25,"covered":19,"skipped":0,"pct":76},"branches":{"total":7,"covered":2,"skipped":0,"pct":28.57}}
,"/Users/victor/development/appquilar/appquilar/src/components/ui/use-toast.ts": {"lines":{"total":0,"covered":0,"skipped":0,"pct":100},"functions":{"total":0,"covered":0,"skipped":0,"pct":100},"statements":{"total":0,"covered":0,"skipped":0,"pct":100},"branches":{"total":0,"covered":0,"skipped":0,"pct":100}}
,"/Users/victor/development/appquilar/appquilar/src/composition/apiClient.ts": {"lines":{"total":2,"covered":2,"skipped":0,"pct":100},"functions":{"total":0,"covered":0,"skipped":0,"pct":100},"statements":{"total":2,"covered":2,"skipped":0,"pct":100},"branches":{"total":2,"covered":1,"skipped":0,"pct":50}}
,"/Users/victor/development/appquilar/appquilar/src/composition/auth.ts": {"lines":{"total":7,"covered":7,"skipped":0,"pct":100},"functions":{"total":1,"covered":1,"skipped":0,"pct":100},"statements":{"total":8,"covered":8,"skipped":0,"pct":100},"branches":{"total":0,"covered":0,"skipped":0,"pct":100}}
,"/Users/victor/development/appquilar/appquilar/src/composition/queryClient.ts": {"lines":{"total":1,"covered":1,"skipped":0,"pct":100},"functions":{"total":0,"covered":0,"skipped":0,"pct":100},"statements":{"total":1,"covered":1,"skipped":0,"pct":100},"branches":{"total":0,"covered":0,"skipped":0,"pct":100}}
,"/Users/victor/development/appquilar/appquilar/src/compositionRoot.ts": {"lines":{"total":42,"covered":42,"skipped":0,"pct":100},"functions":{"total":1,"covered":1,"skipped":0,"pct":100},"statements":{"total":43,"covered":43,"skipped":0,"pct":100},"branches":{"total":0,"covered":0,"skipped":0,"pct":100}}
,"/Users/victor/development/appquilar/appquilar/src/context/AuthContext.tsx": {"lines":{"total":109,"covered":69,"skipped":0,"pct":63.3},"functions":{"total":18,"covered":10,"skipped":0,"pct":55.55},"statements":{"total":118,"covered":70,"skipped":0,"pct":59.32},"branches":{"total":55,"covered":10,"skipped":0,"pct":18.18}}
,"/Users/victor/development/appquilar/appquilar/src/core/application/SeoService.ts": {"lines":{"total":9,"covered":8,"skipped":0,"pct":88.88},"functions":{"total":3,"covered":3,"skipped":0,"pct":100},"statements":{"total":9,"covered":8,"skipped":0,"pct":88.88},"branches":{"total":42,"covered":33,"skipped":0,"pct":78.57}}
,"/Users/victor/development/appquilar/appquilar/src/domain/config/publicRoutes.ts": {"lines":{"total":31,"covered":27,"skipped":0,"pct":87.09},"functions":{"total":10,"covered":9,"skipped":0,"pct":90},"statements":{"total":35,"covered":31,"skipped":0,"pct":88.57},"branches":{"total":18,"covered":12,"skipped":0,"pct":66.66}}
,"/Users/victor/development/appquilar/appquilar/src/domain/models/AuthSession.ts": {"lines":{"total":11,"covered":4,"skipped":0,"pct":36.36},"functions":{"total":5,"covered":2,"skipped":0,"pct":40},"statements":{"total":11,"covered":4,"skipped":0,"pct":36.36},"branches":{"total":22,"covered":7,"skipped":0,"pct":31.81}}
,"/Users/victor/development/appquilar/appquilar/src/domain/models/Subscription.ts": {"lines":{"total":56,"covered":14,"skipped":0,"pct":25},"functions":{"total":14,"covered":0,"skipped":0,"pct":0},"statements":{"total":59,"covered":14,"skipped":0,"pct":23.72},"branches":{"total":39,"covered":0,"skipped":0,"pct":0}}
,"/Users/victor/development/appquilar/appquilar/src/domain/models/User.ts": {"lines":{"total":35,"covered":0,"skipped":0,"pct":0},"functions":{"total":14,"covered":0,"skipped":0,"pct":0},"statements":{"total":35,"covered":0,"skipped":0,"pct":0},"branches":{"total":71,"covered":0,"skipped":0,"pct":0}}
,"/Users/victor/development/appquilar/appquilar/src/domain/models/UserRole.ts": {"lines":{"total":10,"covered":5,"skipped":0,"pct":50},"functions":{"total":3,"covered":1,"skipped":0,"pct":33.33},"statements":{"total":10,"covered":5,"skipped":0,"pct":50},"branches":{"total":3,"covered":0,"skipped":0,"pct":0}}
,"/Users/victor/development/appquilar/appquilar/src/domain/schemas/authSchema.ts": {"lines":{"total":2,"covered":2,"skipped":0,"pct":100},"functions":{"total":0,"covered":0,"skipped":0,"pct":100},"statements":{"total":2,"covered":2,"skipped":0,"pct":100},"branches":{"total":0,"covered":0,"skipped":0,"pct":100}}
,"/Users/victor/development/appquilar/appquilar/src/domain/services/DynamicPropertyService.ts": {"lines":{"total":110,"covered":16,"skipped":0,"pct":14.54},"functions":{"total":32,"covered":1,"skipped":0,"pct":3.12},"statements":{"total":128,"covered":16,"skipped":0,"pct":12.5},"branches":{"total":107,"covered":0,"skipped":0,"pct":0}}
,"/Users/victor/development/appquilar/appquilar/src/domain/services/ProductRentabilityService.ts": {"lines":{"total":35,"covered":28,"skipped":0,"pct":80},"functions":{"total":7,"covered":6,"skipped":0,"pct":85.71},"statements":{"total":37,"covered":30,"skipped":0,"pct":81.08},"branches":{"total":52,"covered":36,"skipped":0,"pct":69.23}}
,"/Users/victor/development/appquilar/appquilar/src/domain/valueObject/uuidv4.ts": {"lines":{"total":21,"covered":10,"skipped":0,"pct":47.61},"functions":{"total":8,"covered":5,"skipped":0,"pct":62.5},"statements":{"total":21,"covered":10,"skipped":0,"pct":47.61},"branches":{"total":10,"covered":4,"skipped":0,"pct":40}}
,"/Users/victor/development/appquilar/appquilar/src/hooks/use-toast.ts": {"lines":{"total":50,"covered":17,"skipped":0,"pct":34},"functions":{"total":18,"covered":3,"skipped":0,"pct":16.66},"statements":{"total":53,"covered":17,"skipped":0,"pct":32.07},"branches":{"total":20,"covered":1,"skipped":0,"pct":5}}
,"/Users/victor/development/appquilar/appquilar/src/hooks/useAuthModalLauncher.ts": {"lines":{"total":11,"covered":11,"skipped":0,"pct":100},"functions":{"total":4,"covered":4,"skipped":0,"pct":100},"statements":{"total":11,"covered":11,"skipped":0,"pct":100},"branches":{"total":2,"covered":2,"skipped":0,"pct":100}}
,"/Users/victor/development/appquilar/appquilar/src/hooks/useDebouncedValue.ts": {"lines":{"total":8,"covered":8,"skipped":0,"pct":100},"functions":{"total":4,"covered":4,"skipped":0,"pct":100},"statements":{"total":8,"covered":8,"skipped":0,"pct":100},"branches":{"total":1,"covered":0,"skipped":0,"pct":0}}
,"/Users/victor/development/appquilar/appquilar/src/hooks/useProductLocationMap.ts": {"lines":{"total":68,"covered":19,"skipped":0,"pct":27.94},"functions":{"total":10,"covered":5,"skipped":0,"pct":50},"statements":{"total":70,"covered":19,"skipped":0,"pct":27.14},"branches":{"total":49,"covered":2,"skipped":0,"pct":4.08}}
,"/Users/victor/development/appquilar/appquilar/src/hooks/useScrollToTop.ts": {"lines":{"total":3,"covered":3,"skipped":0,"pct":100},"functions":{"total":2,"covered":2,"skipped":0,"pct":100},"statements":{"total":3,"covered":3,"skipped":0,"pct":100},"branches":{"total":0,"covered":0,"skipped":0,"pct":100}}
,"/Users/victor/development/appquilar/appquilar/src/hooks/useSeo.ts": {"lines":{"total":48,"covered":42,"skipped":0,"pct":87.5},"functions":{"total":8,"covered":7,"skipped":0,"pct":87.5},"statements":{"total":63,"covered":55,"skipped":0,"pct":87.3},"branches":{"total":38,"covered":21,"skipped":0,"pct":55.26}}
,"/Users/victor/development/appquilar/appquilar/src/infrastructure/auth/AuthSessionStorage.ts": {"lines":{"total":46,"covered":38,"skipped":0,"pct":82.6},"functions":{"total":10,"covered":10,"skipped":0,"pct":100},"statements":{"total":49,"covered":40,"skipped":0,"pct":81.63},"branches":{"total":28,"covered":18,"skipped":0,"pct":64.28}}
,"/Users/victor/development/appquilar/appquilar/src/infrastructure/google/GoogleMapsLoader.ts": {"lines":{"total":16,"covered":11,"skipped":0,"pct":68.75},"functions":{"total":4,"covered":3,"skipped":0,"pct":75},"statements":{"total":17,"covered":12,"skipped":0,"pct":70.58},"branches":{"total":11,"covered":4,"skipped":0,"pct":36.36}}
,"/Users/victor/development/appquilar/appquilar/src/infrastructure/http/ApiClient.ts": {"lines":{"total":49,"covered":36,"skipped":0,"pct":73.46},"functions":{"total":10,"covered":6,"skipped":0,"pct":60},"statements":{"total":49,"covered":36,"skipped":0,"pct":73.46},"branches":{"total":30,"covered":21,"skipped":0,"pct":70}}
,"/Users/victor/development/appquilar/appquilar/src/infrastructure/repositories/ApiAuthRepository.ts": {"lines":{"total":35,"covered":21,"skipped":0,"pct":60},"functions":{"total":10,"covered":8,"skipped":0,"pct":80},"statements":{"total":35,"covered":21,"skipped":0,"pct":60},"branches":{"total":14,"covered":3,"skipped":0,"pct":21.42}}
,"/Users/victor/development/appquilar/appquilar/src/infrastructure/repositories/ApiBillingRepository.ts": {"lines":{"total":29,"covered":7,"skipped":0,"pct":24.13},"functions":{"total":7,"covered":2,"skipped":0,"pct":28.57},"statements":{"total":29,"covered":7,"skipped":0,"pct":24.13},"branches":{"total":6,"covered":1,"skipped":0,"pct":16.66}}
,"/Users/victor/development/appquilar/appquilar/src/infrastructure/repositories/ApiBlogRepository.ts": {"lines":{"total":85,"covered":37,"skipped":0,"pct":43.52},"functions":{"total":31,"covered":12,"skipped":0,"pct":38.7},"statements":{"total":97,"covered":38,"skipped":0,"pct":39.17},"branches":{"total":102,"covered":34,"skipped":0,"pct":33.33}}
,"/Users/victor/development/appquilar/appquilar/src/infrastructure/repositories/ApiCaptchaRepository.ts": {"lines":{"total":13,"covered":12,"skipped":0,"pct":92.3},"functions":{"total":4,"covered":4,"skipped":0,"pct":100},"statements":{"total":13,"covered":12,"skipped":0,"pct":92.3},"branches":{"total":16,"covered":13,"skipped":0,"pct":81.25}}
,"/Users/victor/development/appquilar/appquilar/src/infrastructure/repositories/ApiCategoryRepository.ts": {"lines":{"total":60,"covered":49,"skipped":0,"pct":81.66},"functions":{"total":18,"covered":11,"skipped":0,"pct":61.11},"statements":{"total":68,"covered":52,"skipped":0,"pct":76.47},"branches":{"total":84,"covered":40,"skipped":0,"pct":47.61}}
,"/Users/victor/development/appquilar/appquilar/src/infrastructure/repositories/ApiCompanyAdminRepository.ts": {"lines":{"total":25,"covered":8,"skipped":0,"pct":32},"functions":{"total":5,"covered":2,"skipped":0,"pct":40},"statements":{"total":25,"covered":8,"skipped":0,"pct":32},"branches":{"total":16,"covered":1,"skipped":0,"pct":6.25}}
,"/Users/victor/development/appquilar/appquilar/src/infrastructure/repositories/ApiCompanyEngagementRepository.ts": {"lines":{"total":30,"covered":7,"skipped":0,"pct":23.33},"functions":{"total":10,"covered":2,"skipped":0,"pct":20},"statements":{"total":30,"covered":7,"skipped":0,"pct":23.33},"branches":{"total":20,"covered":1,"skipped":0,"pct":5}}
,"/Users/victor/development/appquilar/appquilar/src/infrastructure/repositories/ApiCompanyInvitationRepository.ts": {"lines":{"total":22,"covered":7,"skipped":0,"pct":31.81},"functions":{"total":4,"covered":2,"skipped":0,"pct":50},"statements":{"total":22,"covered":7,"skipped":0,"pct":31.81},"branches":{"total":12,"covered":1,"skipped":0,"pct":8.33}}
,"/Users/victor/development/appquilar/appquilar/src/infrastructure/repositories/ApiCompanyMembershipRepository.ts": {"lines":{"total":39,"covered":7,"skipped":0,"pct":17.94},"functions":{"total":10,"covered":2,"skipped":0,"pct":20},"statements":{"total":40,"covered":7,"skipped":0,"pct":17.5},"branches":{"total":32,"covered":1,"skipped":0,"pct":3.12}}
,"/Users/victor/development/appquilar/appquilar/src/infrastructure/repositories/ApiCompanyProfileRepository.ts": {"lines":{"total":32,"covered":7,"skipped":0,"pct":21.87},"functions":{"total":6,"covered":2,"skipped":0,"pct":33.33},"statements":{"total":32,"covered":7,"skipped":0,"pct":21.87},"branches":{"total":93,"covered":1,"skipped":0,"pct":1.07}}
,"/Users/victor/development/appquilar/appquilar/src/infrastructure/repositories/ApiContactRepository.ts": {"lines":{"total":8,"covered":7,"skipped":0,"pct":87.5},"functions":{"total":3,"covered":3,"skipped":0,"pct":100},"statements":{"total":8,"covered":7,"skipped":0,"pct":87.5},"branches":{"total":2,"covered":1,"skipped":0,"pct":50}}
,"/Users/victor/development/appquilar/appquilar/src/infrastructure/repositories/ApiMediaRepository.ts": {"lines":{"total":25,"covered":7,"skipped":0,"pct":28},"functions":{"total":6,"covered":2,"skipped":0,"pct":33.33},"statements":{"total":25,"covered":7,"skipped":0,"pct":28},"branches":{"total":7,"covered":1,"skipped":0,"pct":14.28}}
,"/Users/victor/development/appquilar/appquilar/src/infrastructure/repositories/ApiPaymentPlanRepository.ts": {"lines":{"total":38,"covered":12,"skipped":0,"pct":31.57},"functions":{"total":12,"covered":2,"skipped":0,"pct":16.66},"statements":{"total":38,"covered":12,"skipped":0,"pct":31.57},"branches":{"total":77,"covered":1,"skipped":0,"pct":1.29}}
,"/Users/victor/development/appquilar/appquilar/src/infrastructure/repositories/ApiProductRepository.ts": {"lines":{"total":217,"covered":87,"skipped":0,"pct":40.09},"functions":{"total":52,"covered":22,"skipped":0,"pct":42.3},"statements":{"total":235,"covered":95,"skipped":0,"pct":40.42},"branches":{"total":360,"covered":145,"skipped":0,"pct":40.27}}
,"/Users/victor/development/appquilar/appquilar/src/infrastructure/repositories/ApiPublicCompanyProductsRepository.ts": {"lines":{"total":45,"covered":34,"skipped":0,"pct":75.55},"functions":{"total":11,"covered":9,"skipped":0,"pct":81.81},"statements":{"total":45,"covered":34,"skipped":0,"pct":75.55},"branches":{"total":126,"covered":61,"skipped":0,"pct":48.41}}
,"/Users/victor/development/appquilar/appquilar/src/infrastructure/repositories/ApiPublicCompanyProfileRepository.ts": {"lines":{"total":22,"covered":20,"skipped":0,"pct":90.9},"functions":{"total":7,"covered":7,"skipped":0,"pct":100},"statements":{"total":23,"covered":21,"skipped":0,"pct":91.3},"branches":{"total":44,"covered":35,"skipped":0,"pct":79.54}}
,"/Users/victor/development/appquilar/appquilar/src/infrastructure/repositories/ApiRentalRepository.ts": {"lines":{"total":120,"covered":21,"skipped":0,"pct":17.5},"functions":{"total":24,"covered":9,"skipped":0,"pct":37.5},"statements":{"total":136,"covered":22,"skipped":0,"pct":16.17},"branches":{"total":201,"covered":12,"skipped":0,"pct":5.97}}
,"/Users/victor/development/appquilar/appquilar/src/infrastructure/repositories/ApiSiteRepository.ts": {"lines":{"total":21,"covered":18,"skipped":0,"pct":85.71},"functions":{"total":7,"covered":5,"skipped":0,"pct":71.42},"statements":{"total":22,"covered":18,"skipped":0,"pct":81.81},"branches":{"total":29,"covered":15,"skipped":0,"pct":51.72}}
,"/Users/victor/development/appquilar/appquilar/src/infrastructure/repositories/ApiUserEngagementRepository.ts": {"lines":{"total":28,"covered":7,"skipped":0,"pct":25},"functions":{"total":8,"covered":2,"skipped":0,"pct":25},"statements":{"total":28,"covered":7,"skipped":0,"pct":25},"branches":{"total":18,"covered":1,"skipped":0,"pct":5.55}}
,"/Users/victor/development/appquilar/appquilar/src/infrastructure/repositories/ApiUserRepository.ts": {"lines":{"total":78,"covered":27,"skipped":0,"pct":34.61},"functions":{"total":19,"covered":10,"skipped":0,"pct":52.63},"statements":{"total":87,"covered":30,"skipped":0,"pct":34.48},"branches":{"total":131,"covered":39,"skipped":0,"pct":29.77}}
,"/Users/victor/development/appquilar/appquilar/src/lib/utils.ts": {"lines":{"total":1,"covered":1,"skipped":0,"pct":100},"functions":{"total":1,"covered":1,"skipped":0,"pct":100},"statements":{"total":1,"covered":1,"skipped":0,"pct":100},"branches":{"total":0,"covered":0,"skipped":0,"pct":100}}
,"/Users/victor/development/appquilar/appquilar/src/main.tsx": {"lines":{"total":25,"covered":12,"skipped":0,"pct":48},"functions":{"total":3,"covered":2,"skipped":0,"pct":66.66},"statements":{"total":25,"covered":12,"skipped":0,"pct":48},"branches":{"total":18,"covered":7,"skipped":0,"pct":38.88}}
,"/Users/victor/development/appquilar/appquilar/src/pages/BlogPostPage.tsx": {"lines":{"total":36,"covered":31,"skipped":0,"pct":86.11},"functions":{"total":6,"covered":5,"skipped":0,"pct":83.33},"statements":{"total":41,"covered":33,"skipped":0,"pct":80.48},"branches":{"total":49,"covered":33,"skipped":0,"pct":67.34}}
,"/Users/victor/development/appquilar/appquilar/src/pages/CategoriesPage.tsx": {"lines":{"total":28,"covered":25,"skipped":0,"pct":89.28},"functions":{"total":7,"covered":6,"skipped":0,"pct":85.71},"statements":{"total":31,"covered":25,"skipped":0,"pct":80.64},"branches":{"total":20,"covered":9,"skipped":0,"pct":45}}
,"/Users/victor/development/appquilar/appquilar/src/pages/CategoryPage.tsx": {"lines":{"total":145,"covered":129,"skipped":0,"pct":88.96},"functions":{"total":32,"covered":28,"skipped":0,"pct":87.5},"statements":{"total":152,"covered":132,"skipped":0,"pct":86.84},"branches":{"total":120,"covered":84,"skipped":0,"pct":70}}
,"/Users/victor/development/appquilar/appquilar/src/pages/ContactPage.tsx": {"lines":{"total":53,"covered":50,"skipped":0,"pct":94.33},"functions":{"total":10,"covered":9,"skipped":0,"pct":90},"statements":{"total":60,"covered":54,"skipped":0,"pct":90},"branches":{"total":28,"covered":21,"skipped":0,"pct":75}}
,"/Users/victor/development/appquilar/appquilar/src/pages/Index.tsx": {"lines":{"total":26,"covered":23,"skipped":0,"pct":88.46},"functions":{"total":5,"covered":4,"skipped":0,"pct":80},"statements":{"total":30,"covered":24,"skipped":0,"pct":80},"branches":{"total":6,"covered":1,"skipped":0,"pct":16.66}}
,"/Users/victor/development/appquilar/appquilar/src/pages/PartnersPage.tsx": {"lines":{"total":40,"covered":34,"skipped":0,"pct":85},"functions":{"total":11,"covered":7,"skipped":0,"pct":63.63},"statements":{"total":43,"covered":34,"skipped":0,"pct":79.06},"branches":{"total":11,"covered":6,"skipped":0,"pct":54.54}}
,"/Users/victor/development/appquilar/appquilar/src/pages/ProductDetail.tsx": {"lines":{"total":22,"covered":19,"skipped":0,"pct":86.36},"functions":{"total":4,"covered":3,"skipped":0,"pct":75},"statements":{"total":25,"covered":19,"skipped":0,"pct":76},"branches":{"total":6,"covered":1,"skipped":0,"pct":16.66}}
,"/Users/victor/development/appquilar/appquilar/src/pages/PublicCompanyPage.tsx": {"lines":{"total":99,"covered":85,"skipped":0,"pct":85.85},"functions":{"total":26,"covered":21,"skipped":0,"pct":80.76},"statements":{"total":110,"covered":93,"skipped":0,"pct":84.54},"branches":{"total":149,"covered":115,"skipped":0,"pct":77.18}}
,"/Users/victor/development/appquilar/appquilar/src/pages/SearchPage.tsx": {"lines":{"total":223,"covered":206,"skipped":0,"pct":92.37},"functions":{"total":60,"covered":56,"skipped":0,"pct":93.33},"statements":{"total":246,"covered":225,"skipped":0,"pct":91.46},"branches":{"total":155,"covered":120,"skipped":0,"pct":77.41}}
,"/Users/victor/development/appquilar/appquilar/src/pages/legal/PrivacyPage.tsx": {"lines":{"total":22,"covered":19,"skipped":0,"pct":86.36},"functions":{"total":4,"covered":3,"skipped":0,"pct":75},"statements":{"total":25,"covered":19,"skipped":0,"pct":76},"branches":{"total":6,"covered":1,"skipped":0,"pct":16.66}}
,"/Users/victor/development/appquilar/appquilar/src/utils/backendError.ts": {"lines":{"total":49,"covered":17,"skipped":0,"pct":34.69},"functions":{"total":10,"covered":5,"skipped":0,"pct":50},"statements":{"total":53,"covered":19,"skipped":0,"pct":35.84},"branches":{"total":36,"covered":8,"skipped":0,"pct":22.22}}
,"/Users/victor/development/appquilar/appquilar/src/utils/categoryBreadcrumb.ts": {"lines":{"total":10,"covered":10,"skipped":0,"pct":100},"functions":{"total":1,"covered":1,"skipped":0,"pct":100},"statements":{"total":10,"covered":10,"skipped":0,"pct":100},"branches":{"total":8,"covered":7,"skipped":0,"pct":87.5}}
}
