TN:
SF:src/App.tsx
FN:21,(anonymous_0)
FN:23,(anonymous_1)
FN:25,(anonymous_2)
FN:27,(anonymous_3)
FN:29,(anonymous_4)
FN:31,(anonymous_5)
FN:33,(anonymous_6)
FN:35,(anonymous_7)
FN:37,(anonymous_8)
FN:39,(anonymous_9)
FN:41,(anonymous_10)
FN:43,(anonymous_11)
FN:45,(anonymous_12)
FN:47,(anonymous_13)
FN:49,(anonymous_14)
FN:51,(anonymous_15)
FN:53,(anonymous_16)
FN:55,(anonymous_17)
FN:57,(anonymous_18)
FN:59,(anonymous_19)
FN:68,(anonymous_20)
FN:83,(anonymous_21)
FN:95,(anonymous_22)
FN:276,(anonymous_23)
FN:290,(anonymous_24)
FN:304,(anonymous_25)
FN:487,RouteAliasRedirect
FN:501,(anonymous_27)
FN:557,(anonymous_28)
FN:559,(anonymous_29)
FNF:30
FNH:15
FNDA:11,(anonymous_0)
FNDA:0,(anonymous_1)
FNDA:12,(anonymous_2)
FNDA:3,(anonymous_3)
FNDA:2,(anonymous_4)
FNDA:0,(anonymous_5)
FNDA:0,(anonymous_6)
FNDA:9,(anonymous_7)
FNDA:0,(anonymous_8)
FNDA:2,(anonymous_9)
FNDA:2,(anonymous_10)
FNDA:0,(anonymous_11)
FNDA:1,(anonymous_12)
FNDA:6,(anonymous_13)
FNDA:0,(anonymous_14)
FNDA:0,(anonymous_15)
FNDA:0,(anonymous_16)
FNDA:0,(anonymous_17)
FNDA:1,(anonymous_18)
FNDA:2,(anonymous_19)
FNDA:98,(anonymous_20)
FNDA:1558,(anonymous_21)
FNDA:82,(anonymous_22)
FNDA:0,(anonymous_23)
FNDA:0,(anonymous_24)
FNDA:0,(anonymous_25)
FNDA:0,RouteAliasRedirect
FNDA:0,(anonymous_27)
FNDA:41,(anonymous_28)
FNDA:0,(anonymous_29)
DA:1,41
DA:2,41
DA:3,41
DA:4,41
DA:5,41
DA:10,41
DA:21,41
DA:22,41
DA:23,41
DA:24,41
DA:25,41
DA:26,41
DA:27,41
DA:28,41
DA:29,41
DA:30,41
DA:31,41
DA:32,41
DA:33,41
DA:34,41
DA:35,41
DA:36,41
DA:37,41
DA:38,41
DA:39,41
DA:40,41
DA:41,41
DA:42,41
DA:43,41
DA:44,41
DA:45,41
DA:46,41
DA:47,41
DA:48,41
DA:49,41
DA:50,41
DA:51,41
DA:52,41
DA:53,41
DA:54,41
DA:55,41
DA:56,41
DA:57,41
DA:58,41
DA:59,41
DA:67,41
DA:68,98
DA:82,41
DA:83,1558
DA:95,82
DA:276,0
DA:290,0
DA:304,0
DA:486,41
DA:488,0
DA:489,0
DA:490,0
DA:491,0
DA:492,0
DA:501,41
DA:502,0
DA:507,41
DA:510,41
DA:511,41
DA:512,41
DA:513,41
DA:514,41
DA:515,41
DA:516,41
DA:517,41
DA:518,41
DA:519,41
DA:520,41
DA:521,41
DA:522,41
DA:523,41
DA:524,41
DA:525,41
DA:526,41
DA:527,41
DA:528,41
DA:529,41
DA:530,41
DA:531,41
DA:532,41
DA:533,41
DA:534,41
DA:535,41
DA:536,41
DA:537,41
DA:538,41
DA:539,41
DA:540,41
DA:541,41
DA:542,41
DA:543,41
DA:544,41
DA:545,41
DA:546,41
DA:547,41
DA:548,41
DA:549,41
DA:550,41
DA:551,41
DA:554,41
DA:555,41
DA:557,41
DA:558,41
DA:559,41
DA:560,0
DA:561,0
DA:562,0
LF:112
LH:100
BRDA:1,0,0,0
BRDA:1,0,1,41
BRDA:489,1,0,0
BRDA:560,2,0,0
BRDA:560,2,1,0
BRDA:562,3,0,0
BRDA:562,3,1,0
BRF:7
BRH:1
end_of_record
TN:
SF:src/application/hooks/useBlog.ts
FN:6,(anonymous_0)
FN:11,(anonymous_1)
FN:17,(anonymous_2)
FN:22,(anonymous_3)
FN:28,(anonymous_4)
FN:34,(anonymous_5)
FN:42,(anonymous_6)
FN:43,(anonymous_7)
FN:46,(anonymous_8)
FN:49,(anonymous_9)
FN:56,(anonymous_10)
FN:65,(anonymous_11)
FN:67,(anonymous_12)
FN:70,(anonymous_13)
FN:73,(anonymous_14)
FN:80,(anonymous_15)
FN:99,(anonymous_16)
FN:102,(anonymous_17)
FN:106,(anonymous_18)
FN:109,(anonymous_19)
FN:110,(anonymous_20)
FN:114,(anonymous_21)
FN:119,(anonymous_22)
FN:122,(anonymous_23)
FN:123,(anonymous_24)
FN:127,(anonymous_25)
FN:132,(anonymous_26)
FN:135,(anonymous_27)
FN:136,(anonymous_28)
FN:140,(anonymous_29)
FN:145,(anonymous_30)
FN:148,(anonymous_31)
FN:149,(anonymous_32)
FN:153,(anonymous_33)
FN:158,(anonymous_34)
FN:161,(anonymous_35)
FN:162,(anonymous_36)
FN:166,(anonymous_37)
FN:171,(anonymous_38)
FN:174,(anonymous_39)
FN:175,(anonymous_40)
FN:179,(anonymous_41)
FN:184,(anonymous_42)
FN:187,(anonymous_43)
FN:188,(anonymous_44)
FN:194,(anonymous_45)
FN:199,(anonymous_46)
FN:202,(anonymous_47)
FN:203,(anonymous_48)
FN:210,(anonymous_49)
FNF:50
FNH:3
FNDA:0,(anonymous_0)
FNDA:4,(anonymous_1)
FNDA:0,(anonymous_2)
FNDA:0,(anonymous_3)
FNDA:0,(anonymous_4)
FNDA:0,(anonymous_5)
FNDA:0,(anonymous_6)
FNDA:0,(anonymous_7)
FNDA:4,(anonymous_8)
FNDA:1,(anonymous_9)
FNDA:0,(anonymous_10)
FNDA:0,(anonymous_11)
FNDA:0,(anonymous_12)
FNDA:0,(anonymous_13)
FNDA:0,(anonymous_14)
FNDA:0,(anonymous_15)
FNDA:0,(anonymous_16)
FNDA:0,(anonymous_17)
FNDA:0,(anonymous_18)
FNDA:0,(anonymous_19)
FNDA:0,(anonymous_20)
FNDA:0,(anonymous_21)
FNDA:0,(anonymous_22)
FNDA:0,(anonymous_23)
FNDA:0,(anonymous_24)
FNDA:0,(anonymous_25)
FNDA:0,(anonymous_26)
FNDA:0,(anonymous_27)
FNDA:0,(anonymous_28)
FNDA:0,(anonymous_29)
FNDA:0,(anonymous_30)
FNDA:0,(anonymous_31)
FNDA:0,(anonymous_32)
FNDA:0,(anonymous_33)
FNDA:0,(anonymous_34)
FNDA:0,(anonymous_35)
FNDA:0,(anonymous_36)
FNDA:0,(anonymous_37)
FNDA:0,(anonymous_38)
FNDA:0,(anonymous_39)
FNDA:0,(anonymous_40)
FNDA:0,(anonymous_41)
FNDA:0,(anonymous_42)
FNDA:0,(anonymous_43)
FNDA:0,(anonymous_44)
FNDA:0,(anonymous_45)
FNDA:0,(anonymous_46)
FNDA:0,(anonymous_47)
FNDA:0,(anonymous_48)
FNDA:0,(anonymous_49)
DA:5,1
DA:6,0
DA:11,4
DA:17,0
DA:22,0
DA:28,0
DA:34,1
DA:35,0
DA:40,0
DA:42,0
DA:43,0
DA:46,1
DA:47,4
DA:50,1
DA:51,1
DA:56,1
DA:57,0
DA:63,0
DA:65,0
DA:67,0
DA:70,1
DA:71,0
DA:74,0
DA:75,0
DA:80,1
DA:81,0
DA:87,0
DA:93,0
DA:94,0
DA:99,1
DA:100,0
DA:102,0
DA:106,1
DA:107,0
DA:108,0
DA:109,0
DA:111,0
DA:112,0
DA:115,0
DA:119,1
DA:120,0
DA:121,0
DA:122,0
DA:124,0
DA:125,0
DA:128,0
DA:132,1
DA:133,0
DA:134,0
DA:135,0
DA:137,0
DA:138,0
DA:141,0
DA:145,1
DA:146,0
DA:147,0
DA:148,0
DA:150,0
DA:151,0
DA:154,0
DA:158,1
DA:159,0
DA:160,0
DA:161,0
DA:163,0
DA:164,0
DA:167,0
DA:171,1
DA:172,0
DA:173,0
DA:174,0
DA:176,0
DA:177,0
DA:180,0
DA:184,1
DA:185,0
DA:186,0
DA:187,0
DA:189,0
DA:190,0
DA:195,0
DA:199,1
DA:200,0
DA:201,0
DA:202,0
DA:204,0
DA:205,0
DA:208,0
DA:211,0
DA:215,1
LF:90
LH:20
BRDA:34,0,0,0
BRDA:36,1,0,0
BRDA:36,1,1,0
BRDA:37,2,0,0
BRDA:37,2,1,0
BRDA:50,3,0,0
BRDA:50,3,1,1
BRDA:56,4,0,0
BRDA:56,5,0,0
BRDA:58,6,0,0
BRDA:58,6,1,0
BRDA:59,7,0,0
BRDA:59,7,1,0
BRDA:70,8,0,0
BRDA:74,9,0,0
BRDA:74,9,1,0
BRDA:77,10,0,0
BRDA:77,10,1,0
BRDA:93,11,0,0
BRDA:93,11,1,0
BRDA:99,12,0,0
BRF:21
BRH:1
end_of_record
TN:
SF:src/application/hooks/useCaptcha.ts
FN:11,(anonymous_0)
FN:23,(anonymous_1)
FN:29,(anonymous_2)
FN:30,(anonymous_3)
FN:35,(anonymous_4)
FN:43,(anonymous_5)
FN:44,(anonymous_6)
FN:60,(anonymous_7)
FN:63,(anonymous_8)
FN:67,(anonymous_9)
FN:69,(anonymous_10)
FNF:11
FNH:4
FNDA:0,(anonymous_0)
FNDA:0,(anonymous_1)
FNDA:0,(anonymous_2)
FNDA:0,(anonymous_3)
FNDA:0,(anonymous_4)
FNDA:0,(anonymous_5)
FNDA:0,(anonymous_6)
FNDA:102,(anonymous_7)
FNDA:5,(anonymous_8)
FNDA:102,(anonymous_9)
FNDA:5,(anonymous_10)
DA:4,41
DA:8,41
DA:9,41
DA:10,41
DA:11,41
DA:12,0
DA:13,0
DA:15,0
DA:16,0
DA:18,0
DA:19,0
DA:20,0
DA:22,0
DA:23,0
DA:24,0
DA:25,0
DA:26,0
DA:27,0
DA:28,0
DA:29,0
DA:30,0
DA:31,0
DA:33,0
DA:35,41
DA:36,0
DA:37,0
DA:39,0
DA:40,0
DA:41,0
DA:43,0
DA:44,0
DA:45,0
DA:46,0
DA:49,0
DA:50,0
DA:51,0
DA:53,0
DA:55,0
DA:60,41
DA:61,102
DA:63,5
DA:67,41
DA:68,102
DA:69,102
DA:70,5
DA:71,5
DA:73,5
DA:75,0
DA:76,0
DA:78,0
DA:82,102
LF:51
LH:16
BRDA:12,0,0,0
BRDA:12,0,1,0
BRDA:12,1,0,0
BRDA:12,1,1,0
BRDA:15,2,0,0
BRDA:15,2,1,0
BRDA:15,3,0,0
BRDA:15,3,1,0
BRDA:19,4,0,0
BRDA:19,4,1,0
BRDA:36,5,0,0
BRDA:36,5,1,0
BRDA:40,6,0,0
BRDA:40,6,1,0
BRDA:49,7,0,0
BRDA:49,7,1,0
BRDA:70,8,0,5
BRDA:70,8,1,0
BRDA:71,9,0,5
BRDA:71,9,1,0
BRDA:75,10,0,0
BRDA:75,10,1,0
BRDA:85,11,0,102
BRDA:85,11,1,0
BRF:24
BRH:3
end_of_record
TN:
SF:src/application/hooks/useCategoryBreadcrumbs.ts
FN:3,(anonymous_0)
FN:11,(anonymous_1)
FN:13,(anonymous_2)
FNF:3
FNH:3
FNDA:116,(anonymous_0)
FNDA:11,(anonymous_1)
FNDA:188,(anonymous_2)
DA:3,12
DA:4,116
DA:5,116
DA:11,11
DA:13,188
LF:5
LH:5
BRDA:4,0,0,116
BRDA:4,0,1,26
BRF:2
BRH:2
end_of_record
TN:
SF:src/application/hooks/useCategoryDynamicProperties.ts
FN:3,(anonymous_0)
FN:13,(anonymous_1)
FN:15,(anonymous_2)
FNF:3
FNH:3
FNDA:278,(anonymous_0)
FNDA:14,(anonymous_1)
FNDA:436,(anonymous_2)
DA:3,20
DA:4,278
DA:7,278
DA:13,14
DA:15,436
LF:5
LH:5
BRF:0
BRH:0
end_of_record
TN:
SF:src/application/hooks/useCategoryWithProducts.ts
FN:3,(anonymous_0)
FN:6,(anonymous_1)
FN:12,(anonymous_2)
FN:17,(anonymous_3)
FN:18,(anonymous_4)
FN:32,(anonymous_5)
FN:33,(anonymous_6)
FNF:7
FNH:4
FNDA:0,(anonymous_0)
FNDA:42,(anonymous_1)
FNDA:6,(anonymous_2)
FNDA:0,(anonymous_3)
FNDA:0,(anonymous_4)
FNDA:36,(anonymous_5)
FNDA:3,(anonymous_6)
DA:3,2
DA:4,0
DA:6,2
DA:7,42
DA:8,42
DA:9,42
DA:10,42
DA:11,42
DA:12,42
DA:17,0
DA:18,42
DA:19,42
DA:32,36
DA:34,3
DA:35,3
DA:48,3
LF:16
LH:14
BRDA:11,0,0,42
BRDA:11,0,1,0
BRDA:18,1,0,42
BRDA:18,1,1,0
BRDA:36,2,0,0
BRDA:36,2,1,3
BRDA:43,3,0,1
BRDA:43,3,1,2
BRDA:44,4,0,1
BRDA:44,4,1,2
BRDA:51,5,0,3
BRDA:51,5,1,0
BRF:12
BRH:8
end_of_record
TN:
SF:src/application/hooks/useContact.ts
FN:3,(anonymous_0)
FN:5,(anonymous_1)
FNF:2
FNH:2
FNDA:60,(anonymous_0)
FNDA:3,(anonymous_1)
DA:3,2
DA:4,60
DA:6,3
LF:3
LH:3
BRF:0
BRH:0
end_of_record
TN:
SF:src/application/hooks/useCurrentUser.ts
FN:3,useCurrentUser
FN:10,(anonymous_1)
FNF:2
FNH:2
FNDA:760,useCurrentUser
FNDA:12,(anonymous_1)
DA:4,760
DA:5,760
DA:6,760
DA:11,12
DA:12,12
DA:17,760
LF:6
LH:6
BRDA:11,0,0,0
BRDA:11,0,1,12
BRDA:18,1,0,760
BRDA:18,1,1,542
BRDA:19,2,0,760
BRDA:19,2,1,234
BRF:6
BRH:5
end_of_record
TN:
SF:src/application/hooks/useLatestPublicProducts.ts
FN:3,(anonymous_0)
FN:9,(anonymous_1)
FNF:2
FNH:2
FNDA:48,(anonymous_0)
FNDA:14,(anonymous_1)
DA:3,11
DA:4,48
DA:10,14
DA:14,14
LF:4
LH:4
BRF:0
BRH:0
end_of_record
TN:
SF:src/application/hooks/useMediaUrl.ts
FN:6,(anonymous_0)
FN:11,(anonymous_1)
FN:14,(anonymous_2)
FN:40,(anonymous_3)
FNF:4
FNH:4
FNDA:2,(anonymous_0)
FNDA:2,(anonymous_1)
FNDA:2,(anonymous_2)
FNDA:1,(anonymous_3)
DA:6,1
DA:7,2
DA:8,2
DA:9,2
DA:10,2
DA:11,2
DA:12,2
DA:13,2
DA:14,2
DA:15,2
DA:16,0
DA:17,0
DA:18,0
DA:19,0
DA:20,0
DA:22,0
DA:23,0
DA:24,0
DA:25,0
DA:26,0
DA:27,0
DA:28,0
DA:30,0
DA:31,0
DA:32,0
DA:34,0
DA:35,0
DA:39,2
DA:40,2
DA:41,1
DA:42,1
DA:49,2
LF:32
LH:15
BRDA:6,0,0,0
BRDA:7,1,0,0
BRDA:15,2,0,2
BRDA:15,2,1,0
BRDA:16,3,0,0
BRDA:16,3,1,0
BRDA:27,4,0,0
BRDA:27,4,1,0
BRDA:30,5,0,0
BRDA:30,5,1,0
BRDA:34,6,0,0
BRDA:34,6,1,0
BRDA:42,7,0,0
BRDA:42,7,1,1
BRF:14
BRH:2
end_of_record
TN:
SF:src/application/hooks/useProductInventory.ts
FN:4,(anonymous_0)
FN:10,(anonymous_1)
FN:19,(anonymous_2)
FN:26,(anonymous_3)
FN:35,(anonymous_4)
FN:42,(anonymous_5)
FN:51,(anonymous_6)
FN:60,(anonymous_7)
FN:69,(anonymous_8)
FN:72,(anonymous_9)
FN:73,(anonymous_10)
FN:108,(anonymous_11)
FN:111,(anonymous_12)
FN:112,(anonymous_13)
FN:129,(anonymous_14)
FN:132,(anonymous_15)
FNF:16
FNH:3
FNDA:0,(anonymous_0)
FNDA:0,(anonymous_1)
FNDA:0,(anonymous_2)
FNDA:0,(anonymous_3)
FNDA:0,(anonymous_4)
FNDA:0,(anonymous_5)
FNDA:260,(anonymous_6)
FNDA:5,(anonymous_7)
FNDA:0,(anonymous_8)
FNDA:0,(anonymous_9)
FNDA:0,(anonymous_10)
FNDA:0,(anonymous_11)
FNDA:0,(anonymous_12)
FNDA:0,(anonymous_13)
FNDA:0,(anonymous_14)
FNDA:206,(anonymous_15)
DA:4,12
DA:5,0
DA:11,0
DA:12,0
DA:14,0
DA:19,12
DA:20,0
DA:27,0
DA:28,0
DA:30,0
DA:35,12
DA:36,0
DA:43,0
DA:44,0
DA:46,0
DA:51,12
DA:52,260
DA:61,5
DA:62,0
DA:64,5
DA:69,12
DA:70,0
DA:71,0
DA:72,0
DA:74,0
DA:80,0
DA:87,0
DA:94,0
DA:100,0
DA:108,12
DA:109,0
DA:110,0
DA:111,0
DA:113,0
DA:119,0
DA:129,12
DA:132,12
DA:133,206
DA:134,206
LF:39
LH:13
BRDA:4,0,0,0
BRDA:11,1,0,0
BRDA:11,1,1,0
BRDA:16,2,0,0
BRDA:16,2,1,0
BRDA:19,3,0,0
BRDA:27,4,0,0
BRDA:27,4,1,0
BRDA:32,5,0,0
BRDA:32,5,1,0
BRDA:35,6,0,0
BRDA:43,7,0,0
BRDA:43,7,1,0
BRDA:48,8,0,0
BRDA:48,8,1,0
BRDA:51,9,0,0
BRDA:51,10,0,0
BRDA:61,11,0,0
BRDA:61,11,1,5
BRDA:61,12,0,5
BRDA:61,12,1,5
BRDA:61,12,2,5
BRDA:66,13,0,260
BRDA:66,13,1,86
BRDA:66,14,0,86
BRDA:66,14,1,86
BRDA:66,14,2,86
BRDA:129,15,0,0
BRF:28
BRH:9
end_of_record
TN:
SF:src/application/hooks/useProducts.ts
FN:14,(anonymous_0)
FN:18,(anonymous_1)
FN:20,(anonymous_2)
FN:27,(anonymous_3)
FN:42,(anonymous_4)
FN:54,(anonymous_5)
FN:66,(anonymous_6)
FN:69,(anonymous_7)
FN:77,(anonymous_8)
FN:84,(anonymous_9)
FN:87,(anonymous_10)
FN:102,(anonymous_11)
FN:110,(anonymous_12)
FN:120,(anonymous_13)
FN:132,(anonymous_14)
FN:138,(anonymous_15)
FN:147,(anonymous_16)
FN:154,(anonymous_17)
FN:163,(anonymous_18)
FN:166,(anonymous_19)
FN:167,(anonymous_20)
FN:175,(anonymous_21)
FN:186,(anonymous_22)
FN:189,(anonymous_23)
FN:190,(anonymous_24)
FN:231,(anonymous_25)
FN:242,(anonymous_26)
FN:245,(anonymous_27)
FN:246,(anonymous_28)
FN:254,(anonymous_29)
FN:265,(anonymous_30)
FN:268,(anonymous_31)
FN:269,(anonymous_32)
FN:281,(anonymous_33)
FN:287,(anonymous_34)
FN:289,(anonymous_35)
FN:290,(anonymous_36)
FN:298,(anonymous_37)
FN:305,(anonymous_38)
FN:306,(anonymous_39)
FN:332,(anonymous_40)
FNF:41
FNH:5
FNDA:0,(anonymous_0)
FNDA:0,(anonymous_1)
FNDA:0,(anonymous_2)
FNDA:0,(anonymous_3)
FNDA:0,(anonymous_4)
FNDA:0,(anonymous_5)
FNDA:0,(anonymous_6)
FNDA:0,(anonymous_7)
FNDA:0,(anonymous_8)
FNDA:0,(anonymous_9)
FNDA:0,(anonymous_10)
FNDA:0,(anonymous_11)
FNDA:0,(anonymous_12)
FNDA:0,(anonymous_13)
FNDA:0,(anonymous_14)
FNDA:0,(anonymous_15)
FNDA:116,(anonymous_16)
FNDA:12,(anonymous_17)
FNDA:0,(anonymous_18)
FNDA:0,(anonymous_19)
FNDA:0,(anonymous_20)
FNDA:0,(anonymous_21)
FNDA:0,(anonymous_22)
FNDA:0,(anonymous_23)
FNDA:0,(anonymous_24)
FNDA:0,(anonymous_25)
FNDA:0,(anonymous_26)
FNDA:0,(anonymous_27)
FNDA:0,(anonymous_28)
FNDA:0,(anonymous_29)
FNDA:0,(anonymous_30)
FNDA:0,(anonymous_31)
FNDA:0,(anonymous_32)
FNDA:0,(anonymous_33)
FNDA:210,(anonymous_34)
FNDA:6,(anonymous_35)
FNDA:1,(anonymous_36)
FNDA:0,(anonymous_37)
FNDA:0,(anonymous_38)
FNDA:0,(anonymous_39)
FNDA:0,(anonymous_40)
DA:7,12
DA:14,12
DA:15,0
DA:16,0
DA:18,0
DA:20,12
DA:21,0
DA:22,0
DA:24,0
DA:27,0
DA:28,0
DA:30,0
DA:32,0
DA:34,0
DA:36,0
DA:42,12
DA:43,0
DA:55,0
DA:56,0
DA:63,0
DA:66,0
DA:69,12
DA:70,0
DA:78,0
DA:79,0
DA:81,0
DA:84,0
DA:87,12
DA:88,0
DA:89,0
DA:94,0
DA:103,0
DA:104,0
DA:106,0
DA:107,0
DA:110,0
DA:112,0
DA:113,0
DA:118,0
DA:120,12
DA:121,0
DA:125,0
DA:132,12
DA:133,0
DA:139,0
DA:140,0
DA:147,12
DA:148,116
DA:155,12
DA:156,12
DA:163,12
DA:164,0
DA:165,0
DA:166,0
DA:168,0
DA:169,0
DA:176,0
DA:177,0
DA:178,0
DA:180,0
DA:186,12
DA:187,0
DA:188,0
DA:189,0
DA:191,0
DA:192,0
DA:197,0
DA:203,0
DA:210,0
DA:216,0
DA:223,0
DA:232,0
DA:233,0
DA:234,0
DA:236,0
DA:242,12
DA:243,0
DA:244,0
DA:245,0
DA:247,0
DA:248,0
DA:255,0
DA:256,0
DA:257,0
DA:258,0
DA:259,0
DA:261,0
DA:265,12
DA:266,0
DA:267,0
DA:268,0
DA:270,0
DA:271,0
DA:272,0
DA:277,0
DA:279,0
DA:282,0
DA:283,0
DA:287,12
DA:288,210
DA:289,6
DA:291,1
DA:292,1
DA:298,12
DA:299,0
DA:300,0
DA:301,0
DA:302,0
DA:303,0
DA:304,0
DA:305,0
DA:306,0
DA:307,0
DA:308,0
DA:310,0
DA:311,0
DA:313,0
DA:315,0
DA:317,0
DA:318,0
DA:320,0
DA:323,0
DA:327,0
DA:332,0
LF:124
LH:22
BRDA:15,0,0,0
BRDA:15,0,1,0
BRDA:21,1,0,0
BRDA:21,1,1,0
BRDA:24,2,0,0
BRDA:24,2,1,0
BRDA:28,3,0,0
BRDA:28,3,1,0
BRDA:28,3,2,0
BRDA:28,3,3,0
BRDA:42,4,0,0
BRDA:42,5,0,0
BRDA:42,6,0,0
BRDA:42,7,0,0
BRDA:42,8,0,0
BRDA:55,9,0,0
BRDA:55,9,1,0
BRDA:65,10,0,0
BRDA:65,10,1,0
BRDA:69,11,0,0
BRDA:69,12,0,0
BRDA:78,13,0,0
BRDA:78,13,1,0
BRDA:83,14,0,0
BRDA:83,14,1,0
BRDA:87,15,0,0
BRDA:103,16,0,0
BRDA:103,16,1,0
BRDA:107,17,0,0
BRDA:107,17,1,0
BRDA:109,18,0,0
BRDA:109,18,1,0
BRDA:112,19,0,0
BRDA:112,19,1,0
BRDA:115,20,0,0
BRDA:115,20,1,0
BRDA:120,21,0,0
BRDA:127,22,0,0
BRDA:127,22,1,0
BRDA:139,23,0,0
BRDA:139,23,1,0
BRDA:139,24,0,0
BRDA:139,24,1,0
BRDA:142,25,0,0
BRDA:142,25,1,0
BRDA:155,26,0,0
BRDA:155,26,1,12
BRDA:177,27,0,0
BRDA:177,27,1,0
BRDA:177,28,0,0
BRDA:177,28,1,0
BRDA:233,29,0,0
BRDA:233,29,1,0
BRDA:233,30,0,0
BRDA:233,30,1,0
BRDA:257,31,0,0
BRDA:257,31,1,0
BRDA:270,32,0,0
BRDA:270,32,1,0
BRDA:310,33,0,0
BRDA:310,33,1,0
BRF:61
BRH:1
end_of_record
TN:
SF:src/application/hooks/usePublicCompanyProducts.ts
FN:3,(anonymous_0)
FN:12,(anonymous_1)
FN:14,(anonymous_2)
FNF:3
FNH:3
FNDA:32,(anonymous_0)
FNDA:7,(anonymous_1)
FNDA:60,(anonymous_2)
DA:3,6
DA:4,32
DA:12,7
DA:14,60
LF:4
LH:4
BRF:0
BRH:0
end_of_record
TN:
SF:src/application/hooks/usePublicCompanyProfile.ts
FN:3,(anonymous_0)
FN:9,(anonymous_1)
FNF:2
FNH:2
FNDA:144,(anonymous_0)
FNDA:17,(anonymous_1)
DA:3,17
DA:4,144
DA:9,17
LF:3
LH:3
BRF:0
BRH:0
end_of_record
TN:
SF:src/application/hooks/usePublicMediaUrl.ts
FN:2,(anonymous_0)
FNF:1
FNH:1
FNDA:294,(anonymous_0)
DA:1,29
DA:2,29
DA:3,294
DA:4,294
DA:6,0
LF:5
LH:4
BRDA:1,0,0,29
BRDA:1,0,1,0
BRDA:2,1,0,0
BRDA:3,2,0,294
BRDA:3,2,1,0
BRF:5
BRH:2
end_of_record
TN:
SF:src/application/hooks/usePublicProductSearch.ts
FN:3,(anonymous_0)
FN:6,(anonymous_1)
FN:15,(anonymous_2)
FN:20,(anonymous_3)
FN:21,(anonymous_4)
FN:35,(anonymous_5)
FN:36,(anonymous_6)
FNF:7
FNH:4
FNDA:0,(anonymous_0)
FNDA:120,(anonymous_1)
FNDA:8,(anonymous_2)
FNDA:0,(anonymous_3)
FNDA:0,(anonymous_4)
FNDA:102,(anonymous_5)
FNDA:12,(anonymous_6)
DA:3,9
DA:4,0
DA:6,9
DA:7,120
DA:8,120
DA:11,120
DA:12,120
DA:13,120
DA:14,120
DA:15,120
DA:20,0
DA:21,120
DA:22,120
DA:35,102
DA:37,12
DA:48,12
LF:16
LH:14
BRDA:14,0,0,120
BRDA:14,0,1,0
BRDA:21,1,0,120
BRDA:21,1,1,0
BRDA:38,2,0,1
BRDA:38,2,1,11
BRDA:39,3,0,2
BRDA:39,3,1,10
BRDA:43,4,0,1
BRDA:43,4,1,11
BRDA:44,5,0,1
BRDA:44,5,1,11
BRDA:52,6,0,12
BRDA:52,6,1,0
BRF:14
BRH:11
end_of_record
TN:
SF:src/application/hooks/usePublicSiteCategories.ts
FN:7,(anonymous_0)
FN:16,(anonymous_1)
FN:23,(anonymous_2)
FN:31,fetchAllCategories
FN:51,(anonymous_4)
FN:54,(anonymous_5)
FN:73,(anonymous_6)
FN:108,(anonymous_7)
FN:110,(anonymous_8)
FN:136,(anonymous_9)
FN:143,(anonymous_10)
FN:149,(anonymous_11)
FN:156,(anonymous_12)
FN:158,(anonymous_13)
FN:163,(anonymous_14)
FN:165,(anonymous_15)
FN:170,(anonymous_16)
FN:172,(anonymous_17)
FNF:18
FNH:16
FNDA:133,(anonymous_0)
FNDA:150,(anonymous_1)
FNDA:0,(anonymous_2)
FNDA:152,fetchAllCategories
FNDA:790,(anonymous_4)
FNDA:178,(anonymous_5)
FNDA:152,(anonymous_6)
FNDA:178,(anonymous_7)
FNDA:178,(anonymous_8)
FNDA:108,(anonymous_9)
FNDA:0,(anonymous_10)
FNDA:380,(anonymous_11)
FNDA:380,(anonymous_12)
FNDA:1016,(anonymous_13)
FNDA:380,(anonymous_14)
FNDA:1016,(anonymous_15)
FNDA:380,(anonymous_16)
FNDA:1016,(anonymous_17)
DA:3,41
DA:5,41
DA:6,41
DA:7,41
DA:8,133
DA:9,133
DA:10,133
DA:11,7
DA:13,0
DA:16,41
DA:17,150
DA:18,150
DA:23,41
DA:24,0
DA:25,0
DA:26,0
DA:32,152
DA:33,152
DA:34,152
DA:35,152
DA:39,150
DA:40,150
DA:41,0
DA:42,0
DA:44,150
DA:51,41
DA:52,790
DA:54,790
DA:55,178
DA:57,178
DA:59,133
DA:60,133
DA:61,7
DA:62,7
DA:64,126
DA:68,790
DA:69,790
DA:70,790
DA:71,790
DA:72,790
DA:73,790
DA:74,152
DA:75,0
DA:76,0
DA:77,0
DA:79,152
DA:81,152
DA:82,26
DA:84,126
DA:86,152
DA:87,152
DA:88,152
DA:92,150
DA:98,150
DA:99,150
DA:100,150
DA:101,150
DA:103,0
DA:105,150
DA:108,790
DA:109,178
DA:110,178
DA:111,178
DA:112,0
DA:113,0
DA:114,0
DA:117,178
DA:118,126
DA:119,126
DA:122,126
DA:125,52
DA:126,26
DA:127,26
DA:128,26
DA:132,24
DA:135,178
DA:136,178
DA:137,108
DA:143,790
DA:144,0
DA:145,0
DA:149,790
DA:150,380
DA:151,972
DA:152,380
DA:156,790
DA:157,380
DA:158,1016
DA:163,790
DA:164,380
DA:165,1016
DA:170,790
DA:171,380
DA:172,1016
DA:177,790
LF:95
LH:80
BRDA:10,0,0,126
BRDA:10,0,1,7
BRDA:40,1,0,150
BRDA:40,1,1,0
BRDA:42,2,0,0
BRDA:42,2,1,0
BRDA:55,3,0,0
BRDA:55,3,1,178
BRDA:57,4,0,45
BRDA:57,4,1,133
BRDA:60,5,0,7
BRDA:60,5,1,126
BRDA:68,6,0,790
BRDA:68,6,1,602
BRDA:69,7,0,790
BRDA:69,7,1,602
BRDA:74,8,0,0
BRDA:74,8,1,152
BRDA:79,9,0,152
BRDA:79,9,1,0
BRDA:81,10,0,26
BRDA:81,10,1,126
BRDA:81,11,0,152
BRDA:81,11,1,26
BRDA:81,11,2,26
BRDA:111,12,0,0
BRDA:111,12,1,178
BRDA:117,13,0,126
BRDA:117,13,1,52
BRDA:118,14,0,0
BRDA:118,14,1,126
BRDA:125,15,0,26
BRDA:125,15,1,26
BRDA:157,16,0,126
BRDA:157,16,1,254
BRDA:164,17,0,126
BRDA:164,17,1,254
BRDA:171,18,0,126
BRDA:171,18,1,254
BRF:39
BRH:31
end_of_record
TN:
SF:src/application/hooks/useRentalMessages.ts
FN:8,(anonymous_0)
FN:9,(anonymous_1)
FN:21,(anonymous_2)
FN:35,(anonymous_3)
FN:47,(anonymous_4)
FN:50,(anonymous_5)
FN:58,(anonymous_6)
FN:84,(anonymous_7)
FN:87,(anonymous_8)
FN:93,(anonymous_9)
FN:109,(anonymous_10)
FN:115,(anonymous_11)
FN:119,(anonymous_12)
FN:129,(anonymous_13)
FN:135,(anonymous_14)
FN:139,(anonymous_15)
FN:140,(anonymous_16)
FN:149,(anonymous_17)
FN:154,(anonymous_18)
FN:157,(anonymous_19)
FN:159,(anonymous_20)
FN:164,(anonymous_21)
FN:167,(anonymous_22)
FN:176,(anonymous_23)
FN:212,(anonymous_24)
FNF:25
FNH:4
FNDA:0,(anonymous_0)
FNDA:0,(anonymous_1)
FNDA:0,(anonymous_2)
FNDA:0,(anonymous_3)
FNDA:0,(anonymous_4)
FNDA:0,(anonymous_5)
FNDA:0,(anonymous_6)
FNDA:0,(anonymous_7)
FNDA:0,(anonymous_8)
FNDA:0,(anonymous_9)
FNDA:0,(anonymous_10)
FNDA:0,(anonymous_11)
FNDA:0,(anonymous_12)
FNDA:516,(anonymous_13)
FNDA:11,(anonymous_14)
FNDA:1042,(anonymous_15)
FNDA:81,(anonymous_16)
FNDA:0,(anonymous_17)
FNDA:0,(anonymous_18)
FNDA:0,(anonymous_19)
FNDA:0,(anonymous_20)
FNDA:0,(anonymous_21)
FNDA:0,(anonymous_22)
FNDA:0,(anonymous_23)
FNDA:0,(anonymous_24)
DA:5,41
DA:6,41
DA:7,41
DA:8,41
DA:9,41
DA:13,0
DA:14,0
DA:22,0
DA:23,0
DA:30,0
DA:35,0
DA:37,0
DA:47,41
DA:48,0
DA:49,0
DA:51,0
DA:52,0
DA:54,0
DA:59,0
DA:60,0
DA:62,0
DA:69,0
DA:75,0
DA:84,41
DA:85,0
DA:86,0
DA:88,0
DA:89,0
DA:91,0
DA:94,0
DA:100,0
DA:109,41
DA:110,0
DA:111,0
DA:115,0
DA:119,0
DA:121,0
DA:129,41
DA:130,516
DA:131,516
DA:135,11
DA:139,1042
DA:140,81
DA:142,516
DA:149,41
DA:150,0
DA:151,0
DA:152,0
DA:154,0
DA:155,0
DA:157,41
DA:158,0
DA:159,0
DA:160,0
DA:161,0
DA:164,41
DA:165,0
DA:166,0
DA:168,0
DA:169,0
DA:171,0
DA:177,0
DA:178,0
DA:180,0
DA:187,0
DA:193,0
DA:199,0
DA:205,0
DA:213,0
LF:69
LH:18
BRDA:8,0,0,0
BRDA:8,0,1,0
BRDA:8,0,2,0
BRDA:8,0,3,0
BRDA:8,1,0,0
BRDA:8,1,1,0
BRDA:9,2,0,0
BRDA:12,3,0,0
BRDA:13,4,0,0
BRDA:13,4,1,0
BRDA:18,5,0,0
BRDA:18,5,1,0
BRDA:19,6,0,0
BRDA:19,6,1,0
BRDA:22,7,0,0
BRDA:22,7,1,0
BRDA:33,8,0,0
BRDA:33,8,1,0
BRDA:38,9,0,0
BRDA:38,9,1,0
BRDA:39,10,0,0
BRDA:39,10,1,0
BRDA:40,11,0,0
BRDA:40,11,1,0
BRDA:41,12,0,0
BRDA:41,12,1,0
BRDA:41,12,2,0
BRDA:44,13,0,0
BRDA:44,13,1,0
BRDA:51,14,0,0
BRDA:51,14,1,0
BRDA:59,15,0,0
BRDA:59,15,1,0
BRDA:88,16,0,0
BRDA:88,16,1,0
BRDA:109,17,0,0
BRDA:110,18,0,0
BRDA:110,18,1,0
BRDA:122,19,0,0
BRDA:122,19,1,0
BRDA:123,20,0,0
BRDA:123,20,1,0
BRDA:125,21,0,0
BRDA:125,21,1,0
BRDA:129,22,0,0
BRDA:130,23,0,516
BRDA:130,23,1,0
BRDA:140,24,0,81
BRDA:140,24,1,0
BRDA:143,25,0,516
BRDA:143,25,1,444
BRDA:145,26,0,0
BRDA:145,26,1,516
BRDA:151,27,0,0
BRDA:151,27,1,0
BRDA:155,28,0,0
BRDA:155,28,1,0
BRDA:168,29,0,0
BRDA:168,29,1,0
BRDA:173,30,0,0
BRDA:173,30,1,0
BRDA:177,31,0,0
BRDA:177,31,1,0
BRDA:215,32,0,0
BRDA:215,32,1,0
BRF:65
BRH:5
end_of_record
TN:
SF:src/application/hooks/useRentals.ts
FN:5,(anonymous_0)
FN:12,(anonymous_1)
FN:14,(anonymous_2)
FN:25,(anonymous_3)
FN:32,(anonymous_4)
FN:34,(anonymous_5)
FN:37,(anonymous_6)
FN:47,(anonymous_7)
FN:50,(anonymous_8)
FN:51,(anonymous_9)
FN:55,(anonymous_10)
FN:80,(anonymous_11)
FNF:12
FNH:5
FNDA:0,(anonymous_0)
FNDA:0,(anonymous_1)
FNDA:0,(anonymous_2)
FNDA:0,(anonymous_3)
FNDA:0,(anonymous_4)
FNDA:0,(anonymous_5)
FNDA:0,(anonymous_6)
FNDA:144,(anonymous_7)
FNDA:6,(anonymous_8)
FNDA:18,(anonymous_9)
FNDA:3,(anonymous_10)
FNDA:2,(anonymous_11)
DA:5,12
DA:6,0
DA:7,0
DA:12,0
DA:14,0
DA:16,0
DA:25,12
DA:26,0
DA:32,0
DA:34,0
DA:37,12
DA:38,0
DA:42,0
DA:47,12
DA:48,144
DA:49,144
DA:50,144
DA:51,18
DA:52,6
DA:54,144
DA:56,3
DA:57,3
DA:58,3
DA:59,0
DA:61,3
DA:73,2
DA:74,2
DA:75,2
DA:81,2
LF:29
LH:18
BRDA:5,0,0,0
BRDA:5,1,0,0
BRDA:6,2,0,0
BRDA:6,2,1,0
BRDA:17,3,0,0
BRDA:17,3,1,0
BRDA:18,4,0,0
BRDA:18,4,1,0
BRDA:19,5,0,0
BRDA:19,5,1,0
BRDA:20,6,0,0
BRDA:20,6,1,0
BRDA:20,6,2,0
BRDA:22,7,0,0
BRDA:22,7,1,0
BRDA:25,8,0,0
BRDA:25,9,0,0
BRDA:30,10,0,0
BRDA:30,10,1,0
BRDA:32,11,0,0
BRDA:32,11,1,0
BRDA:44,12,0,0
BRDA:44,12,1,0
BRDA:52,13,0,3
BRDA:52,13,1,3
BRDA:57,14,0,3
BRDA:57,14,1,3
BRDA:57,14,2,0
BRDA:58,15,0,0
BRDA:58,15,1,3
BRDA:65,16,0,3
BRDA:65,16,1,3
BRDA:74,17,0,2
BRDA:74,17,1,0
BRF:34
BRH:8
end_of_record
TN:
SF:src/application/hooks/useTrackProductView.ts
FN:6,(anonymous_0)
FN:12,(anonymous_1)
FN:21,(anonymous_2)
FN:22,(anonymous_3)
FN:33,(anonymous_4)
FN:51,(anonymous_5)
FN:56,(anonymous_6)
FN:61,(anonymous_7)
FNF:8
FNH:6
FNDA:22,(anonymous_0)
FNDA:22,(anonymous_1)
FNDA:116,(anonymous_2)
FNDA:35,(anonymous_3)
FNDA:3,(anonymous_4)
FNDA:0,(anonymous_5)
FNDA:0,(anonymous_6)
FNDA:3,(anonymous_7)
DA:3,12
DA:4,12
DA:5,12
DA:6,12
DA:7,22
DA:8,22
DA:10,0
DA:12,12
DA:13,22
DA:14,22
DA:15,0
DA:17,22
DA:18,22
DA:19,22
DA:21,12
DA:22,116
DA:23,35
DA:24,24
DA:26,11
DA:27,0
DA:29,11
DA:30,11
DA:31,11
DA:32,11
DA:33,11
DA:34,3
DA:35,0
DA:37,3
DA:38,3
DA:39,3
DA:41,0
DA:42,0
DA:50,11
DA:51,11
DA:52,0
DA:53,0
DA:56,11
DA:57,0
DA:59,11
DA:60,11
DA:61,11
DA:62,3
DA:63,3
DA:64,3
DA:65,3
LF:45
LH:36
BRDA:7,0,0,22
BRDA:7,0,1,0
BRDA:7,1,0,22
BRDA:7,1,1,22
BRDA:14,2,0,0
BRDA:14,2,1,22
BRDA:14,3,0,22
BRDA:14,3,1,0
BRDA:23,4,0,24
BRDA:23,4,1,11
BRDA:26,5,0,0
BRDA:26,5,1,11
BRDA:34,6,0,0
BRDA:34,6,1,3
BRDA:38,7,0,3
BRDA:38,7,1,0
BRDA:52,8,0,0
BRDA:52,8,1,0
BRF:18
BRH:10
end_of_record
TN:
SF:src/application/services/AdminPlatformAnalyticsService.ts
FN:1,_define_property
FN:30,(anonymous_1)
FN:36,(anonymous_2)
FN:40,(anonymous_3)
FN:42,(anonymous_4)
FN:65,(anonymous_5)
FN:75,(anonymous_6)
FN:85,(anonymous_7)
FN:86,(anonymous_8)
FN:87,(anonymous_9)
FN:100,(anonymous_10)
FN:111,(anonymous_11)
FN:118,(anonymous_12)
FN:124,(anonymous_13)
FN:125,(anonymous_14)
FN:126,(anonymous_15)
FN:136,(anonymous_16)
FN:141,(anonymous_17)
FN:143,(anonymous_18)
FN:146,(anonymous_19)
FN:146,(anonymous_20)
FN:151,(anonymous_21)
FN:153,(anonymous_22)
FN:161,(anonymous_23)
FN:163,(anonymous_24)
FN:168,(anonymous_25)
FN:174,(anonymous_26)
FN:175,(anonymous_27)
FN:184,(anonymous_28)
FN:199,(anonymous_29)
FN:210,(anonymous_30)
FN:214,(anonymous_31)
FN:215,(anonymous_32)
FN:220,(anonymous_33)
FN:234,(anonymous_34)
FN:255,(anonymous_35)
FN:270,(anonymous_36)
FN:288,(anonymous_37)
FN:303,(anonymous_38)
FN:305,(anonymous_39)
FN:309,(anonymous_40)
FN:320,(anonymous_41)
FN:335,(anonymous_42)
FN:340,(anonymous_43)
FN:343,(anonymous_44)
FN:346,(anonymous_45)
FN:352,(anonymous_46)
FN:359,(anonymous_47)
FN:368,(anonymous_48)
FN:376,(anonymous_49)
FN:377,(anonymous_50)
FN:386,(anonymous_51)
FN:391,(anonymous_52)
FN:400,(anonymous_53)
FN:406,(anonymous_54)
FN:407,(anonymous_55)
FN:412,(anonymous_56)
FN:419,(anonymous_57)
FN:420,(anonymous_58)
FN:430,(anonymous_59)
FN:434,(anonymous_60)
FN:438,(anonymous_61)
FN:446,(anonymous_62)
FN:453,(anonymous_63)
FN:457,(anonymous_64)
FN:462,(anonymous_65)
FN:464,(anonymous_66)
FN:465,(anonymous_67)
FN:468,(anonymous_68)
FN:468,(anonymous_69)
FN:469,(anonymous_70)
FN:469,(anonymous_71)
FN:470,(anonymous_72)
FN:471,(anonymous_73)
FN:472,(anonymous_74)
FN:473,(anonymous_75)
FN:474,(anonymous_76)
FN:475,(anonymous_77)
FN:477,(anonymous_78)
FN:477,(anonymous_79)
FN:478,(anonymous_80)
FN:479,(anonymous_81)
FN:480,(anonymous_82)
FN:481,(anonymous_83)
FN:481,(anonymous_84)
FN:482,(anonymous_85)
FN:482,(anonymous_86)
FN:484,(anonymous_87)
FN:484,(anonymous_88)
FN:488,(anonymous_89)
FN:488,(anonymous_90)
FN:494,(anonymous_91)
FN:494,(anonymous_92)
FN:498,(anonymous_93)
FN:498,(anonymous_94)
FN:729,(anonymous_95)
FN:729,(anonymous_96)
FN:740,(anonymous_97)
FN:790,(anonymous_98)
FN:795,(anonymous_99)
FN:796,(anonymous_100)
FN:802,(anonymous_101)
FN:803,(anonymous_102)
FN:809,(anonymous_103)
FN:810,(anonymous_104)
FN:816,(anonymous_105)
FN:817,(anonymous_106)
FN:823,(anonymous_107)
FN:824,(anonymous_108)
FN:828,(anonymous_109)
FN:830,(anonymous_110)
FN:831,(anonymous_111)
FN:831,(anonymous_112)
FN:837,(anonymous_113)
FN:844,(anonymous_114)
FN:848,(anonymous_115)
FN:849,(anonymous_116)
FN:852,(anonymous_117)
FN:856,(anonymous_118)
FN:857,(anonymous_119)
FN:860,(anonymous_120)
FN:865,(anonymous_121)
FN:866,(anonymous_122)
FN:868,(anonymous_123)
FN:877,(anonymous_124)
FN:881,(anonymous_125)
FN:884,(anonymous_126)
FN:884,(anonymous_127)
FN:887,(anonymous_128)
FN:887,(anonymous_129)
FN:920,(anonymous_130)
FN:921,(anonymous_131)
FN:948,(anonymous_132)
FN:949,(anonymous_133)
FN:968,(anonymous_134)
FN:972,(anonymous_135)
FN:974,(anonymous_136)
FN:975,(anonymous_137)
FN:997,(anonymous_138)
FN:1004,(anonymous_139)
FN:1009,(anonymous_140)
FN:1021,(anonymous_141)
FN:1024,(anonymous_142)
FN:1025,(anonymous_143)
FN:1042,(anonymous_144)
FN:1043,(anonymous_145)
FN:1060,(anonymous_146)
FN:1060,(anonymous_147)
FN:1067,(anonymous_148)
FN:1074,(anonymous_149)
FN:1085,(anonymous_150)
FN:1132,(anonymous_151)
FN:1150,(anonymous_152)
FN:1163,(anonymous_153)
FN:1175,(anonymous_154)
FN:1176,(anonymous_155)
FN:1177,(anonymous_156)
FN:1204,(anonymous_157)
FN:1210,(anonymous_158)
FNF:159
FNH:2
FNDA:246,_define_property
FNDA:0,(anonymous_1)
FNDA:0,(anonymous_2)
FNDA:0,(anonymous_3)
FNDA:0,(anonymous_4)
FNDA:0,(anonymous_5)
FNDA:0,(anonymous_6)
FNDA:0,(anonymous_7)
FNDA:0,(anonymous_8)
FNDA:0,(anonymous_9)
FNDA:0,(anonymous_10)
FNDA:0,(anonymous_11)
FNDA:0,(anonymous_12)
FNDA:0,(anonymous_13)
FNDA:0,(anonymous_14)
FNDA:0,(anonymous_15)
FNDA:0,(anonymous_16)
FNDA:0,(anonymous_17)
FNDA:0,(anonymous_18)
FNDA:0,(anonymous_19)
FNDA:0,(anonymous_20)
FNDA:0,(anonymous_21)
FNDA:0,(anonymous_22)
FNDA:0,(anonymous_23)
FNDA:0,(anonymous_24)
FNDA:0,(anonymous_25)
FNDA:0,(anonymous_26)
FNDA:0,(anonymous_27)
FNDA:0,(anonymous_28)
FNDA:0,(anonymous_29)
FNDA:0,(anonymous_30)
FNDA:0,(anonymous_31)
FNDA:0,(anonymous_32)
FNDA:0,(anonymous_33)
FNDA:0,(anonymous_34)
FNDA:0,(anonymous_35)
FNDA:0,(anonymous_36)
FNDA:0,(anonymous_37)
FNDA:0,(anonymous_38)
FNDA:0,(anonymous_39)
FNDA:0,(anonymous_40)
FNDA:0,(anonymous_41)
FNDA:0,(anonymous_42)
FNDA:0,(anonymous_43)
FNDA:0,(anonymous_44)
FNDA:0,(anonymous_45)
FNDA:0,(anonymous_46)
FNDA:0,(anonymous_47)
FNDA:0,(anonymous_48)
FNDA:0,(anonymous_49)
FNDA:0,(anonymous_50)
FNDA:0,(anonymous_51)
FNDA:0,(anonymous_52)
FNDA:0,(anonymous_53)
FNDA:0,(anonymous_54)
FNDA:0,(anonymous_55)
FNDA:0,(anonymous_56)
FNDA:0,(anonymous_57)
FNDA:0,(anonymous_58)
FNDA:0,(anonymous_59)
FNDA:0,(anonymous_60)
FNDA:0,(anonymous_61)
FNDA:0,(anonymous_62)
FNDA:0,(anonymous_63)
FNDA:0,(anonymous_64)
FNDA:0,(anonymous_65)
FNDA:0,(anonymous_66)
FNDA:0,(anonymous_67)
FNDA:0,(anonymous_68)
FNDA:0,(anonymous_69)
FNDA:0,(anonymous_70)
FNDA:0,(anonymous_71)
FNDA:0,(anonymous_72)
FNDA:0,(anonymous_73)
FNDA:0,(anonymous_74)
FNDA:0,(anonymous_75)
FNDA:0,(anonymous_76)
FNDA:0,(anonymous_77)
FNDA:0,(anonymous_78)
FNDA:0,(anonymous_79)
FNDA:0,(anonymous_80)
FNDA:0,(anonymous_81)
FNDA:0,(anonymous_82)
FNDA:0,(anonymous_83)
FNDA:0,(anonymous_84)
FNDA:0,(anonymous_85)
FNDA:0,(anonymous_86)
FNDA:0,(anonymous_87)
FNDA:0,(anonymous_88)
FNDA:0,(anonymous_89)
FNDA:0,(anonymous_90)
FNDA:0,(anonymous_91)
FNDA:0,(anonymous_92)
FNDA:0,(anonymous_93)
FNDA:0,(anonymous_94)
FNDA:0,(anonymous_95)
FNDA:0,(anonymous_96)
FNDA:0,(anonymous_97)
FNDA:0,(anonymous_98)
FNDA:0,(anonymous_99)
FNDA:0,(anonymous_100)
FNDA:0,(anonymous_101)
FNDA:0,(anonymous_102)
FNDA:0,(anonymous_103)
FNDA:0,(anonymous_104)
FNDA:0,(anonymous_105)
FNDA:0,(anonymous_106)
FNDA:0,(anonymous_107)
FNDA:0,(anonymous_108)
FNDA:0,(anonymous_109)
FNDA:0,(anonymous_110)
FNDA:0,(anonymous_111)
FNDA:0,(anonymous_112)
FNDA:0,(anonymous_113)
FNDA:0,(anonymous_114)
FNDA:0,(anonymous_115)
FNDA:0,(anonymous_116)
FNDA:0,(anonymous_117)
FNDA:0,(anonymous_118)
FNDA:0,(anonymous_119)
FNDA:0,(anonymous_120)
FNDA:0,(anonymous_121)
FNDA:0,(anonymous_122)
FNDA:0,(anonymous_123)
FNDA:0,(anonymous_124)
FNDA:0,(anonymous_125)
FNDA:0,(anonymous_126)
FNDA:0,(anonymous_127)
FNDA:0,(anonymous_128)
FNDA:0,(anonymous_129)
FNDA:0,(anonymous_130)
FNDA:0,(anonymous_131)
FNDA:0,(anonymous_132)
FNDA:0,(anonymous_133)
FNDA:0,(anonymous_134)
FNDA:0,(anonymous_135)
FNDA:0,(anonymous_136)
FNDA:0,(anonymous_137)
FNDA:0,(anonymous_138)
FNDA:0,(anonymous_139)
FNDA:0,(anonymous_140)
FNDA:0,(anonymous_141)
FNDA:0,(anonymous_142)
FNDA:0,(anonymous_143)
FNDA:0,(anonymous_144)
FNDA:0,(anonymous_145)
FNDA:0,(anonymous_146)
FNDA:0,(anonymous_147)
FNDA:0,(anonymous_148)
FNDA:0,(anonymous_149)
FNDA:0,(anonymous_150)
FNDA:0,(anonymous_151)
FNDA:0,(anonymous_152)
FNDA:0,(anonymous_153)
FNDA:0,(anonymous_154)
FNDA:0,(anonymous_155)
FNDA:0,(anonymous_156)
FNDA:0,(anonymous_157)
FNDA:41,(anonymous_158)
DA:2,246
DA:3,0
DA:10,246
DA:12,246
DA:17,41
DA:18,41
DA:19,41
DA:20,41
DA:21,41
DA:22,41
DA:23,41
DA:24,41
DA:29,41
DA:30,41
DA:31,0
DA:32,0
DA:34,0
DA:36,41
DA:37,0
DA:38,0
DA:40,0
DA:42,41
DA:43,0
DA:44,0
DA:45,0
DA:46,0
DA:48,0
DA:49,0
DA:55,0
DA:56,0
DA:57,0
DA:59,0
DA:65,41
DA:75,41
DA:85,41
DA:86,41
DA:87,41
DA:88,0
DA:89,0
DA:94,0
DA:95,0
DA:100,41
DA:101,0
DA:102,0
DA:103,0
DA:104,0
DA:105,0
DA:106,0
DA:111,41
DA:112,0
DA:113,0
DA:118,41
DA:119,0
DA:120,0
DA:122,0
DA:124,41
DA:125,41
DA:126,41
DA:136,41
DA:141,41
DA:142,0
DA:143,0
DA:144,0
DA:146,0
DA:151,41
DA:152,0
DA:153,0
DA:154,0
DA:155,0
DA:157,0
DA:158,0
DA:161,41
DA:162,0
DA:163,0
DA:164,0
DA:166,0
DA:168,41
DA:169,0
DA:170,0
DA:172,0
DA:174,41
DA:175,41
DA:184,41
DA:185,0
DA:186,0
DA:200,0
DA:201,0
DA:202,0
DA:203,0
DA:204,0
DA:205,0
DA:210,0
DA:214,0
DA:215,0
DA:220,0
DA:225,0
DA:234,0
DA:235,0
DA:236,0
DA:238,0
DA:245,0
DA:256,0
DA:257,0
DA:258,0
DA:259,0
DA:260,0
DA:264,0
DA:265,0
DA:266,0
DA:268,0
DA:271,0
DA:272,0
DA:274,0
DA:275,0
DA:276,0
DA:277,0
DA:278,0
DA:282,0
DA:283,0
DA:284,0
DA:286,0
DA:289,0
DA:290,0
DA:291,0
DA:292,0
DA:293,0
DA:297,0
DA:298,0
DA:299,0
DA:301,0
DA:304,0
DA:305,0
DA:309,0
DA:310,0
DA:311,0
DA:312,0
DA:313,0
DA:315,0
DA:316,0
DA:318,0
DA:321,0
DA:322,0
DA:323,0
DA:324,0
DA:325,0
DA:326,0
DA:327,0
DA:328,0
DA:329,0
DA:330,0
DA:333,0
DA:336,0
DA:340,0
DA:341,0
DA:343,0
DA:344,0
DA:346,0
DA:347,0
DA:348,0
DA:349,0
DA:352,0
DA:359,0
DA:360,0
DA:361,0
DA:363,0
DA:364,0
DA:365,0
DA:368,0
DA:377,0
DA:378,0
DA:382,0
DA:383,0
DA:386,0
DA:391,0
DA:392,0
DA:393,0
DA:395,0
DA:396,0
DA:397,0
DA:400,0
DA:407,0
DA:411,0
DA:412,0
DA:413,0
DA:414,0
DA:417,0
DA:420,0
DA:421,0
DA:422,0
DA:430,0
DA:434,0
DA:438,0
DA:445,0
DA:446,0
DA:447,0
DA:448,0
DA:451,0
DA:454,0
DA:455,0
DA:456,0
DA:457,0
DA:458,0
DA:460,0
DA:463,0
DA:464,0
DA:465,0
DA:467,0
DA:468,0
DA:469,0
DA:470,0
DA:471,0
DA:472,0
DA:473,0
DA:474,0
DA:475,0
DA:476,0
DA:477,0
DA:478,0
DA:479,0
DA:480,0
DA:481,0
DA:482,0
DA:483,0
DA:484,0
DA:488,0
DA:493,0
DA:494,0
DA:498,0
DA:503,0
DA:554,0
DA:597,0
DA:652,0
DA:676,0
DA:681,0
DA:685,0
DA:689,0
DA:717,0
DA:722,0
DA:729,0
DA:736,0
DA:740,0
DA:748,0
DA:759,0
DA:765,0
DA:766,0
DA:777,0
DA:791,0
DA:795,0
DA:796,0
DA:802,0
DA:803,0
DA:809,0
DA:810,0
DA:816,0
DA:817,0
DA:823,0
DA:824,0
DA:828,0
DA:831,0
DA:838,0
DA:839,0
DA:840,0
DA:842,0
DA:845,0
DA:846,0
DA:847,0
DA:848,0
DA:849,0
DA:850,0
DA:852,0
DA:853,0
DA:856,0
DA:857,0
DA:858,0
DA:860,0
DA:861,0
DA:864,0
DA:865,0
DA:866,0
DA:868,0
DA:869,0
DA:870,0
DA:871,0
DA:872,0
DA:873,0
DA:874,0
DA:875,0
DA:877,0
DA:881,0
DA:882,0
DA:884,0
DA:885,0
DA:887,0
DA:888,0
DA:921,0
DA:922,0
DA:931,0
DA:932,0
DA:934,0
DA:935,0
DA:936,0
DA:937,0
DA:939,0
DA:948,0
DA:949,0
DA:950,0
DA:951,0
DA:952,0
DA:954,0
DA:955,0
DA:956,0
DA:957,0
DA:959,0
DA:968,0
DA:969,0
DA:972,0
DA:975,0
DA:976,0
DA:977,0
DA:979,0
DA:980,0
DA:982,0
DA:991,0
DA:992,0
DA:993,0
DA:994,0
DA:996,0
DA:997,0
DA:1004,0
DA:1005,0
DA:1006,0
DA:1008,0
DA:1009,0
DA:1016,0
DA:1022,0
DA:1023,0
DA:1024,0
DA:1025,0
DA:1026,0
DA:1027,0
DA:1033,0
DA:1034,0
DA:1042,0
DA:1043,0
DA:1044,0
DA:1045,0
DA:1051,0
DA:1052,0
DA:1060,0
DA:1067,0
DA:1074,0
DA:1081,0
DA:1085,0
DA:1093,0
DA:1133,0
DA:1134,0
DA:1135,0
DA:1136,0
DA:1148,0
DA:1150,0
DA:1151,0
DA:1152,0
DA:1163,0
DA:1164,0
DA:1165,0
DA:1175,0
DA:1176,0
DA:1177,0
DA:1178,0
DA:1179,0
DA:1190,0
DA:1191,0
DA:1192,0
DA:1202,0
DA:1205,0
DA:1206,0
DA:1208,0
DA:1211,41
DA:1212,41
DA:1213,41
DA:1214,41
DA:1215,41
DA:1216,41
DA:1217,41
DA:1218,41
DA:1219,41
DA:1220,41
DA:1221,41
DA:1222,41
LF:389
LH:46
BRDA:2,0,0,0
BRDA:2,0,1,246
BRDA:31,1,0,0
BRDA:31,1,1,0
BRDA:37,2,0,0
BRDA:37,2,1,0
BRDA:43,3,0,0
BRDA:43,3,1,0
BRDA:44,4,0,0
BRDA:44,4,1,0
BRDA:45,5,0,0
BRDA:45,5,1,0
BRDA:45,6,0,0
BRDA:45,6,1,0
BRDA:48,7,0,0
BRDA:48,7,1,0
BRDA:48,8,0,0
BRDA:48,8,1,0
BRDA:56,9,0,0
BRDA:56,9,1,0
BRDA:60,10,0,0
BRDA:60,10,1,0
BRDA:65,11,0,0
BRDA:65,12,0,0
BRDA:65,13,0,0
BRDA:75,14,0,0
BRDA:85,15,0,0
BRDA:85,15,1,0
BRDA:88,16,0,0
BRDA:88,16,1,0
BRDA:88,17,0,0
BRDA:88,17,1,0
BRDA:119,18,0,0
BRDA:119,18,1,0
BRDA:122,19,0,0
BRDA:122,19,1,0
BRDA:124,20,0,0
BRDA:124,20,1,0
BRDA:125,21,0,0
BRDA:125,21,1,0
BRDA:144,22,0,0
BRDA:144,22,1,0
BRDA:154,23,0,0
BRDA:154,23,1,0
BRDA:162,24,0,0
BRDA:162,24,1,0
BRDA:163,25,0,0
BRDA:163,25,1,0
BRDA:166,26,0,0
BRDA:166,26,1,0
BRDA:169,27,0,0
BRDA:169,27,1,0
BRDA:172,28,0,0
BRDA:172,28,1,0
BRDA:174,29,0,0
BRDA:174,29,1,0
BRDA:185,30,0,0
BRDA:185,30,1,0
BRDA:193,31,0,0
BRDA:193,31,1,0
BRDA:235,32,0,0
BRDA:235,32,1,0
BRDA:271,33,0,0
BRDA:271,33,1,0
BRDA:311,34,0,0
BRDA:311,34,1,0
BRDA:329,35,0,0
BRDA:329,35,1,0
BRDA:340,36,0,0
BRDA:340,36,1,0
BRDA:343,37,0,0
BRDA:343,37,1,0
BRDA:348,38,0,0
BRDA:348,38,1,0
BRDA:353,39,0,0
BRDA:353,39,1,0
BRDA:354,40,0,0
BRDA:354,40,1,0
BRDA:355,41,0,0
BRDA:355,41,1,0
BRDA:356,42,0,0
BRDA:356,42,1,0
BRDA:360,43,0,0
BRDA:360,43,1,0
BRDA:367,44,0,0
BRDA:367,44,1,0
BRDA:368,45,0,0
BRDA:368,45,1,0
BRDA:382,46,0,0
BRDA:382,46,1,0
BRDA:387,47,0,0
BRDA:387,47,1,0
BRDA:388,48,0,0
BRDA:388,48,1,0
BRDA:392,49,0,0
BRDA:392,49,1,0
BRDA:399,50,0,0
BRDA:399,50,1,0
BRDA:400,51,0,0
BRDA:400,51,1,0
BRDA:413,52,0,0
BRDA:413,52,1,0
BRDA:447,53,0,0
BRDA:447,53,1,0
BRDA:468,54,0,0
BRDA:468,54,1,0
BRDA:468,55,0,0
BRDA:468,55,1,0
BRDA:469,56,0,0
BRDA:469,56,1,0
BRDA:469,57,0,0
BRDA:469,57,1,0
BRDA:477,58,0,0
BRDA:477,58,1,0
BRDA:479,59,0,0
BRDA:479,59,1,0
BRDA:480,60,0,0
BRDA:480,60,1,0
BRDA:484,61,0,0
BRDA:484,61,1,0
BRDA:488,62,0,0
BRDA:488,62,1,0
BRDA:494,63,0,0
BRDA:494,63,1,0
BRDA:498,64,0,0
BRDA:498,64,1,0
BRDA:765,65,0,0
BRDA:765,65,1,0
BRDA:796,66,0,0
BRDA:796,66,1,0
BRDA:803,67,0,0
BRDA:803,67,1,0
BRDA:810,68,0,0
BRDA:810,68,1,0
BRDA:828,69,0,0
BRDA:828,69,1,0
BRDA:834,70,0,0
BRDA:834,70,1,0
BRDA:835,71,0,0
BRDA:835,71,1,0
BRDA:838,72,0,0
BRDA:838,72,1,0
BRDA:839,73,0,0
BRDA:839,73,1,0
BRDA:840,74,0,0
BRDA:840,74,1,0
BRDA:850,75,0,0
BRDA:850,75,1,0
BRDA:853,76,0,0
BRDA:853,76,1,0
BRDA:858,77,0,0
BRDA:858,77,1,0
BRDA:861,78,0,0
BRDA:861,78,1,0
BRDA:871,79,0,0
BRDA:871,79,1,0
BRDA:873,80,0,0
BRDA:873,80,1,0
BRDA:874,81,0,0
BRDA:874,81,1,0
BRDA:887,82,0,0
BRDA:887,82,1,0
BRDA:887,82,2,0
BRDA:931,83,0,0
BRDA:931,83,1,0
BRDA:931,84,0,0
BRDA:931,84,1,0
BRDA:936,85,0,0
BRDA:936,85,1,0
BRDA:950,86,0,0
BRDA:950,86,1,0
BRDA:951,87,0,0
BRDA:951,87,1,0
BRDA:951,88,0,0
BRDA:951,88,1,0
BRDA:956,89,0,0
BRDA:956,89,1,0
BRDA:976,90,0,0
BRDA:976,90,1,0
BRDA:979,91,0,0
BRDA:979,91,1,0
BRDA:992,92,0,0
BRDA:992,92,1,0
BRDA:993,93,0,0
BRDA:993,93,1,0
BRDA:996,94,0,0
BRDA:996,94,1,0
BRDA:1005,95,0,0
BRDA:1005,95,1,0
BRDA:1008,96,0,0
BRDA:1008,96,1,0
BRDA:1008,97,0,0
BRDA:1008,97,1,0
BRDA:1026,98,0,0
BRDA:1026,98,1,0
BRDA:1026,99,0,0
BRDA:1026,99,1,0
BRDA:1033,100,0,0
BRDA:1033,100,1,0
BRDA:1044,101,0,0
BRDA:1044,101,1,0
BRDA:1044,102,0,0
BRDA:1044,102,1,0
BRDA:1051,103,0,0
BRDA:1051,103,1,0
BRDA:1060,104,0,0
BRDA:1060,104,1,0
BRDA:1135,105,0,0
BRDA:1135,105,1,0
BRDA:1135,106,0,0
BRDA:1135,106,1,0
BRDA:1135,106,2,0
BRDA:1151,107,0,0
BRDA:1151,107,1,0
BRDA:1151,108,0,0
BRDA:1151,108,1,0
BRDA:1164,109,0,0
BRDA:1164,109,1,0
BRDA:1164,110,0,0
BRDA:1164,110,1,0
BRDA:1171,111,0,0
BRDA:1171,111,1,0
BRDA:1178,112,0,0
BRDA:1178,112,1,0
BRDA:1178,113,0,0
BRDA:1178,113,1,0
BRDA:1178,113,2,0
BRDA:1178,113,3,0
BRDA:1186,114,0,0
BRDA:1186,114,1,0
BRDA:1191,115,0,0
BRDA:1191,115,1,0
BRDA:1205,116,0,0
BRDA:1205,116,1,0
BRDA:1208,117,0,0
BRDA:1208,117,1,0
BRF:236
BRH:1
end_of_record
TN:
SF:src/application/services/AuthService.ts
FN:1,_define_property
FN:29,(anonymous_1)
FN:37,(anonymous_2)
FN:40,(anonymous_3)
FN:46,(anonymous_4)
FN:49,(anonymous_5)
FN:57,(anonymous_6)
FN:60,(anonymous_7)
FN:63,(anonymous_8)
FN:71,(anonymous_9)
FN:90,(anonymous_10)
FN:106,(anonymous_11)
FN:113,(anonymous_12)
FNF:13
FNH:10
FNDA:205,_define_property
FNDA:2,(anonymous_1)
FNDA:2,(anonymous_2)
FNDA:2,(anonymous_3)
FNDA:1,(anonymous_4)
FNDA:0,(anonymous_5)
FNDA:0,(anonymous_6)
FNDA:0,(anonymous_7)
FNDA:870,(anonymous_8)
FNDA:12,(anonymous_9)
FNDA:1,(anonymous_10)
FNDA:10,(anonymous_11)
FNDA:41,(anonymous_12)
DA:2,205
DA:3,0
DA:10,205
DA:12,205
DA:30,2
DA:31,1
DA:32,1
DA:33,0
DA:35,1
DA:38,2
DA:41,2
DA:42,2
DA:43,2
DA:44,2
DA:47,1
DA:50,0
DA:58,0
DA:61,0
DA:64,870
DA:73,12
DA:74,2
DA:77,10
DA:78,0
DA:80,10
DA:81,10
DA:82,10
DA:83,10
DA:84,10
DA:85,10
DA:91,1
DA:92,1
DA:93,0
DA:94,0
DA:95,0
DA:96,0
DA:98,1
DA:99,1
DA:100,1
DA:101,1
DA:102,1
DA:107,10
DA:108,10
DA:109,2
DA:111,8
DA:114,41
DA:115,41
DA:116,41
DA:117,41
DA:118,41
DA:119,41
DA:120,41
DA:121,41
DA:122,41
DA:123,41
LF:54
LH:44
BRDA:2,0,0,0
BRDA:2,0,1,205
BRDA:32,1,0,0
BRDA:32,1,1,1
BRDA:73,2,0,2
BRDA:73,2,1,10
BRDA:77,3,0,0
BRDA:77,3,1,10
BRDA:92,4,0,0
BRDA:92,4,1,1
BRDA:108,5,0,2
BRDA:108,5,1,8
BRF:12
BRH:8
end_of_record
TN:
SF:src/application/services/BillingService.ts
FN:1,_define_property
FN:15,(anonymous_1)
FN:18,(anonymous_2)
FN:21,(anonymous_3)
FN:24,(anonymous_4)
FN:27,(anonymous_5)
FNF:6
FNH:2
FNDA:41,_define_property
FNDA:0,(anonymous_1)
FNDA:0,(anonymous_2)
FNDA:0,(anonymous_3)
FNDA:0,(anonymous_4)
FNDA:41,(anonymous_5)
DA:2,41
DA:3,0
DA:10,41
DA:12,41
DA:16,0
DA:19,0
DA:22,0
DA:25,0
DA:28,41
DA:29,41
LF:10
LH:5
BRDA:2,0,0,0
BRDA:2,0,1,41
BRF:2
BRH:1
end_of_record
TN:
SF:src/application/services/BlogService.ts
FN:1,_define_property
FN:15,(anonymous_1)
FN:18,(anonymous_2)
FN:21,(anonymous_3)
FN:24,(anonymous_4)
FN:27,(anonymous_5)
FN:30,(anonymous_6)
FN:33,(anonymous_7)
FN:36,(anonymous_8)
FN:39,(anonymous_9)
FN:42,(anonymous_10)
FN:45,(anonymous_11)
FN:48,(anonymous_12)
FN:51,(anonymous_13)
FN:54,(anonymous_14)
FN:61,(anonymous_15)
FNF:16
FNH:3
FNDA:41,_define_property
FNDA:0,(anonymous_1)
FNDA:1,(anonymous_2)
FNDA:0,(anonymous_3)
FNDA:0,(anonymous_4)
FNDA:0,(anonymous_5)
FNDA:0,(anonymous_6)
FNDA:0,(anonymous_7)
FNDA:0,(anonymous_8)
FNDA:0,(anonymous_9)
FNDA:0,(anonymous_10)
FNDA:0,(anonymous_11)
FNDA:0,(anonymous_12)
FNDA:0,(anonymous_13)
FNDA:0,(anonymous_14)
FNDA:41,(anonymous_15)
DA:2,41
DA:3,0
DA:10,41
DA:12,41
DA:16,0
DA:19,1
DA:22,0
DA:25,0
DA:28,0
DA:31,0
DA:34,0
DA:37,0
DA:40,0
DA:43,0
DA:46,0
DA:49,0
DA:52,0
DA:55,0
DA:62,41
DA:63,41
LF:20
LH:6
BRDA:2,0,0,0
BRDA:2,0,1,41
BRF:2
BRH:1
end_of_record
TN:
SF:src/application/services/CapabilityService.ts
FN:2,(anonymous_0)
FN:5,(anonymous_1)
FNF:2
FNH:0
FNDA:0,(anonymous_0)
FNDA:0,(anonymous_1)
DA:3,0
DA:6,0
DA:7,0
DA:9,0
DA:10,0
DA:12,0
LF:6
LH:0
BRDA:3,0,0,0
BRDA:3,0,1,0
BRDA:3,0,2,0
BRDA:5,1,0,0
BRDA:6,2,0,0
BRDA:6,2,1,0
BRDA:9,3,0,0
BRDA:9,3,1,0
BRDA:10,4,0,0
BRDA:10,4,1,0
BRDA:10,4,2,0
BRDA:12,5,0,0
BRDA:12,5,1,0
BRDA:12,5,2,0
BRF:14
BRH:0
end_of_record
TN:
SF:src/application/services/CaptchaService.ts
FN:1,_define_property
FN:15,(anonymous_1)
FN:18,(anonymous_2)
FNF:3
FNH:3
FNDA:41,_define_property
FNDA:5,(anonymous_1)
FNDA:41,(anonymous_2)
DA:2,41
DA:3,0
DA:10,41
DA:12,41
DA:16,5
DA:19,41
DA:20,41
LF:7
LH:6
BRDA:2,0,0,0
BRDA:2,0,1,41
BRF:2
BRH:1
end_of_record
TN:
SF:src/application/services/CategoryService.ts
FN:1,_define_property
FN:15,(anonymous_1)
FN:18,(anonymous_2)
FN:21,(anonymous_3)
FN:24,(anonymous_4)
FN:27,(anonymous_5)
FN:30,(anonymous_6)
FN:33,(anonymous_7)
FN:36,(anonymous_8)
FNF:9
FNH:6
FNDA:41,_define_property
FNDA:150,(anonymous_1)
FNDA:0,(anonymous_2)
FNDA:3,(anonymous_3)
FNDA:11,(anonymous_4)
FNDA:14,(anonymous_5)
FNDA:0,(anonymous_6)
FNDA:0,(anonymous_7)
FNDA:41,(anonymous_8)
DA:2,41
DA:3,0
DA:10,41
DA:12,41
DA:16,150
DA:19,0
DA:22,3
DA:25,11
DA:28,14
DA:31,0
DA:34,0
DA:37,41
DA:38,41
LF:13
LH:9
BRDA:2,0,0,0
BRDA:2,0,1,41
BRF:2
BRH:1
end_of_record
TN:
SF:src/application/services/CompanyAdminService.ts
FN:1,_define_property
FN:15,(anonymous_1)
FN:18,(anonymous_2)
FNF:3
FNH:2
FNDA:41,_define_property
FNDA:0,(anonymous_1)
FNDA:41,(anonymous_2)
DA:2,41
DA:3,0
DA:10,41
DA:12,41
DA:16,0
DA:19,41
DA:20,41
LF:7
LH:5
BRDA:2,0,0,0
BRDA:2,0,1,41
BRF:2
BRH:1
end_of_record
TN:
SF:src/application/services/CompanyAdvancedStatsService.ts
FN:1,_define_property
FN:17,(anonymous_1)
FN:23,(anonymous_2)
FN:54,(anonymous_3)
FN:59,(anonymous_4)
FN:65,(anonymous_5)
FN:75,(anonymous_6)
FN:79,(anonymous_7)
FN:90,(anonymous_8)
FN:100,(anonymous_9)
FN:118,(anonymous_10)
FN:152,(anonymous_11)
FN:158,(anonymous_12)
FN:177,(anonymous_13)
FN:180,(anonymous_14)
FN:188,(anonymous_15)
FN:189,(anonymous_16)
FN:190,(anonymous_17)
FN:195,(anonymous_18)
FN:195,(anonymous_19)
FN:209,(anonymous_20)
FN:209,(anonymous_21)
FN:235,(anonymous_22)
FN:239,(anonymous_23)
FN:239,(anonymous_24)
FN:256,(anonymous_25)
FN:264,(anonymous_26)
FN:268,(anonymous_27)
FN:272,(anonymous_28)
FN:329,(anonymous_29)
FN:345,(anonymous_30)
FN:353,(anonymous_31)
FNF:32
FNH:2
FNDA:82,_define_property
FNDA:0,(anonymous_1)
FNDA:0,(anonymous_2)
FNDA:0,(anonymous_3)
FNDA:0,(anonymous_4)
FNDA:0,(anonymous_5)
FNDA:0,(anonymous_6)
FNDA:0,(anonymous_7)
FNDA:0,(anonymous_8)
FNDA:0,(anonymous_9)
FNDA:0,(anonymous_10)
FNDA:0,(anonymous_11)
FNDA:0,(anonymous_12)
FNDA:0,(anonymous_13)
FNDA:0,(anonymous_14)
FNDA:0,(anonymous_15)
FNDA:0,(anonymous_16)
FNDA:0,(anonymous_17)
FNDA:0,(anonymous_18)
FNDA:0,(anonymous_19)
FNDA:0,(anonymous_20)
FNDA:0,(anonymous_21)
FNDA:0,(anonymous_22)
FNDA:0,(anonymous_23)
FNDA:0,(anonymous_24)
FNDA:0,(anonymous_25)
FNDA:0,(anonymous_26)
FNDA:0,(anonymous_27)
FNDA:0,(anonymous_28)
FNDA:0,(anonymous_29)
FNDA:0,(anonymous_30)
FNDA:41,(anonymous_31)
DA:2,82
DA:3,0
DA:10,82
DA:12,82
DA:15,41
DA:16,41
DA:17,41
DA:18,0
DA:19,0
DA:21,0
DA:23,41
DA:24,0
DA:25,0
DA:26,0
DA:27,0
DA:33,0
DA:34,0
DA:40,0
DA:41,0
DA:42,0
DA:48,0
DA:54,41
DA:59,41
DA:60,0
DA:61,0
DA:63,0
DA:65,0
DA:66,0
DA:67,0
DA:68,0
DA:69,0
DA:70,0
DA:72,0
DA:73,0
DA:75,41
DA:79,41
DA:80,0
DA:81,0
DA:82,0
DA:83,0
DA:84,0
DA:85,0
DA:90,41
DA:100,41
DA:101,0
DA:102,0
DA:103,0
DA:104,0
DA:118,41
DA:119,0
DA:120,0
DA:143,0
DA:144,0
DA:145,0
DA:152,41
DA:153,0
DA:154,0
DA:156,0
DA:158,41
DA:159,0
DA:160,0
DA:161,0
DA:163,0
DA:177,41
DA:178,0
DA:179,0
DA:180,0
DA:181,0
DA:182,0
DA:184,0
DA:185,0
DA:187,0
DA:188,0
DA:189,0
DA:190,0
DA:191,0
DA:192,0
DA:193,0
DA:194,0
DA:195,0
DA:196,0
DA:209,0
DA:210,0
DA:223,0
DA:224,0
DA:235,0
DA:239,0
DA:240,0
DA:253,0
DA:257,0
DA:258,0
DA:259,0
DA:260,0
DA:264,0
DA:268,0
DA:272,0
DA:273,0
DA:274,0
DA:280,0
DA:281,0
DA:282,0
DA:283,0
DA:330,0
DA:331,0
DA:332,0
DA:333,0
DA:334,0
DA:337,0
DA:338,0
DA:339,0
DA:340,0
DA:341,0
DA:344,0
DA:345,0
DA:346,0
DA:347,0
DA:349,0
DA:350,0
DA:354,41
DA:355,41
DA:356,41
DA:357,41
LF:122
LH:21
BRDA:2,0,0,0
BRDA:2,0,1,82
BRDA:18,1,0,0
BRDA:18,1,1,0
BRDA:24,2,0,0
BRDA:24,2,1,0
BRDA:25,3,0,0
BRDA:25,3,1,0
BRDA:26,4,0,0
BRDA:26,4,1,0
BRDA:26,5,0,0
BRDA:26,5,1,0
BRDA:33,6,0,0
BRDA:33,6,1,0
BRDA:33,7,0,0
BRDA:33,7,1,0
BRDA:41,8,0,0
BRDA:41,8,1,0
BRDA:49,9,0,0
BRDA:49,9,1,0
BRDA:60,10,0,0
BRDA:60,10,1,0
BRDA:69,11,0,0
BRDA:69,11,1,0
BRDA:94,12,0,0
BRDA:94,12,1,0
BRDA:103,13,0,0
BRDA:103,13,1,0
BRDA:107,14,0,0
BRDA:107,14,1,0
BRDA:107,14,2,0
BRDA:108,15,0,0
BRDA:108,15,1,0
BRDA:125,16,0,0
BRDA:125,16,1,0
BRDA:153,17,0,0
BRDA:153,17,1,0
BRDA:156,18,0,0
BRDA:156,18,1,0
BRDA:156,18,2,0
BRDA:160,19,0,0
BRDA:160,19,1,0
BRDA:181,20,0,0
BRDA:181,20,1,0
BRDA:181,21,0,0
BRDA:181,21,1,0
BRDA:195,22,0,0
BRDA:195,22,1,0
BRDA:209,23,0,0
BRDA:209,23,1,0
BRDA:209,23,2,0
BRDA:223,24,0,0
BRDA:223,24,1,0
BRDA:223,25,0,0
BRDA:223,25,1,0
BRDA:230,26,0,0
BRDA:230,26,1,0
BRDA:282,27,0,0
BRDA:282,27,1,0
BRDA:282,27,2,0
BRDA:282,27,3,0
BRDA:337,28,0,0
BRDA:337,28,1,0
BRDA:340,29,0,0
BRDA:340,29,1,0
BRDA:346,30,0,0
BRDA:346,30,1,0
BRF:67
BRH:1
end_of_record
TN:
SF:src/application/services/CompanyEngagementService.ts
FN:1,_define_property
FN:15,(anonymous_1)
FN:18,(anonymous_2)
FN:21,(anonymous_3)
FNF:4
FNH:2
FNDA:41,_define_property
FNDA:0,(anonymous_1)
FNDA:0,(anonymous_2)
FNDA:41,(anonymous_3)
DA:2,41
DA:3,0
DA:10,41
DA:12,41
DA:16,0
DA:19,0
DA:22,41
DA:23,41
LF:8
LH:5
BRDA:2,0,0,0
BRDA:2,0,1,41
BRF:2
BRH:1
end_of_record
TN:
SF:src/application/services/CompanyInvitationService.ts
FN:1,_define_property
FN:15,(anonymous_1)
FN:18,(anonymous_2)
FNF:3
FNH:2
FNDA:41,_define_property
FNDA:0,(anonymous_1)
FNDA:41,(anonymous_2)
DA:2,41
DA:3,0
DA:10,41
DA:12,41
DA:16,0
DA:19,41
DA:20,41
LF:7
LH:5
BRDA:2,0,0,0
BRDA:2,0,1,41
BRF:2
BRH:1
end_of_record
TN:
SF:src/application/services/CompanyMembershipService.ts
FN:1,_define_property
FN:15,(anonymous_1)
FN:18,(anonymous_2)
FN:21,(anonymous_3)
FN:24,(anonymous_4)
FN:27,(anonymous_5)
FN:30,(anonymous_6)
FNF:7
FNH:2
FNDA:41,_define_property
FNDA:0,(anonymous_1)
FNDA:0,(anonymous_2)
FNDA:0,(anonymous_3)
FNDA:0,(anonymous_4)
FNDA:0,(anonymous_5)
FNDA:41,(anonymous_6)
DA:2,41
DA:3,0
DA:10,41
DA:12,41
DA:16,0
DA:19,0
DA:22,0
DA:25,0
DA:28,0
DA:31,41
DA:32,41
LF:11
LH:5
BRDA:2,0,0,0
BRDA:2,0,1,41
BRDA:18,1,0,0
BRDA:18,2,0,0
BRF:4
BRH:1
end_of_record
TN:
SF:src/application/services/CompanyProfileService.ts
FN:1,_define_property
FN:15,(anonymous_1)
FN:18,(anonymous_2)
FN:21,(anonymous_3)
FNF:4
FNH:2
FNDA:41,_define_property
FNDA:0,(anonymous_1)
FNDA:0,(anonymous_2)
FNDA:41,(anonymous_3)
DA:2,41
DA:3,0
DA:10,41
DA:12,41
DA:16,0
DA:19,0
DA:22,41
DA:23,41
LF:8
LH:5
BRDA:2,0,0,0
BRDA:2,0,1,41
BRF:2
BRH:1
end_of_record
TN:
SF:src/application/services/ContactService.ts
FN:1,_define_property
FN:15,(anonymous_1)
FN:18,(anonymous_2)
FNF:3
FNH:3
FNDA:41,_define_property
FNDA:3,(anonymous_1)
FNDA:41,(anonymous_2)
DA:2,41
DA:3,0
DA:10,41
DA:12,41
DA:16,3
DA:19,41
DA:20,41
LF:7
LH:6
BRDA:2,0,0,0
BRDA:2,0,1,41
BRF:2
BRH:1
end_of_record
TN:
SF:src/application/services/MediaService.ts
FN:1,_define_property
FN:18,(anonymous_1)
FN:21,(anonymous_2)
FN:26,(anonymous_3)
FN:29,(anonymous_4)
FNF:5
FNH:2
FNDA:41,_define_property
FNDA:0,(anonymous_1)
FNDA:0,(anonymous_2)
FNDA:0,(anonymous_3)
FNDA:41,(anonymous_4)
DA:2,41
DA:3,0
DA:10,41
DA:12,41
DA:19,0
DA:22,0
DA:27,0
DA:30,41
DA:31,41
LF:9
LH:5
BRDA:2,0,0,0
BRDA:2,0,1,41
BRDA:18,1,0,0
BRF:3
BRH:1
end_of_record
TN:
SF:src/application/services/PaymentPlanService.ts
FN:1,_define_property
FN:15,(anonymous_1)
FN:18,(anonymous_2)
FN:21,(anonymous_3)
FN:24,(anonymous_4)
FN:27,(anonymous_5)
FNF:6
FNH:2
FNDA:41,_define_property
FNDA:0,(anonymous_1)
FNDA:0,(anonymous_2)
FNDA:0,(anonymous_3)
FNDA:0,(anonymous_4)
FNDA:41,(anonymous_5)
DA:2,41
DA:3,0
DA:10,41
DA:12,41
DA:16,0
DA:19,0
DA:22,0
DA:25,0
DA:28,41
DA:29,41
LF:10
LH:5
BRDA:2,0,0,0
BRDA:2,0,1,41
BRDA:15,1,0,0
BRF:3
BRH:1
end_of_record
TN:
SF:src/application/services/ProductInventoryService.ts
FN:1,_define_property
FN:23,(anonymous_1)
FN:26,(anonymous_2)
FN:29,(anonymous_3)
FN:32,(anonymous_4)
FN:35,(anonymous_5)
FN:38,(anonymous_6)
FN:41,(anonymous_7)
FN:47,(anonymous_8)
FNF:9
FNH:3
FNDA:41,_define_property
FNDA:0,(anonymous_1)
FNDA:0,(anonymous_2)
FNDA:0,(anonymous_3)
FNDA:0,(anonymous_4)
FNDA:5,(anonymous_5)
FNDA:0,(anonymous_6)
FNDA:0,(anonymous_7)
FNDA:41,(anonymous_8)
DA:2,41
DA:3,0
DA:10,41
DA:12,41
DA:24,0
DA:27,0
DA:30,0
DA:33,0
DA:36,5
DA:39,0
DA:42,0
DA:48,41
DA:49,41
LF:13
LH:6
BRDA:2,0,0,0
BRDA:2,0,1,41
BRDA:43,1,0,0
BRDA:43,1,1,0
BRF:4
BRH:1
end_of_record
TN:
SF:src/application/services/ProductService.ts
FN:1,_define_property
FN:17,(anonymous_1)
FN:20,(anonymous_2)
FN:23,(anonymous_3)
FN:26,(anonymous_4)
FN:29,(anonymous_5)
FN:32,(anonymous_6)
FN:35,(anonymous_7)
FN:38,(anonymous_8)
FN:41,(anonymous_9)
FN:44,(anonymous_10)
FN:47,(anonymous_11)
FN:50,(anonymous_12)
FN:53,(anonymous_13)
FN:56,(anonymous_14)
FN:59,(anonymous_15)
FN:62,(anonymous_16)
FN:65,(anonymous_17)
FN:68,(anonymous_18)
FN:71,(anonymous_19)
FN:74,(anonymous_20)
FN:77,(anonymous_21)
FNF:22
FNH:5
FNDA:41,_define_property
FNDA:29,(anonymous_1)
FNDA:0,(anonymous_2)
FNDA:0,(anonymous_3)
FNDA:12,(anonymous_4)
FNDA:0,(anonymous_5)
FNDA:0,(anonymous_6)
FNDA:0,(anonymous_7)
FNDA:0,(anonymous_8)
FNDA:0,(anonymous_9)
FNDA:0,(anonymous_10)
FNDA:0,(anonymous_11)
FNDA:0,(anonymous_12)
FNDA:0,(anonymous_13)
FNDA:6,(anonymous_14)
FNDA:0,(anonymous_15)
FNDA:0,(anonymous_16)
FNDA:0,(anonymous_17)
FNDA:0,(anonymous_18)
FNDA:0,(anonymous_19)
FNDA:0,(anonymous_20)
FNDA:41,(anonymous_21)
DA:2,41
DA:3,0
DA:10,41
DA:12,41
DA:18,29
DA:21,0
DA:24,0
DA:27,12
DA:30,0
DA:33,0
DA:36,0
DA:39,0
DA:42,0
DA:45,0
DA:48,0
DA:51,0
DA:54,0
DA:57,6
DA:60,0
DA:63,0
DA:66,0
DA:69,0
DA:72,0
DA:75,0
DA:78,41
DA:79,41
LF:26
LH:8
BRDA:2,0,0,0
BRDA:2,0,1,41
BRF:2
BRH:1
end_of_record
TN:
SF:src/application/services/PublicCompanyProductsService.ts
FN:1,_define_property
FN:15,(anonymous_1)
FN:18,(anonymous_2)
FNF:3
FNH:3
FNDA:41,_define_property
FNDA:7,(anonymous_1)
FNDA:41,(anonymous_2)
DA:2,41
DA:3,0
DA:10,41
DA:12,41
DA:16,7
DA:19,41
DA:20,41
LF:7
LH:6
BRDA:2,0,0,0
BRDA:2,0,1,41
BRF:2
BRH:1
end_of_record
TN:
SF:src/application/services/PublicCompanyProfileService.ts
FN:1,_define_property
FN:15,(anonymous_1)
FN:18,(anonymous_2)
FNF:3
FNH:3
FNDA:41,_define_property
FNDA:17,(anonymous_1)
FNDA:41,(anonymous_2)
DA:2,41
DA:3,0
DA:10,41
DA:12,41
DA:16,17
DA:19,41
DA:20,41
LF:7
LH:6
BRDA:2,0,0,0
BRDA:2,0,1,41
BRF:2
BRH:1
end_of_record
TN:
SF:src/application/services/RentalService.ts
FN:1,_define_property
FN:15,(anonymous_1)
FN:18,(anonymous_2)
FN:21,(anonymous_3)
FN:24,(anonymous_4)
FN:27,(anonymous_5)
FN:30,(anonymous_6)
FN:33,(anonymous_7)
FN:36,(anonymous_8)
FN:39,(anonymous_9)
FN:42,(anonymous_10)
FN:45,(anonymous_11)
FNF:12
FNH:5
FNDA:41,_define_property
FNDA:0,(anonymous_1)
FNDA:0,(anonymous_2)
FNDA:0,(anonymous_3)
FNDA:0,(anonymous_4)
FNDA:2,(anonymous_5)
FNDA:0,(anonymous_6)
FNDA:11,(anonymous_7)
FNDA:3,(anonymous_8)
FNDA:0,(anonymous_9)
FNDA:0,(anonymous_10)
FNDA:41,(anonymous_11)
DA:2,41
DA:3,0
DA:10,41
DA:12,41
DA:16,0
DA:19,0
DA:22,0
DA:25,0
DA:28,2
DA:31,0
DA:34,11
DA:37,3
DA:40,0
DA:43,0
DA:46,41
DA:47,41
LF:16
LH:8
BRDA:2,0,0,0
BRDA:2,0,1,41
BRF:2
BRH:1
end_of_record
TN:
SF:src/application/services/SiteService.ts
FN:1,_define_property
FN:15,(anonymous_1)
FN:18,(anonymous_2)
FN:21,(anonymous_3)
FNF:4
FNH:3
FNDA:41,_define_property
FNDA:150,(anonymous_1)
FNDA:0,(anonymous_2)
FNDA:41,(anonymous_3)
DA:2,41
DA:3,0
DA:10,41
DA:12,41
DA:16,150
DA:19,0
DA:22,41
DA:23,41
LF:8
LH:6
BRDA:2,0,0,0
BRDA:2,0,1,41
BRF:2
BRH:1
end_of_record
TN:
SF:src/application/services/UserEngagementService.ts
FN:1,_define_property
FN:15,(anonymous_1)
FN:18,(anonymous_2)
FNF:3
FNH:2
FNDA:41,_define_property
FNDA:0,(anonymous_1)
FNDA:41,(anonymous_2)
DA:2,41
DA:3,0
DA:10,41
DA:12,41
DA:16,0
DA:19,41
DA:20,41
LF:7
LH:5
BRDA:2,0,0,0
BRDA:2,0,1,41
BRF:2
BRH:1
end_of_record
TN:
SF:src/application/services/UserService.ts
FN:1,_define_property
FN:17,(anonymous_1)
FN:23,(anonymous_2)
FN:32,(anonymous_3)
FN:37,(anonymous_4)
FN:43,(anonymous_5)
FN:51,(anonymous_6)
FN:57,(anonymous_7)
FNF:8
FNH:2
FNDA:82,_define_property
FNDA:0,(anonymous_1)
FNDA:0,(anonymous_2)
FNDA:0,(anonymous_3)
FNDA:0,(anonymous_4)
FNDA:0,(anonymous_5)
FNDA:0,(anonymous_6)
FNDA:41,(anonymous_7)
DA:2,82
DA:3,0
DA:10,82
DA:12,82
DA:18,0
DA:24,0
DA:25,0
DA:26,0
DA:28,0
DA:33,0
DA:38,0
DA:44,0
DA:45,0
DA:47,0
DA:52,0
DA:53,0
DA:55,0
DA:58,41
DA:59,41
DA:60,41
DA:61,41
LF:21
LH:7
BRDA:2,0,0,0
BRDA:2,0,1,82
BRDA:25,1,0,0
BRDA:25,1,1,0
BRDA:25,2,0,0
BRDA:25,2,1,0
BRDA:44,3,0,0
BRDA:44,3,1,0
BRDA:52,4,0,0
BRDA:52,4,1,0
BRF:10
BRH:1
end_of_record
TN:
SF:src/components/Home/CategoryGrid.tsx
FN:41,(anonymous_0)
FN:44,(anonymous_1)
FN:46,(anonymous_2)
FN:59,(anonymous_3)
FN:60,(anonymous_4)
FN:124,(anonymous_5)
FN:212,(anonymous_6)
FN:226,(anonymous_7)
FN:228,(anonymous_8)
FNF:9
FNH:8
FNDA:52,(anonymous_0)
FNDA:52,(anonymous_1)
FNDA:120,(anonymous_2)
FNDA:39,(anonymous_3)
FNDA:134,(anonymous_4)
FNDA:186,(anonymous_5)
FNDA:11,(anonymous_6)
FNDA:11,(anonymous_7)
FNDA:0,(anonymous_8)
DA:1,11
DA:2,11
DA:3,11
DA:4,11
DA:5,11
DA:10,11
DA:16,11
DA:41,11
DA:42,52
DA:43,52
DA:44,52
DA:45,52
DA:46,120
DA:53,22
DA:59,52
DA:60,39
DA:61,134
DA:62,66
DA:63,66
DA:68,52
DA:124,186
DA:212,11
DA:213,11
DA:217,11
DA:220,11
DA:223,11
DA:224,11
DA:226,11
DA:227,11
DA:228,11
DA:229,0
DA:230,0
DA:231,0
LF:33
LH:30
BRDA:1,0,0,0
BRDA:1,0,1,11
BRDA:45,1,0,30
BRDA:45,1,1,22
BRDA:45,2,0,52
BRDA:45,2,1,30
BRDA:50,3,0,120
BRDA:50,3,1,120
BRDA:50,4,0,120
BRDA:50,4,1,120
BRDA:61,5,0,68
BRDA:61,5,1,66
BRDA:133,6,0,66
BRDA:133,6,1,120
BRDA:172,7,0,66
BRDA:172,7,1,120
BRDA:229,8,0,0
BRDA:229,8,1,0
BRDA:231,9,0,0
BRDA:231,9,1,0
BRF:20
BRH:15
end_of_record
TN:
SF:src/components/Home/FaqSection.tsx
FN:45,(anonymous_0)
FN:90,(anonymous_1)
FN:147,(anonymous_2)
FN:149,(anonymous_3)
FNF:4
FNH:3
FNDA:26,(anonymous_0)
FNDA:208,(anonymous_1)
FNDA:11,(anonymous_2)
FNDA:0,(anonymous_3)
DA:1,11
DA:2,11
DA:3,11
DA:4,11
DA:5,11
DA:11,11
DA:45,11
DA:46,26
DA:90,208
DA:138,11
DA:141,11
DA:144,11
DA:145,11
DA:147,11
DA:148,11
DA:149,11
DA:150,0
DA:151,0
DA:152,0
LF:19
LH:16
BRDA:1,0,0,0
BRDA:1,0,1,11
BRDA:150,1,0,0
BRDA:150,1,1,0
BRDA:152,2,0,0
BRDA:152,2,1,0
BRF:6
BRH:1
end_of_record
TN:
SF:src/components/Home/FeaturedProducts.tsx
FN:16,(anonymous_0)
FN:20,(anonymous_1)
FN:23,(anonymous_2)
FN:25,(anonymous_3)
FN:116,(anonymous_4)
FN:147,(anonymous_5)
FN:161,(anonymous_6)
FN:163,(anonymous_7)
FNF:8
FNH:7
FNDA:48,(anonymous_0)
FNDA:48,(anonymous_1)
FNDA:48,(anonymous_2)
FNDA:48,(anonymous_3)
FNDA:48,(anonymous_4)
FNDA:11,(anonymous_5)
FNDA:11,(anonymous_6)
FNDA:0,(anonymous_7)
DA:1,11
DA:2,11
DA:3,11
DA:4,11
DA:5,11
DA:10,11
DA:16,11
DA:17,48
DA:18,48
DA:20,11
DA:21,48
DA:22,48
DA:23,48
DA:24,48
DA:25,48
DA:53,48
DA:116,48
DA:147,11
DA:148,11
DA:152,11
DA:155,11
DA:158,11
DA:159,11
DA:161,11
DA:162,11
DA:163,11
DA:164,0
DA:165,0
DA:166,0
LF:29
LH:26
BRDA:1,0,0,0
BRDA:1,0,1,11
BRDA:17,1,0,48
BRDA:17,1,1,0
BRDA:18,2,0,48
BRDA:18,2,1,48
BRDA:24,3,0,48
BRDA:24,3,1,22
BRDA:32,4,0,48
BRDA:32,4,1,0
BRDA:38,5,0,48
BRDA:38,5,1,0
BRDA:39,6,0,48
BRDA:39,6,1,0
BRDA:43,7,0,48
BRDA:43,7,1,0
BRDA:44,8,0,48
BRDA:44,8,1,0
BRDA:45,9,0,48
BRDA:45,9,1,0
BRDA:47,10,0,48
BRDA:47,10,1,0
BRDA:48,11,0,48
BRDA:48,11,1,0
BRDA:109,12,0,22
BRDA:109,12,1,26
BRDA:116,13,0,24
BRDA:116,13,1,2
BRDA:164,14,0,0
BRDA:164,14,1,0
BRDA:166,15,0,0
BRDA:166,15,1,0
BRF:32
BRH:18
end_of_record
TN:
SF:src/components/Home/Hero.tsx
FN:17,(anonymous_0)
FN:20,(anonymous_1)
FN:22,(anonymous_2)
FN:38,(anonymous_3)
FN:39,(anonymous_4)
FN:41,(anonymous_5)
FN:42,(anonymous_6)
FN:46,(anonymous_7)
FN:141,(anonymous_8)
FN:155,(anonymous_9)
FN:157,(anonymous_10)
FNF:11
FNH:7
FNDA:52,(anonymous_0)
FNDA:52,(anonymous_1)
FNDA:120,(anonymous_2)
FNDA:26,(anonymous_3)
FNDA:0,(anonymous_4)
FNDA:0,(anonymous_5)
FNDA:0,(anonymous_6)
FNDA:17,(anonymous_7)
FNDA:11,(anonymous_8)
FNDA:11,(anonymous_9)
FNDA:0,(anonymous_10)
DA:1,11
DA:2,11
DA:3,11
DA:4,11
DA:5,11
DA:10,11
DA:17,11
DA:18,52
DA:19,52
DA:20,52
DA:21,52
DA:22,120
DA:25,22
DA:35,52
DA:36,52
DA:38,52
DA:39,26
DA:40,0
DA:41,0
DA:42,0
DA:43,0
DA:46,26
DA:50,52
DA:141,11
DA:142,11
DA:146,11
DA:149,11
DA:152,11
DA:153,11
DA:155,11
DA:156,11
DA:157,11
DA:158,0
DA:159,0
DA:160,0
LF:35
LH:28
BRDA:1,0,0,0
BRDA:1,0,1,11
BRDA:21,1,0,30
BRDA:21,1,1,22
BRDA:21,2,0,52
BRDA:21,2,1,30
BRDA:77,3,0,0
BRDA:77,3,1,52
BRDA:158,4,0,0
BRDA:158,4,1,0
BRDA:160,5,0,0
BRDA:160,5,1,0
BRF:12
BRH:6
end_of_record
TN:
SF:src/components/Home/SearchBar.tsx
FN:15,(anonymous_0)
FN:19,(anonymous_1)
FN:35,(anonymous_2)
FN:70,(anonymous_3)
FN:84,(anonymous_4)
FN:86,(anonymous_5)
FNF:6
FNH:5
FNDA:58,(anonymous_0)
FNDA:2,(anonymous_1)
FNDA:2,(anonymous_2)
FNDA:11,(anonymous_3)
FNDA:11,(anonymous_4)
FNDA:0,(anonymous_5)
DA:1,11
DA:2,11
DA:3,11
DA:4,11
DA:5,11
DA:10,11
DA:15,11
DA:16,58
DA:17,58
DA:18,58
DA:19,58
DA:20,2
DA:21,2
DA:22,2
DA:25,58
DA:35,2
DA:70,11
DA:71,11
DA:75,11
DA:78,11
DA:81,11
DA:82,11
DA:84,11
DA:85,11
DA:86,11
DA:87,0
DA:88,0
DA:89,0
LF:28
LH:25
BRDA:1,0,0,0
BRDA:1,0,1,11
BRDA:21,1,0,2
BRDA:21,1,1,0
BRDA:87,2,0,0
BRDA:87,2,1,0
BRDA:89,3,0,0
BRDA:89,3,1,0
BRF:8
BRH:2
end_of_record
TN:
SF:src/components/Home/TrustDifferentiators.tsx
FN:41,(anonymous_0)
FN:46,(anonymous_1)
FN:106,(anonymous_2)
FN:108,(anonymous_3)
FNF:4
FNH:3
FNDA:52,(anonymous_0)
FNDA:208,(anonymous_1)
FNDA:11,(anonymous_2)
FNDA:0,(anonymous_3)
DA:1,11
DA:2,11
DA:3,11
DA:4,11
DA:5,11
DA:11,11
DA:41,11
DA:42,52
DA:46,208
DA:97,11
DA:100,11
DA:103,11
DA:104,11
DA:106,11
DA:107,11
DA:108,11
DA:109,0
DA:110,0
DA:111,0
LF:19
LH:16
BRDA:1,0,0,0
BRDA:1,0,1,11
BRDA:109,1,0,0
BRDA:109,1,1,0
BRDA:111,2,0,0
BRDA:111,2,1,0
BRF:6
BRH:1
end_of_record
TN:
SF:src/components/auth/AuthModal.tsx
FN:18,(anonymous_0)
FN:28,(anonymous_1)
FN:58,(anonymous_2)
FN:173,(anonymous_3)
FN:184,(anonymous_4)
FN:213,(anonymous_5)
FN:221,(anonymous_6)
FN:232,(anonymous_7)
FN:233,(anonymous_8)
FN:252,(anonymous_9)
FN:267,(anonymous_10)
FN:282,(anonymous_11)
FN:330,(anonymous_12)
FN:332,(anonymous_13)
FNF:14
FNH:9
FNDA:536,(anonymous_0)
FNDA:109,(anonymous_1)
FNDA:1,(anonymous_2)
FNDA:1,(anonymous_3)
FNDA:2,(anonymous_4)
FNDA:2,(anonymous_5)
FNDA:1,(anonymous_6)
FNDA:0,(anonymous_7)
FNDA:1,(anonymous_8)
FNDA:0,(anonymous_9)
FNDA:0,(anonymous_10)
FNDA:0,(anonymous_11)
FNDA:41,(anonymous_12)
FNDA:0,(anonymous_13)
DA:1,41
DA:2,41
DA:3,41
DA:4,41
DA:5,41
DA:10,41
DA:18,41
DA:19,536
DA:20,536
DA:27,536
DA:28,536
DA:29,109
DA:30,7
DA:31,7
DA:32,1
DA:35,6
DA:37,7
DA:39,7
DA:40,7
DA:41,1
DA:42,1
DA:43,1
DA:46,6
DA:50,102
DA:55,536
DA:56,536
DA:58,1
DA:173,1
DA:184,2
DA:213,2
DA:223,1
DA:224,1
DA:232,0
DA:235,1
DA:236,1
DA:252,0
DA:267,0
DA:282,0
DA:320,41
DA:321,41
DA:324,41
DA:327,41
DA:328,41
DA:330,41
DA:331,41
DA:332,41
DA:333,0
DA:334,0
DA:335,0
LF:49
LH:42
BRDA:1,0,0,0
BRDA:1,0,1,41
BRDA:29,1,0,7
BRDA:29,1,1,102
BRDA:31,2,0,1
BRDA:31,2,1,6
BRDA:39,3,0,7
BRDA:39,3,1,6
BRDA:40,4,0,1
BRDA:40,4,1,6
BRDA:55,5,0,536
BRDA:55,5,1,20
BRDA:58,6,0,1
BRDA:58,6,1,1
BRDA:172,7,0,522
BRDA:172,7,1,14
BRDA:183,8,0,14
BRDA:183,8,1,522
BRDA:211,9,0,536
BRDA:211,9,1,516
BRDA:220,10,0,536
BRDA:220,10,1,14
BRDA:231,11,0,536
BRDA:231,11,1,6
BRDA:245,12,0,516
BRDA:245,12,1,20
BRDA:260,13,0,14
BRDA:260,13,1,6
BRDA:333,14,0,0
BRDA:333,14,1,0
BRDA:335,15,0,0
BRDA:335,15,1,0
BRF:32
BRH:27
end_of_record
TN:
SF:src/components/auth/ForgotPasswordForm.tsx
FN:17,(anonymous_0)
FN:25,(anonymous_1)
FN:61,(anonymous_2)
FN:162,(anonymous_3)
FN:177,(anonymous_4)
FN:179,(anonymous_5)
FNF:6
FNH:5
FNDA:12,(anonymous_0)
FNDA:1,(anonymous_1)
FNDA:12,(anonymous_2)
FNDA:2,(anonymous_3)
FNDA:41,(anonymous_4)
FNDA:0,(anonymous_5)
DA:1,41
DA:2,41
DA:3,41
DA:4,41
DA:5,41
DA:10,41
DA:17,41
DA:18,12
DA:19,12
DA:20,12
DA:25,12
DA:26,1
DA:28,1
DA:30,12
DA:31,12
DA:61,12
DA:162,41
DA:163,2
DA:168,41
DA:171,41
DA:174,41
DA:175,41
DA:177,41
DA:178,41
DA:179,41
DA:180,0
DA:181,0
DA:182,0
LF:28
LH:25
BRDA:1,0,0,0
BRDA:1,0,1,41
BRDA:127,1,0,4
BRDA:127,1,1,8
BRDA:180,2,0,0
BRDA:180,2,1,0
BRDA:182,3,0,0
BRDA:182,3,1,0
BRF:8
BRH:3
end_of_record
TN:
SF:src/components/auth/SignInForm.tsx
FN:18,(anonymous_0)
FN:18,(anonymous_1)
FN:22,(anonymous_2)
FN:45,(anonymous_3)
FN:55,(anonymous_4)
FN:128,(anonymous_5)
FN:196,(anonymous_6)
FN:263,(anonymous_7)
FN:306,(anonymous_8)
FN:321,(anonymous_9)
FN:323,(anonymous_10)
FNF:11
FNH:8
FNDA:0,(anonymous_0)
FNDA:0,(anonymous_1)
FNDA:1,(anonymous_2)
FNDA:56,(anonymous_3)
FNDA:2,(anonymous_4)
FNDA:56,(anonymous_5)
FNDA:56,(anonymous_6)
FNDA:2,(anonymous_7)
FNDA:6,(anonymous_8)
FNDA:41,(anonymous_9)
FNDA:0,(anonymous_10)
DA:1,41
DA:2,41
DA:3,41
DA:4,41
DA:5,41
DA:10,41
DA:18,41
DA:22,41
DA:23,1
DA:24,1
DA:26,1
DA:27,1
DA:30,0
DA:31,0
DA:34,0
DA:35,0
DA:36,0
DA:37,0
DA:38,0
DA:40,0
DA:41,0
DA:43,0
DA:45,41
DA:46,56
DA:47,56
DA:48,56
DA:49,56
DA:55,56
DA:56,2
DA:57,2
DA:58,2
DA:59,1
DA:61,1
DA:64,56
DA:65,56
DA:128,56
DA:196,56
DA:264,2
DA:265,2
DA:306,41
DA:307,6
DA:312,41
DA:315,41
DA:318,41
DA:319,41
DA:321,41
DA:322,41
DA:323,41
DA:324,0
DA:325,0
DA:326,0
LF:51
LH:38
BRDA:1,0,0,0
BRDA:1,0,1,41
BRDA:18,1,0,0
BRDA:18,1,1,0
BRDA:23,2,0,0
BRDA:23,2,1,1
BRDA:26,3,0,1
BRDA:26,3,1,0
BRDA:26,4,0,1
BRDA:26,4,1,1
BRDA:30,5,0,0
BRDA:30,5,1,0
BRDA:34,6,0,0
BRDA:34,6,1,0
BRDA:34,6,2,0
BRDA:34,6,3,0
BRDA:35,7,0,0
BRDA:35,7,1,0
BRDA:36,8,0,0
BRDA:36,8,1,0
BRDA:37,9,0,0
BRDA:37,9,1,0
BRDA:40,10,0,0
BRDA:40,10,1,0
BRDA:61,11,0,1
BRDA:61,11,1,0
BRDA:68,12,0,56
BRDA:68,12,1,22
BRDA:68,12,2,22
BRDA:92,13,0,56
BRDA:92,13,1,2
BRDA:282,14,0,10
BRDA:282,14,1,46
BRDA:324,15,0,0
BRDA:324,15,1,0
BRDA:326,16,0,0
BRDA:326,16,1,0
BRF:37
BRH:13
end_of_record
TN:
SF:src/components/auth/SignUpForm.tsx
FN:28,(anonymous_0)
FN:43,(anonymous_1)
FN:101,(anonymous_2)
FN:165,(anonymous_3)
FN:229,(anonymous_4)
FN:294,(anonymous_5)
FN:378,(anonymous_6)
FN:394,(anonymous_7)
FN:396,(anonymous_8)
FNF:9
FNH:8
FNDA:42,(anonymous_0)
FNDA:2,(anonymous_1)
FNDA:42,(anonymous_2)
FNDA:42,(anonymous_3)
FNDA:44,(anonymous_4)
FNDA:44,(anonymous_5)
FNDA:3,(anonymous_6)
FNDA:41,(anonymous_7)
FNDA:0,(anonymous_8)
DA:1,41
DA:2,41
DA:3,41
DA:4,41
DA:5,41
DA:10,41
DA:22,41
DA:28,41
DA:29,42
DA:30,42
DA:31,42
DA:32,42
DA:33,42
DA:34,42
DA:43,42
DA:44,2
DA:45,2
DA:46,2
DA:47,2
DA:48,2
DA:49,1
DA:51,1
DA:52,1
DA:53,1
DA:54,1
DA:55,1
DA:56,1
DA:57,1
DA:58,1
DA:62,1
DA:66,1
DA:70,1
DA:74,1
DA:75,0
DA:76,0
DA:79,1
DA:81,2
DA:84,42
DA:101,42
DA:165,42
DA:229,44
DA:294,44
DA:378,41
DA:379,3
DA:385,41
DA:388,41
DA:391,41
DA:392,41
DA:394,41
DA:395,41
DA:396,41
DA:397,0
DA:398,0
DA:399,0
LF:54
LH:49
BRDA:1,0,0,0
BRDA:1,0,1,41
BRDA:52,1,0,1
BRDA:52,1,1,0
BRDA:58,2,0,0
BRDA:58,2,1,1
BRDA:62,3,0,0
BRDA:62,3,1,1
BRDA:66,4,0,1
BRDA:66,4,1,0
BRDA:70,5,0,1
BRDA:70,5,1,0
BRDA:74,6,0,0
BRDA:74,6,1,1
BRDA:79,7,0,1
BRDA:79,7,1,0
BRDA:90,8,0,42
BRDA:90,8,1,6
BRDA:357,9,0,42
BRDA:357,9,1,38
BRDA:360,10,0,4
BRDA:360,10,1,38
BRDA:397,11,0,0
BRDA:397,11,1,0
BRDA:399,12,0,0
BRDA:399,12,1,0
BRF:26
BRH:14
end_of_record
TN:
SF:src/components/blog/BlogMediaImage.tsx
FN:13,(anonymous_0)
FN:46,(anonymous_1)
FN:60,(anonymous_2)
FN:62,(anonymous_3)
FNF:4
FNH:3
FNDA:2,(anonymous_0)
FNDA:1,(anonymous_1)
FNDA:1,(anonymous_2)
FNDA:0,(anonymous_3)
DA:1,1
DA:2,1
DA:3,1
DA:4,1
DA:5,1
DA:10,1
DA:13,1
DA:14,2
DA:15,2
DA:18,2
DA:19,2
DA:28,0
DA:46,1
DA:47,1
DA:51,1
DA:54,1
DA:57,1
DA:58,1
DA:60,1
DA:61,1
DA:62,1
DA:63,0
DA:64,0
DA:65,0
LF:24
LH:20
BRDA:1,0,0,0
BRDA:1,0,1,1
BRDA:13,1,0,0
BRDA:13,2,0,0
BRDA:18,3,0,2
BRDA:18,3,1,0
BRDA:63,4,0,0
BRDA:63,4,1,0
BRDA:65,5,0,0
BRDA:65,5,1,0
BRF:10
BRH:2
end_of_record
TN:
SF:src/components/categories/CategoryIcon.tsx
FN:72,(anonymous_0)
FN:78,(anonymous_1)
FN:104,(anonymous_2)
FN:106,(anonymous_3)
FNF:4
FNH:3
FNDA:32,(anonymous_0)
FNDA:32,(anonymous_1)
FNDA:41,(anonymous_2)
FNDA:0,(anonymous_3)
DA:1,41
DA:2,41
DA:3,41
DA:4,41
DA:5,41
DA:13,41
DA:14,41
DA:72,41
DA:73,32
DA:74,32
DA:76,0
DA:78,41
DA:79,32
DA:80,32
DA:95,41
DA:98,41
DA:101,41
DA:102,41
DA:104,41
DA:105,41
DA:106,41
DA:107,0
DA:108,0
DA:109,0
LF:24
LH:20
BRDA:1,0,0,0
BRDA:1,0,1,41
BRDA:73,1,0,32
BRDA:73,1,1,0
BRDA:73,2,0,32
BRDA:73,2,1,0
BRDA:76,3,0,0
BRDA:76,3,1,0
BRDA:82,4,0,0
BRDA:82,4,1,32
BRDA:107,5,0,0
BRDA:107,5,1,0
BRDA:109,6,0,0
BRDA:109,6,1,0
BRF:14
BRH:4
end_of_record
TN:
SF:src/components/categories/categoryIconNames.ts
FNF:0
FNH:0
DA:1,41
LF:1
LH:1
BRF:0
BRH:0
end_of_record
TN:
SF:src/components/category/CategoryHeader.tsx
FN:13,(anonymous_0)
FN:15,(anonymous_1)
FN:116,(anonymous_2)
FN:118,(anonymous_3)
FNF:4
FNH:3
FNDA:24,(anonymous_0)
FNDA:4,(anonymous_1)
FNDA:2,(anonymous_2)
FNDA:0,(anonymous_3)
DA:1,2
DA:2,2
DA:3,2
DA:4,2
DA:5,2
DA:10,2
DA:13,2
DA:14,24
DA:15,24
DA:18,24
DA:106,2
DA:107,2
DA:110,2
DA:113,2
DA:114,2
DA:116,2
DA:117,2
DA:118,2
DA:119,0
DA:120,0
DA:121,0
LF:21
LH:18
BRDA:1,0,0,0
BRDA:1,0,1,2
BRDA:15,1,0,4
BRDA:15,1,1,0
BRDA:24,2,0,0
BRDA:24,2,1,24
BRDA:84,3,0,24
BRDA:84,3,1,0
BRDA:119,4,0,0
BRDA:119,4,1,0
BRDA:121,5,0,0
BRDA:121,5,1,0
BRF:12
BRH:4
end_of_record
TN:
SF:src/components/category/CategorySearch.tsx
FN:12,(anonymous_0)
FN:29,(anonymous_1)
FN:58,(anonymous_2)
FN:60,(anonymous_3)
FNF:4
FNH:2
FNDA:24,(anonymous_0)
FNDA:0,(anonymous_1)
FNDA:2,(anonymous_2)
FNDA:0,(anonymous_3)
DA:1,2
DA:2,2
DA:3,2
DA:4,2
DA:5,2
DA:12,2
DA:13,24
DA:29,0
DA:49,2
DA:52,2
DA:55,2
DA:56,2
DA:58,2
DA:59,2
DA:60,2
DA:61,0
DA:62,0
DA:63,0
LF:18
LH:14
BRDA:1,0,0,0
BRDA:1,0,1,2
BRDA:61,1,0,0
BRDA:61,1,1,0
BRDA:63,2,0,0
BRDA:63,2,1,0
BRF:6
BRH:1
end_of_record
TN:
SF:src/components/category/DynamicPropertyFiltersSection.tsx
FN:10,(anonymous_0)
FN:24,(anonymous_1)
FN:38,(anonymous_2)
FN:47,(anonymous_3)
FN:111,(anonymous_4)
FN:123,(anonymous_5)
FN:167,(anonymous_6)
FN:169,(anonymous_7)
FNF:8
FNH:7
FNDA:48,(anonymous_0)
FNDA:96,(anonymous_1)
FNDA:96,(anonymous_2)
FNDA:2,(anonymous_3)
FNDA:2,(anonymous_4)
FNDA:2,(anonymous_5)
FNDA:11,(anonymous_6)
FNDA:0,(anonymous_7)
DA:1,11
DA:2,11
DA:3,11
DA:4,11
DA:5,11
DA:10,11
DA:11,48
DA:25,96
DA:26,48
DA:38,96
DA:47,2
DA:92,48
DA:93,48
DA:94,48
DA:111,2
DA:123,2
DA:144,0
DA:158,11
DA:161,11
DA:164,11
DA:165,11
DA:167,11
DA:168,11
DA:169,11
DA:170,0
DA:171,0
DA:172,0
LF:27
LH:23
BRDA:1,0,0,0
BRDA:1,0,1,11
BRDA:25,1,0,48
BRDA:25,1,1,48
BRDA:25,2,0,96
BRDA:25,2,1,48
BRDA:46,3,0,96
BRDA:46,3,1,20
BRDA:92,4,0,48
BRDA:92,4,1,0
BRDA:93,5,0,48
BRDA:93,5,1,16
BRDA:110,6,0,48
BRDA:110,6,1,16
BRDA:112,7,0,48
BRDA:112,7,1,0
BRDA:122,8,0,48
BRDA:122,8,1,22
BRDA:124,9,0,48
BRDA:124,9,1,0
BRDA:170,10,0,0
BRDA:170,10,1,0
BRDA:172,11,0,0
BRDA:172,11,1,0
BRF:24
BRH:16
end_of_record
TN:
SF:src/components/category/LoadingState.tsx
FN:11,(anonymous_0)
FN:36,(anonymous_1)
FN:38,(anonymous_2)
FNF:3
FNH:2
FNDA:30,(anonymous_0)
FNDA:11,(anonymous_1)
FNDA:0,(anonymous_2)
DA:1,11
DA:2,11
DA:3,11
DA:4,11
DA:5,11
DA:11,11
DA:12,30
DA:27,11
DA:30,11
DA:33,11
DA:34,11
DA:36,11
DA:37,11
DA:38,11
DA:39,0
DA:40,0
DA:41,0
LF:17
LH:14
BRDA:1,0,0,0
BRDA:1,0,1,11
BRDA:39,1,0,0
BRDA:39,1,1,0
BRDA:41,2,0,0
BRDA:41,2,1,0
BRF:6
BRH:1
end_of_record
TN:
SF:src/components/category/NoProductsFound.tsx
FN:11,(anonymous_0)
FN:47,(anonymous_1)
FN:49,(anonymous_2)
FNF:3
FNH:2
FNDA:10,(anonymous_0)
FNDA:2,(anonymous_1)
FNDA:0,(anonymous_2)
DA:1,2
DA:2,2
DA:3,2
DA:4,2
DA:5,2
DA:11,2
DA:12,10
DA:38,2
DA:41,2
DA:44,2
DA:45,2
DA:47,2
DA:48,2
DA:49,2
DA:50,0
DA:51,0
DA:52,0
LF:17
LH:14
BRDA:1,0,0,0
BRDA:1,0,1,2
BRDA:25,1,0,0
BRDA:25,1,1,10
BRDA:50,2,0,0
BRDA:50,2,1,0
BRDA:52,3,0,0
BRDA:52,3,1,0
BRF:8
BRH:2
end_of_record
TN:
SF:src/components/category/ProductGrid.tsx
FN:12,(anonymous_0)
FN:15,(anonymous_1)
FN:37,(anonymous_2)
FN:39,(anonymous_3)
FNF:4
FNH:3
FNDA:110,(anonymous_0)
FNDA:142,(anonymous_1)
FNDA:16,(anonymous_2)
FNDA:0,(anonymous_3)
DA:1,16
DA:2,16
DA:3,16
DA:4,16
DA:5,16
DA:12,16
DA:13,110
DA:15,142
DA:28,16
DA:31,16
DA:34,16
DA:35,16
DA:37,16
DA:38,16
DA:39,16
DA:40,0
DA:41,0
DA:42,0
LF:18
LH:15
BRDA:1,0,0,0
BRDA:1,0,1,16
BRDA:40,1,0,0
BRDA:40,1,1,0
BRDA:42,2,0,0
BRDA:42,2,1,0
BRF:6
BRH:1
end_of_record
TN:
SF:src/components/common/AppLogo.tsx
FN:13,(anonymous_0)
FN:16,(anonymous_1)
FN:50,(anonymous_2)
FN:52,(anonymous_3)
FNF:4
FNH:2
FNDA:1004,(anonymous_0)
FNDA:0,(anonymous_1)
FNDA:41,(anonymous_2)
FNDA:0,(anonymous_3)
DA:1,41
DA:2,41
DA:3,41
DA:4,41
DA:5,41
DA:10,41
DA:12,41
DA:13,41
DA:14,1004
DA:15,1004
DA:16,1004
DA:17,0
DA:19,1004
DA:20,0
DA:29,1004
DA:40,41
DA:41,41
DA:44,41
DA:47,41
DA:48,41
DA:50,41
DA:51,41
DA:52,41
DA:53,0
DA:54,0
DA:55,0
LF:26
LH:21
BRDA:1,0,0,0
BRDA:1,0,1,41
BRDA:13,1,0,0
BRDA:13,2,0,0
BRDA:13,3,0,1004
BRDA:13,4,0,1004
BRDA:13,5,0,1004
BRDA:19,6,0,0
BRDA:19,6,1,1004
BRDA:53,7,0,0
BRDA:53,7,1,0
BRDA:55,8,0,0
BRDA:55,8,1,0
BRF:13
BRH:5
end_of_record
TN:
SF:src/components/common/PublicBreadcrumbs.tsx
FN:12,(anonymous_0)
FN:21,(anonymous_1)
FN:82,(anonymous_2)
FN:84,(anonymous_3)
FNF:4
FNH:3
FNDA:148,(anonymous_0)
FNDA:488,(anonymous_1)
FNDA:20,(anonymous_2)
FNDA:0,(anonymous_3)
DA:1,20
DA:2,20
DA:3,20
DA:4,20
DA:5,20
DA:12,20
DA:13,148
DA:14,0
DA:16,148
DA:22,488
DA:23,488
DA:73,20
DA:76,20
DA:79,20
DA:80,20
DA:82,20
DA:83,20
DA:84,20
DA:85,0
DA:86,0
DA:87,0
LF:21
LH:17
BRDA:1,0,0,0
BRDA:1,0,1,20
BRDA:13,1,0,0
BRDA:13,1,1,148
BRDA:26,2,0,340
BRDA:26,2,1,148
BRDA:26,3,0,488
BRDA:26,3,1,354
BRDA:35,4,0,148
BRDA:35,4,1,0
BRDA:47,5,0,340
BRDA:47,5,1,148
BRDA:85,6,0,0
BRDA:85,6,1,0
BRDA:87,7,0,0
BRDA:87,7,1,0
BRF:16
BRH:9
end_of_record
TN:
SF:src/components/company/PublicCompanyLocationMap.tsx
FN:15,(anonymous_0)
FN:21,(anonymous_1)
FN:153,(anonymous_2)
FN:167,(anonymous_3)
FN:169,(anonymous_4)
FNF:5
FNH:4
FNDA:12,(anonymous_0)
FNDA:12,(anonymous_1)
FNDA:4,(anonymous_2)
FNDA:6,(anonymous_3)
FNDA:0,(anonymous_4)
DA:1,6
DA:2,6
DA:3,6
DA:4,6
DA:5,6
DA:10,6
DA:15,6
DA:16,12
DA:17,2
DA:19,10
DA:21,6
DA:22,12
DA:23,12
DA:24,12
DA:25,12
DA:26,12
DA:27,0
DA:29,12
DA:30,12
DA:31,12
DA:35,12
DA:44,12
DA:153,6
DA:154,4
DA:158,6
DA:161,6
DA:164,6
DA:165,6
DA:167,6
DA:168,6
DA:169,6
DA:170,0
DA:171,0
DA:172,0
LF:34
LH:30
BRDA:1,0,0,0
BRDA:1,0,1,6
BRDA:16,1,0,2
BRDA:16,1,1,10
BRDA:21,2,0,0
BRDA:26,3,0,0
BRDA:26,3,1,12
BRDA:31,4,0,2
BRDA:31,4,1,10
BRDA:41,5,0,10
BRDA:41,5,1,2
BRDA:86,6,0,10
BRDA:86,6,1,2
BRDA:125,7,0,0
BRDA:125,7,1,12
BRDA:134,8,0,10
BRDA:134,8,1,2
BRDA:170,9,0,0
BRDA:170,9,1,0
BRDA:172,10,0,0
BRDA:172,10,1,0
BRF:21
BRH:13
end_of_record
TN:
SF:src/components/layout/CategoryDrawerTree.tsx
FN:18,(anonymous_0)
FN:19,(anonymous_1)
FN:20,(anonymous_2)
FN:22,(anonymous_3)
FN:25,(anonymous_4)
FN:27,(anonymous_5)
FN:36,(anonymous_6)
FN:44,(anonymous_7)
FN:49,(anonymous_8)
FN:54,(anonymous_9)
FN:58,(anonymous_10)
FN:61,(anonymous_11)
FN:65,(anonymous_12)
FN:68,(anonymous_13)
FN:68,(anonymous_14)
FN:77,(anonymous_15)
FN:78,(anonymous_16)
FN:85,(anonymous_17)
FN:127,(anonymous_18)
FN:151,(anonymous_19)
FN:172,(anonymous_20)
FN:209,(anonymous_21)
FN:251,(anonymous_22)
FN:273,(anonymous_23)
FN:275,(anonymous_24)
FNF:25
FNH:20
FNDA:40,(anonymous_0)
FNDA:42,(anonymous_1)
FNDA:8,(anonymous_2)
FNDA:32,(anonymous_3)
FNDA:8,(anonymous_4)
FNDA:32,(anonymous_5)
FNDA:32,(anonymous_6)
FNDA:32,(anonymous_7)
FNDA:32,(anonymous_8)
FNDA:12,(anonymous_9)
FNDA:8,(anonymous_10)
FNDA:8,(anonymous_11)
FNDA:12,(anonymous_12)
FNDA:16,(anonymous_13)
FNDA:2,(anonymous_14)
FNDA:0,(anonymous_15)
FNDA:0,(anonymous_16)
FNDA:32,(anonymous_17)
FNDA:0,(anonymous_18)
FNDA:0,(anonymous_19)
FNDA:2,(anonymous_20)
FNDA:2,(anonymous_21)
FNDA:32,(anonymous_22)
FNDA:41,(anonymous_23)
FNDA:0,(anonymous_24)
DA:1,41
DA:2,41
DA:3,41
DA:4,41
DA:5,41
DA:10,41
DA:18,41
DA:19,42
DA:20,41
DA:21,8
DA:22,32
DA:23,8
DA:25,41
DA:26,8
DA:27,32
DA:28,8
DA:29,8
DA:30,32
DA:31,32
DA:32,32
DA:33,32
DA:35,8
DA:36,8
DA:37,32
DA:38,32
DA:39,32
DA:44,8
DA:45,32
DA:46,32
DA:48,8
DA:49,32
DA:50,8
DA:51,8
DA:53,41
DA:54,41
DA:55,12
DA:56,12
DA:57,12
DA:58,12
DA:61,12
DA:64,12
DA:65,12
DA:66,12
DA:67,12
DA:68,16
DA:77,12
DA:78,0
DA:79,0
DA:80,0
DA:81,0
DA:82,0
DA:85,12
DA:86,32
DA:87,32
DA:88,32
DA:89,32
DA:90,32
DA:127,0
DA:151,0
DA:164,12
DA:172,2
DA:210,2
DA:211,2
DA:212,2
DA:251,32
DA:264,41
DA:265,41
DA:267,41
DA:270,41
DA:271,41
DA:273,41
DA:274,41
DA:275,41
DA:276,0
DA:277,0
DA:278,0
LF:76
LH:66
BRDA:1,0,0,0
BRDA:1,0,1,41
BRDA:30,1,0,32
BRDA:30,1,1,32
BRDA:31,2,0,32
BRDA:31,2,1,8
BRDA:38,3,0,32
BRDA:38,3,1,32
BRDA:45,4,0,32
BRDA:45,4,1,32
BRDA:46,5,0,32
BRDA:46,5,1,0
BRDA:67,6,0,8
BRDA:67,6,1,4
BRDA:68,7,0,16
BRDA:68,7,1,14
BRDA:80,8,0,0
BRDA:80,8,1,0
BRDA:89,9,0,32
BRDA:89,9,1,0
BRDA:125,10,0,0
BRDA:125,10,1,32
BRDA:129,11,0,0
BRDA:129,11,1,0
BRDA:132,12,0,0
BRDA:132,12,1,0
BRDA:149,13,0,0
BRDA:149,13,1,32
BRDA:149,14,0,32
BRDA:149,14,1,0
BRDA:182,15,0,4
BRDA:182,15,1,8
BRDA:194,16,0,4
BRDA:194,16,1,8
BRDA:196,17,0,2
BRDA:196,17,1,2
BRDA:211,18,0,2
BRDA:211,18,1,0
BRDA:276,19,0,0
BRDA:276,19,1,0
BRDA:278,20,0,0
BRDA:278,20,1,0
BRF:42
BRH:25
end_of_record
TN:
SF:src/components/layout/Footer.tsx
FN:71,(anonymous_0)
FN:97,(anonymous_1)
FN:148,(anonymous_2)
FN:201,(anonymous_3)
FN:239,(anonymous_4)
FN:294,(anonymous_5)
FN:335,(anonymous_6)
FN:337,(anonymous_7)
FNF:8
FNH:6
FNDA:2544,(anonymous_0)
FNDA:318,(anonymous_1)
FNDA:0,(anonymous_2)
FNDA:1272,(anonymous_3)
FNDA:318,(anonymous_4)
FNDA:1272,(anonymous_5)
FNDA:41,(anonymous_6)
FNDA:0,(anonymous_7)
DA:1,41
DA:2,41
DA:3,41
DA:4,41
DA:5,41
DA:13,41
DA:18,41
DA:19,41
DA:27,41
DA:49,41
DA:71,41
DA:72,2544
DA:73,0
DA:85,2544
DA:86,2544
DA:96,41
DA:97,41
DA:98,318
DA:149,0
DA:201,1272
DA:239,318
DA:294,1272
DA:325,41
DA:328,41
DA:329,41
DA:332,41
DA:333,41
DA:335,41
DA:336,41
DA:337,41
DA:338,0
DA:339,0
DA:340,0
LF:33
LH:28
BRDA:1,0,0,0
BRDA:1,0,1,41
BRDA:72,1,0,0
BRDA:72,1,1,2544
BRDA:72,2,0,2544
BRDA:72,2,1,0
BRDA:135,3,0,0
BRDA:135,3,1,318
BRDA:338,4,0,0
BRDA:338,4,1,0
BRDA:340,5,0,0
BRDA:340,5,1,0
BRF:12
BRH:4
end_of_record
TN:
SF:src/components/layout/Header.tsx
FN:27,(anonymous_0)
FN:29,(anonymous_1)
FN:48,(anonymous_2)
FN:55,(anonymous_3)
FN:61,(anonymous_4)
FN:69,(anonymous_5)
FN:71,(anonymous_6)
FN:79,(anonymous_7)
FN:84,(anonymous_8)
FN:91,(anonymous_9)
FN:95,(anonymous_10)
FN:100,(anonymous_11)
FN:105,(anonymous_12)
FN:110,(anonymous_13)
FN:113,(anonymous_14)
FN:122,(anonymous_15)
FN:133,(anonymous_16)
FN:142,(anonymous_17)
FN:223,(anonymous_18)
FN:332,(anonymous_19)
FN:350,(anonymous_20)
FN:359,(anonymous_21)
FN:405,(anonymous_22)
FN:472,(anonymous_23)
FN:622,(anonymous_24)
FN:734,(anonymous_25)
FN:761,(anonymous_26)
FN:761,(anonymous_27)
FN:780,(anonymous_28)
FN:844,(anonymous_29)
FN:877,(anonymous_30)
FN:907,(anonymous_31)
FN:916,(anonymous_32)
FN:935,(anonymous_33)
FN:937,(anonymous_34)
FNF:35
FNH:27
FNDA:41,(anonymous_0)
FNDA:510,(anonymous_1)
FNDA:103,(anonymous_2)
FNDA:105,(anonymous_3)
FNDA:105,(anonymous_4)
FNDA:107,(anonymous_5)
FNDA:2,(anonymous_6)
FNDA:1,(anonymous_7)
FNDA:3,(anonymous_8)
FNDA:100,(anonymous_9)
FNDA:166,(anonymous_10)
FNDA:66,(anonymous_11)
FNDA:59,(anonymous_12)
FNDA:2,(anonymous_13)
FNDA:1,(anonymous_14)
FNDA:1,(anonymous_15)
FNDA:220,(anonymous_16)
FNDA:220,(anonymous_17)
FNDA:0,(anonymous_18)
FNDA:0,(anonymous_19)
FNDA:0,(anonymous_20)
FNDA:1,(anonymous_21)
FNDA:3,(anonymous_22)
FNDA:0,(anonymous_23)
FNDA:3,(anonymous_24)
FNDA:0,(anonymous_25)
FNDA:5,(anonymous_26)
FNDA:6,(anonymous_27)
FNDA:1450,(anonymous_28)
FNDA:0,(anonymous_29)
FNDA:0,(anonymous_30)
FNDA:2,(anonymous_31)
FNDA:41,(anonymous_32)
FNDA:41,(anonymous_33)
FNDA:0,(anonymous_34)
DA:1,41
DA:2,41
DA:3,41
DA:4,41
DA:5,41
DA:10,41
DA:27,41
DA:28,41
DA:29,41
DA:30,510
DA:31,510
DA:32,510
DA:33,510
DA:34,510
DA:35,510
DA:36,510
DA:37,510
DA:38,510
DA:39,510
DA:40,510
DA:41,510
DA:42,510
DA:45,510
DA:46,510
DA:48,510
DA:49,103
DA:50,86
DA:51,86
DA:55,510
DA:56,105
DA:57,105
DA:61,510
DA:62,105
DA:63,105
DA:64,105
DA:69,510
DA:70,107
DA:71,4
DA:72,2
DA:73,2
DA:74,2
DA:75,2
DA:76,2
DA:77,1
DA:79,4
DA:80,1
DA:82,4
DA:83,4
DA:84,4
DA:85,3
DA:86,3
DA:91,510
DA:92,100
DA:93,100
DA:94,100
DA:95,100
DA:96,166
DA:97,166
DA:99,100
DA:100,100
DA:101,66
DA:103,100
DA:104,100
DA:105,100
DA:106,59
DA:107,59
DA:110,510
DA:111,2
DA:113,510
DA:114,1
DA:115,1
DA:116,1
DA:117,1
DA:118,1
DA:120,0
DA:122,510
DA:123,1
DA:124,1
DA:125,1
DA:127,0
DA:133,510
DA:134,220
DA:135,152
DA:142,510
DA:143,220
DA:144,152
DA:149,510
DA:223,0
DA:332,0
DA:350,0
DA:360,1
DA:361,1
DA:405,3
DA:472,0
DA:622,3
DA:734,0
DA:761,6
DA:780,1450
DA:844,0
DA:877,0
DA:907,2
DA:916,41
DA:917,41
DA:926,41
DA:929,41
DA:932,41
DA:933,41
DA:935,41
DA:936,41
DA:937,41
DA:938,0
DA:939,0
DA:940,0
LF:113
LH:101
BRDA:1,0,0,0
BRDA:1,0,1,41
BRDA:43,1,0,510
BRDA:43,1,1,82
BRDA:46,2,0,82
BRDA:46,2,1,428
BRDA:46,3,0,82
BRDA:46,3,1,0
BRDA:46,4,0,428
BRDA:46,4,1,428
BRDA:49,5,0,17
BRDA:49,5,1,86
BRDA:51,6,0,0
BRDA:51,6,1,86
BRDA:57,7,0,105
BRDA:57,7,1,103
BRDA:70,8,0,103
BRDA:70,8,1,4
BRDA:70,9,0,107
BRDA:70,9,1,107
BRDA:73,10,0,0
BRDA:73,10,1,2
BRDA:74,11,0,0
BRDA:74,11,1,2
BRDA:76,12,0,1
BRDA:76,12,1,1
BRDA:80,13,0,1
BRDA:80,13,1,0
BRDA:93,14,0,0
BRDA:93,14,1,100
BRDA:116,15,0,1
BRDA:116,15,1,0
BRDA:123,16,0,1
BRDA:123,16,1,0
BRDA:134,17,0,68
BRDA:134,17,1,152
BRDA:143,18,0,68
BRDA:143,18,1,152
BRDA:213,19,0,136
BRDA:213,19,1,374
BRDA:265,20,0,82
BRDA:265,20,1,428
BRDA:265,21,0,510
BRDA:265,21,1,82
BRDA:494,22,0,82
BRDA:494,22,1,428
BRDA:494,23,0,510
BRDA:494,23,1,82
BRDA:657,24,0,0
BRDA:657,24,1,510
BRDA:724,25,0,0
BRDA:724,25,1,0
BRDA:805,26,0,8
BRDA:805,26,1,502
BRDA:805,27,0,510
BRDA:805,27,1,510
BRDA:867,28,0,0
BRDA:867,28,1,8
BRDA:938,29,0,0
BRDA:938,29,1,0
BRDA:940,30,0,0
BRDA:940,30,1,0
BRF:62
BRH:45
end_of_record
TN:
SF:src/components/layout/PublicSessionMessagesLink.tsx
FN:14,(anonymous_0)
FN:90,(anonymous_1)
FN:104,(anonymous_2)
FN:106,(anonymous_3)
FNF:4
FNH:3
FNDA:6,(anonymous_0)
FNDA:2,(anonymous_1)
FNDA:41,(anonymous_2)
FNDA:0,(anonymous_3)
DA:1,41
DA:2,41
DA:3,41
DA:4,41
DA:5,41
DA:10,41
DA:14,41
DA:15,6
DA:16,6
DA:19,6
DA:20,6
DA:21,6
DA:22,6
DA:23,4
DA:52,2
DA:90,41
DA:91,2
DA:95,41
DA:98,41
DA:101,41
DA:102,41
DA:104,41
DA:105,41
DA:106,41
DA:107,0
DA:108,0
DA:109,0
LF:27
LH:24
BRDA:1,0,0,0
BRDA:1,0,1,41
BRDA:14,1,0,2
BRDA:19,2,0,6
BRDA:19,2,1,0
BRDA:21,3,0,4
BRDA:21,3,1,2
BRDA:22,4,0,4
BRDA:22,4,1,2
[...]
DA:298,0
DA:299,2
DA:300,0
DA:301,0
DA:303,2
DA:309,42
DA:310,2
DA:311,4
DA:312,4
DA:316,4
DA:317,0
DA:318,0
DA:320,4
DA:326,42
DA:327,14
DA:359,28
DA:360,0
DA:405,28
DA:468,2
DA:487,1
DA:489,168
DA:617,2
DA:618,2
DA:627,2
DA:630,2
DA:633,2
DA:634,2
DA:636,2
DA:637,2
DA:638,2
DA:639,0
DA:640,0
DA:641,0
LF:145
LH:129
BRDA:1,0,0,0
BRDA:1,0,1,2
BRDA:57,1,0,4
BRDA:57,1,1,0
BRDA:58,2,0,4
BRDA:58,2,1,4
BRDA:60,3,0,6
BRDA:60,3,1,0
BRDA:76,4,0,0
BRDA:76,4,1,42
BRDA:76,5,0,42
BRDA:76,5,1,0
BRDA:85,6,0,42
BRDA:85,6,1,14
BRDA:86,7,0,42
BRDA:86,7,1,14
BRDA:87,8,0,42
BRDA:87,8,1,14
BRDA:88,9,0,28
BRDA:88,9,1,14
BRDA:91,10,0,42
BRDA:91,10,1,28
BRDA:92,11,0,42
BRDA:92,11,1,14
BRDA:120,12,0,4
BRDA:120,12,1,0
BRDA:126,13,0,4
BRDA:126,13,1,0
BRDA:127,14,0,4
BRDA:127,14,1,0
BRDA:131,15,0,4
BRDA:131,15,1,0
BRDA:132,16,0,4
BRDA:132,16,1,0
BRDA:133,17,0,4
BRDA:133,17,1,0
BRDA:135,18,0,4
BRDA:135,18,1,0
BRDA:136,19,0,4
BRDA:136,19,1,0
BRDA:145,20,0,4
BRDA:145,20,1,6
BRDA:148,21,0,6
BRDA:148,21,1,6
BRDA:163,22,0,10
BRDA:163,22,1,6
BRDA:169,23,0,12
BRDA:169,23,1,6
BRDA:176,24,0,0
BRDA:176,24,1,6
BRDA:183,25,0,6
BRDA:183,25,1,0
BRDA:192,26,0,0
BRDA:192,26,1,16
BRDA:196,27,0,0
BRDA:196,27,1,0
BRDA:200,28,0,10
BRDA:200,28,1,6
BRDA:200,29,0,16
BRDA:200,29,1,6
BRDA:208,30,0,6
BRDA:208,30,1,0
BRDA:208,31,0,0
BRDA:208,31,1,0
BRDA:217,32,0,18
BRDA:217,32,1,6
BRDA:220,33,0,4
BRDA:220,33,1,2
BRDA:234,34,0,4
BRDA:234,34,1,2
BRDA:253,35,0,0
BRDA:253,35,1,1
BRDA:269,36,0,1
BRDA:269,36,1,1
BRDA:276,37,0,1
BRDA:276,37,1,0
BRDA:282,38,0,1
BRDA:282,38,1,0
BRDA:294,39,0,2
BRDA:294,39,1,2
BRDA:295,40,0,2
BRDA:295,40,1,0
BRDA:299,41,0,0
BRDA:299,41,1,2
BRDA:311,42,0,0
BRDA:311,42,1,4
BRDA:313,43,0,4
BRDA:313,43,1,2
BRDA:314,44,0,4
BRDA:314,44,1,0
BRDA:316,45,0,0
BRDA:316,45,1,4
BRDA:316,46,0,4
BRDA:316,46,1,0
BRDA:326,47,0,14
BRDA:326,47,1,28
BRDA:326,48,0,42
BRDA:326,48,1,14
BRDA:359,49,0,0
BRDA:359,49,1,28
BRDA:359,50,0,28
BRDA:359,50,1,28
BRDA:432,51,0,28
BRDA:432,51,1,0
BRDA:471,52,0,2
BRDA:471,52,1,26
BRDA:502,53,0,28
BRDA:502,53,1,2
BRDA:510,54,0,28
BRDA:510,54,1,4
BRDA:518,55,0,28
BRDA:518,55,1,14
BRDA:555,56,0,28
BRDA:555,56,1,2
BRDA:563,57,0,16
BRDA:563,57,1,12
BRDA:639,58,0,0
BRDA:639,58,1,0
BRDA:641,59,0,0
BRDA:641,59,1,0
BRF:120
BRH:84
end_of_record
TN:
SF:src/pages/ContactPage.tsx
FN:40,(anonymous_0)
FN:60,(anonymous_1)
FN:167,(anonymous_2)
FN:200,(anonymous_3)
FN:243,(anonymous_4)
FN:285,(anonymous_5)
FN:330,(anonymous_6)
FN:466,(anonymous_7)
FN:483,(anonymous_8)
FN:485,(anonymous_9)
FNF:10
FNH:9
FNDA:60,(anonymous_0)
FNDA:3,(anonymous_1)
FNDA:62,(anonymous_2)
FNDA:310,(anonymous_3)
FNDA:62,(anonymous_4)
FNDA:62,(anonymous_5)
FNDA:62,(anonymous_6)
FNDA:2,(anonymous_7)
FNDA:2,(anonymous_8)
FNDA:0,(anonymous_9)
DA:1,2
DA:2,2
DA:3,2
DA:4,2
DA:5,2
DA:10,2
DA:26,2
DA:27,2
DA:34,2
DA:40,2
DA:41,60
DA:42,60
DA:47,60
DA:48,60
DA:49,60
DA:50,60
DA:51,60
DA:60,60
DA:61,3
DA:62,3
DA:63,3
DA:64,3
DA:65,3
DA:72,1
DA:73,1
DA:80,2
DA:81,2
DA:82,2
DA:86,2
DA:90,2
DA:94,2
DA:98,2
DA:99,1
DA:100,1
DA:103,1
DA:106,60
DA:167,62
DA:200,310
DA:243,62
DA:285,62
DA:330,62
DA:466,2
DA:467,2
DA:474,2
DA:477,2
DA:480,2
DA:481,2
DA:483,2
DA:484,2
DA:485,2
DA:486,0
DA:487,0
DA:488,0
LF:53
LH:50
BRDA:1,0,0,0
BRDA:1,0,1,2
BRDA:81,1,0,2
BRDA:81,1,1,0
BRDA:82,2,0,1
BRDA:82,2,1,1
BRDA:86,3,0,1
BRDA:86,3,1,1
BRDA:90,4,0,1
BRDA:90,4,1,1
BRDA:94,5,0,1
BRDA:94,5,1,1
BRDA:98,6,0,1
BRDA:98,6,1,1
BRDA:103,7,0,1
BRDA:103,7,1,0
BRDA:143,8,0,60
BRDA:143,8,1,2
BRDA:151,9,0,60
BRDA:151,9,1,4
BRDA:394,10,0,60
BRDA:394,10,1,54
BRDA:395,11,0,6
BRDA:395,11,1,54
BRDA:486,12,0,0
BRDA:486,12,1,0
BRDA:488,13,0,0
BRDA:488,13,1,0
BRF:28
BRH:21
end_of_record
TN:
SF:src/pages/Index.tsx
FN:20,(anonymous_0)
FN:38,(anonymous_1)
FN:127,(anonymous_2)
FN:143,(anonymous_3)
FN:145,(anonymous_4)
FNF:5
FNH:4
FNDA:52,(anonymous_0)
FNDA:26,(anonymous_1)
FNDA:11,(anonymous_2)
FNDA:11,(anonymous_3)
FNDA:0,(anonymous_4)
DA:1,11
DA:2,11
DA:3,11
DA:4,11
DA:5,11
DA:10,11
DA:20,52
DA:35,11
DA:38,11
DA:39,26
DA:40,26
DA:41,26
DA:68,26
DA:127,11
DA:128,11
DA:133,11
DA:136,11
DA:137,11
DA:140,11
DA:141,11
DA:143,11
DA:144,11
DA:145,11
DA:146,0
DA:147,0
DA:148,0
LF:26
LH:23
BRDA:1,0,0,0
BRDA:1,0,1,11
BRDA:146,1,0,0
BRDA:146,1,1,0
BRDA:148,2,0,0
BRDA:148,2,1,0
BRF:6
BRH:1
end_of_record
TN:
SF:src/pages/PartnersPage.tsx
FN:18,(anonymous_0)
FN:31,(anonymous_1)
FN:88,(anonymous_2)
FN:114,(anonymous_3)
FN:143,(anonymous_4)
FN:170,(anonymous_5)
FN:202,(anonymous_6)
FN:264,(anonymous_7)
FN:347,(anonymous_8)
FN:361,(anonymous_9)
FN:363,(anonymous_10)
FNF:11
FNH:7
FNDA:10,(anonymous_0)
FNDA:10,(anonymous_1)
FNDA:1,(anonymous_2)
FNDA:0,(anonymous_3)
FNDA:1,(anonymous_4)
FNDA:0,(anonymous_5)
FNDA:0,(anonymous_6)
FNDA:1,(anonymous_7)
FNDA:2,(anonymous_8)
FNDA:2,(anonymous_9)
FNDA:0,(anonymous_10)
DA:1,2
DA:2,2
DA:3,2
DA:4,2
DA:5,2
DA:10,2
DA:17,2
DA:18,2
DA:19,10
DA:20,10
DA:25,10
DA:26,10
DA:27,10
DA:28,10
DA:29,10
DA:30,10
DA:31,10
DA:32,10
DA:33,10
DA:34,10
DA:43,10
DA:44,10
DA:88,1
DA:114,0
DA:143,1
DA:170,0
DA:202,0
DA:264,1
DA:347,2
DA:348,2
DA:352,2
DA:355,2
DA:358,2
DA:359,2
DA:361,2
DA:362,2
DA:363,2
DA:364,0
DA:365,0
DA:366,0
LF:40
LH:34
BRDA:1,0,0,0
BRDA:1,0,1,2
BRDA:32,1,0,10
BRDA:32,1,1,4
BRDA:43,2,0,10
BRDA:43,2,1,6
BRDA:43,2,2,4
BRDA:364,3,0,0
BRDA:364,3,1,0
BRDA:366,4,0,0
BRDA:366,4,1,0
BRF:11
BRH:6
end_of_record
TN:
SF:src/pages/ProductDetail.tsx
FN:15,(anonymous_0)
FN:18,(anonymous_1)
FN:63,(anonymous_2)
FN:65,(anonymous_3)
FNF:4
FNH:3
FNDA:24,(anonymous_0)
FNDA:24,(anonymous_1)
FNDA:12,(anonymous_2)
FNDA:0,(anonymous_3)
DA:1,12
DA:2,12
DA:3,12
DA:4,12
DA:5,12
DA:10,12
DA:15,12
DA:16,24
DA:18,24
DA:19,24
DA:21,24
DA:53,12
DA:54,12
DA:57,12
DA:60,12
DA:61,12
DA:63,12
DA:64,12
DA:65,12
DA:66,0
DA:67,0
DA:68,0
LF:22
LH:19
BRDA:1,0,0,0
BRDA:1,0,1,12
BRDA:66,1,0,0
BRDA:66,1,1,0
BRDA:68,2,0,0
BRDA:68,2,1,0
BRF:6
BRH:1
end_of_record
TN:
SF:src/pages/PublicCompanyPage.tsx
FN:30,(anonymous_0)
FN:34,(anonymous_1)
FN:35,(anonymous_2)
FN:35,(anonymous_3)
FN:36,(anonymous_4)
FN:40,(anonymous_5)
FN:64,(anonymous_6)
FN:83,(anonymous_7)
FN:86,(anonymous_8)
FN:89,(anonymous_9)
FN:90,(anonymous_10)
FN:121,(anonymous_11)
FN:134,(anonymous_12)
FN:163,(anonymous_13)
FN:173,(anonymous_14)
FN:211,(anonymous_15)
FN:220,(anonymous_16)
FN:225,(anonymous_17)
FN:281,(anonymous_18)
FN:532,(anonymous_19)
FN:541,(anonymous_20)
FN:630,(anonymous_21)
FN:654,(anonymous_22)
FN:709,(anonymous_23)
FN:730,(anonymous_24)
FN:732,(anonymous_25)
FNF:26
FNH:21
FNDA:10,(anonymous_0)
FNDA:32,(anonymous_1)
FNDA:52,(anonymous_2)
FNDA:216,(anonymous_3)
FNDA:32,(anonymous_4)
FNDA:18,(anonymous_5)
FNDA:32,(anonymous_6)
FNDA:20,(anonymous_7)
FNDA:20,(anonymous_8)
FNDA:28,(anonymous_9)
FNDA:10,(anonymous_10)
FNDA:20,(anonymous_11)
FNDA:32,(anonymous_12)
FNDA:36,(anonymous_13)
FNDA:8,(anonymous_14)
FNDA:0,(anonymous_15)
FNDA:13,(anonymous_16)
FNDA:19,(anonymous_17)
FNDA:128,(anonymous_18)
FNDA:0,(anonymous_19)
FNDA:1,(anonymous_20)
FNDA:0,(anonymous_21)
FNDA:0,(anonymous_22)
FNDA:6,(anonymous_23)
FNDA:6,(anonymous_24)
FNDA:0,(anonymous_25)
DA:1,6
DA:2,6
DA:3,6
DA:4,6
DA:5,6
DA:10,6
DA:28,6
DA:29,6
DA:30,6
DA:31,10
DA:32,10
DA:34,32
DA:35,216
DA:36,32
DA:40,6
DA:41,18
DA:42,0
DA:44,18
DA:45,4
DA:54,14
DA:55,12
DA:62,2
DA:64,6
DA:65,32
DA:66,32
DA:67,32
DA:68,32
DA:69,32
DA:70,32
DA:71,32
DA:72,32
DA:73,32
DA:74,32
DA:75,32
DA:76,32
DA:77,32
DA:78,32
DA:79,32
DA:80,32
DA:81,32
DA:82,32
DA:83,32
DA:86,32
DA:89,32
DA:90,28
DA:121,32
DA:134,32
DA:135,32
DA:136,0
DA:142,32
DA:143,2
DA:150,30
DA:151,12
DA:157,18
DA:158,18
DA:159,18
DA:160,18
DA:163,36
DA:170,18
DA:173,8
DA:180,18
DA:210,32
DA:211,32
DA:212,0
DA:213,0
DA:214,0
DA:216,0
DA:218,0
DA:220,32
DA:221,13
DA:225,32
DA:226,19
DA:227,18
DA:229,1
DA:230,1
DA:231,0
DA:233,1
DA:235,1
DA:244,32
DA:245,32
DA:246,32
DA:247,32
DA:281,128
DA:532,0
DA:541,1
DA:630,0
DA:654,0
DA:709,6
DA:710,6
DA:721,6
DA:724,6
DA:727,6
DA:728,6
DA:730,6
DA:731,6
DA:732,6
DA:733,0
DA:734,0
DA:735,0
LF:99
LH:85
BRDA:1,0,0,0
BRDA:1,0,1,6
BRDA:31,1,0,10
BRDA:31,1,1,0
BRDA:32,2,0,10
BRDA:32,2,1,10
BRDA:34,3,0,32
BRDA:34,3,1,12
BRDA:35,4,0,216
BRDA:35,4,1,28
BRDA:36,5,0,32
BRDA:36,5,1,28
BRDA:41,6,0,0
BRDA:41,6,1,18
BRDA:44,7,0,4
BRDA:44,7,1,14
BRDA:47,8,0,4
BRDA:47,8,1,0
BRDA:48,9,0,4
BRDA:48,9,1,0
BRDA:49,10,0,4
BRDA:49,10,1,0
BRDA:50,11,0,4
BRDA:50,11,1,0
BRDA:51,12,0,4
BRDA:51,12,1,0
BRDA:54,13,0,12
BRDA:54,13,1,2
BRDA:54,14,0,14
BRDA:54,14,1,2
BRDA:54,14,2,2
BRDA:57,15,0,12
BRDA:57,15,1,0
BRDA:58,16,0,12
BRDA:58,16,1,0
BRDA:59,17,0,12
BRDA:59,17,1,0
BRDA:71,18,0,32
BRDA:71,18,1,0
BRDA:71,19,0,32
BRDA:71,19,1,24
BRDA:72,20,0,32
BRDA:72,20,1,0
BRDA:73,21,0,32
BRDA:73,21,1,0
BRDA:74,22,0,32
BRDA:74,22,1,14
BRDA:75,23,0,32
BRDA:75,23,1,14
BRDA:76,24,0,32
BRDA:76,24,1,14
BRDA:78,25,0,32
BRDA:78,25,1,16
BRDA:80,26,0,32
BRDA:80,26,1,28
BRDA:81,27,0,32
BRDA:81,27,1,10
BRDA:81,27,2,4
BRDA:82,28,0,32
BRDA:82,28,1,16
BRDA:82,28,2,16
BRDA:82,29,0,28
BRDA:82,29,1,4
BRDA:97,30,0,10
BRDA:97,30,1,0
BRDA:103,31,0,10
BRDA:103,31,1,0
BRDA:104,32,0,10
BRDA:104,32,1,2
BRDA:104,32,2,0
BRDA:105,33,0,10
BRDA:105,33,1,2
BRDA:105,33,2,0
BRDA:108,34,0,10
BRDA:108,34,1,0
BRDA:109,35,0,10
BRDA:109,35,1,0
BRDA:110,36,0,10
BRDA:110,36,1,0
BRDA:112,37,0,10
BRDA:112,37,1,0
BRDA:113,38,0,10
BRDA:113,38,1,0
BRDA:126,39,0,10
BRDA:126,39,1,10
BRDA:135,40,0,0
BRDA:135,40,1,32
BRDA:142,41,0,2
BRDA:142,41,1,30
BRDA:150,42,0,12
BRDA:150,42,1,18
BRDA:159,43,0,18
BRDA:159,43,1,8
BRDA:159,44,0,6
BRDA:159,44,1,2
BRDA:167,45,0,36
BRDA:167,45,1,18
BRDA:170,46,0,8
BRDA:170,46,1,10
BRDA:190,47,0,18
BRDA:190,47,1,8
BRDA:192,48,0,18
BRDA:192,48,1,18
BRDA:195,49,0,8
BRDA:195,49,1,10
BRDA:213,50,0,0
BRDA:213,50,1,0
BRDA:226,51,0,18
BRDA:226,51,1,1
BRDA:226,52,0,19
BRDA:226,52,1,7
BRDA:226,52,2,6
BRDA:230,53,0,0
BRDA:230,53,1,1
BRDA:244,54,0,32
BRDA:244,54,1,20
BRDA:267,55,0,32
BRDA:267,55,1,16
BRDA:299,56,0,32
BRDA:299,56,1,16
BRDA:299,56,2,2
BRDA:324,57,0,32
BRDA:324,57,1,16
BRDA:324,57,2,14
BRDA:324,57,3,14
BRDA:331,58,0,0
BRDA:331,58,1,14
BRDA:373,59,0,0
BRDA:373,59,1,14
BRDA:413,60,0,12
BRDA:413,60,1,2
BRDA:475,61,0,14
BRDA:475,61,1,8
BRDA:498,62,0,14
BRDA:498,62,1,10
BRDA:565,63,0,12
BRDA:565,63,1,2
BRDA:566,64,0,10
BRDA:566,64,1,2
BRDA:569,65,0,10
BRDA:569,65,1,2
BRDA:609,66,0,0
BRDA:609,66,1,14
BRDA:616,67,0,8
BRDA:616,67,1,6
BRDA:733,68,0,0
BRDA:733,68,1,0
BRDA:735,69,0,0
BRDA:735,69,1,0
BRF:149
BRH:115
end_of_record
TN:
SF:src/pages/SearchPage.tsx
FN:54,(anonymous_0)
FN:58,(anonymous_1)
FN:74,(anonymous_2)
FN:75,(anonymous_3)
FN:83,(anonymous_4)
FN:89,(anonymous_5)
FN:97,(anonymous_6)
FN:104,(anonymous_7)
FN:106,(anonymous_8)
FN:119,(anonymous_9)
FN:121,(anonymous_10)
FN:138,(anonymous_11)
FN:139,(anonymous_12)
FN:145,(anonymous_13)
FN:188,(anonymous_14)
FN:206,(anonymous_15)
FN:254,(anonymous_16)
FN:256,(anonymous_17)
FN:295,(anonymous_18)
FN:326,(anonymous_19)
FN:331,(anonymous_20)
FN:334,(anonymous_21)
FN:334,(anonymous_22)
FN:338,(anonymous_23)
FN:341,(anonymous_24)
FN:346,(anonymous_25)
FN:354,(anonymous_26)
FN:362,(anonymous_27)
FN:365,(anonymous_28)
FN:377,(anonymous_29)
FN:382,(anonymous_30)
FN:387,(anonymous_31)
FN:392,(anonymous_32)
FN:397,(anonymous_33)
FN:410,(anonymous_34)
FN:413,(anonymous_35)
FN:419,(anonymous_36)
FN:420,(anonymous_37)
FN:454,(anonymous_38)
FN:458,(anonymous_39)
FN:461,(anonymous_40)
FN:475,(anonymous_41)
FN:476,(anonymous_42)
FN:480,(anonymous_43)
FN:481,(anonymous_44)
FN:484,(anonymous_45)
FN:491,(anonymous_46)
FN:529,(anonymous_47)
FN:530,(anonymous_48)
FN:536,(anonymous_49)
FN:548,(anonymous_50)
FN:549,(anonymous_51)
FN:554,(anonymous_52)
FN:565,(anonymous_53)
FN:566,(anonymous_54)
FN:693,(anonymous_55)
FN:755,(anonymous_56)
FN:846,(anonymous_57)
FN:865,(anonymous_58)
FN:867,(anonymous_59)
FNF:60
FNH:56
FNDA:32,(anonymous_0)
FNDA:32,(anonymous_1)
FNDA:122,(anonymous_2)
FNDA:96,(anonymous_3)
FNDA:246,(anonymous_4)
FNDA:433,(anonymous_5)
FNDA:162,(anonymous_6)
FNDA:24,(anonymous_7)
FNDA:24,(anonymous_8)
FNDA:24,(anonymous_9)
FNDA:24,(anonymous_10)
FNDA:144,(anonymous_11)
FNDA:432,(anonymous_12)
FNDA:1,(anonymous_13)
FNDA:160,(anonymous_14)
FNDA:6,(anonymous_15)
FNDA:4,(anonymous_16)
FNDA:864,(anonymous_17)
FNDA:272,(anonymous_18)
FNDA:120,(anonymous_19)
FNDA:24,(anonymous_20)
FNDA:12,(anonymous_21)
FNDA:12,(anonymous_22)
FNDA:24,(anonymous_23)
FNDA:12,(anonymous_24)
FNDA:24,(anonymous_25)
FNDA:24,(anonymous_26)
FNDA:24,(anonymous_27)
FNDA:24,(anonymous_28)
FNDA:16,(anonymous_29)
FNDA:18,(anonymous_30)
FNDA:18,(anonymous_31)
FNDA:20,(anonymous_32)
FNDA:20,(anonymous_33)
FNDA:32,(anonymous_34)
FNDA:22,(anonymous_35)
FNDA:40,(anonymous_36)
FNDA:32,(anonymous_37)
FNDA:0,(anonymous_38)
FNDA:1,(anonymous_39)
FNDA:1,(anonymous_40)
FNDA:6,(anonymous_41)
FNDA:3,(anonymous_42)
FNDA:3,(anonymous_43)
FNDA:1,(anonymous_44)
FNDA:2,(anonymous_45)
FNDA:6,(anonymous_46)
FNDA:1,(anonymous_47)
FNDA:1,(anonymous_48)
FNDA:1,(anonymous_49)
FNDA:1,(anonymous_50)
FNDA:1,(anonymous_51)
FNDA:0,(anonymous_52)
FNDA:2,(anonymous_53)
FNDA:2,(anonymous_54)
FNDA:3,(anonymous_55)
FNDA:0,(anonymous_56)
FNDA:8,(anonymous_57)
FNDA:9,(anonymous_58)
FNDA:0,(anonymous_59)
DA:1,9
DA:2,9
DA:3,9
DA:4,9
DA:5,9
DA:10,9
DA:26,9
DA:27,9
DA:28,9
DA:54,9
DA:55,32
DA:56,32
DA:58,9
DA:59,32
DA:60,32
DA:61,32
DA:62,90
DA:67,32
DA:68,90
DA:69,12
DA:71,78
DA:74,32
DA:75,122
DA:76,122
DA:77,90
DA:80,32
DA:81,32
DA:83,9
DA:84,246
DA:87,82
DA:89,9
DA:90,433
DA:91,352
DA:96,81
DA:97,162
DA:98,81
DA:99,81
DA:104,9
DA:105,24
DA:106,24
DA:107,24
DA:108,24
DA:109,22
DA:111,2
DA:112,2
DA:117,24
DA:119,9
DA:120,24
DA:121,24
DA:122,24
DA:123,24
DA:124,20
DA:126,4
DA:127,4
DA:128,0
DA:130,4
DA:131,4
DA:136,24
DA:138,9
DA:139,144
DA:140,432
DA:141,432
DA:145,1
DA:188,160
DA:201,144
DA:207,6
DA:254,4
DA:256,864
DA:295,272
DA:325,9
DA:326,9
DA:327,120
DA:328,120
DA:329,120
DA:330,120
DA:331,120
DA:332,24
DA:333,24
DA:334,12
DA:338,120
DA:339,24
DA:340,24
DA:341,12
DA:342,0
DA:346,120
DA:347,24
DA:348,24
DA:349,4
DA:350,4
DA:354,120
DA:355,24
DA:356,24
DA:357,4
DA:358,4
DA:362,120
DA:365,120
DA:368,120
DA:369,120
DA:370,120
DA:371,120
DA:372,120
DA:373,120
DA:374,120
DA:375,120
DA:376,120
DA:377,120
DA:378,16
DA:382,120
DA:383,18
DA:387,120
DA:388,18
DA:392,120
DA:393,20
DA:397,120
DA:398,20
DA:402,120
DA:410,120
DA:413,120
DA:416,120
DA:417,120
DA:418,120
DA:419,120
DA:420,40
DA:448,120
DA:454,120
DA:455,0
DA:456,0
DA:458,120
DA:459,1
DA:460,1
DA:461,1
DA:462,1
DA:463,1
DA:464,0
DA:465,0
DA:467,1
DA:468,2
DA:470,1
DA:471,1
DA:472,1
DA:475,120
DA:476,120
DA:477,3
DA:478,0
DA:480,3
DA:481,3
DA:484,2
DA:491,120
DA:492,6
DA:493,6
DA:494,6
DA:495,6
DA:496,6
DA:497,6
DA:498,6
DA:499,6
DA:500,3
DA:501,3
DA:502,3
DA:503,3
DA:504,1
DA:505,1
DA:507,2
DA:508,2
DA:510,3
DA:514,3
DA:515,3
DA:517,4
DA:518,0
DA:520,4
DA:521,2
DA:523,4
DA:524,1
DA:525,1
DA:526,1
DA:528,4
DA:529,2
DA:530,1
DA:531,1
DA:532,1
DA:536,2
DA:537,1
DA:538,1
DA:540,1
DA:541,1
DA:545,4
DA:546,4
DA:548,120
DA:549,1
DA:550,1
DA:551,1
DA:554,0
DA:555,1
DA:556,0
DA:557,0
DA:559,1
DA:565,120
DA:566,2
DA:567,2
DA:568,2
DA:572,2
DA:573,0
DA:574,0
DA:576,2
DA:582,120
DA:694,3
DA:695,3
DA:696,2
DA:698,3
DA:755,0
DA:846,9
DA:847,8
DA:855,9
DA:858,9
DA:859,9
DA:862,9
DA:863,9
DA:865,9
DA:866,9
DA:867,9
DA:868,0
DA:869,0
DA:870,0
LF:223
LH:206
BRDA:1,0,0,0
BRDA:1,0,1,9
BRDA:55,1,0,32
BRDA:55,1,1,0
BRDA:56,2,0,32
BRDA:56,2,1,32
BRDA:68,3,0,12
BRDA:68,3,1,78
BRDA:68,4,0,90
BRDA:68,4,1,12
BRDA:84,5,0,164
BRDA:84,5,1,82
BRDA:90,6,0,352
BRDA:90,6,1,81
BRDA:98,7,0,81
BRDA:98,7,1,52
BRDA:100,8,0,81
BRDA:100,8,1,29
BRDA:101,9,0,81
BRDA:101,9,1,29
BRDA:108,10,0,22
BRDA:108,10,1,2
BRDA:108,11,0,24
BRDA:108,11,1,2
BRDA:113,12,0,2
BRDA:113,12,1,2
BRDA:123,13,0,20
BRDA:123,13,1,4
BRDA:123,14,0,24
BRDA:123,14,1,4
BRDA:127,15,0,0
BRDA:127,15,1,4
BRDA:132,16,0,4
BRDA:132,16,1,2
BRDA:152,17,0,156
BRDA:152,17,1,276
BRDA:152,18,0,432
BRDA:152,18,1,276
BRDA:153,19,0,156
BRDA:153,19,1,276
BRDA:159,20,0,0
BRDA:159,20,1,276
BRDA:186,21,0,432
BRDA:186,21,1,80
BRDA:212,22,0,8
BRDA:212,22,1,136
BRDA:285,23,0,144
BRDA:285,23,1,6
BRDA:307,24,0,144
BRDA:307,24,1,36
BRDA:330,25,0,120
BRDA:330,25,1,112
BRDA:333,26,0,20
BRDA:333,26,1,4
BRDA:340,27,0,20
BRDA:340,27,1,4
BRDA:341,28,0,4
BRDA:341,28,1,0
BRDA:348,29,0,20
BRDA:348,29,1,4
BRDA:350,30,0,4
BRDA:350,30,1,0
BRDA:356,31,0,20
BRDA:356,31,1,4
BRDA:358,32,0,4
BRDA:358,32,1,0
BRDA:405,33,0,104
BRDA:405,33,1,16
BRDA:416,34,0,120
BRDA:416,34,1,16
BRDA:417,35,0,120
BRDA:417,35,1,16
BRDA:418,36,0,120
BRDA:418,36,1,18
BRDA:427,37,0,32
BRDA:427,37,1,0
BRDA:433,38,0,32
BRDA:433,38,1,0
BRDA:434,39,0,32
BRDA:434,39,1,0
BRDA:438,40,0,32
BRDA:438,40,1,0
BRDA:439,41,0,32
BRDA:439,41,1,0
BRDA:440,42,0,32
BRDA:440,42,1,0
BRDA:442,43,0,32
BRDA:442,43,1,0
BRDA:443,44,0,32
BRDA:443,44,1,0
BRDA:449,45,0,8
BRDA:449,45,1,112
BRDA:463,46,0,0
BRDA:463,46,1,1
BRDA:463,47,0,1
BRDA:463,47,1,1
BRDA:477,48,0,0
BRDA:477,48,1,3
BRDA:499,49,0,3
BRDA:499,49,1,3
BRDA:500,50,0,3
BRDA:500,50,1,0
BRDA:500,51,0,3
BRDA:500,51,1,0
BRDA:507,52,0,2
BRDA:507,52,1,0
BRDA:517,53,0,0
BRDA:517,53,1,4
BRDA:520,54,0,2
BRDA:520,54,1,2
BRDA:523,55,0,1
BRDA:523,55,1,3
BRDA:523,56,0,4
BRDA:523,56,1,1
BRDA:523,56,2,1
BRDA:528,57,0,2
BRDA:528,57,1,2
BRDA:531,58,0,1
BRDA:531,58,1,0
BRDA:537,59,0,1
BRDA:537,59,1,0
BRDA:540,60,0,1
BRDA:540,60,1,0
BRDA:550,61,0,1
BRDA:550,61,1,1
BRDA:551,62,0,1
BRDA:551,62,1,0
BRDA:555,63,0,0
BRDA:555,63,1,1
BRDA:567,64,0,0
BRDA:567,64,1,2
BRDA:569,65,0,2
BRDA:569,65,1,1
BRDA:570,66,0,2
BRDA:570,66,1,0
BRDA:572,67,0,0
BRDA:572,67,1,2
BRDA:572,68,0,2
BRDA:572,68,1,0
BRDA:695,69,0,2
BRDA:695,69,1,1
BRDA:774,70,0,120
BRDA:774,70,1,36
BRDA:782,71,0,16
BRDA:782,71,1,104
BRDA:782,72,0,120
BRDA:782,72,1,16
BRDA:786,73,0,98
BRDA:786,73,1,6
BRDA:805,74,0,0
BRDA:805,74,1,6
BRDA:868,75,0,0
BRDA:868,75,1,0
BRDA:870,76,0,0
BRDA:870,76,1,0
BRF:155
BRH:120
end_of_record
TN:
SF:src/pages/legal/PrivacyPage.tsx
FN:15,(anonymous_0)
FN:535,(anonymous_1)
FN:549,(anonymous_2)
FN:551,(anonymous_3)
FNF:4
FNH:3
FNDA:2,(anonymous_0)
FNDA:1,(anonymous_1)
FNDA:1,(anonymous_2)
FNDA:0,(anonymous_3)
DA:1,1
DA:2,1
DA:3,1
DA:4,1
DA:5,1
DA:10,1
DA:15,1
DA:16,2
DA:17,2
DA:23,2
DA:535,1
DA:536,1
DA:540,1
DA:543,1
DA:546,1
DA:547,1
DA:549,1
DA:550,1
DA:551,1
DA:552,0
DA:553,0
DA:554,0
LF:22
LH:19
BRDA:1,0,0,0
BRDA:1,0,1,1
BRDA:552,1,0,0
BRDA:552,1,1,0
BRDA:554,2,0,0
BRDA:554,2,1,0
BRF:6
BRH:1
end_of_record
TN:
SF:src/utils/backendError.ts
FN:1,(anonymous_0)
FN:2,(anonymous_1)
FN:9,(anonymous_2)
FN:15,(anonymous_3)
FN:27,(anonymous_4)
FN:36,(anonymous_5)
FN:40,(anonymous_6)
FN:44,(anonymous_7)
FN:63,(anonymous_8)
FN:69,(anonymous_9)
FNF:10
FNH:5
FNDA:3,(anonymous_0)
FNDA:0,(anonymous_1)
FNDA:0,(anonymous_2)
FNDA:0,(anonymous_3)
FNDA:1,(anonymous_4)
FNDA:1,(anonymous_5)
FNDA:1,(anonymous_6)
FNDA:0,(anonymous_7)
FNDA:1,(anonymous_8)
FNDA:0,(anonymous_9)
DA:1,41
DA:2,41
DA:3,0
DA:4,0
DA:6,0
DA:7,0
DA:9,41
DA:10,0
DA:11,0
DA:13,0
DA:14,0
DA:15,0
DA:16,0
DA:17,0
DA:20,0
DA:21,0
DA:22,0
DA:25,0
DA:27,41
DA:28,1
DA:29,0
DA:31,1
DA:32,1
DA:34,0
DA:36,41
DA:37,1
DA:38,1
DA:39,1
DA:40,1
DA:42,0
DA:44,41
DA:45,0
DA:46,0
DA:47,0
DA:48,0
DA:50,0
DA:51,0
DA:52,0
DA:54,0
DA:55,0
DA:56,0
DA:58,0
DA:59,0
DA:61,0
DA:63,41
DA:64,1
DA:65,0
DA:67,1
DA:69,41
LF:49
LH:17
BRDA:1,0,0,3
BRDA:1,0,1,3
BRDA:3,1,0,0
BRDA:3,1,1,0
BRDA:7,2,0,0
BRDA:7,2,1,0
BRDA:10,3,0,0
BRDA:10,3,1,0
BRDA:14,4,0,0
BRDA:14,4,1,0
BRDA:16,5,0,0
BRDA:16,5,1,0
BRDA:21,6,0,0
BRDA:21,6,1,0
BRDA:28,7,0,0
BRDA:28,7,1,1
BRDA:31,8,0,1
BRDA:31,8,1,0
BRDA:39,9,0,1
BRDA:39,9,1,0
BRDA:40,10,0,1
BRDA:40,10,1,0
BRDA:47,11,0,0
BRDA:47,11,1,0
BRDA:51,12,0,0
BRDA:51,12,1,0
BRDA:55,13,0,0
BRDA:55,13,1,0
BRDA:58,14,0,0
BRDA:58,14,1,0
BRDA:64,15,0,0
BRDA:64,15,1,1
BRDA:67,16,0,1
BRDA:67,16,1,0
BRDA:69,17,0,0
BRDA:69,17,1,0
BRF:36
BRH:8
end_of_record
TN:
SF:src/utils/categoryBreadcrumb.ts
FN:5,buildCategoryBreadcrumbName
FNF:1
FNH:1
FNDA:2,buildCategoryBreadcrumbName
DA:6,2
DA:7,2
DA:8,2
DA:9,2
DA:10,2
DA:11,2
DA:12,2
DA:13,2
DA:14,2
DA:16,2
LF:10
LH:10
BRDA:6,0,0,2
BRDA:6,0,1,2
BRDA:7,1,0,2
BRDA:7,1,1,2
BRDA:11,2,0,4
BRDA:11,2,1,2
BRDA:13,3,0,0
BRDA:13,3,1,2
BRF:8
BRH:7
end_of_record
