{"total": {"lines":{"total":5341,"covered":4905,"skipped":0,"pct":91.83},"statements":{"total":5564,"covered":5085,"skipped":0,"pct":91.39},"functions":{"total":1584,"covered":1460,"skipped":0,"pct":92.17},"branches":{"total":5065,"covered":3829,"skipped":0,"pct":75.59},"branchesTrue":{"total":0,"covered":0,"skipped":0,"pct":100}}
,"/Users/victor/development/appquilar/appquilar/src/compositionRoot.ts": {"lines":{"total":42,"covered":42,"skipped":0,"pct":100},"functions":{"total":1,"covered":0,"skipped":0,"pct":0},"statements":{"total":43,"covered":42,"skipped":0,"pct":97.67},"branches":{"total":0,"covered":0,"skipped":0,"pct":100}}
,"/Users/victor/development/appquilar/appquilar/src/application/hooks/useAdminPlatformAnalytics.ts": {"lines":{"total":33,"covered":33,"skipped":0,"pct":100},"functions":{"total":18,"covered":18,"skipped":0,"pct":100},"statements":{"total":33,"covered":33,"skipped":0,"pct":100},"branches":{"total":4,"covered":4,"skipped":0,"pct":100}}
,"/Users/victor/development/appquilar/appquilar/src/application/hooks/useAdminUserEditor.ts": {"lines":{"total":80,"covered":76,"skipped":0,"pct":95},"functions":{"total":10,"covered":10,"skipped":0,"pct":100},"statements":{"total":86,"covered":76,"skipped":0,"pct":88.37},"branches":{"total":82,"covered":70,"skipped":0,"pct":85.36}}
,"/Users/victor/development/appquilar/appquilar/src/application/hooks/useCategoryBreadcrumbs.ts": {"lines":{"total":5,"covered":5,"skipped":0,"pct":100},"functions":{"total":3,"covered":3,"skipped":0,"pct":100},"statements":{"total":5,"covered":5,"skipped":0,"pct":100},"branches":{"total":2,"covered":2,"skipped":0,"pct":100}}
,"/Users/victor/development/appquilar/appquilar/src/application/hooks/useCategoryWithProducts.ts": {"lines":{"total":18,"covered":15,"skipped":0,"pct":83.33},"functions":{"total":7,"covered":4,"skipped":0,"pct":57.14},"statements":{"total":18,"covered":15,"skipped":0,"pct":83.33},"branches":{"total":12,"covered":6,"skipped":0,"pct":50}}
,"/Users/victor/development/appquilar/appquilar/src/application/hooks/useCompanyAdvancedStats.ts": {"lines":{"total":4,"covered":4,"skipped":0,"pct":100},"functions":{"total":2,"covered":2,"skipped":0,"pct":100},"statements":{"total":4,"covered":4,"skipped":0,"pct":100},"branches":{"total":9,"covered":9,"skipped":0,"pct":100}}
,"/Users/victor/development/appquilar/appquilar/src/application/hooks/useCompanyEngagementStats.ts": {"lines":{"total":4,"covered":4,"skipped":0,"pct":100},"functions":{"total":2,"covered":2,"skipped":0,"pct":100},"statements":{"total":4,"covered":4,"skipped":0,"pct":100},"branches":{"total":6,"covered":6,"skipped":0,"pct":100}}
,"/Users/victor/development/appquilar/appquilar/src/application/hooks/useCurrentUser.ts": {"lines":{"total":6,"covered":6,"skipped":0,"pct":100},"functions":{"total":2,"covered":2,"skipped":0,"pct":100},"statements":{"total":7,"covered":6,"skipped":0,"pct":85.71},"branches":{"total":6,"covered":5,"skipped":0,"pct":83.33}}
,"/Users/victor/development/appquilar/appquilar/src/application/hooks/useMediaActions.ts": {"lines":{"total":8,"covered":8,"skipped":0,"pct":100},"functions":{"total":4,"covered":4,"skipped":0,"pct":100},"statements":{"total":8,"covered":8,"skipped":0,"pct":100},"branches":{"total":0,"covered":0,"skipped":0,"pct":100}}
,"/Users/victor/development/appquilar/appquilar/src/application/hooks/useMediaUrl.ts": {"lines":{"total":32,"covered":32,"skipped":0,"pct":100},"functions":{"total":4,"covered":4,"skipped":0,"pct":100},"statements":{"total":36,"covered":34,"skipped":0,"pct":94.44},"branches":{"total":14,"covered":11,"skipped":0,"pct":78.57}}
,"/Users/victor/development/appquilar/appquilar/src/application/hooks/usePaymentPlans.ts": {"lines":{"total":19,"covered":19,"skipped":0,"pct":100},"functions":{"total":10,"covered":10,"skipped":0,"pct":100},"statements":{"total":19,"covered":19,"skipped":0,"pct":100},"branches":{"total":14,"covered":11,"skipped":0,"pct":78.57}}
,"/Users/victor/development/appquilar/appquilar/src/application/hooks/useProductForm.ts": {"lines":{"total":75,"covered":73,"skipped":0,"pct":97.33},"functions":{"total":7,"covered":7,"skipped":0,"pct":100},"statements":{"total":76,"covered":74,"skipped":0,"pct":97.36},"branches":{"total":60,"covered":50,"skipped":0,"pct":83.33}}
,"/Users/victor/development/appquilar/appquilar/src/application/hooks/useProductOwnerAddress.ts": {"lines":{"total":9,"covered":9,"skipped":0,"pct":100},"functions":{"total":2,"covered":2,"skipped":0,"pct":100},"statements":{"total":9,"covered":9,"skipped":0,"pct":100},"branches":{"total":15,"covered":13,"skipped":0,"pct":86.66}}
,"/Users/victor/development/appquilar/appquilar/src/application/hooks/useProducts.ts": {"lines":{"total":124,"covered":112,"skipped":0,"pct":90.32},"functions":{"total":41,"covered":39,"skipped":0,"pct":95.12},"statements":{"total":127,"covered":113,"skipped":0,"pct":88.97},"branches":{"total":61,"covered":45,"skipped":0,"pct":73.77}}
,"/Users/victor/development/appquilar/appquilar/src/application/hooks/usePublicCompanyProducts.ts": {"lines":{"total":4,"covered":4,"skipped":0,"pct":100},"functions":{"total":3,"covered":3,"skipped":0,"pct":100},"statements":{"total":4,"covered":4,"skipped":0,"pct":100},"branches":{"total":0,"covered":0,"skipped":0,"pct":100}}
,"/Users/victor/development/appquilar/appquilar/src/application/hooks/usePublicCompanyProfile.ts": {"lines":{"total":3,"covered":3,"skipped":0,"pct":100},"functions":{"total":2,"covered":2,"skipped":0,"pct":100},"statements":{"total":3,"covered":3,"skipped":0,"pct":100},"branches":{"total":0,"covered":0,"skipped":0,"pct":100}}
,"/Users/victor/development/appquilar/appquilar/src/application/hooks/usePublicMediaUrl.ts": {"lines":{"total":5,"covered":5,"skipped":0,"pct":100},"functions":{"total":1,"covered":1,"skipped":0,"pct":100},"statements":{"total":5,"covered":5,"skipped":0,"pct":100},"branches":{"total":5,"covered":4,"skipped":0,"pct":80}}
,"/Users/victor/development/appquilar/appquilar/src/application/hooks/usePublicSiteCategories.ts": {"lines":{"total":95,"covered":90,"skipped":0,"pct":94.73},"functions":{"total":18,"covered":18,"skipped":0,"pct":100},"statements":{"total":109,"covered":100,"skipped":0,"pct":91.74},"branches":{"total":39,"covered":33,"skipped":0,"pct":84.61}}
,"/Users/victor/development/appquilar/appquilar/src/application/hooks/useRentals.ts": {"lines":{"total":29,"covered":28,"skipped":0,"pct":96.55},"functions":{"total":12,"covered":12,"skipped":0,"pct":100},"statements":{"total":30,"covered":29,"skipped":0,"pct":96.66},"branches":{"total":34,"covered":27,"skipped":0,"pct":79.41}}
,"/Users/victor/development/appquilar/appquilar/src/application/hooks/useTrackProductView.ts": {"lines":{"total":45,"covered":43,"skipped":0,"pct":95.55},"functions":{"total":8,"covered":8,"skipped":0,"pct":100},"statements":{"total":45,"covered":43,"skipped":0,"pct":95.55},"branches":{"total":18,"covered":15,"skipped":0,"pct":83.33}}
,"/Users/victor/development/appquilar/appquilar/src/application/services/AdminPlatformAnalyticsService.ts": {"lines":{"total":432,"covered":405,"skipped":0,"pct":93.75},"functions":{"total":158,"covered":153,"skipped":0,"pct":96.83},"statements":{"total":442,"covered":414,"skipped":0,"pct":93.66},"branches":{"total":234,"covered":180,"skipped":0,"pct":76.92}}
,"/Users/victor/development/appquilar/appquilar/src/application/services/AuthService.ts": {"lines":{"total":45,"covered":45,"skipped":0,"pct":100},"functions":{"total":12,"covered":12,"skipped":0,"pct":100},"statements":{"total":45,"covered":45,"skipped":0,"pct":100},"branches":{"total":10,"covered":10,"skipped":0,"pct":100}}
,"/Users/victor/development/appquilar/appquilar/src/application/services/BillingService.ts": {"lines":{"total":5,"covered":5,"skipped":0,"pct":100},"functions":{"total":5,"covered":5,"skipped":0,"pct":100},"statements":{"total":5,"covered":5,"skipped":0,"pct":100},"branches":{"total":0,"covered":0,"skipped":0,"pct":100}}
,"/Users/victor/development/appquilar/appquilar/src/application/services/BlogService.ts": {"lines":{"total":15,"covered":15,"skipped":0,"pct":100},"functions":{"total":15,"covered":15,"skipped":0,"pct":100},"statements":{"total":15,"covered":15,"skipped":0,"pct":100},"branches":{"total":0,"covered":0,"skipped":0,"pct":100}}
,"/Users/victor/development/appquilar/appquilar/src/application/services/CapabilityService.ts": {"lines":{"total":6,"covered":6,"skipped":0,"pct":100},"functions":{"total":2,"covered":2,"skipped":0,"pct":100},"statements":{"total":6,"covered":6,"skipped":0,"pct":100},"branches":{"total":14,"covered":10,"skipped":0,"pct":71.42}}
,"/Users/victor/development/appquilar/appquilar/src/application/services/CaptchaService.ts": {"lines":{"total":2,"covered":2,"skipped":0,"pct":100},"functions":{"total":2,"covered":2,"skipped":0,"pct":100},"statements":{"total":2,"covered":2,"skipped":0,"pct":100},"branches":{"total":0,"covered":0,"skipped":0,"pct":100}}
,"/Users/victor/development/appquilar/appquilar/src/application/services/CategoryService.ts": {"lines":{"total":8,"covered":8,"skipped":0,"pct":100},"functions":{"total":8,"covered":8,"skipped":0,"pct":100},"statements":{"total":8,"covered":8,"skipped":0,"pct":100},"branches":{"total":0,"covered":0,"skipped":0,"pct":100}}
,"/Users/victor/development/appquilar/appquilar/src/application/services/CompanyAdminService.ts": {"lines":{"total":2,"covered":2,"skipped":0,"pct":100},"functions":{"total":2,"covered":2,"skipped":0,"pct":100},"statements":{"total":2,"covered":2,"skipped":0,"pct":100},"branches":{"total":0,"covered":0,"skipped":0,"pct":100}}
,"/Users/victor/development/appquilar/appquilar/src/application/services/CompanyAdvancedStatsService.ts": {"lines":{"total":123,"covered":120,"skipped":0,"pct":97.56},"functions":{"total":31,"covered":31,"skipped":0,"pct":100},"statements":{"total":129,"covered":126,"skipped":0,"pct":97.67},"branches":{"total":65,"covered":54,"skipped":0,"pct":83.07}}
,"/Users/victor/development/appquilar/appquilar/src/application/services/CompanyEngagementService.ts": {"lines":{"total":3,"covered":3,"skipped":0,"pct":100},"functions":{"total":3,"covered":3,"skipped":0,"pct":100},"statements":{"total":3,"covered":3,"skipped":0,"pct":100},"branches":{"total":0,"covered":0,"skipped":0,"pct":100}}
,"/Users/victor/development/appquilar/appquilar/src/application/services/CompanyInvitationService.ts": {"lines":{"total":2,"covered":2,"skipped":0,"pct":100},"functions":{"total":2,"covered":2,"skipped":0,"pct":100},"statements":{"total":2,"covered":2,"skipped":0,"pct":100},"branches":{"total":0,"covered":0,"skipped":0,"pct":100}}
,"/Users/victor/development/appquilar/appquilar/src/application/services/CompanyMembershipService.ts": {"lines":{"total":6,"covered":6,"skipped":0,"pct":100},"functions":{"total":6,"covered":6,"skipped":0,"pct":100},"statements":{"total":6,"covered":6,"skipped":0,"pct":100},"branches":{"total":2,"covered":2,"skipped":0,"pct":100}}
,"/Users/victor/development/appquilar/appquilar/src/application/services/CompanyProfileService.ts": {"lines":{"total":3,"covered":3,"skipped":0,"pct":100},"functions":{"total":3,"covered":3,"skipped":0,"pct":100},"statements":{"total":3,"covered":3,"skipped":0,"pct":100},"branches":{"total":0,"covered":0,"skipped":0,"pct":100}}
,"/Users/victor/development/appquilar/appquilar/src/application/services/ContactService.ts": {"lines":{"total":2,"covered":2,"skipped":0,"pct":100},"functions":{"total":2,"covered":2,"skipped":0,"pct":100},"statements":{"total":2,"covered":2,"skipped":0,"pct":100},"branches":{"total":0,"covered":0,"skipped":0,"pct":100}}
,"/Users/victor/development/appquilar/appquilar/src/application/services/MediaService.ts": {"lines":{"total":4,"covered":4,"skipped":0,"pct":100},"functions":{"total":4,"covered":4,"skipped":0,"pct":100},"statements":{"total":4,"covered":4,"skipped":0,"pct":100},"branches":{"total":1,"covered":1,"skipped":0,"pct":100}}
,"/Users/victor/development/appquilar/appquilar/src/application/services/PaymentPlanService.ts": {"lines":{"total":5,"covered":5,"skipped":0,"pct":100},"functions":{"total":5,"covered":5,"skipped":0,"pct":100},"statements":{"total":5,"covered":5,"skipped":0,"pct":100},"branches":{"total":1,"covered":1,"skipped":0,"pct":100}}
,"/Users/victor/development/appquilar/appquilar/src/application/services/ProductInventoryService.ts": {"lines":{"total":8,"covered":8,"skipped":0,"pct":100},"functions":{"total":8,"covered":8,"skipped":0,"pct":100},"statements":{"total":8,"covered":8,"skipped":0,"pct":100},"branches":{"total":2,"covered":1,"skipped":0,"pct":50}}
,"/Users/victor/development/appquilar/appquilar/src/application/services/ProductService.ts": {"lines":{"total":21,"covered":20,"skipped":0,"pct":95.23},"functions":{"total":21,"covered":20,"skipped":0,"pct":95.23},"statements":{"total":21,"covered":20,"skipped":0,"pct":95.23},"branches":{"total":0,"covered":0,"skipped":0,"pct":100}}
,"/Users/victor/development/appquilar/appquilar/src/application/services/PublicCompanyProductsService.ts": {"lines":{"total":2,"covered":2,"skipped":0,"pct":100},"functions":{"total":2,"covered":2,"skipped":0,"pct":100},"statements":{"total":2,"covered":2,"skipped":0,"pct":100},"branches":{"total":0,"covered":0,"skipped":0,"pct":100}}
,"/Users/victor/development/appquilar/appquilar/src/application/services/PublicCompanyProfileService.ts": {"lines":{"total":2,"covered":2,"skipped":0,"pct":100},"functions":{"total":2,"covered":2,"skipped":0,"pct":100},"statements":{"total":2,"covered":2,"skipped":0,"pct":100},"branches":{"total":0,"covered":0,"skipped":0,"pct":100}}
,"/Users/victor/development/appquilar/appquilar/src/application/services/RentalService.ts": {"lines":{"total":11,"covered":10,"skipped":0,"pct":90.9},"functions":{"total":11,"covered":10,"skipped":0,"pct":90.9},"statements":{"total":11,"covered":10,"skipped":0,"pct":90.9},"branches":{"total":0,"covered":0,"skipped":0,"pct":100}}
,"/Users/victor/development/appquilar/appquilar/src/application/services/SiteService.ts": {"lines":{"total":3,"covered":3,"skipped":0,"pct":100},"functions":{"total":3,"covered":3,"skipped":0,"pct":100},"statements":{"total":3,"covered":3,"skipped":0,"pct":100},"branches":{"total":0,"covered":0,"skipped":0,"pct":100}}
,"/Users/victor/development/appquilar/appquilar/src/application/services/UserEngagementService.ts": {"lines":{"total":2,"covered":2,"skipped":0,"pct":100},"functions":{"total":2,"covered":2,"skipped":0,"pct":100},"statements":{"total":2,"covered":2,"skipped":0,"pct":100},"branches":{"total":0,"covered":0,"skipped":0,"pct":100}}
,"/Users/victor/development/appquilar/appquilar/src/application/services/UserService.ts": {"lines":{"total":15,"covered":15,"skipped":0,"pct":100},"functions":{"total":7,"covered":7,"skipped":0,"pct":100},"statements":{"total":15,"covered":15,"skipped":0,"pct":100},"branches":{"total":8,"covered":8,"skipped":0,"pct":100}}
,"/Users/victor/development/appquilar/appquilar/src/components/auth/AuthModal.tsx": {"lines":{"total":31,"covered":27,"skipped":0,"pct":87.09},"functions":{"total":12,"covered":9,"skipped":0,"pct":75},"statements":{"total":31,"covered":27,"skipped":0,"pct":87.09},"branches":{"total":26,"covered":25,"skipped":0,"pct":96.15}}
,"/Users/victor/development/appquilar/appquilar/src/components/auth/PlanGuard.tsx": {"lines":{"total":23,"covered":18,"skipped":0,"pct":78.26},"functions":{"total":3,"covered":3,"skipped":0,"pct":100},"statements":{"total":25,"covered":20,"skipped":0,"pct":80},"branches":{"total":32,"covered":27,"skipped":0,"pct":84.37}}
,"/Users/victor/development/appquilar/appquilar/src/components/categories/CategoryIcon.tsx": {"lines":{"total":9,"covered":8,"skipped":0,"pct":88.88},"functions":{"total":2,"covered":2,"skipped":0,"pct":100},"statements":{"total":9,"covered":8,"skipped":0,"pct":88.88},"branches":{"total":8,"covered":3,"skipped":0,"pct":37.5}}
,"/Users/victor/development/appquilar/appquilar/src/components/categories/categoryIconNames.ts": {"lines":{"total":1,"covered":1,"skipped":0,"pct":100},"functions":{"total":0,"covered":0,"skipped":0,"pct":100},"statements":{"total":1,"covered":1,"skipped":0,"pct":100},"branches":{"total":0,"covered":0,"skipped":0,"pct":100}}
,"/Users/victor/development/appquilar/appquilar/src/components/common/AppLogo.tsx": {"lines":{"total":8,"covered":8,"skipped":0,"pct":100},"functions":{"total":2,"covered":2,"skipped":0,"pct":100},"statements":{"total":8,"covered":8,"skipped":0,"pct":100},"branches":{"total":7,"covered":7,"skipped":0,"pct":100}}
,"/Users/victor/development/appquilar/appquilar/src/components/company/PublicCompanyLocationMap.tsx": {"lines":{"total":15,"covered":15,"skipped":0,"pct":100},"functions":{"total":2,"covered":2,"skipped":0,"pct":100},"statements":{"total":15,"covered":15,"skipped":0,"pct":100},"branches":{"total":15,"covered":15,"skipped":0,"pct":100}}
,"/Users/victor/development/appquilar/appquilar/src/components/dashboard/analytics/AdminPlatformAnalyticsHomeSection.tsx": {"lines":{"total":22,"covered":17,"skipped":0,"pct":77.27},"functions":{"total":10,"covered":8,"skipped":0,"pct":80},"statements":{"total":22,"covered":17,"skipped":0,"pct":77.27},"branches":{"total":16,"covered":8,"skipped":0,"pct":50}}
,"/Users/victor/development/appquilar/appquilar/src/components/dashboard/analytics/PlatformAnalyticsPage.tsx": {"lines":{"total":27,"covered":25,"skipped":0,"pct":92.59},"functions":{"total":17,"covered":15,"skipped":0,"pct":88.23},"statements":{"total":29,"covered":27,"skipped":0,"pct":93.1},"branches":{"total":20,"covered":15,"skipped":0,"pct":75}}
,"/Users/victor/development/appquilar/appquilar/src/components/dashboard/analytics/platformAnalyticsFormat.ts": {"lines":{"total":23,"covered":19,"skipped":0,"pct":82.6},"functions":{"total":4,"covered":4,"skipped":0,"pct":100},"statements":{"total":23,"covered":19,"skipped":0,"pct":82.6},"branches":{"total":15,"covered":10,"skipped":0,"pct":66.66}}
,"/Users/victor/development/appquilar/appquilar/src/components/dashboard/analytics/platformAnalyticsUi.tsx": {"lines":{"total":46,"covered":40,"skipped":0,"pct":86.95},"functions":{"total":20,"covered":19,"skipped":0,"pct":95},"statements":{"total":46,"covered":40,"skipped":0,"pct":86.95},"branches":{"total":51,"covered":33,"skipped":0,"pct":64.7}}
,"/Users/victor/development/appquilar/appquilar/src/components/dashboard/billing/PaymentPlansManagementPage.tsx": {"lines":{"total":99,"covered":93,"skipped":0,"pct":93.93},"functions":{"total":33,"covered":32,"skipped":0,"pct":96.96},"statements":{"total":103,"covered":97,"skipped":0,"pct":94.17},"branches":{"total":152,"covered":106,"skipped":0,"pct":69.73}}
,"/Users/victor/development/appquilar/appquilar/src/components/dashboard/categories/form/CategoryParentSelect.tsx": {"lines":{"total":45,"covered":37,"skipped":0,"pct":82.22},"functions":{"total":17,"covered":12,"skipped":0,"pct":70.58},"statements":{"total":52,"covered":40,"skipped":0,"pct":76.92},"branches":{"total":51,"covered":33,"skipped":0,"pct":64.7}}
,"/Users/victor/development/appquilar/appquilar/src/components/dashboard/common/DashboardSectionHeader.tsx": {"lines":{"total":2,"covered":2,"skipped":0,"pct":100},"functions":{"total":1,"covered":1,"skipped":0,"pct":100},"statements":{"total":2,"covered":2,"skipped":0,"pct":100},"branches":{"total":4,"covered":3,"skipped":0,"pct":75}}
,"/Users/victor/development/appquilar/appquilar/src/components/dashboard/common/DataTable.tsx": {"lines":{"total":9,"covered":6,"skipped":0,"pct":66.66},"functions":{"total":6,"covered":4,"skipped":0,"pct":66.66},"statements":{"total":9,"covered":6,"skipped":0,"pct":66.66},"branches":{"total":12,"covered":6,"skipped":0,"pct":50}}
,"/Users/victor/development/appquilar/appquilar/src/components/dashboard/common/FormHeader.tsx": {"lines":{"total":5,"covered":4,"skipped":0,"pct":80},"functions":{"total":2,"covered":1,"skipped":0,"pct":50},"statements":{"total":5,"covered":4,"skipped":0,"pct":80},"branches":{"total":4,"covered":2,"skipped":0,"pct":50}}
,"/Users/victor/development/appquilar/appquilar/src/components/dashboard/companies/CompanyFormPage.tsx": {"lines":{"total":115,"covered":104,"skipped":0,"pct":90.43},"functions":{"total":28,"covered":26,"skipped":0,"pct":92.85},"statements":{"total":116,"covered":105,"skipped":0,"pct":90.51},"branches":{"total":167,"covered":127,"skipped":0,"pct":76.04}}
,"/Users/victor/development/appquilar/appquilar/src/components/dashboard/companies/CompanyImageField.tsx": {"lines":{"total":20,"covered":16,"skipped":0,"pct":80},"functions":{"total":7,"covered":5,"skipped":0,"pct":71.42},"statements":{"total":20,"covered":16,"skipped":0,"pct":80},"branches":{"total":28,"covered":22,"skipped":0,"pct":78.57}}
,"/Users/victor/development/appquilar/appquilar/src/components/dashboard/companies/CompanySubscriptionSettingsCard.tsx": {"lines":{"total":68,"covered":60,"skipped":0,"pct":88.23},"functions":{"total":10,"covered":10,"skipped":0,"pct":100},"statements":{"total":68,"covered":60,"skipped":0,"pct":88.23},"branches":{"total":60,"covered":46,"skipped":0,"pct":76.66}}
,"/Users/victor/development/appquilar/appquilar/src/components/dashboard/forms/ProductForm.tsx": {"lines":{"total":22,"covered":20,"skipped":0,"pct":90.9},"functions":{"total":4,"covered":4,"skipped":0,"pct":100},"statements":{"total":22,"covered":20,"skipped":0,"pct":90.9},"branches":{"total":31,"covered":25,"skipped":0,"pct":80.64}}
,"/Users/victor/development/appquilar/appquilar/src/components/dashboard/forms/ProductFormActions.tsx": {"lines":{"total":2,"covered":2,"skipped":0,"pct":100},"functions":{"total":1,"covered":1,"skipped":0,"pct":100},"statements":{"total":2,"covered":2,"skipped":0,"pct":100},"branches":{"total":5,"covered":4,"skipped":0,"pct":80}}
,"/Users/victor/development/appquilar/appquilar/src/components/dashboard/forms/ProductImagesField.tsx": {"lines":{"total":65,"covered":38,"skipped":0,"pct":58.46},"functions":{"total":17,"covered":10,"skipped":0,"pct":58.82},"statements":{"total":71,"covered":39,"skipped":0,"pct":54.92},"branches":{"total":22,"covered":8,"skipped":0,"pct":36.36}}
,"/Users/victor/development/appquilar/appquilar/src/components/dashboard/forms/ProductInventoryFields.tsx": {"lines":{"total":72,"covered":61,"skipped":0,"pct":84.72},"functions":{"total":20,"covered":18,"skipped":0,"pct":90},"statements":{"total":75,"covered":64,"skipped":0,"pct":85.33},"branches":{"total":139,"covered":105,"skipped":0,"pct":75.53}}
,"/Users/victor/development/appquilar/appquilar/src/components/dashboard/forms/ProductPriceFields.tsx": {"lines":{"total":24,"covered":19,"skipped":0,"pct":79.16},"functions":{"total":12,"covered":9,"skipped":0,"pct":75},"statements":{"total":24,"covered":19,"skipped":0,"pct":79.16},"branches":{"total":24,"covered":11,"skipped":0,"pct":45.83}}
,"/Users/victor/development/appquilar/appquilar/src/components/dashboard/forms/SerializedInventoryAgenda.tsx": {"lines":{"total":48,"covered":47,"skipped":0,"pct":97.91},"functions":{"total":23,"covered":22,"skipped":0,"pct":95.65},"statements":{"total":51,"covered":50,"skipped":0,"pct":98.03},"branches":{"total":28,"covered":23,"skipped":0,"pct":82.14}}
,"/Users/victor/development/appquilar/appquilar/src/components/dashboard/forms/productFormSchema.ts": {"lines":{"total":50,"covered":37,"skipped":0,"pct":74},"functions":{"total":11,"covered":11,"skipped":0,"pct":100},"statements":{"total":53,"covered":40,"skipped":0,"pct":75.47},"branches":{"total":86,"covered":63,"skipped":0,"pct":73.25}}
,"/Users/victor/development/appquilar/appquilar/src/components/dashboard/forms/image-upload/ImageDropZone.tsx": {"lines":{"total":6,"covered":6,"skipped":0,"pct":100},"functions":{"total":3,"covered":3,"skipped":0,"pct":100},"statements":{"total":6,"covered":6,"skipped":0,"pct":100},"branches":{"total":4,"covered":3,"skipped":0,"pct":75}}
,"/Users/victor/development/appquilar/appquilar/src/components/dashboard/forms/image-upload/ImageGallery.tsx": {"lines":{"total":4,"covered":4,"skipped":0,"pct":100},"functions":{"total":2,"covered":2,"skipped":0,"pct":100},"statements":{"total":5,"covered":5,"skipped":0,"pct":100},"branches":{"total":2,"covered":2,"skipped":0,"pct":100}}
,"/Users/victor/development/appquilar/appquilar/src/components/dashboard/forms/image-upload/ImagePreview.tsx": {"lines":{"total":4,"covered":3,"skipped":0,"pct":75},"functions":{"total":2,"covered":1,"skipped":0,"pct":50},"statements":{"total":4,"covered":3,"skipped":0,"pct":75},"branches":{"total":2,"covered":2,"skipped":0,"pct":100}}
,"/Users/victor/development/appquilar/appquilar/src/components/dashboard/forms/image-upload/imageUtils.ts": {"lines":{"total":16,"covered":10,"skipped":0,"pct":62.5},"functions":{"total":3,"covered":3,"skipped":0,"pct":100},"statements":{"total":17,"covered":11,"skipped":0,"pct":64.7},"branches":{"total":6,"covered":3,"skipped":0,"pct":50}}
,"/Users/victor/development/appquilar/appquilar/src/components/dashboard/overview/DashboardOverview.tsx": {"lines":{"total":174,"covered":132,"skipped":0,"pct":75.86},"functions":{"total":59,"covered":42,"skipped":0,"pct":71.18},"statements":{"total":181,"covered":138,"skipped":0,"pct":76.24},"branches":{"total":261,"covered":183,"skipped":0,"pct":70.11}}
,"/Users/victor/development/appquilar/appquilar/src/components/dashboard/products/CategorySelect.tsx": {"lines":{"total":31,"covered":27,"skipped":0,"pct":87.09},"functions":{"total":14,"covered":13,"skipped":0,"pct":92.85},"statements":{"total":34,"covered":30,"skipped":0,"pct":88.23},"branches":{"total":30,"covered":18,"skipped":0,"pct":60}}
,"/Users/victor/development/appquilar/appquilar/src/components/dashboard/products/ProductFormPage.tsx": {"lines":{"total":38,"covered":30,"skipped":0,"pct":78.94},"functions":{"total":5,"covered":3,"skipped":0,"pct":60},"statements":{"total":39,"covered":31,"skipped":0,"pct":79.48},"branches":{"total":65,"covered":43,"skipped":0,"pct":66.15}}
,"/Users/victor/development/appquilar/appquilar/src/components/dashboard/products/SearchToolbar.tsx": {"lines":{"total":30,"covered":23,"skipped":0,"pct":76.66},"functions":{"total":16,"covered":10,"skipped":0,"pct":62.5},"statements":{"total":30,"covered":23,"skipped":0,"pct":76.66},"branches":{"total":36,"covered":26,"skipped":0,"pct":72.22}}
,"/Users/victor/development/appquilar/appquilar/src/components/dashboard/products/hooks/useProductsManagement.ts": {"lines":{"total":108,"covered":106,"skipped":0,"pct":98.14},"functions":{"total":16,"covered":16,"skipped":0,"pct":100},"statements":{"total":111,"covered":108,"skipped":0,"pct":97.29},"branches":{"total":84,"covered":60,"skipped":0,"pct":71.42}}
,"/Users/victor/development/appquilar/appquilar/src/components/dashboard/rentals/details/RentalEditableCard.tsx": {"lines":{"total":50,"covered":43,"skipped":0,"pct":86},"functions":{"total":12,"covered":12,"skipped":0,"pct":100},"statements":{"total":53,"covered":46,"skipped":0,"pct":86.79},"branches":{"total":43,"covered":32,"skipped":0,"pct":74.41}}
,"/Users/victor/development/appquilar/appquilar/src/components/dashboard/rentals/form/components/MonetaryField.tsx": {"lines":{"total":5,"covered":5,"skipped":0,"pct":100},"functions":{"total":4,"covered":4,"skipped":0,"pct":100},"statements":{"total":5,"covered":5,"skipped":0,"pct":100},"branches":{"total":3,"covered":2,"skipped":0,"pct":66.66}}
,"/Users/victor/development/appquilar/appquilar/src/components/dashboard/stats/AdminCompanyStatsSection.tsx": {"lines":{"total":72,"covered":56,"skipped":0,"pct":77.77},"functions":{"total":37,"covered":25,"skipped":0,"pct":67.56},"statements":{"total":76,"covered":59,"skipped":0,"pct":77.63},"branches":{"total":94,"covered":60,"skipped":0,"pct":63.82}}
,"/Users/victor/development/appquilar/appquilar/src/components/dashboard/stats/AdminUserStatsSection.tsx": {"lines":{"total":68,"covered":61,"skipped":0,"pct":89.7},"functions":{"total":33,"covered":27,"skipped":0,"pct":81.81},"statements":{"total":72,"covered":64,"skipped":0,"pct":88.88},"branches":{"total":71,"covered":50,"skipped":0,"pct":70.42}}
,"/Users/victor/development/appquilar/appquilar/src/components/dashboard/stats/AdvancedStatsDeltaBadge.tsx": {"lines":{"total":24,"covered":21,"skipped":0,"pct":87.5},"functions":{"total":4,"covered":4,"skipped":0,"pct":100},"statements":{"total":24,"covered":21,"skipped":0,"pct":87.5},"branches":{"total":31,"covered":27,"skipped":0,"pct":87.09}}
,"/Users/victor/development/appquilar/appquilar/src/components/dashboard/stats/CompanyAdvancedStatsPremium.tsx": {"lines":{"total":79,"covered":68,"skipped":0,"pct":86.07},"functions":{"total":31,"covered":24,"skipped":0,"pct":77.41},"statements":{"total":81,"covered":70,"skipped":0,"pct":86.41},"branches":{"total":57,"covered":40,"skipped":0,"pct":70.17}}
,"/Users/victor/development/appquilar/appquilar/src/components/dashboard/stats/StatsDateRangeToolbar.tsx": {"lines":{"total":15,"covered":15,"skipped":0,"pct":100},"functions":{"total":7,"covered":7,"skipped":0,"pct":100},"statements":{"total":15,"covered":15,"skipped":0,"pct":100},"branches":{"total":12,"covered":12,"skipped":0,"pct":100}}
,"/Users/victor/development/appquilar/appquilar/src/components/dashboard/stats/engagementStatsUtils.ts": {"lines":{"total":10,"covered":9,"skipped":0,"pct":90},"functions":{"total":4,"covered":4,"skipped":0,"pct":100},"statements":{"total":10,"covered":9,"skipped":0,"pct":90},"branches":{"total":6,"covered":5,"skipped":0,"pct":83.33}}
,"/Users/victor/development/appquilar/appquilar/src/components/dashboard/upgrade/steps/SelectPlanStep.tsx": {"lines":{"total":33,"covered":31,"skipped":0,"pct":93.93},"functions":{"total":10,"covered":10,"skipped":0,"pct":100},"statements":{"total":33,"covered":31,"skipped":0,"pct":93.93},"branches":{"total":45,"covered":37,"skipped":0,"pct":82.22}}
,"/Users/victor/development/appquilar/appquilar/src/components/layout/CategoryDrawerTree.tsx": {"lines":{"total":60,"covered":60,"skipped":0,"pct":100},"functions":{"total":23,"covered":23,"skipped":0,"pct":100},"statements":{"total":70,"covered":68,"skipped":0,"pct":97.14},"branches":{"total":36,"covered":34,"skipped":0,"pct":94.44}}
,"/Users/victor/development/appquilar/appquilar/src/components/products/CompanyInfo.tsx": {"lines":{"total":11,"covered":11,"skipped":0,"pct":100},"functions":{"total":2,"covered":2,"skipped":0,"pct":100},"statements":{"total":11,"covered":11,"skipped":0,"pct":100},"branches":{"total":27,"covered":18,"skipped":0,"pct":66.66}}
,"/Users/victor/development/appquilar/appquilar/src/components/products/ProductCard.tsx": {"lines":{"total":10,"covered":8,"skipped":0,"pct":80},"functions":{"total":3,"covered":1,"skipped":0,"pct":33.33},"statements":{"total":10,"covered":8,"skipped":0,"pct":80},"branches":{"total":24,"covered":15,"skipped":0,"pct":62.5}}
,"/Users/victor/development/appquilar/appquilar/src/components/products/ProductInfo.tsx": {"lines":{"total":16,"covered":16,"skipped":0,"pct":100},"functions":{"total":5,"covered":5,"skipped":0,"pct":100},"statements":{"total":16,"covered":16,"skipped":0,"pct":100},"branches":{"total":43,"covered":37,"skipped":0,"pct":86.04}}
,"/Users/victor/development/appquilar/appquilar/src/components/products/ProductRentalCostCalculator.tsx": {"lines":{"total":42,"covered":31,"skipped":0,"pct":73.8},"functions":{"total":7,"covered":5,"skipped":0,"pct":71.42},"statements":{"total":43,"covered":31,"skipped":0,"pct":72.09},"branches":{"total":39,"covered":31,"skipped":0,"pct":79.48}}
,"/Users/victor/development/appquilar/appquilar/src/components/products/SpanishDateInput.tsx": {"lines":{"total":64,"covered":59,"skipped":0,"pct":92.18},"functions":{"total":10,"covered":10,"skipped":0,"pct":100},"statements":{"total":65,"covered":60,"skipped":0,"pct":92.3},"branches":{"total":25,"covered":22,"skipped":0,"pct":88}}
,"/Users/victor/development/appquilar/appquilar/src/components/products/SpanishDateRangePicker.tsx": {"lines":{"total":36,"covered":36,"skipped":0,"pct":100},"functions":{"total":8,"covered":8,"skipped":0,"pct":100},"statements":{"total":38,"covered":38,"skipped":0,"pct":100},"branches":{"total":30,"covered":29,"skipped":0,"pct":96.66}}
,"/Users/victor/development/appquilar/appquilar/src/components/routing/ProtectedRoute.tsx": {"lines":{"total":10,"covered":10,"skipped":0,"pct":100},"functions":{"total":1,"covered":1,"skipped":0,"pct":100},"statements":{"total":10,"covered":10,"skipped":0,"pct":100},"branches":{"total":8,"covered":8,"skipped":0,"pct":100}}
,"/Users/victor/development/appquilar/appquilar/src/components/ui/alert.tsx": {"lines":{"total":10,"covered":10,"skipped":0,"pct":100},"functions":{"total":3,"covered":3,"skipped":0,"pct":100},"statements":{"total":10,"covered":10,"skipped":0,"pct":100},"branches":{"total":0,"covered":0,"skipped":0,"pct":100}}
,"/Users/victor/development/appquilar/appquilar/src/components/ui/badge.tsx": {"lines":{"total":2,"covered":2,"skipped":0,"pct":100},"functions":{"total":1,"covered":1,"skipped":0,"pct":100},"statements":{"total":2,"covered":2,"skipped":0,"pct":100},"branches":{"total":0,"covered":0,"skipped":0,"pct":100}}
,"/Users/victor/development/appquilar/appquilar/src/components/ui/button.tsx": {"lines":{"total":5,"covered":5,"skipped":0,"pct":100},"functions":{"total":1,"covered":1,"skipped":0,"pct":100},"statements":{"total":5,"covered":5,"skipped":0,"pct":100},"branches":{"total":3,"covered":3,"skipped":0,"pct":100}}
,"/Users/victor/development/appquilar/appquilar/src/components/ui/calendar.tsx": {"lines":{"total":4,"covered":1,"skipped":0,"pct":25},"functions":{"total":3,"covered":0,"skipped":0,"pct":0},"statements":{"total":4,"covered":1,"skipped":0,"pct":25},"branches":{"total":1,"covered":0,"skipped":0,"pct":0}}
,"/Users/victor/development/appquilar/appquilar/src/components/ui/card.tsx": {"lines":{"total":18,"covered":18,"skipped":0,"pct":100},"functions":{"total":6,"covered":6,"skipped":0,"pct":100},"statements":{"total":18,"covered":18,"skipped":0,"pct":100},"branches":{"total":0,"covered":0,"skipped":0,"pct":100}}
,"/Users/victor/development/appquilar/appquilar/src/components/ui/checkbox.tsx": {"lines":{"total":3,"covered":3,"skipped":0,"pct":100},"functions":{"total":1,"covered":1,"skipped":0,"pct":100},"statements":{"total":3,"covered":3,"skipped":0,"pct":100},"branches":{"total":0,"covered":0,"skipped":0,"pct":100}}
,"/Users/victor/development/appquilar/appquilar/src/components/ui/command.tsx": {"lines":{"total":29,"covered":25,"skipped":0,"pct":86.2},"functions":{"total":9,"covered":6,"skipped":0,"pct":66.66},"statements":{"total":29,"covered":25,"skipped":0,"pct":86.2},"branches":{"total":2,"covered":1,"skipped":0,"pct":50}}
,"/Users/victor/development/appquilar/appquilar/src/components/ui/dialog.tsx": {"lines":{"total":22,"covered":21,"skipped":0,"pct":95.45},"functions":{"total":6,"covered":5,"skipped":0,"pct":83.33},"statements":{"total":22,"covered":21,"skipped":0,"pct":95.45},"branches":{"total":0,"covered":0,"skipped":0,"pct":100}}
,"/Users/victor/development/appquilar/appquilar/src/components/ui/form.tsx": {"lines":{"total":37,"covered":35,"skipped":0,"pct":94.59},"functions":{"total":7,"covered":7,"skipped":0,"pct":100},"statements":{"total":37,"covered":35,"skipped":0,"pct":94.59},"branches":{"total":10,"covered":5,"skipped":0,"pct":50}}
,"/Users/victor/development/appquilar/appquilar/src/components/ui/input.tsx": {"lines":{"total":3,"covered":3,"skipped":0,"pct":100},"functions":{"total":1,"covered":1,"skipped":0,"pct":100},"statements":{"total":3,"covered":3,"skipped":0,"pct":100},"branches":{"total":0,"covered":0,"skipped":0,"pct":100}}
,"/Users/victor/development/appquilar/appquilar/src/components/ui/label.tsx": {"lines":{"total":4,"covered":4,"skipped":0,"pct":100},"functions":{"total":1,"covered":1,"skipped":0,"pct":100},"statements":{"total":4,"covered":4,"skipped":0,"pct":100},"branches":{"total":0,"covered":0,"skipped":0,"pct":100}}
,"/Users/victor/development/appquilar/appquilar/src/components/ui/phone-country-data.ts": {"lines":{"total":1,"covered":1,"skipped":0,"pct":100},"functions":{"total":0,"covered":0,"skipped":0,"pct":100},"statements":{"total":1,"covered":1,"skipped":0,"pct":100},"branches":{"total":0,"covered":0,"skipped":0,"pct":100}}
,"/Users/victor/development/appquilar/appquilar/src/components/ui/phone-number-input.tsx": {"lines":{"total":44,"covered":37,"skipped":0,"pct":84.09},"functions":{"total":15,"covered":12,"skipped":0,"pct":80},"statements":{"total":46,"covered":39,"skipped":0,"pct":84.78},"branches":{"total":24,"covered":17,"skipped":0,"pct":70.83}}
,"/Users/victor/development/appquilar/appquilar/src/components/ui/popover.tsx": {"lines":{"total":5,"covered":5,"skipped":0,"pct":100},"functions":{"total":1,"covered":1,"skipped":0,"pct":100},"statements":{"total":5,"covered":5,"skipped":0,"pct":100},"branches":{"total":2,"covered":2,"skipped":0,"pct":100}}
,"/Users/victor/development/appquilar/appquilar/src/components/ui/progress.tsx": {"lines":{"total":3,"covered":3,"skipped":0,"pct":100},"functions":{"total":1,"covered":1,"skipped":0,"pct":100},"statements":{"total":3,"covered":3,"skipped":0,"pct":100},"branches":{"total":2,"covered":1,"skipped":0,"pct":50}}
,"/Users/victor/development/appquilar/appquilar/src/components/ui/radio-group.tsx": {"lines":{"total":6,"covered":6,"skipped":0,"pct":100},"functions":{"total":2,"covered":2,"skipped":0,"pct":100},"statements":{"total":6,"covered":6,"skipped":0,"pct":100},"branches":{"total":0,"covered":0,"skipped":0,"pct":100}}
,"/Users/victor/development/appquilar/appquilar/src/components/ui/select.tsx": {"lines":{"total":24,"covered":22,"skipped":0,"pct":91.66},"functions":{"total":7,"covered":5,"skipped":0,"pct":71.42},"statements":{"total":24,"covered":22,"skipped":0,"pct":91.66},"branches":{"total":5,"covered":5,"skipped":0,"pct":100}}
,"/Users/victor/development/appquilar/appquilar/src/components/ui/separator.tsx": {"lines":{"total":3,"covered":3,"skipped":0,"pct":100},"functions":{"total":1,"covered":1,"skipped":0,"pct":100},"statements":{"total":3,"covered":3,"skipped":0,"pct":100},"branches":{"total":4,"covered":3,"skipped":0,"pct":75}}
,"/Users/victor/development/appquilar/appquilar/src/components/ui/skeleton.tsx": {"lines":{"total":1,"covered":1,"skipped":0,"pct":100},"functions":{"total":1,"covered":1,"skipped":0,"pct":100},"statements":{"total":1,"covered":1,"skipped":0,"pct":100},"branches":{"total":0,"covered":0,"skipped":0,"pct":100}}
,"/Users/victor/development/appquilar/appquilar/src/components/ui/switch.tsx": {"lines":{"total":3,"covered":3,"skipped":0,"pct":100},"functions":{"total":1,"covered":1,"skipped":0,"pct":100},"statements":{"total":3,"covered":3,"skipped":0,"pct":100},"branches":{"total":0,"covered":0,"skipped":0,"pct":100}}
,"/Users/victor/development/appquilar/appquilar/src/components/ui/table.tsx": {"lines":{"total":24,"covered":22,"skipped":0,"pct":91.66},"functions":{"total":8,"covered":6,"skipped":0,"pct":75},"statements":{"total":24,"covered":22,"skipped":0,"pct":91.66},"branches":{"total":0,"covered":0,"skipped":0,"pct":100}}
,"/Users/victor/development/appquilar/appquilar/src/components/ui/tabs.tsx": {"lines":{"total":10,"covered":10,"skipped":0,"pct":100},"functions":{"total":3,"covered":3,"skipped":0,"pct":100},"statements":{"total":10,"covered":10,"skipped":0,"pct":100},"branches":{"total":0,"covered":0,"skipped":0,"pct":100}}
,"/Users/victor/development/appquilar/appquilar/src/components/ui/textarea.tsx": {"lines":{"total":3,"covered":3,"skipped":0,"pct":100},"functions":{"total":1,"covered":1,"skipped":0,"pct":100},"statements":{"total":3,"covered":3,"skipped":0,"pct":100},"branches":{"total":0,"covered":0,"skipped":0,"pct":100}}
,"/Users/victor/development/appquilar/appquilar/src/components/ui/tooltip.tsx": {"lines":{"total":6,"covered":6,"skipped":0,"pct":100},"functions":{"total":1,"covered":1,"skipped":0,"pct":100},"statements":{"total":6,"covered":6,"skipped":0,"pct":100},"branches":{"total":1,"covered":1,"skipped":0,"pct":100}}
,"/Users/victor/development/appquilar/appquilar/src/composition/apiClient.ts": {"lines":{"total":2,"covered":2,"skipped":0,"pct":100},"functions":{"total":0,"covered":0,"skipped":0,"pct":100},"statements":{"total":2,"covered":2,"skipped":0,"pct":100},"branches":{"total":2,"covered":1,"skipped":0,"pct":50}}
,"/Users/victor/development/appquilar/appquilar/src/composition/auth.ts": {"lines":{"total":7,"covered":7,"skipped":0,"pct":100},"functions":{"total":1,"covered":0,"skipped":0,"pct":0},"statements":{"total":8,"covered":7,"skipped":0,"pct":87.5},"branches":{"total":0,"covered":0,"skipped":0,"pct":100}}
,"/Users/victor/development/appquilar/appquilar/src/composition/queryClient.ts": {"lines":{"total":1,"covered":1,"skipped":0,"pct":100},"functions":{"total":0,"covered":0,"skipped":0,"pct":100},"statements":{"total":1,"covered":1,"skipped":0,"pct":100},"branches":{"total":0,"covered":0,"skipped":0,"pct":100}}
,"/Users/victor/development/appquilar/appquilar/src/context/AuthContext.tsx": {"lines":{"total":88,"covered":83,"skipped":0,"pct":94.31},"functions":{"total":15,"covered":15,"skipped":0,"pct":100},"statements":{"total":93,"covered":85,"skipped":0,"pct":91.39},"branches":{"total":49,"covered":35,"skipped":0,"pct":71.42}}
,"/Users/victor/development/appquilar/appquilar/src/core/application/SeoService.ts": {"lines":{"total":5,"covered":5,"skipped":0,"pct":100},"functions":{"total":1,"covered":1,"skipped":0,"pct":100},"statements":{"total":5,"covered":5,"skipped":0,"pct":100},"branches":{"total":40,"covered":33,"skipped":0,"pct":82.5}}
,"/Users/victor/development/appquilar/appquilar/src/domain/config/publicRoutes.ts": {"lines":{"total":32,"covered":30,"skipped":0,"pct":93.75},"functions":{"total":10,"covered":10,"skipped":0,"pct":100},"statements":{"total":35,"covered":33,"skipped":0,"pct":94.28},"branches":{"total":18,"covered":15,"skipped":0,"pct":83.33}}
,"/Users/victor/development/appquilar/appquilar/src/domain/models/Address.ts": {"lines":{"total":3,"covered":3,"skipped":0,"pct":100},"functions":{"total":1,"covered":1,"skipped":0,"pct":100},"statements":{"total":4,"covered":3,"skipped":0,"pct":75},"branches":{"total":4,"covered":3,"skipped":0,"pct":75}}
,"/Users/victor/development/appquilar/appquilar/src/domain/models/AuthSession.ts": {"lines":{"total":11,"covered":11,"skipped":0,"pct":100},"functions":{"total":5,"covered":5,"skipped":0,"pct":100},"statements":{"total":11,"covered":11,"skipped":0,"pct":100},"branches":{"total":22,"covered":22,"skipped":0,"pct":100}}
,"/Users/victor/development/appquilar/appquilar/src/domain/models/Subscription.ts": {"lines":{"total":59,"covered":59,"skipped":0,"pct":100},"functions":{"total":14,"covered":14,"skipped":0,"pct":100},"statements":{"total":59,"covered":59,"skipped":0,"pct":100},"branches":{"total":39,"covered":39,"skipped":0,"pct":100}}
,"/Users/victor/development/appquilar/appquilar/src/domain/models/User.ts": {"lines":{"total":35,"covered":35,"skipped":0,"pct":100},"functions":{"total":14,"covered":14,"skipped":0,"pct":100},"statements":{"total":35,"covered":35,"skipped":0,"pct":100},"branches":{"total":71,"covered":68,"skipped":0,"pct":95.77}}
,"/Users/victor/development/appquilar/appquilar/src/domain/models/UserRole.ts": {"lines":{"total":9,"covered":9,"skipped":0,"pct":100},"functions":{"total":3,"covered":3,"skipped":0,"pct":100},"statements":{"total":10,"covered":10,"skipped":0,"pct":100},"branches":{"total":5,"covered":5,"skipped":0,"pct":100}}
,"/Users/victor/development/appquilar/appquilar/src/domain/repositories/ProductRepository.ts": {"lines":{"total":1,"covered":1,"skipped":0,"pct":100},"functions":{"total":0,"covered":0,"skipped":0,"pct":100},"statements":{"total":1,"covered":1,"skipped":0,"pct":100},"branches":{"total":0,"covered":0,"skipped":0,"pct":100}}
,"/Users/victor/development/appquilar/appquilar/src/domain/schemas/adminUserEditSchema.ts": {"lines":{"total":1,"covered":1,"skipped":0,"pct":100},"functions":{"total":0,"covered":0,"skipped":0,"pct":100},"statements":{"total":1,"covered":1,"skipped":0,"pct":100},"branches":{"total":0,"covered":0,"skipped":0,"pct":100}}
,"/Users/victor/development/appquilar/appquilar/src/domain/schemas/userConfigSchema.ts": {"lines":{"total":5,"covered":3,"skipped":0,"pct":60},"functions":{"total":2,"covered":0,"skipped":0,"pct":0},"statements":{"total":5,"covered":3,"skipped":0,"pct":60},"branches":{"total":0,"covered":0,"skipped":0,"pct":100}}
,"/Users/victor/development/appquilar/appquilar/src/domain/services/DynamicPropertyService.ts": {"lines":{"total":121,"covered":114,"skipped":0,"pct":94.21},"functions":{"total":32,"covered":32,"skipped":0,"pct":100},"statements":{"total":128,"covered":121,"skipped":0,"pct":94.53},"branches":{"total":107,"covered":93,"skipped":0,"pct":86.91}}
,"/Users/victor/development/appquilar/appquilar/src/domain/services/ProductRentabilityService.ts": {"lines":{"total":37,"covered":37,"skipped":0,"pct":100},"functions":{"total":7,"covered":7,"skipped":0,"pct":100},"statements":{"total":37,"covered":37,"skipped":0,"pct":100},"branches":{"total":52,"covered":47,"skipped":0,"pct":90.38}}
,"/Users/victor/development/appquilar/appquilar/src/domain/services/RentalFilterService.ts": {"lines":{"total":33,"covered":33,"skipped":0,"pct":100},"functions":{"total":11,"covered":11,"skipped":0,"pct":100},"statements":{"total":33,"covered":33,"skipped":0,"pct":100},"branches":{"total":44,"covered":35,"skipped":0,"pct":79.54}}
,"/Users/victor/development/appquilar/appquilar/src/domain/services/RentalStateMachineService.ts": {"lines":{"total":85,"covered":82,"skipped":0,"pct":96.47},"functions":{"total":5,"covered":5,"skipped":0,"pct":100},"statements":{"total":85,"covered":82,"skipped":0,"pct":96.47},"branches":{"total":121,"covered":100,"skipped":0,"pct":82.64}}
,"/Users/victor/development/appquilar/appquilar/src/domain/services/navigation/NavigationConfig.ts": {"lines":{"total":19,"covered":19,"skipped":0,"pct":100},"functions":{"total":7,"covered":7,"skipped":0,"pct":100},"statements":{"total":23,"covered":23,"skipped":0,"pct":100},"branches":{"total":8,"covered":7,"skipped":0,"pct":87.5}}
,"/Users/victor/development/appquilar/appquilar/src/domain/valueObject/uuidv4.ts": {"lines":{"total":16,"covered":16,"skipped":0,"pct":100},"functions":{"total":7,"covered":7,"skipped":0,"pct":100},"statements":{"total":16,"covered":16,"skipped":0,"pct":100},"branches":{"total":8,"covered":8,"skipped":0,"pct":100}}
,"/Users/victor/development/appquilar/appquilar/src/hooks/use-mobile.tsx": {"lines":{"total":9,"covered":9,"skipped":0,"pct":100},"functions":{"total":4,"covered":4,"skipped":0,"pct":100},"statements":{"total":10,"covered":10,"skipped":0,"pct":100},"branches":{"total":0,"covered":0,"skipped":0,"pct":100}}
,"/Users/victor/development/appquilar/appquilar/src/hooks/useBillingReturnSync.ts": {"lines":{"total":146,"covered":129,"skipped":0,"pct":88.35},"functions":{"total":23,"covered":23,"skipped":0,"pct":100},"statements":{"total":147,"covered":130,"skipped":0,"pct":88.43},"branches":{"total":93,"covered":66,"skipped":0,"pct":70.96}}
,"/Users/victor/development/appquilar/appquilar/src/hooks/useSeo.ts": {"lines":{"total":48,"covered":48,"skipped":0,"pct":100},"functions":{"total":8,"covered":7,"skipped":0,"pct":87.5},"statements":{"total":63,"covered":62,"skipped":0,"pct":98.41},"branches":{"total":38,"covered":24,"skipped":0,"pct":63.15}}
,"/Users/victor/development/appquilar/appquilar/src/hooks/useStatsDateRange.ts": {"lines":{"total":49,"covered":48,"skipped":0,"pct":97.95},"functions":{"total":9,"covered":9,"skipped":0,"pct":100},"statements":{"total":50,"covered":49,"skipped":0,"pct":98},"branches":{"total":35,"covered":31,"skipped":0,"pct":88.57}}
,"/Users/victor/development/appquilar/appquilar/src/infrastructure/auth/AuthSessionStorage.ts": {"lines":{"total":48,"covered":48,"skipped":0,"pct":100},"functions":{"total":10,"covered":10,"skipped":0,"pct":100},"statements":{"total":49,"covered":49,"skipped":0,"pct":100},"branches":{"total":28,"covered":28,"skipped":0,"pct":100}}
,"/Users/victor/development/appquilar/appquilar/src/infrastructure/http/ApiClient.ts": {"lines":{"total":43,"covered":42,"skipped":0,"pct":97.67},"functions":{"total":9,"covered":9,"skipped":0,"pct":100},"statements":{"total":43,"covered":42,"skipped":0,"pct":97.67},"branches":{"total":28,"covered":26,"skipped":0,"pct":92.85}}
,"/Users/victor/development/appquilar/appquilar/src/infrastructure/repositories/ApiAuthRepository.ts": {"lines":{"total":29,"covered":29,"skipped":0,"pct":100},"functions":{"total":9,"covered":9,"skipped":0,"pct":100},"statements":{"total":29,"covered":29,"skipped":0,"pct":100},"branches":{"total":12,"covered":12,"skipped":0,"pct":100}}
,"/Users/victor/development/appquilar/appquilar/src/infrastructure/repositories/ApiBillingRepository.ts": {"lines":{"total":23,"covered":23,"skipped":0,"pct":100},"functions":{"total":6,"covered":6,"skipped":0,"pct":100},"statements":{"total":23,"covered":23,"skipped":0,"pct":100},"branches":{"total":4,"covered":3,"skipped":0,"pct":75}}
,"/Users/victor/development/appquilar/appquilar/src/infrastructure/repositories/ApiBlogRepository.ts": {"lines":{"total":83,"covered":76,"skipped":0,"pct":91.56},"functions":{"total":30,"covered":30,"skipped":0,"pct":100},"statements":{"total":91,"covered":84,"skipped":0,"pct":92.3},"branches":{"total":100,"covered":69,"skipped":0,"pct":69}}
,"/Users/victor/development/appquilar/appquilar/src/infrastructure/repositories/ApiCaptchaRepository.ts": {"lines":{"total":8,"covered":8,"skipped":0,"pct":100},"functions":{"total":3,"covered":3,"skipped":0,"pct":100},"statements":{"total":8,"covered":8,"skipped":0,"pct":100},"branches":{"total":14,"covered":13,"skipped":0,"pct":92.85}}
,"/Users/victor/development/appquilar/appquilar/src/infrastructure/repositories/ApiCategoryRepository.ts": {"lines":{"total":54,"covered":53,"skipped":0,"pct":98.14},"functions":{"total":17,"covered":17,"skipped":0,"pct":100},"statements":{"total":62,"covered":61,"skipped":0,"pct":98.38},"branches":{"total":82,"covered":58,"skipped":0,"pct":70.73}}
,"/Users/victor/development/appquilar/appquilar/src/infrastructure/repositories/ApiCompanyAdminRepository.ts": {"lines":{"total":19,"covered":19,"skipped":0,"pct":100},"functions":{"total":4,"covered":4,"skipped":0,"pct":100},"statements":{"total":19,"covered":19,"skipped":0,"pct":100},"branches":{"total":14,"covered":12,"skipped":0,"pct":85.71}}
,"/Users/victor/development/appquilar/appquilar/src/infrastructure/repositories/ApiCompanyEngagementRepository.ts": {"lines":{"total":24,"covered":22,"skipped":0,"pct":91.66},"functions":{"total":9,"covered":9,"skipped":0,"pct":100},"statements":{"total":24,"covered":22,"skipped":0,"pct":91.66},"branches":{"total":18,"covered":12,"skipped":0,"pct":66.66}}
,"/Users/victor/development/appquilar/appquilar/src/infrastructure/repositories/ApiCompanyInvitationRepository.ts": {"lines":{"total":16,"covered":16,"skipped":0,"pct":100},"functions":{"total":3,"covered":3,"skipped":0,"pct":100},"statements":{"total":16,"covered":16,"skipped":0,"pct":100},"branches":{"total":10,"covered":10,"skipped":0,"pct":100}}
,"/Users/victor/development/appquilar/appquilar/src/infrastructure/repositories/ApiCompanyMembershipRepository.ts": {"lines":{"total":33,"covered":31,"skipped":0,"pct":93.93},"functions":{"total":9,"covered":9,"skipped":0,"pct":100},"statements":{"total":34,"covered":32,"skipped":0,"pct":94.11},"branches":{"total":30,"covered":20,"skipped":0,"pct":66.66}}
,"/Users/victor/development/appquilar/appquilar/src/infrastructure/repositories/ApiCompanyProfileRepository.ts": {"lines":{"total":26,"covered":24,"skipped":0,"pct":92.3},"functions":{"total":5,"covered":5,"skipped":0,"pct":100},"statements":{"total":26,"covered":24,"skipped":0,"pct":92.3},"branches":{"total":91,"covered":55,"skipped":0,"pct":60.43}}
,"/Users/victor/development/appquilar/appquilar/src/infrastructure/repositories/ApiContactRepository.ts": {"lines":{"total":3,"covered":3,"skipped":0,"pct":100},"functions":{"total":2,"covered":2,"skipped":0,"pct":100},"statements":{"total":3,"covered":3,"skipped":0,"pct":100},"branches":{"total":0,"covered":0,"skipped":0,"pct":100}}
,"/Users/victor/development/appquilar/appquilar/src/infrastructure/repositories/ApiMediaRepository.ts": {"lines":{"total":19,"covered":18,"skipped":0,"pct":94.73},"functions":{"total":5,"covered":5,"skipped":0,"pct":100},"statements":{"total":19,"covered":18,"skipped":0,"pct":94.73},"branches":{"total":5,"covered":4,"skipped":0,"pct":80}}
,"/Users/victor/development/appquilar/appquilar/src/infrastructure/repositories/ApiPaymentPlanRepository.ts": {"lines":{"total":32,"covered":30,"skipped":0,"pct":93.75},"functions":{"total":11,"covered":11,"skipped":0,"pct":100},"statements":{"total":32,"covered":30,"skipped":0,"pct":93.75},"branches":{"total":75,"covered":50,"skipped":0,"pct":66.66}}
,"/Users/victor/development/appquilar/appquilar/src/infrastructure/repositories/ApiProductRepository.ts": {"lines":{"total":212,"covered":198,"skipped":0,"pct":93.39},"functions":{"total":51,"covered":49,"skipped":0,"pct":96.07},"statements":{"total":228,"covered":214,"skipped":0,"pct":93.85},"branches":{"total":358,"covered":259,"skipped":0,"pct":72.34}}
,"/Users/victor/development/appquilar/appquilar/src/infrastructure/repositories/ApiPublicCompanyProductsRepository.ts": {"lines":{"total":38,"covered":37,"skipped":0,"pct":97.36},"functions":{"total":10,"covered":10,"skipped":0,"pct":100},"statements":{"total":38,"covered":37,"skipped":0,"pct":97.36},"branches":{"total":124,"covered":108,"skipped":0,"pct":87.09}}
,"/Users/victor/development/appquilar/appquilar/src/infrastructure/repositories/ApiPublicCompanyProfileRepository.ts": {"lines":{"total":16,"covered":16,"skipped":0,"pct":100},"functions":{"total":6,"covered":6,"skipped":0,"pct":100},"statements":{"total":17,"covered":17,"skipped":0,"pct":100},"branches":{"total":42,"covered":36,"skipped":0,"pct":85.71}}
,"/Users/victor/development/appquilar/appquilar/src/infrastructure/repositories/ApiRentalRepository.ts": {"lines":{"total":113,"covered":106,"skipped":0,"pct":93.8},"functions":{"total":23,"covered":22,"skipped":0,"pct":95.65},"statements":{"total":130,"covered":122,"skipped":0,"pct":93.84},"branches":{"total":199,"covered":120,"skipped":0,"pct":60.3}}
,"/Users/victor/development/appquilar/appquilar/src/infrastructure/repositories/ApiSiteRepository.ts": {"lines":{"total":15,"covered":15,"skipped":0,"pct":100},"functions":{"total":6,"covered":6,"skipped":0,"pct":100},"statements":{"total":16,"covered":16,"skipped":0,"pct":100},"branches":{"total":27,"covered":17,"skipped":0,"pct":62.96}}
,"/Users/victor/development/appquilar/appquilar/src/infrastructure/repositories/ApiUserEngagementRepository.ts": {"lines":{"total":22,"covered":20,"skipped":0,"pct":90.9},"functions":{"total":7,"covered":7,"skipped":0,"pct":100},"statements":{"total":22,"covered":20,"skipped":0,"pct":90.9},"branches":{"total":16,"covered":10,"skipped":0,"pct":62.5}}
,"/Users/victor/development/appquilar/appquilar/src/infrastructure/repositories/ApiUserRepository.ts": {"lines":{"total":76,"covered":73,"skipped":0,"pct":96.05},"functions":{"total":18,"covered":18,"skipped":0,"pct":100},"statements":{"total":81,"covered":75,"skipped":0,"pct":92.59},"branches":{"total":129,"covered":102,"skipped":0,"pct":79.06}}
,"/Users/victor/development/appquilar/appquilar/src/lib/utils.ts": {"lines":{"total":1,"covered":1,"skipped":0,"pct":100},"functions":{"total":1,"covered":1,"skipped":0,"pct":100},"statements":{"total":1,"covered":1,"skipped":0,"pct":100},"branches":{"total":0,"covered":0,"skipped":0,"pct":100}}
,"/Users/victor/development/appquilar/appquilar/src/utils/backendError.ts": {"lines":{"total":51,"covered":41,"skipped":0,"pct":80.39},"functions":{"total":10,"covered":10,"skipped":0,"pct":100},"statements":{"total":53,"covered":43,"skipped":0,"pct":81.13},"branches":{"total":36,"covered":23,"skipped":0,"pct":63.88}}
,"/Users/victor/development/appquilar/appquilar/src/utils/categoryBreadcrumb.ts": {"lines":{"total":10,"covered":10,"skipped":0,"pct":100},"functions":{"total":1,"covered":1,"skipped":0,"pct":100},"statements":{"total":10,"covered":10,"skipped":0,"pct":100},"branches":{"total":8,"covered":8,"skipped":0,"pct":100}}
,"/Users/victor/development/appquilar/appquilar/src/utils/normalizeSearchText.ts": {"lines":{"total":1,"covered":1,"skipped":0,"pct":100},"functions":{"total":1,"covered":1,"skipped":0,"pct":100},"statements":{"total":1,"covered":1,"skipped":0,"pct":100},"branches":{"total":0,"covered":0,"skipped":0,"pct":100}}
}
