TN:
SF:src/compositionRoot.ts
FN:79,(anonymous_0)
FNF:1
FNH:0
FNDA:0,(anonymous_0)
DA:79,6
DA:80,6
DA:81,6
DA:82,6
DA:83,6
DA:84,6
DA:85,6
DA:86,6
DA:87,6
DA:88,6
DA:89,6
DA:90,6
DA:91,6
DA:92,6
DA:93,6
DA:94,6
DA:95,6
DA:96,6
DA:98,6
DA:99,6
DA:100,6
DA:101,6
DA:102,6
DA:103,6
DA:104,6
DA:105,6
DA:106,6
DA:107,6
DA:108,6
DA:109,6
DA:110,6
DA:111,6
DA:112,6
DA:113,6
DA:114,6
DA:115,6
DA:116,6
DA:117,6
DA:118,6
DA:119,6
DA:123,6
DA:132,6
LF:42
LH:42
BRF:0
BRH:0
end_of_record
TN:
SF:src/application/hooks/useAdminPlatformAnalytics.ts
FN:24,(anonymous_0)
FN:33,(anonymous_1)
FN:37,(anonymous_2)
FN:46,(anonymous_3)
FN:59,(anonymous_4)
FN:62,(anonymous_5)
FN:65,(anonymous_6)
FN:68,(anonymous_7)
FN:71,(anonymous_8)
FN:74,(anonymous_9)
FN:77,(anonymous_10)
FN:80,(anonymous_11)
FN:83,(anonymous_12)
FN:86,(anonymous_13)
FN:89,(anonymous_14)
FN:92,(anonymous_15)
FN:95,(anonymous_16)
FN:98,(anonymous_17)
FNF:18
FNH:18
FNDA:19,(anonymous_0)
FNDA:3,(anonymous_1)
FNDA:6,(anonymous_2)
FNDA:13,(anonymous_3)
FNDA:1,(anonymous_4)
FNDA:1,(anonymous_5)
FNDA:2,(anonymous_6)
FNDA:2,(anonymous_7)
FNDA:2,(anonymous_8)
FNDA:2,(anonymous_9)
FNDA:2,(anonymous_10)
FNDA:2,(anonymous_11)
FNDA:2,(anonymous_12)
FNDA:2,(anonymous_13)
FNDA:2,(anonymous_14)
FNDA:2,(anonymous_15)
FNDA:2,(anonymous_16)
FNDA:2,(anonymous_17)
DA:17,1
DA:24,1
DA:27,19
DA:33,3
DA:37,1
DA:38,6
DA:39,6
DA:41,6
DA:46,1
DA:50,13
DA:51,13
DA:53,13
DA:59,1
DA:60,1
DA:62,1
DA:65,1
DA:66,2
DA:68,2
DA:71,1
DA:72,2
DA:74,2
DA:77,1
DA:78,2
DA:80,2
DA:83,1
DA:84,2
DA:86,2
DA:89,1
DA:90,2
DA:92,2
DA:95,1
DA:96,2
DA:98,2
LF:33
LH:33
BRDA:30,0,0,19
BRDA:30,0,1,12
BRDA:31,1,0,19
BRDA:31,1,1,12
BRF:4
BRH:4
end_of_record
TN:
SF:src/application/hooks/useAdminUserEditor.ts
FN:23,normalizeRoles
FN:41,useAdminUserEditor
FN:59,(anonymous_2)
FN:87,(anonymous_3)
FN:101,(anonymous_4)
FN:106,(anonymous_5)
FN:117,(anonymous_6)
FN:152,(anonymous_7)
FN:192,(anonymous_8)
FN:221,(anonymous_9)
FNF:10
FNH:10
FNDA:29,normalizeRoles
FNDA:18,useAdminUserEditor
FNDA:9,(anonymous_2)
FNDA:9,(anonymous_3)
FNDA:5,(anonymous_4)
FNDA:5,(anonymous_5)
FNDA:2,(anonymous_6)
FNDA:3,(anonymous_7)
FNDA:2,(anonymous_8)
FNDA:3,(anonymous_9)
DA:20,1
DA:21,1
DA:24,29
DA:27,29
DA:28,1
DA:31,29
DA:42,18
DA:43,18
DA:48,18
DA:59,18
DA:60,9
DA:61,9
DA:73,18
DA:87,18
DA:88,9
DA:89,9
DA:101,18
DA:102,5
DA:103,5
DA:106,18
DA:107,5
DA:108,1
DA:111,4
DA:117,18
DA:118,2
DA:120,2
DA:122,2
DA:123,2
DA:124,2
DA:126,1
DA:130,1
DA:131,1
DA:132,1
DA:134,0
DA:138,1
DA:139,1
DA:141,1
DA:143,1
DA:144,1
DA:145,1
DA:152,18
DA:153,3
DA:154,0
DA:155,0
DA:158,3
DA:159,1
DA:160,1
DA:163,2
DA:165,2
DA:166,2
DA:168,2
DA:172,1
DA:173,1
DA:175,0
DA:178,1
DA:179,1
DA:181,1
DA:182,1
DA:184,1
DA:185,1
DA:192,18
DA:193,2
DA:195,2
DA:196,2
DA:198,2
DA:208,1
DA:209,1
DA:211,1
DA:213,1
DA:214,1
DA:221,18
DA:222,3
DA:224,3
DA:225,3
DA:240,2
DA:241,2
DA:243,2
DA:245,1
DA:246,1
DA:250,18
LF:80
LH:76
BRDA:24,0,0,29
BRDA:24,0,1,0
BRDA:27,1,0,1
BRDA:27,1,1,28
BRDA:27,2,0,29
BRDA:27,2,1,1
BRDA:51,3,0,18
BRDA:51,3,1,0
BRDA:52,4,0,18
BRDA:52,4,1,0
BRDA:53,5,0,18
BRDA:53,5,1,0
BRDA:60,6,0,0
BRDA:60,6,1,9
BRDA:76,7,0,18
BRDA:76,7,1,18
BRDA:77,8,0,18
BRDA:77,8,1,18
BRDA:78,9,0,18
BRDA:78,9,1,18
BRDA:79,10,0,18
BRDA:79,10,1,18
BRDA:80,11,0,18
BRDA:80,11,1,18
BRDA:81,12,0,18
BRDA:81,12,1,18
BRDA:82,13,0,18
BRDA:82,13,1,18
BRDA:83,14,0,18
BRDA:83,14,1,18
BRDA:88,15,0,0
BRDA:88,15,1,9
BRDA:90,16,0,9
BRDA:90,16,1,9
BRDA:91,17,0,9
BRDA:91,17,1,9
BRDA:92,18,0,9
BRDA:92,18,1,9
BRDA:93,19,0,9
BRDA:93,19,1,9
BRDA:94,20,0,9
BRDA:94,20,1,9
BRDA:95,21,0,9
BRDA:95,21,1,9
BRDA:96,22,0,9
BRDA:96,22,1,9
BRDA:97,23,0,9
BRDA:97,23,1,9
BRDA:102,24,0,0
BRDA:102,24,1,5
BRDA:107,25,0,1
BRDA:107,25,1,4
BRDA:107,26,0,5
BRDA:107,26,1,5
BRDA:118,27,0,0
BRDA:118,27,1,2
BRDA:118,28,0,2
BRDA:118,28,1,2
BRDA:123,29,0,2
BRDA:123,29,1,1
BRDA:130,30,0,1
BRDA:130,30,1,0
BRDA:153,31,0,0
BRDA:153,31,1,3
BRDA:153,32,0,3
BRDA:153,32,1,3
BRDA:158,33,0,1
BRDA:158,33,1,2
BRDA:193,34,0,0
BRDA:193,34,1,2
BRDA:193,35,0,2
BRDA:193,35,1,2
BRDA:205,36,0,2
BRDA:205,36,1,2
BRDA:222,37,0,0
BRDA:222,37,1,3
BRDA:228,38,0,3
BRDA:228,38,1,3
BRDA:235,39,0,2
BRDA:235,39,1,1
BRDA:235,40,0,3
BRDA:235,40,1,2
BRF:82
BRH:70
end_of_record
TN:
SF:src/application/hooks/useCategoryBreadcrumbs.ts
FN:5,(anonymous_0)
FN:10,(anonymous_1)
FN:12,(anonymous_2)
FNF:3
FNH:3
FNDA:3,(anonymous_0)
FNDA:1,(anonymous_1)
FNDA:10,(anonymous_2)
DA:5,1
DA:6,3
DA:8,3
DA:10,1
DA:12,10
LF:5
LH:5
BRDA:6,0,0,3
BRDA:6,0,1,1
BRF:2
BRH:2
end_of_record
TN:
SF:src/application/hooks/useCategoryWithProducts.ts
FN:24,(anonymous_0)
FN:28,(anonymous_1)
FN:43,(anonymous_2)
FN:44,(anonymous_3)
FN:48,(anonymous_4)
FN:64,(anonymous_5)
FN:65,(anonymous_6)
FNF:7
FNH:4
FNDA:0,(anonymous_0)
FNDA:2,(anonymous_1)
FNDA:2,(anonymous_2)
FNDA:0,(anonymous_3)
FNDA:0,(anonymous_4)
FNDA:5,(anonymous_5)
FNDA:1,(anonymous_6)
DA:24,1
DA:25,0
DA:28,1
DA:34,2
DA:35,2
DA:36,2
DA:37,2
DA:38,2
DA:41,2
DA:43,2
DA:44,0
DA:46,2
DA:48,0
DA:51,2
DA:64,5
DA:66,1
DA:67,1
DA:79,1
LF:18
LH:15
BRDA:39,0,0,2
BRDA:39,0,1,0
BRDA:47,1,0,2
BRDA:47,1,1,0
BRDA:68,2,0,0
BRDA:68,2,1,1
BRDA:73,3,0,1
BRDA:73,3,1,0
BRDA:74,4,0,1
BRDA:74,4,1,0
BRDA:82,5,0,1
BRDA:82,5,1,0
BRF:12
BRH:6
end_of_record
TN:
SF:src/application/hooks/useCompanyAdvancedStats.ts
FN:6,(anonymous_0)
FN:18,(anonymous_1)
FNF:2
FNH:2
FNDA:4,(anonymous_0)
FNDA:1,(anonymous_1)
DA:4,1
DA:6,1
DA:11,4
DA:18,1
LF:4
LH:4
BRDA:9,0,0,4
BRDA:14,1,0,4
BRDA:14,1,1,1
BRDA:15,2,0,4
BRDA:15,2,1,1
BRDA:16,3,0,4
BRDA:16,3,1,1
BRDA:19,4,0,4
BRDA:19,4,1,3
BRF:9
BRH:9
end_of_record
TN:
SF:src/application/hooks/useCompanyEngagementStats.ts
FN:6,(anonymous_0)
FN:17,(anonymous_1)
FNF:2
FNH:2
FNDA:3,(anonymous_0)
FNDA:1,(anonymous_1)
DA:4,1
DA:6,1
DA:10,3
DA:17,1
LF:4
LH:4
BRDA:13,0,0,3
BRDA:13,0,1,1
BRDA:14,1,0,3
BRDA:14,1,1,1
BRDA:15,2,0,3
BRDA:15,2,1,1
BRF:6
BRH:6
end_of_record
TN:
SF:src/application/hooks/useCurrentUser.ts
FN:4,useCurrentUser
FN:10,(anonymous_1)
FNF:2
FNH:2
FNDA:32,useCurrentUser
FNDA:13,(anonymous_1)
DA:5,32
DA:6,32
DA:8,32
DA:11,13
DA:12,13
DA:18,32
LF:6
LH:6
BRDA:11,0,0,0
BRDA:11,0,1,13
BRDA:19,1,0,32
BRDA:19,1,1,20
BRDA:20,2,0,32
BRDA:20,2,1,29
BRF:6
BRH:5
end_of_record
TN:
SF:src/application/hooks/useMediaActions.ts
FN:10,(anonymous_0)
FN:11,(anonymous_1)
FN:15,(anonymous_2)
FN:20,(anonymous_3)
FNF:4
FNH:4
FNDA:44,(anonymous_0)
FNDA:2,(anonymous_1)
FNDA:1,(anonymous_2)
FNDA:1,(anonymous_3)
DA:10,2
DA:11,44
DA:12,2
DA:15,44
DA:16,1
DA:19,44
DA:21,1
DA:26,44
LF:8
LH:8
BRF:0
BRH:0
end_of_record
TN:
SF:src/application/hooks/useMediaUrl.ts
FN:13,(anonymous_0)
FN:24,(anonymous_1)
FN:28,(anonymous_2)
FN:60,(anonymous_3)
FNF:4
FNH:4
FNDA:90,(anonymous_0)
FNDA:13,(anonymous_1)
FNDA:13,(anonymous_2)
FNDA:13,(anonymous_3)
DA:13,2
DA:18,90
DA:20,90
DA:21,90
DA:22,90
DA:24,90
DA:25,13
DA:26,13
DA:28,13
DA:29,13
DA:31,4
DA:32,1
DA:33,1
DA:34,1
DA:35,1
DA:38,3
DA:39,3
DA:41,3
DA:42,3
DA:43,2
DA:45,2
DA:46,2
DA:48,1
DA:49,1
DA:50,1
DA:52,3
DA:53,3
DA:58,13
DA:60,13
DA:61,13
DA:62,13
DA:66,90
LF:32
LH:32
BRDA:16,0,0,90
BRDA:18,1,0,90
BRDA:29,2,0,9
BRDA:29,2,1,4
BRDA:31,3,0,1
BRDA:31,3,1,3
BRDA:45,4,0,0
BRDA:45,4,1,2
BRDA:48,5,0,0
BRDA:48,5,1,1
BRDA:52,6,0,3
BRDA:52,6,1,0
BRDA:62,7,0,2
BRDA:62,7,1,11
BRF:14
BRH:11
end_of_record
TN:
SF:src/application/hooks/usePaymentPlans.ts
FN:12,(anonymous_0)
FN:20,(anonymous_1)
FN:25,(anonymous_2)
FN:32,(anonymous_3)
FN:37,(anonymous_4)
FN:39,(anonymous_5)
FN:40,(anonymous_6)
FN:49,(anonymous_7)
FN:51,(anonymous_8)
FN:52,(anonymous_9)
FNF:10
FNH:10
FNDA:2,(anonymous_0)
FNDA:1,(anonymous_1)
FNDA:3,(anonymous_2)
FNDA:1,(anonymous_3)
FNDA:3,(anonymous_4)
FNDA:1,(anonymous_5)
FNDA:1,(anonymous_6)
FNDA:3,(anonymous_7)
FNDA:1,(anonymous_8)
FNDA:1,(anonymous_9)
DA:10,1
DA:12,1
DA:16,2
DA:18,2
DA:20,1
DA:25,1
DA:30,3
DA:32,1
DA:37,1
DA:38,3
DA:39,1
DA:41,1
DA:44,1
DA:49,1
DA:50,3
DA:51,1
DA:53,1
DA:54,1
DA:57,1
LF:19
LH:19
BRDA:19,0,0,2
BRDA:19,0,1,0
BRDA:21,1,0,2
BRDA:21,1,1,2
BRDA:28,2,0,3
BRDA:31,3,0,3
BRDA:31,3,1,1
BRDA:32,4,0,1
BRDA:32,4,1,0
BRDA:33,5,0,3
BRDA:33,5,1,3
BRDA:33,5,2,2
BRDA:42,6,0,1
BRDA:42,6,1,0
BRF:14
BRH:11
end_of_record
TN:
SF:src/application/hooks/useProductForm.ts
FN:33,(anonymous_0)
FN:68,(anonymous_1)
FN:72,(anonymous_2)
FN:99,(anonymous_3)
FN:115,(anonymous_4)
FN:144,(anonymous_5)
FN:164,(anonymous_6)
FNF:7
FNH:7
FNDA:14,(anonymous_0)
FNDA:9,(anonymous_1)
FNDA:9,(anonymous_2)
FNDA:5,(anonymous_3)
FNDA:1,(anonymous_4)
FNDA:2,(anonymous_5)
FNDA:2,(anonymous_6)
DA:33,1
DA:34,14
DA:36,14
DA:38,14
DA:45,14
DA:56,14
DA:62,14
DA:63,14
DA:67,14
DA:68,9
DA:72,14
DA:73,9
DA:75,9
DA:76,2
DA:77,1
DA:79,2
DA:82,7
DA:83,0
DA:86,7
DA:87,4
DA:88,1
DA:90,4
DA:93,3
DA:94,3
DA:95,1
DA:99,14
DA:100,5
DA:101,5
DA:102,5
DA:103,5
DA:104,5
DA:105,5
DA:106,5
DA:107,5
DA:109,5
DA:114,5
DA:115,1
DA:116,1
DA:122,1
DA:125,4
DA:127,4
DA:128,2
DA:129,3
DA:130,2
DA:131,2
DA:132,1
DA:134,1
DA:136,1
DA:137,1
DA:142,4
DA:143,4
DA:144,4
DA:145,4
DA:150,5
DA:151,1
DA:152,1
DA:153,1
DA:154,1
DA:157,4
DA:159,2
DA:161,2
DA:162,1
DA:164,1
DA:165,2
DA:166,2
DA:167,0
DA:170,2
DA:174,2
DA:178,2
DA:181,1
DA:182,1
DA:186,1
DA:190,1
DA:192,5
DA:196,14
LF:75
LH:73
BRDA:38,0,0,14
BRDA:38,0,1,14
BRDA:38,0,2,14
BRDA:38,0,3,2
BRDA:38,0,4,2
BRDA:38,0,5,2
BRDA:51,1,0,2
BRDA:51,1,1,12
BRDA:52,2,0,0
BRDA:52,2,1,14
BRDA:62,3,0,14
BRDA:62,3,1,2
BRDA:64,4,0,12
BRDA:64,4,1,2
BRDA:68,5,0,9
BRDA:68,5,1,1
BRDA:73,6,0,9
BRDA:73,6,1,0
BRDA:75,7,0,2
BRDA:75,7,1,7
BRDA:76,8,0,1
BRDA:76,8,1,1
BRDA:82,9,0,0
BRDA:82,9,1,7
BRDA:86,10,0,4
BRDA:86,10,1,3
BRDA:87,11,0,1
BRDA:87,11,1,3
BRDA:94,12,0,1
BRDA:94,12,1,2
BRDA:110,13,0,5
BRDA:110,13,1,0
BRDA:114,14,0,1
BRDA:114,14,1,4
BRDA:127,15,0,2
BRDA:127,15,1,2
BRDA:127,16,0,4
BRDA:127,16,1,4
BRDA:129,17,0,2
BRDA:129,17,1,1
BRDA:136,18,0,1
BRDA:136,18,1,0
BRDA:146,19,0,4
BRDA:146,19,1,0
BRDA:150,20,0,1
BRDA:150,20,1,4
BRDA:152,21,0,1
BRDA:152,21,1,0
BRDA:161,22,0,1
BRDA:161,22,1,1
BRDA:161,23,0,2
BRDA:161,23,1,1
BRDA:165,24,0,2
BRDA:165,24,1,0
BRDA:166,25,0,0
BRDA:166,25,1,2
BRDA:181,26,0,1
BRDA:181,26,1,0
BRDA:200,27,0,14
BRDA:200,27,1,14
BRF:60
BRH:50
end_of_record
TN:
SF:src/application/hooks/useProductOwnerAddress.ts
FN:20,(anonymous_0)
FN:25,(anonymous_1)
FNF:2
FNH:2
FNDA:2,(anonymous_0)
FNDA:2,(anonymous_1)
DA:20,1
DA:21,2
DA:22,2
DA:23,2
DA:25,2
DA:26,2
DA:28,2
DA:31,2
DA:33,2
LF:9
LH:9
BRDA:26,0,0,1
BRDA:26,0,1,1
BRDA:28,1,0,1
BRDA:28,1,1,1
BRDA:29,2,0,1
BRDA:29,2,1,0
BRDA:30,3,0,1
BRDA:30,3,1,0
BRDA:31,4,0,2
BRDA:31,4,1,2
BRDA:31,4,2,1
BRDA:40,5,0,1
BRDA:40,5,1,1
BRDA:40,6,0,2
BRDA:40,6,1,1
BRF:15
BRH:13
end_of_record
TN:
SF:src/application/hooks/useProducts.ts
FN:44,(anonymous_0)
FN:49,(anonymous_1)
FN:52,(anonymous_2)
FN:64,(anonymous_3)
FN:81,(anonymous_4)
FN:92,(anonymous_5)
FN:105,(anonymous_6)
FN:109,(anonymous_7)
FN:116,(anonymous_8)
FN:124,(anonymous_9)
FN:128,(anonymous_10)
FN:141,(anonymous_11)
FN:157,(anonymous_12)
FN:170,(anonymous_13)
FN:185,(anonymous_14)
FN:188,(anonymous_15)
FN:199,(anonymous_16)
FN:202,(anonymous_17)
FN:213,(anonymous_18)
FN:216,(anonymous_19)
FN:217,(anonymous_20)
FN:221,(anonymous_21)
FN:234,(anonymous_22)
FN:237,(anonymous_23)
FN:239,(anonymous_24)
FN:248,(anonymous_25)
FN:261,(anonymous_26)
FN:264,(anonymous_27)
FN:265,(anonymous_28)
FN:269,(anonymous_29)
FN:282,(anonymous_30)
FN:285,(anonymous_31)
FN:286,(anonymous_32)
FN:295,(anonymous_33)
FN:302,(anonymous_34)
FN:304,(anonymous_35)
FN:315,(anonymous_36)
FN:325,(anonymous_37)
FN:334,(anonymous_38)
FN:335,(anonymous_39)
FN:360,(anonymous_40)
FNF:41
FNH:39
FNDA:4,(anonymous_0)
FNDA:2,(anonymous_1)
FNDA:2,(anonymous_2)
FNDA:0,(anonymous_3)
FNDA:2,(anonymous_4)
FNDA:1,(anonymous_5)
FNDA:5,(anonymous_6)
FNDA:8,(anonymous_7)
FNDA:3,(anonymous_8)
FNDA:23,(anonymous_9)
FNDA:4,(anonymous_10)
FNDA:1,(anonymous_11)
FNDA:13,(anonymous_12)
FNDA:2,(anonymous_13)
FNDA:2,(anonymous_14)
FNDA:1,(anonymous_15)
FNDA:2,(anonymous_16)
FNDA:1,(anonymous_17)
FNDA:8,(anonymous_18)
FNDA:2,(anonymous_19)
FNDA:1,(anonymous_20)
FNDA:1,(anonymous_21)
FNDA:9,(anonymous_22)
FNDA:2,(anonymous_23)
FNDA:1,(anonymous_24)
FNDA:1,(anonymous_25)
FNDA:9,(anonymous_26)
FNDA:3,(anonymous_27)
FNDA:1,(anonymous_28)
FNDA:2,(anonymous_29)
FNDA:2,(anonymous_30)
FNDA:3,(anonymous_31)
FNDA:2,(anonymous_32)
FNDA:1,(anonymous_33)
FNDA:1,(anonymous_34)
FNDA:1,(anonymous_35)
FNDA:1,(anonymous_36)
FNDA:6,(anonymous_37)
FNDA:3,(anonymous_38)
FNDA:3,(anonymous_39)
FNDA:0,(anonymous_40)
DA:36,1
DA:44,1
DA:45,4
DA:46,2
DA:49,2
DA:52,1
DA:56,2
DA:57,2
DA:60,0
DA:64,2
DA:65,0
DA:67,0
DA:69,0
DA:71,0
DA:73,0
DA:81,1
DA:89,2
DA:93,1
DA:94,0
DA:102,1
DA:105,5
DA:109,1
DA:114,8
DA:117,3
DA:118,0
DA:121,3
DA:124,23
DA:128,1
DA:133,4
DA:134,4
DA:139,4
DA:142,1
DA:143,0
DA:146,1
DA:154,1
DA:157,13
DA:160,4
DA:161,2
DA:167,2
DA:170,1
DA:174,2
DA:176,2
DA:185,1
DA:186,2
DA:189,1
DA:190,1
DA:199,1
DA:200,2
DA:203,1
DA:204,1
DA:213,1
DA:214,8
DA:215,8
DA:216,2
DA:218,1
DA:219,1
DA:222,1
DA:223,1
DA:224,0
DA:226,1
DA:234,1
DA:235,9
DA:236,9
DA:238,2
DA:240,1
DA:241,1
DA:242,1
DA:243,1
DA:244,1
DA:245,1
DA:246,1
DA:249,1
DA:250,1
DA:251,0
DA:253,1
DA:261,1
DA:262,9
DA:263,9
DA:264,3
DA:266,1
DA:267,1
DA:270,2
DA:271,2
DA:272,2
DA:273,1
DA:274,1
DA:277,1
DA:282,1
DA:283,2
DA:284,2
DA:285,3
DA:287,2
DA:288,1
DA:289,1
DA:290,1
DA:293,1
DA:296,1
DA:297,1
DA:302,1
DA:303,1
DA:314,1
DA:316,1
DA:317,1
DA:325,1
DA:326,6
DA:327,6
DA:328,6
DA:330,6
DA:331,6
DA:332,6
DA:334,6
DA:335,3
DA:336,3
DA:337,3
DA:339,3
DA:340,2
DA:342,1
DA:344,2
DA:346,1
DA:347,1
DA:349,3
DA:352,3
DA:355,6
DA:360,0
LF:124
LH:112
BRDA:45,0,0,2
BRDA:45,0,1,2
BRDA:56,1,0,2
BRDA:56,1,1,0
BRDA:60,2,0,0
BRDA:60,2,1,0
BRDA:65,3,0,0
BRDA:65,3,1,0
BRDA:65,3,2,0
BRDA:65,3,3,0
BRDA:82,4,0,2
BRDA:83,5,0,2
BRDA:85,6,0,2
BRDA:86,7,0,2
BRDA:87,8,0,2
BRDA:93,9,0,0
BRDA:93,9,1,1
BRDA:104,10,0,2
BRDA:104,10,1,2
BRDA:111,11,0,8
BRDA:112,12,0,8
BRDA:117,13,0,0
BRDA:117,13,1,3
BRDA:123,14,0,8
BRDA:123,14,1,6
BRDA:130,15,0,4
BRDA:142,16,0,0
BRDA:142,16,1,1
BRDA:154,17,0,1
BRDA:154,17,1,1
BRDA:156,18,0,4
BRDA:156,18,1,4
BRDA:160,19,0,2
BRDA:160,19,1,2
BRDA:163,20,0,2
BRDA:163,20,1,1
BRDA:172,21,0,2
BRDA:178,22,0,2
BRDA:178,22,1,1
BRDA:189,23,0,0
BRDA:189,23,1,1
BRDA:189,24,0,1
BRDA:189,24,1,1
BRDA:192,25,0,2
BRDA:192,25,1,2
BRDA:203,26,0,0
BRDA:203,26,1,1
BRDA:223,27,0,0
BRDA:223,27,1,1
BRDA:223,28,0,1
BRDA:223,28,1,0
BRDA:250,29,0,0
BRDA:250,29,1,1
BRDA:250,30,0,1
BRDA:250,30,1,0
BRDA:272,31,0,1
BRDA:272,31,1,1
BRDA:287,32,0,1
BRDA:287,32,1,1
BRDA:339,33,0,2
BRDA:339,33,1,1
BRF:61
BRH:45
end_of_record
TN:
SF:src/application/hooks/usePublicCompanyProducts.ts
FN:5,(anonymous_0)
FN:12,(anonymous_1)
FN:14,(anonymous_2)
FNF:3
FNH:3
FNDA:3,(anonymous_0)
FNDA:1,(anonymous_1)
FNDA:11,(anonymous_2)
DA:5,1
DA:10,3
DA:12,1
DA:14,11
LF:4
LH:4
BRF:0
BRH:0
end_of_record
TN:
SF:src/application/hooks/usePublicCompanyProfile.ts
FN:5,(anonymous_0)
FN:8,(anonymous_1)
FNF:2
FNH:2
FNDA:3,(anonymous_0)
FNDA:1,(anonymous_1)
DA:5,1
DA:6,3
DA:8,1
LF:3
LH:3
BRF:0
BRH:0
end_of_record
TN:
SF:src/application/hooks/usePublicMediaUrl.ts
FN:5,(anonymous_0)
FNF:1
FNH:1
FNDA:5,(anonymous_0)
DA:3,2
DA:5,2
DA:9,5
DA:10,3
DA:13,2
LF:5
LH:5
BRDA:3,0,0,2
BRDA:3,0,1,0
BRDA:7,1,0,5
BRDA:9,2,0,3
BRDA:9,2,1,2
BRF:5
BRH:4
end_of_record
TN:
SF:src/application/hooks/usePublicSiteCategories.ts
FN:20,(anonymous_0)
FN:30,(anonymous_1)
FN:38,(anonymous_2)
FN:47,fetchAllCategories
FN:74,(anonymous_4)
FN:78,(anonymous_5)
FN:101,(anonymous_6)
FN:144,(anonymous_7)
FN:147,(anonymous_8)
FN:174,(anonymous_9)
FN:180,(anonymous_10)
FN:185,(anonymous_11)
FN:191,(anonymous_12)
FN:193,(anonymous_13)
FN:196,(anonymous_14)
FN:198,(anonymous_15)
FN:201,(anonymous_16)
FN:203,(anonymous_17)
FNF:18
FNH:18
FNDA:4,(anonymous_0)
FNDA:5,(anonymous_1)
FNDA:4,(anonymous_2)
FNDA:5,fetchAllCategories
FNDA:11,(anonymous_4)
FNDA:5,(anonymous_5)
FNDA:5,(anonymous_6)
FNDA:5,(anonymous_7)
FNDA:5,(anonymous_8)
FNDA:5,(anonymous_9)
FNDA:1,(anonymous_10)
FNDA:10,(anonymous_11)
FNDA:10,(anonymous_12)
FNDA:8,(anonymous_13)
FNDA:10,(anonymous_14)
FNDA:5,(anonymous_15)
FNDA:10,(anonymous_16)
FNDA:5,(anonymous_17)
DA:6,2
DA:9,2
DA:18,2
DA:20,2
DA:21,4
DA:22,4
DA:23,4
DA:24,1
DA:26,0
DA:30,2
DA:31,5
DA:32,5
DA:38,2
DA:39,4
DA:40,4
DA:41,4
DA:48,5
DA:49,5
DA:51,5
DA:52,6
DA:57,6
DA:59,6
DA:61,1
DA:62,1
DA:65,5
DA:74,2
DA:75,11
DA:78,11
DA:79,5
DA:82,4
DA:85,4
DA:86,4
DA:87,1
DA:88,1
DA:91,3
DA:94,11
DA:95,11
DA:96,11
DA:97,11
DA:99,11
DA:101,11
DA:102,5
DA:103,0
DA:104,0
DA:105,0
DA:108,5
DA:111,5
DA:112,1
DA:114,4
DA:117,5
DA:119,5
DA:120,5
DA:125,5
DA:132,5
DA:133,5
DA:135,5
DA:136,5
DA:138,0
DA:140,5
DA:144,11
DA:145,5
DA:147,5
DA:148,5
DA:149,1
DA:150,1
DA:151,1
DA:155,4
DA:156,3
DA:157,3
DA:158,3
DA:162,1
DA:163,1
DA:165,1
DA:166,1
DA:168,1
DA:172,5
DA:174,5
DA:175,5
DA:180,11
DA:181,1
DA:182,1
DA:185,11
DA:186,10
DA:187,61
DA:188,10
DA:191,11
DA:192,10
DA:193,8
DA:196,11
DA:197,10
DA:198,6
DA:201,11
DA:202,10
DA:203,6
DA:206,11
LF:95
LH:90
BRDA:23,0,0,3
BRDA:23,0,1,1
BRDA:59,1,0,5
BRDA:59,1,1,1
BRDA:62,2,0,0
BRDA:62,2,1,1
BRDA:79,3,0,1
BRDA:79,3,1,4
BRDA:82,4,0,0
BRDA:82,4,1,4
BRDA:86,5,0,1
BRDA:86,5,1,3
BRDA:94,6,0,11
BRDA:94,6,1,9
BRDA:95,7,0,11
BRDA:95,7,1,9
BRDA:102,8,0,0
BRDA:102,8,1,5
BRDA:108,9,0,5
BRDA:108,9,1,0
BRDA:111,10,0,1
BRDA:111,10,1,4
BRDA:111,11,0,5
BRDA:111,11,1,1
BRDA:111,11,2,1
BRDA:148,12,0,1
BRDA:148,12,1,4
BRDA:155,13,0,3
BRDA:155,13,1,1
BRDA:156,14,0,0
BRDA:156,14,1,3
BRDA:162,15,0,0
BRDA:162,15,1,1
BRDA:192,16,0,4
BRDA:192,16,1,6
BRDA:197,17,0,4
BRDA:197,17,1,6
BRDA:202,18,0,4
BRDA:202,18,1,6
BRF:39
BRH:33
end_of_record
TN:
SF:src/application/hooks/useRentals.ts
FN:17,(anonymous_0)
FN:22,(anonymous_1)
FN:24,(anonymous_2)
FN:37,(anonymous_3)
FN:43,(anonymous_4)
FN:45,(anonymous_5)
FN:53,(anonymous_6)
FN:67,(anonymous_7)
FN:71,(anonymous_8)
FN:72,(anonymous_9)
FN:79,(anonymous_10)
FN:125,(anonymous_11)
FNF:12
FNH:12
FNDA:2,(anonymous_0)
FNDA:1,(anonymous_1)
FNDA:5,(anonymous_2)
FNDA:4,(anonymous_3)
FNDA:2,(anonymous_4)
FNDA:10,(anonymous_5)
FNDA:2,(anonymous_6)
FNDA:1,(anonymous_7)
FNDA:2,(anonymous_8)
FNDA:6,(anonymous_9)
FNDA:1,(anonymous_10)
FNDA:1,(anonymous_11)
DA:17,1
DA:18,2
DA:20,2
DA:22,1
DA:24,5
DA:27,2
DA:37,1
DA:41,4
DA:43,2
DA:45,10
DA:53,1
DA:56,2
DA:61,2
DA:67,1
DA:68,1
DA:69,1
DA:71,1
DA:72,6
DA:73,2
DA:78,1
DA:100,1
DA:101,1
DA:103,1
DA:104,0
DA:107,1
DA:120,1
DA:121,1
DA:122,1
DA:126,1
LF:29
LH:28
BRDA:17,0,0,2
BRDA:17,1,0,2
BRDA:18,2,0,2
BRDA:18,2,1,2
BRDA:28,3,0,2
BRDA:28,3,1,1
BRDA:29,4,0,2
BRDA:29,4,1,1
BRDA:30,5,0,2
BRDA:30,5,1,1
BRDA:31,6,0,2
BRDA:31,6,1,1
BRDA:31,6,2,0
BRDA:33,7,0,0
BRDA:33,7,1,2
BRDA:37,8,0,4
BRDA:39,9,0,4
BRDA:42,10,0,4
BRDA:42,10,1,0
BRDA:43,11,0,2
BRDA:43,11,1,0
BRDA:63,12,0,2
BRDA:63,12,1,1
BRDA:73,13,0,1
BRDA:73,13,1,1
BRDA:101,14,0,1
BRDA:101,14,1,1
BRDA:101,14,2,0
BRDA:103,15,0,0
BRDA:103,15,1,1
BRDA:111,16,0,1
BRDA:111,16,1,1
BRDA:121,17,0,1
BRDA:121,17,1,0
BRF:34
BRH:27
end_of_record
TN:
SF:src/application/hooks/useTrackProductView.ts
FN:8,(anonymous_0)
FN:16,(anonymous_1)
FN:27,(anonymous_2)
FN:28,(anonymous_3)
FN:42,(anonymous_4)
FN:64,(anonymous_5)
FN:70,(anonymous_6)
FN:77,(anonymous_7)
FNF:8
FNH:8
FNDA:10,(anonymous_0)
FNDA:14,(anonymous_1)
FNDA:8,(anonymous_2)
FNDA:8,(anonymous_3)
FNDA:16,(anonymous_4)
FNDA:1,(anonymous_5)
FNDA:2,(anonymous_6)
FNDA:7,(anonymous_7)
DA:4,2
DA:5,2
DA:6,2
DA:8,2
DA:9,10
DA:10,10
DA:13,0
DA:16,2
DA:17,14
DA:18,14
DA:19,4
DA:22,10
DA:23,10
DA:24,10
DA:27,2
DA:28,8
DA:29,8
DA:30,1
DA:32,7
DA:33,0
DA:36,7
DA:37,7
DA:39,7
DA:40,7
DA:42,7
DA:43,16
DA:44,7
DA:47,9
DA:48,9
DA:49,3
DA:52,6
DA:53,6
DA:62,7
DA:64,7
DA:65,1
DA:66,1
DA:70,7
DA:71,2
DA:74,7
DA:75,7
DA:77,7
DA:78,7
DA:79,7
DA:80,7
DA:81,7
LF:45
LH:43
BRDA:9,0,0,10
BRDA:9,0,1,0
BRDA:9,1,0,10
BRDA:9,1,1,10
BRDA:18,2,0,4
BRDA:18,2,1,10
BRDA:18,3,0,14
BRDA:18,3,1,4
BRDA:29,4,0,1
BRDA:29,4,1,7
BRDA:32,5,0,0
BRDA:32,5,1,7
BRDA:43,6,0,7
BRDA:43,6,1,9
BRDA:48,7,0,3
BRDA:48,7,1,6
BRDA:65,8,0,1
BRDA:65,8,1,0
BRF:18
BRH:15
end_of_record
TN:
SF:src/application/services/AdminPlatformAnalyticsService.ts
FN:118,(anonymous_0)
FN:126,(anonymous_1)
FN:131,(anonymous_2)
FN:134,(anonymous_3)
FN:166,(anonymous_4)
FN:195,(anonymous_5)
FN:211,(anonymous_6)
FN:216,(anonymous_7)
FN:219,(anonymous_8)
FN:237,(anonymous_9)
FN:252,(anonymous_10)
FN:261,(anonymous_11)
FN:271,(anonymous_12)
FN:276,(anonymous_13)
FN:281,(anonymous_14)
FN:308,(anonymous_15)
FN:318,(anonymous_16)
FN:323,(anonymous_17)
FN:328,(anonymous_18)
FN:329,(anonymous_19)
FN:332,(anonymous_20)
FN:334,(anonymous_21)
FN:344,(anonymous_22)
FN:347,(anonymous_23)
FN:354,(anonymous_24)
FN:365,(anonymous_25)
FN:368,(anonymous_26)
FN:381,(anonymous_27)
FN:416,(anonymous_28)
FN:425,(anonymous_29)
FN:441,(anonymous_30)
FN:443,(anonymous_31)
FN:446,(anonymous_32)
FN:454,(anonymous_33)
FN:472,(anonymous_34)
FN:496,(anonymous_35)
FN:515,(anonymous_36)
FN:538,(anonymous_37)
FN:557,(anonymous_38)
FN:562,(anonymous_39)
FN:567,(anonymous_40)
FN:582,(anonymous_41)
FN:610,(anonymous_42)
FN:628,(anonymous_43)
FN:631,(anonymous_44)
FN:635,(anonymous_45)
FN:642,(anonymous_46)
FN:650,(anonymous_47)
FN:662,(anonymous_48)
FN:672,(anonymous_49)
FN:685,(anonymous_50)
FN:695,(anonymous_51)
FN:701,(anonymous_52)
FN:713,(anonymous_53)
FN:721,(anonymous_54)
FN:726,(anonymous_55)
FN:733,(anonymous_56)
FN:742,(anonymous_57)
FN:747,(anonymous_58)
FN:758,(anonymous_59)
FN:762,(anonymous_60)
FN:766,(anonymous_61)
FN:776,(anonymous_62)
FN:785,(anonymous_63)
FN:794,(anonymous_64)
FN:801,(anonymous_65)
FN:819,(anonymous_66)
FN:820,(anonymous_67)
FN:825,(anonymous_68)
FN:829,(anonymous_69)
FN:834,(anonymous_70)
FN:838,(anonymous_71)
FN:841,(anonymous_72)
FN:844,(anonymous_73)
FN:847,(anonymous_74)
FN:850,(anonymous_75)
FN:854,(anonymous_76)
FN:857,(anonymous_77)
FN:862,(anonymous_78)
FN:865,(anonymous_79)
FN:870,(anonymous_80)
FN:873,(anonymous_81)
FN:876,(anonymous_82)
FN:881,(anonymous_83)
FN:882,(anonymous_84)
FN:886,(anonymous_85)
FN:887,(anonymous_86)
FN:891,(anonymous_87)
FN:892,(anonymous_88)
FN:897,(anonymous_89)
FN:898,(anonymous_90)
FN:905,(anonymous_91)
FN:906,(anonymous_92)
FN:911,(anonymous_93)
FN:912,(anonymous_94)
FN:1165,(anonymous_95)
FN:1167,(anonymous_96)
FN:1179,(anonymous_97)
FN:1234,(anonymous_98)
FN:1242,(anonymous_99)
FN:1244,(anonymous_100)
FN:1253,(anonymous_101)
FN:1255,(anonymous_102)
FN:1264,(anonymous_103)
FN:1266,(anonymous_104)
FN:1276,(anonymous_105)
FN:1279,(anonymous_106)
FN:1287,(anonymous_107)
FN:1290,(anonymous_108)
FN:1296,(anonymous_109)
FN:1299,(anonymous_110)
FN:1305,(anonymous_111)
FN:1308,(anonymous_112)
FN:1315,(anonymous_113)
FN:1327,(anonymous_114)
FN:1340,(anonymous_115)
FN:1341,(anonymous_116)
FN:1347,(anonymous_117)
FN:1355,(anonymous_118)
FN:1356,(anonymous_119)
FN:1362,(anonymous_120)
FN:1371,(anonymous_121)
FN:1372,(anonymous_122)
FN:1375,(anonymous_123)
FN:1387,(anonymous_124)
FN:1395,(anonymous_125)
FN:1398,(anonymous_126)
FN:1399,(anonymous_127)
FN:1404,(anonymous_128)
FN:1408,(anonymous_129)
FN:1444,(anonymous_130)
FN:1452,(anonymous_131)
FN:1484,(anonymous_132)
FN:1487,(anonymous_133)
FN:1518,(anonymous_134)
FN:1521,(anonymous_135)
FN:1525,(anonymous_136)
FN:1533,(anonymous_137)
FN:1560,(anonymous_138)
FN:1569,(anonymous_139)
FN:1576,(anonymous_140)
FN:1587,(anonymous_141)
FN:1599,(anonymous_142)
FN:1600,(anonymous_143)
FN:1619,(anonymous_144)
FN:1620,(anonymous_145)
FN:1641,(anonymous_146)
FN:1645,(anonymous_147)
FN:1656,(anonymous_148)
FN:1666,(anonymous_149)
FN:1678,(anonymous_150)
FN:1727,(anonymous_151)
FN:1762,(anonymous_152)
FN:1777,(anonymous_153)
FN:1796,(anonymous_154)
FN:1799,(anonymous_155)
FN:1802,(anonymous_156)
FN:1850,(anonymous_157)
FNF:158
FNH:153
FNDA:41,(anonymous_0)
FNDA:6,(anonymous_1)
FNDA:4,(anonymous_2)
FNDA:84,(anonymous_3)
FNDA:69,(anonymous_4)
FNDA:9,(anonymous_5)
FNDA:9,(anonymous_6)
FNDA:36,(anonymous_7)
FNDA:3,(anonymous_8)
FNDA:3,(anonymous_9)
FNDA:6,(anonymous_10)
FNDA:19,(anonymous_11)
FNDA:9,(anonymous_12)
FNDA:4,(anonymous_13)
FNDA:2,(anonymous_14)
FNDA:9,(anonymous_15)
FNDA:6,(anonymous_16)
FNDA:16,(anonymous_17)
FNDA:4,(anonymous_18)
FNDA:8,(anonymous_19)
FNDA:6,(anonymous_20)
FNDA:12,(anonymous_21)
FNDA:14,(anonymous_22)
FNDA:0,(anonymous_23)
FNDA:14,(anonymous_24)
FNDA:14,(anonymous_25)
FNDA:3,(anonymous_26)
FNDA:12,(anonymous_27)
FNDA:9,(anonymous_28)
FNDA:3,(anonymous_29)
FNDA:4,(anonymous_30)
FNDA:4,(anonymous_31)
FNDA:4,(anonymous_32)
FNDA:3,(anonymous_33)
FNDA:3,(anonymous_34)
FNDA:3,(anonymous_35)
FNDA:3,(anonymous_36)
FNDA:3,(anonymous_37)
FNDA:6,(anonymous_38)
FNDA:7,(anonymous_39)
FNDA:7,(anonymous_40)
FNDA:7,(anonymous_41)
FNDA:3,(anonymous_42)
FNDA:3,(anonymous_43)
FNDA:6,(anonymous_44)
FNDA:4,(anonymous_45)
FNDA:10,(anonymous_46)
FNDA:4,(anonymous_47)
FNDA:0,(anonymous_48)
FNDA:3,(anonymous_49)
FNDA:2,(anonymous_50)
FNDA:4,(anonymous_51)
FNDA:2,(anonymous_52)
FNDA:0,(anonymous_53)
FNDA:4,(anonymous_54)
FNDA:12,(anonymous_55)
FNDA:12,(anonymous_56)
FNDA:2,(anonymous_57)
FNDA:4,(anonymous_58)
FNDA:6,(anonymous_59)
FNDA:6,(anonymous_60)
FNDA:4,(anonymous_61)
FNDA:4,(anonymous_62)
FNDA:12,(anonymous_63)
FNDA:13,(anonymous_64)
FNDA:3,(anonymous_65)
FNDA:4,(anonymous_66)
FNDA:2,(anonymous_67)
FNDA:4,(anonymous_68)
FNDA:2,(anonymous_69)
FNDA:4,(anonymous_70)
FNDA:2,(anonymous_71)
FNDA:4,(anonymous_72)
FNDA:4,(anonymous_73)
FNDA:4,(anonymous_74)
FNDA:4,(anonymous_75)
FNDA:4,(anonymous_76)
FNDA:3,(anonymous_77)
FNDA:4,(anonymous_78)
FNDA:3,(anonymous_79)
FNDA:4,(anonymous_80)
FNDA:4,(anonymous_81)
FNDA:4,(anonymous_82)
FNDA:4,(anonymous_83)
FNDA:4,(anonymous_84)
FNDA:4,(anonymous_85)
FNDA:4,(anonymous_86)
FNDA:4,(anonymous_87)
FNDA:4,(anonymous_88)
FNDA:2,(anonymous_89)
FNDA:4,(anonymous_90)
FNDA:4,(anonymous_91)
FNDA:4,(anonymous_92)
FNDA:2,(anonymous_93)
FNDA:4,(anonymous_94)
FNDA:4,(anonymous_95)
FNDA:1,(anonymous_96)
FNDA:2,(anonymous_97)
FNDA:3,(anonymous_98)
FNDA:4,(anonymous_99)
FNDA:4,(anonymous_100)
FNDA:4,(anonymous_101)
FNDA:4,(anonymous_102)
FNDA:4,(anonymous_103)
FNDA:4,(anonymous_104)
FNDA:3,(anonymous_105)
FNDA:3,(anonymous_106)
FNDA:3,(anonymous_107)
FNDA:3,(anonymous_108)
FNDA:15,(anonymous_109)
FNDA:6,(anonymous_110)
FNDA:8,(anonymous_111)
FNDA:4,(anonymous_112)
FNDA:0,(anonymous_113)
FNDA:3,(anonymous_114)
FNDA:4,(anonymous_115)
FNDA:2,(anonymous_116)
FNDA:2,(anonymous_117)
FNDA:2,(anonymous_118)
FNDA:3,(anonymous_119)
FNDA:1,(anonymous_120)
FNDA:4,(anonymous_121)
FNDA:2,(anonymous_122)
FNDA:14,(anonymous_123)
FNDA:3,(anonymous_124)
FNDA:1,(anonymous_125)
FNDA:3,(anonymous_126)
FNDA:1,(anonymous_127)
FNDA:3,(anonymous_128)
FNDA:0,(anonymous_129)
FNDA:3,(anonymous_130)
FNDA:4,(anonymous_131)
FNDA:4,(anonymous_132)
FNDA:2,(anonymous_133)
FNDA:2,(anonymous_134)
FNDA:1,(anonymous_135)
FNDA:3,(anonymous_136)
FNDA:4,(anonymous_137)
FNDA:2,(anonymous_138)
FNDA:2,(anonymous_139)
FNDA:1,(anonymous_140)
FNDA:3,(anonymous_141)
FNDA:4,(anonymous_142)
FNDA:10,(anonymous_143)
FNDA:2,(anonymous_144)
FNDA:4,(anonymous_145)
FNDA:4,(anonymous_146)
FNDA:1,(anonymous_147)
FNDA:1,(anonymous_148)
FNDA:1,(anonymous_149)
FNDA:2,(anonymous_150)
FNDA:3,(anonymous_151)
FNDA:1,(anonymous_152)
FNDA:3,(anonymous_153)
FNDA:9,(anonymous_154)
FNDA:9,(anonymous_155)
FNDA:6,(anonymous_156)
FNDA:4,(anonymous_157)
DA:54,6
DA:55,6
DA:56,6
DA:57,6
DA:58,6
DA:59,6
DA:60,6
DA:110,6
DA:116,6
DA:118,6
DA:119,41
DA:120,3
DA:123,38
DA:126,6
DA:127,6
DA:128,2
DA:131,4
DA:134,6
DA:138,84
DA:139,84
DA:141,84
DA:142,45
DA:145,39
DA:146,26
DA:153,13
DA:155,13
DA:156,8
DA:159,5
DA:166,6
DA:184,69
DA:195,6
DA:200,9
DA:211,6
DA:214,9
DA:216,6
DA:217,36
DA:219,6
DA:222,3
DA:223,3
DA:229,0
DA:231,0
DA:237,6
DA:240,3
DA:241,3
DA:242,3
DA:243,3
DA:244,3
DA:246,3
DA:252,6
DA:253,6
DA:255,6
DA:261,6
DA:264,19
DA:265,4
DA:268,15
DA:271,6
DA:272,9
DA:276,6
DA:277,4
DA:281,6
DA:297,2
DA:308,6
DA:312,9
DA:318,6
DA:321,6
DA:323,6
DA:324,16
DA:327,6
DA:328,4
DA:329,8
DA:332,6
DA:333,6
DA:334,6
DA:335,12
DA:336,0
DA:339,12
DA:340,12
DA:344,6
DA:345,14
DA:347,14
DA:348,0
DA:351,14
DA:354,6
DA:358,14
DA:359,0
DA:362,14
DA:365,6
DA:366,14
DA:368,6
DA:371,3
DA:381,6
DA:398,12
DA:402,12
DA:417,9
DA:418,9
DA:419,9
DA:420,9
DA:421,9
DA:422,9
DA:428,3
DA:429,3
DA:430,3
DA:431,3
DA:432,3
DA:434,3
DA:440,3
DA:441,4
DA:443,4
DA:445,3
DA:446,4
DA:453,3
DA:454,3
DA:462,3
DA:472,3
DA:473,3
DA:474,3
DA:477,3
DA:485,3
DA:497,3
DA:498,3
DA:499,3
DA:501,3
DA:502,4
DA:507,4
DA:508,4
DA:509,4
DA:512,3
DA:516,3
DA:517,0
DA:520,3
DA:521,3
DA:522,3
DA:524,3
DA:525,3
DA:530,3
DA:531,3
DA:532,3
DA:535,3
DA:539,3
DA:540,3
DA:541,3
DA:543,3
DA:544,4
DA:549,4
DA:550,4
DA:551,4
DA:554,3
DA:561,6
DA:562,7
DA:567,6
DA:568,7
DA:570,7
DA:571,6
DA:572,6
DA:575,1
DA:576,1
DA:579,6
DA:586,7
DA:587,7
DA:588,7
DA:590,7
DA:591,8
DA:598,7
DA:599,7
DA:600,7
DA:602,7
DA:603,2
DA:607,6
DA:627,3
DA:628,3
DA:629,0
DA:631,6
DA:632,3
DA:635,3
DA:636,4
DA:637,4
DA:639,4
DA:642,10
DA:650,3
DA:651,4
DA:652,4
DA:655,0
DA:656,0
DA:658,0
DA:662,0
DA:685,3
DA:686,2
DA:690,2
DA:692,2
DA:695,4
DA:701,3
DA:702,2
DA:703,2
DA:706,0
DA:707,0
DA:709,0
DA:713,0
DA:725,4
DA:726,12
DA:732,4
DA:733,4
DA:734,12
DA:735,9
DA:739,4
DA:746,2
DA:748,4
DA:750,4
DA:758,6
DA:762,6
DA:766,4
DA:775,2
DA:776,2
DA:777,4
DA:778,4
DA:782,2
DA:790,12
DA:792,12
DA:793,7
DA:794,13
DA:795,7
DA:798,7
DA:818,3
DA:819,4
DA:820,2
DA:822,3
DA:824,3
DA:825,4
DA:829,2
DA:833,3
DA:834,4
DA:838,2
DA:841,3
DA:842,4
DA:844,3
DA:845,4
DA:847,3
DA:848,4
DA:850,3
DA:851,4
DA:854,3
DA:855,4
DA:857,3
DA:860,3
DA:862,3
DA:863,4
DA:865,3
DA:869,3
DA:870,4
DA:872,3
DA:873,4
DA:875,3
DA:876,4
DA:879,3
DA:881,4
DA:882,4
DA:884,3
DA:886,4
DA:887,4
DA:890,3
DA:891,4
DA:892,4
DA:897,2
DA:898,4
DA:904,3
DA:905,4
DA:906,4
DA:911,2
DA:912,4
DA:919,3
DA:971,3
DA:1015,3
DA:1071,3
DA:1108,3
DA:1114,3
DA:1118,3
DA:1122,3
DA:1151,3
DA:1156,3
DA:1164,3
DA:1165,4
DA:1167,1
DA:1175,3
DA:1179,2
DA:1188,3
DA:1200,3
DA:1207,3
DA:1208,1
DA:1220,3
DA:1238,3
DA:1242,4
DA:1245,4
DA:1253,4
DA:1256,4
DA:1264,4
DA:1267,4
DA:1276,3
DA:1279,3
DA:1287,3
DA:1290,3
DA:1296,15
DA:1303,6
DA:1306,8
DA:1308,4
DA:1316,0
DA:1317,0
DA:1319,0
DA:1324,6
DA:1336,3
DA:1337,3
DA:1338,3
DA:1340,3
DA:1341,4
DA:1342,2
DA:1347,4
DA:1348,2
DA:1355,3
DA:1356,2
DA:1357,3
DA:1362,2
DA:1363,1
DA:1370,3
DA:1371,4
DA:1372,2
DA:1375,3
DA:1376,14
DA:1377,14
DA:1378,14
DA:1380,14
DA:1381,14
DA:1382,14
DA:1383,14
DA:1386,3
DA:1387,3
DA:1395,1
DA:1397,3
DA:1398,3
DA:1399,1
DA:1402,3
DA:1405,3
DA:1408,0
DA:1411,3
DA:1451,3
DA:1453,4
DA:1463,4
DA:1464,0
DA:1467,4
DA:1468,4
DA:1470,4
DA:1471,3
DA:1474,1
DA:1484,4
DA:1486,3
DA:1488,2
DA:1494,2
DA:1495,0
DA:1498,2
DA:1499,2
DA:1501,2
DA:1502,1
DA:1505,1
DA:1518,2
DA:1520,3
DA:1521,1
DA:1532,3
DA:1534,4
DA:1535,1
DA:1538,3
DA:1539,0
DA:1542,3
DA:1551,3
DA:1552,3
DA:1554,4
DA:1555,0
DA:1558,3
DA:1560,2
DA:1568,3
DA:1570,2
DA:1571,1
DA:1574,1
DA:1576,1
DA:1584,3
DA:1596,3
DA:1597,3
DA:1599,3
DA:1600,4
DA:1601,10
DA:1602,1
DA:1609,10
DA:1610,1
DA:1619,3
DA:1620,2
DA:1621,4
DA:1622,0
DA:1629,4
DA:1630,0
DA:1639,3
DA:1642,4
DA:1645,1
DA:1654,3
DA:1656,1
DA:1664,3
DA:1666,1
DA:1674,3
DA:1678,2
DA:1687,3
DA:1740,3
DA:1742,3
DA:1743,3
DA:1748,0
DA:1761,3
DA:1762,1
DA:1763,3
DA:1764,2
DA:1776,3
DA:1777,3
DA:1779,3
DA:1780,1
DA:1795,3
DA:1796,9
DA:1798,3
DA:1799,9
DA:1801,3
DA:1802,6
DA:1804,3
DA:1810,1
DA:1830,3
DA:1831,3
DA:1832,2
DA:1847,3
DA:1851,4
DA:1852,0
DA:1855,4
LF:432
LH:405
BRDA:119,0,0,3
BRDA:119,0,1,38
BRDA:127,1,0,2
BRDA:127,1,1,4
BRDA:138,2,0,84
BRDA:138,2,1,10
BRDA:139,3,0,84
BRDA:139,3,1,67
BRDA:141,4,0,45
BRDA:141,4,1,39
BRDA:141,5,0,84
BRDA:141,5,1,45
BRDA:145,6,0,26
BRDA:145,6,1,13
BRDA:145,7,0,39
BRDA:145,7,1,26
BRDA:155,8,0,8
BRDA:155,8,1,5
BRDA:160,9,0,5
BRDA:160,9,1,0
BRDA:170,10,0,69
BRDA:171,11,0,69
BRDA:172,12,0,69
BRDA:198,13,0,9
BRDA:214,14,0,9
BRDA:214,14,1,3
BRDA:222,15,0,3
BRDA:222,15,1,0
BRDA:222,16,0,3
BRDA:222,16,1,3
BRDA:264,17,0,4
BRDA:264,17,1,15
BRDA:268,18,0,15
BRDA:268,18,1,5
BRDA:272,19,0,8
BRDA:272,19,1,1
BRDA:277,20,0,3
BRDA:277,20,1,1
BRDA:324,21,0,16
BRDA:324,21,1,8
BRDA:335,22,0,0
BRDA:335,22,1,12
BRDA:345,23,0,14
BRDA:345,23,1,13
BRDA:347,24,0,0
BRDA:347,24,1,14
BRDA:351,25,0,14
BRDA:351,25,1,0
BRDA:358,26,0,0
BRDA:358,26,1,14
BRDA:362,27,0,14
BRDA:362,27,1,0
BRDA:366,28,0,14
BRDA:366,28,1,0
BRDA:398,29,0,3
BRDA:398,29,1,9
BRDA:409,30,0,3
BRDA:409,30,1,9
BRDA:473,31,0,3
BRDA:473,31,1,0
BRDA:516,32,0,0
BRDA:516,32,1,3
BRDA:570,33,0,6
BRDA:570,33,1,1
BRDA:602,34,0,2
BRDA:602,34,1,5
BRDA:628,35,0,0
BRDA:628,35,1,3
BRDA:631,36,0,3
BRDA:631,36,1,0
BRDA:637,37,0,4
BRDA:637,37,1,0
BRDA:643,38,0,4
BRDA:643,38,1,1
BRDA:644,39,0,4
BRDA:644,39,1,1
BRDA:645,40,0,4
BRDA:645,40,1,1
BRDA:646,41,0,4
BRDA:646,41,1,1
BRDA:651,42,0,4
BRDA:651,42,1,0
BRDA:660,43,0,0
BRDA:660,43,1,0
BRDA:661,44,0,4
BRDA:661,44,1,0
BRDA:690,45,0,2
BRDA:690,45,1,0
BRDA:696,46,0,2
BRDA:696,46,1,0
BRDA:697,47,0,2
BRDA:697,47,1,0
BRDA:702,48,0,2
BRDA:702,48,1,0
BRDA:711,49,0,0
BRDA:711,49,1,0
BRDA:712,50,0,2
BRDA:712,50,1,0
BRDA:734,51,0,9
BRDA:734,51,1,3
BRDA:777,52,0,4
BRDA:777,52,1,0
BRDA:825,53,0,4
BRDA:825,53,1,1
BRDA:829,54,0,2
BRDA:829,54,1,0
BRDA:834,55,0,4
BRDA:834,55,1,1
BRDA:838,56,0,2
BRDA:838,56,1,0
BRDA:863,57,0,4
BRDA:863,57,1,3
BRDA:873,58,0,4
BRDA:873,58,1,1
BRDA:876,59,0,4
BRDA:876,59,1,1
BRDA:892,60,0,4
BRDA:892,60,1,1
BRDA:898,61,0,2
BRDA:898,61,1,0
BRDA:906,62,0,4
BRDA:906,62,1,1
BRDA:912,63,0,2
BRDA:912,63,1,0
BRDA:1207,64,0,1
BRDA:1207,64,1,2
BRDA:1245,65,0,4
BRDA:1245,65,1,3
BRDA:1256,66,0,4
BRDA:1256,66,1,1
BRDA:1267,67,0,4
BRDA:1267,67,1,0
BRDA:1296,68,0,15
BRDA:1296,68,1,9
BRDA:1311,69,0,4
BRDA:1311,69,1,0
BRDA:1312,70,0,4
BRDA:1312,70,1,0
BRDA:1316,71,0,0
BRDA:1316,71,1,0
BRDA:1317,72,0,0
BRDA:1317,72,1,0
BRDA:1319,73,0,0
BRDA:1319,73,1,0
BRDA:1344,74,0,2
BRDA:1344,74,1,2
BRDA:1350,75,0,2
BRDA:1350,75,1,2
BRDA:1359,76,0,3
BRDA:1359,76,1,3
BRDA:1365,77,0,1
BRDA:1365,77,1,1
BRDA:1378,78,0,14
BRDA:1378,78,1,3
BRDA:1381,79,0,14
BRDA:1381,79,1,9
BRDA:1382,80,0,14
BRDA:1382,80,1,11
BRDA:1405,81,0,3
BRDA:1405,81,1,3
BRDA:1405,81,2,3
BRDA:1463,82,0,0
BRDA:1463,82,1,4
BRDA:1463,83,0,4
BRDA:1463,83,1,4
BRDA:1470,84,0,3
BRDA:1470,84,1,1
BRDA:1491,85,0,2
BRDA:1491,85,1,2
BRDA:1494,86,0,0
BRDA:1494,86,1,2
BRDA:1494,87,0,2
BRDA:1494,87,1,2
BRDA:1501,88,0,1
BRDA:1501,88,1,1
BRDA:1534,89,0,1
BRDA:1534,89,1,3
BRDA:1538,90,0,0
BRDA:1538,90,1,3
BRDA:1552,91,0,3
BRDA:1552,91,1,1
BRDA:1554,92,0,0
BRDA:1554,92,1,4
BRDA:1558,93,0,3
BRDA:1558,93,1,2
BRDA:1570,94,0,1
BRDA:1570,94,1,1
BRDA:1574,95,0,1
BRDA:1574,95,1,0
BRDA:1574,96,0,0
BRDA:1574,96,1,0
BRDA:1601,97,0,1
BRDA:1601,97,1,9
BRDA:1601,98,0,10
BRDA:1601,98,1,0
BRDA:1609,99,0,1
BRDA:1609,99,1,9
BRDA:1621,100,0,0
BRDA:1621,100,1,4
BRDA:1621,101,0,4
BRDA:1621,101,1,0
BRDA:1629,102,0,0
BRDA:1629,102,1,4
BRDA:1642,103,0,4
BRDA:1642,103,1,3
BRDA:1743,104,0,0
BRDA:1743,104,1,3
BRDA:1744,105,0,3
BRDA:1744,105,1,1
BRDA:1744,105,2,1
BRDA:1763,106,0,2
BRDA:1763,106,1,1
BRDA:1763,107,0,3
BRDA:1763,107,1,2
BRDA:1779,108,0,1
BRDA:1779,108,1,2
BRDA:1779,109,0,3
BRDA:1779,109,1,0
BRDA:1788,110,0,1
BRDA:1788,110,1,0
BRDA:1804,111,0,1
BRDA:1804,111,1,2
BRDA:1805,112,0,3
BRDA:1805,112,1,3
BRDA:1805,112,2,1
BRDA:1805,112,3,1
BRDA:1823,113,0,1
BRDA:1823,113,1,0
BRDA:1831,114,0,2
BRDA:1831,114,1,1
BRDA:1851,115,0,0
BRDA:1851,115,1,4
BRDA:1855,116,0,4
BRDA:1855,116,1,3
BRF:234
BRH:180
end_of_record
TN:
SF:src/application/services/AuthService.ts
FN:29,(anonymous_0)
FN:38,(anonymous_1)
FN:51,(anonymous_2)
FN:55,(anonymous_3)
FN:62,(anonymous_4)
FN:66,(anonymous_5)
FN:76,(anonymous_6)
FN:80,(anonymous_7)
FN:84,(anonymous_8)
FN:94,(anonymous_9)
FN:119,(anonymous_10)
FN:139,(anonymous_11)
FNF:12
FNH:12
FNDA:15,(anonymous_0)
FNDA:2,(anonymous_1)
FNDA:1,(anonymous_2)
FNDA:1,(anonymous_3)
FNDA:1,(anonymous_4)
FNDA:1,(anonymous_5)
FNDA:1,(anonymous_6)
FNDA:1,(anonymous_7)
FNDA:1,(anonymous_8)
FNDA:7,(anonymous_9)
FNDA:4,(anonymous_10)
FNDA:4,(anonymous_11)
DA:25,15
DA:26,15
DA:27,15
DA:30,15
DA:31,15
DA:39,2
DA:41,2
DA:42,2
DA:43,1
DA:48,1
DA:52,1
DA:56,1
DA:57,1
DA:58,1
DA:59,1
DA:63,1
DA:67,1
DA:77,1
DA:81,1
DA:85,1
DA:96,7
DA:97,2
DA:101,5
DA:102,1
DA:105,4
DA:106,4
DA:108,4
DA:109,4
DA:110,4
DA:112,4
DA:120,4
DA:121,4
DA:122,1
DA:123,1
DA:124,1
DA:125,1
DA:128,3
DA:129,3
DA:130,3
DA:131,3
DA:133,3
DA:140,4
DA:141,4
DA:142,2
DA:145,2
LF:45
LH:45
BRDA:42,0,0,1
BRDA:42,0,1,1
BRDA:96,1,0,2
BRDA:96,1,1,5
BRDA:101,2,0,1
BRDA:101,2,1,4
BRDA:121,3,0,1
BRDA:121,3,1,3
BRDA:141,4,0,2
BRDA:141,4,1,2
BRF:10
BRH:10
end_of_record
TN:
SF:src/application/services/BillingService.ts
FN:13,(anonymous_0)
FN:15,(anonymous_1)
FN:21,(anonymous_2)
FN:27,(anonymous_3)
FN:33,(anonymous_4)
FNF:5
FNH:5
FNDA:7,(anonymous_0)
FNDA:1,(anonymous_1)
FNDA:1,(anonymous_2)
FNDA:1,(anonymous_3)
FNDA:1,(anonymous_4)
DA:13,7
DA:18,1
DA:24,1
DA:30,1
DA:36,1
LF:5
LH:5
BRF:0
BRH:0
end_of_record
TN:
SF:src/application/services/BlogService.ts
FN:17,(anonymous_0)
FN:19,(anonymous_1)
FN:23,(anonymous_2)
FN:27,(anonymous_3)
FN:31,(anonymous_4)
FN:35,(anonymous_5)
FN:39,(anonymous_6)
FN:43,(anonymous_7)
FN:47,(anonymous_8)
FN:51,(anonymous_9)
FN:55,(anonymous_10)
FN:59,(anonymous_11)
FN:63,(anonymous_12)
FN:67,(anonymous_13)
FN:71,(anonymous_14)
FNF:15
FNH:15
FNDA:7,(anonymous_0)
FNDA:1,(anonymous_1)
FNDA:1,(anonymous_2)
FNDA:1,(anonymous_3)
FNDA:1,(anonymous_4)
FNDA:1,(anonymous_5)
FNDA:1,(anonymous_6)
FNDA:1,(anonymous_7)
FNDA:1,(anonymous_8)
FNDA:1,(anonymous_9)
FNDA:1,(anonymous_10)
FNDA:1,(anonymous_11)
FNDA:1,(anonymous_12)
FNDA:1,(anonymous_13)
FNDA:1,(anonymous_14)
DA:17,7
DA:20,1
DA:24,1
DA:28,1
DA:32,1
DA:36,1
DA:40,1
DA:44,1
DA:48,1
DA:52,1
DA:56,1
DA:60,1
DA:64,1
DA:68,1
DA:72,1
LF:15
LH:15
BRF:0
BRH:0
end_of_record
TN:
SF:src/application/services/CapabilityService.ts
FN:8,(anonymous_0)
FN:14,(anonymous_1)
FNF:2
FNH:2
FNDA:2,(anonymous_0)
FNDA:3,(anonymous_1)
DA:9,2
DA:18,3
DA:19,1
DA:22,2
DA:23,1
DA:28,1
LF:6
LH:6
BRDA:9,0,0,2
BRDA:9,0,1,1
BRDA:9,0,2,1
BRDA:16,1,0,3
BRDA:18,2,0,1
BRDA:18,2,1,2
BRDA:22,3,0,1
BRDA:22,3,1,1
BRDA:23,4,0,1
BRDA:23,4,1,0
BRDA:23,4,2,0
BRDA:28,5,0,1
BRDA:28,5,1,0
BRDA:28,5,2,0
BRF:14
BRH:10
end_of_record
TN:
SF:src/application/services/CaptchaService.ts
FN:5,(anonymous_0)
FN:7,(anonymous_1)
FNF:2
FNH:2
FNDA:7,(anonymous_0)
FNDA:1,(anonymous_1)
DA:5,7
DA:8,1
LF:2
LH:2
BRF:0
BRH:0
end_of_record
TN:
SF:src/application/services/CategoryService.ts
FN:12,(anonymous_0)
FN:14,(anonymous_1)
FN:18,(anonymous_2)
FN:22,(anonymous_3)
FN:26,(anonymous_4)
FN:30,(anonymous_5)
FN:34,(anonymous_6)
FN:38,(anonymous_7)
FNF:8
FNH:8
FNDA:7,(anonymous_0)
FNDA:1,(anonymous_1)
FNDA:1,(anonymous_2)
FNDA:1,(anonymous_3)
FNDA:1,(anonymous_4)
FNDA:1,(anonymous_5)
FNDA:1,(anonymous_6)
FNDA:1,(anonymous_7)
DA:12,7
DA:15,1
DA:19,1
DA:23,1
DA:27,1
DA:31,1
DA:35,1
DA:39,1
LF:8
LH:8
BRF:0
BRH:0
end_of_record
TN:
SF:src/application/services/CompanyAdminService.ts
FN:8,(anonymous_0)
FN:10,(anonymous_1)
FNF:2
FNH:2
FNDA:7,(anonymous_0)
FNDA:1,(anonymous_1)
DA:8,7
DA:13,1
LF:2
LH:2
BRF:0
BRH:0
end_of_record
TN:
SF:src/application/services/CompanyAdvancedStatsService.ts
FN:29,(anonymous_0)
FN:37,(anonymous_1)
FN:76,(anonymous_2)
FN:86,(anonymous_3)
FN:91,(anonymous_4)
FN:104,(anonymous_5)
FN:109,(anonymous_6)
FN:124,(anonymous_7)
FN:142,(anonymous_8)
FN:168,(anonymous_9)
FN:220,(anonymous_10)
FN:228,(anonymous_11)
FN:251,(anonymous_12)
FN:259,(anonymous_13)
FN:270,(anonymous_14)
FN:271,(anonymous_15)
FN:272,(anonymous_16)
FN:281,(anonymous_17)
FN:286,(anonymous_18)
FN:303,(anonymous_19)
FN:309,(anonymous_20)
FN:346,(anonymous_21)
FN:350,(anonymous_22)
FN:352,(anonymous_23)
FN:371,(anonymous_24)
FN:377,(anonymous_25)
FN:390,(anonymous_26)
FN:392,(anonymous_27)
FN:394,(anonymous_28)
FN:486,(anonymous_29)
FN:510,(anonymous_30)
FNF:31
FNH:31
FNDA:32,(anonymous_0)
FNDA:12,(anonymous_1)
FNDA:11,(anonymous_2)
FNDA:8,(anonymous_3)
FNDA:4,(anonymous_4)
FNDA:2,(anonymous_5)
FNDA:2,(anonymous_6)
FNDA:8,(anonymous_7)
FNDA:2,(anonymous_8)
FNDA:2,(anonymous_9)
FNDA:3,(anonymous_10)
FNDA:2,(anonymous_11)
FNDA:2,(anonymous_12)
FNDA:6,(anonymous_13)
FNDA:2,(anonymous_14)
FNDA:2,(anonymous_15)
FNDA:2,(anonymous_16)
FNDA:2,(anonymous_17)
FNDA:1,(anonymous_18)
FNDA:2,(anonymous_19)
FNDA:1,(anonymous_20)
FNDA:2,(anonymous_21)
FNDA:3,(anonymous_22)
FNDA:1,(anonymous_23)
FNDA:8,(anonymous_24)
FNDA:2,(anonymous_25)
FNDA:3,(anonymous_26)
FNDA:2,(anonymous_27)
FNDA:2,(anonymous_28)
FNDA:2,(anonymous_29)
FNDA:3,(anonymous_30)
DA:26,6
DA:27,6
DA:29,6
DA:30,32
DA:31,10
DA:34,22
DA:37,6
DA:41,12
DA:42,12
DA:44,12
DA:45,5
DA:52,7
DA:53,2
DA:60,5
DA:61,5
DA:62,0
DA:69,5
DA:76,6
DA:80,11
DA:86,6
DA:87,8
DA:88,4
DA:91,4
DA:92,4
DA:93,4
DA:94,4
DA:96,4
DA:97,0
DA:100,4
DA:101,4
DA:104,6
DA:109,6
DA:112,2
DA:113,2
DA:114,2
DA:115,2
DA:116,2
DA:118,2
DA:124,6
DA:131,8
DA:142,6
DA:147,2
DA:148,2
DA:149,2
DA:153,2
DA:168,6
DA:172,2
DA:173,2
DA:203,2
DA:207,2
DA:212,2
DA:220,6
DA:221,3
DA:222,1
DA:225,2
DA:228,6
DA:231,2
DA:232,2
DA:233,1
DA:236,1
DA:251,6
DA:256,2
DA:257,2
DA:259,2
DA:260,6
DA:261,1
DA:264,5
DA:265,5
DA:268,2
DA:270,2
DA:271,2
DA:272,2
DA:274,2
DA:275,2
DA:276,2
DA:277,2
DA:279,2
DA:282,2
DA:287,1
DA:301,2
DA:304,2
DA:310,1
DA:324,2
DA:325,1
DA:345,2
DA:346,2
DA:349,2
DA:350,3
DA:353,1
DA:367,2
DA:372,8
DA:373,8
DA:381,2
DA:382,2
DA:383,2
DA:385,2
DA:390,3
DA:391,2
DA:392,2
DA:394,2
DA:395,2
DA:398,2
DA:407,2
DA:435,2
DA:436,2
DA:438,2
DA:443,2
DA:487,2
DA:488,2
DA:489,2
DA:491,2
DA:492,2
DA:500,2
DA:501,2
DA:502,2
DA:504,2
DA:505,1
DA:509,2
DA:510,2
DA:511,3
DA:512,0
DA:515,3
DA:516,3
LF:123
LH:120
BRDA:30,0,0,10
BRDA:30,0,1,22
BRDA:41,1,0,12
BRDA:41,1,1,1
BRDA:42,2,0,12
BRDA:42,2,1,1
BRDA:44,3,0,5
BRDA:44,3,1,7
BRDA:44,4,0,12
BRDA:44,4,1,5
BRDA:52,5,0,2
BRDA:52,5,1,5
BRDA:52,6,0,7
BRDA:52,6,1,2
BRDA:61,7,0,0
BRDA:61,7,1,5
BRDA:70,8,0,4
BRDA:70,8,1,1
BRDA:87,9,0,4
BRDA:87,9,1,4
BRDA:96,10,0,0
BRDA:96,10,1,4
BRDA:135,11,0,2
BRDA:135,11,1,6
BRDA:149,12,0,2
BRDA:149,12,1,0
BRDA:156,13,0,2
BRDA:156,13,1,0
BRDA:156,13,2,0
BRDA:157,14,0,2
BRDA:157,14,1,0
BRDA:178,15,0,1
BRDA:178,15,1,1
BRDA:221,16,0,1
BRDA:221,16,1,2
BRDA:225,17,0,2
BRDA:225,17,1,0
BRDA:225,17,2,0
BRDA:232,18,0,1
BRDA:232,18,1,1
BRDA:260,19,0,1
BRDA:260,19,1,5
BRDA:260,20,0,6
BRDA:260,20,1,5
BRDA:282,21,0,2
BRDA:282,21,1,1
BRDA:304,22,0,2
BRDA:304,22,1,1
BRDA:304,22,2,1
BRDA:324,23,0,1
BRDA:324,23,1,1
BRDA:324,24,0,2
BRDA:324,24,1,1
BRDA:333,25,0,1
BRDA:333,25,1,0
BRDA:438,26,0,2
BRDA:438,26,1,1
BRDA:438,26,2,1
BRDA:438,26,3,1
BRDA:500,27,0,2
BRDA:500,27,1,0
BRDA:504,28,0,1
BRDA:504,28,1,1
BRDA:511,29,0,0
BRDA:511,29,1,3
BRF:65
BRH:54
end_of_record
TN:
SF:src/application/services/CompanyEngagementService.ts
FN:8,(anonymous_0)
FN:13,(anonymous_1)
FN:20,(anonymous_2)
FNF:3
FNH:3
FNDA:7,(anonymous_0)
FNDA:1,(anonymous_1)
FNDA:1,(anonymous_2)
DA:9,7
DA:17,1
DA:21,1
LF:3
LH:3
BRF:0
BRH:0
end_of_record
TN:
SF:src/application/services/CompanyInvitationService.ts
FN:5,(anonymous_0)
FN:10,(anonymous_1)
FNF:2
FNH:2
FNDA:7,(anonymous_0)
FNDA:1,(anonymous_1)
DA:6,7
DA:11,1
LF:2
LH:2
BRF:0
BRH:0
end_of_record
TN:
SF:src/application/services/CompanyMembershipService.ts
FN:11,(anonymous_0)
FN:16,(anonymous_1)
FN:20,(anonymous_2)
FN:28,(anonymous_3)
FN:32,(anonymous_4)
FN:36,(anonymous_5)
FNF:6
FNH:6
FNDA:7,(anonymous_0)
FNDA:1,(anonymous_1)
FNDA:1,(anonymous_2)
FNDA:1,(anonymous_3)
FNDA:1,(anonymous_4)
FNDA:1,(anonymous_5)
DA:12,7
DA:17,1
DA:25,1
DA:29,1
DA:33,1
DA:37,1
LF:6
LH:6
BRDA:22,0,0,1
BRDA:23,1,0,1
BRF:2
BRH:2
end_of_record
TN:
SF:src/application/services/CompanyProfileService.ts
FN:8,(anonymous_0)
FN:13,(anonymous_1)
FN:17,(anonymous_2)
FNF:3
FNH:3
FNDA:7,(anonymous_0)
FNDA:1,(anonymous_1)
FNDA:1,(anonymous_2)
DA:9,7
DA:14,1
DA:18,1
LF:3
LH:3
BRF:0
BRH:0
end_of_record
TN:
SF:src/application/services/ContactService.ts
FN:5,(anonymous_0)
FN:7,(anonymous_1)
FNF:2
FNH:2
FNDA:7,(anonymous_0)
FNDA:1,(anonymous_1)
DA:5,7
DA:8,1
LF:2
LH:2
BRF:0
BRH:0
end_of_record
TN:
SF:src/application/services/MediaService.ts
FN:4,(anonymous_0)
FN:12,(anonymous_1)
FN:16,(anonymous_2)
FN:23,(anonymous_3)
FNF:4
FNH:4
FNDA:8,(anonymous_0)
FNDA:2,(anonymous_1)
FNDA:1,(anonymous_2)
FNDA:1,(anonymous_3)
DA:5,8
DA:13,2
DA:17,1
DA:24,1
LF:4
LH:4
BRDA:12,0,0,2
BRF:1
BRH:1
end_of_record
TN:
SF:src/application/services/PaymentPlanService.ts
FN:11,(anonymous_0)
FN:13,(anonymous_1)
FN:17,(anonymous_2)
FN:21,(anonymous_3)
FN:25,(anonymous_4)
FNF:5
FNH:5
FNDA:7,(anonymous_0)
FNDA:1,(anonymous_1)
FNDA:1,(anonymous_2)
FNDA:1,(anonymous_3)
FNDA:1,(anonymous_4)
DA:11,7
DA:14,1
DA:18,1
DA:22,1
DA:26,1
LF:5
LH:5
BRDA:13,0,0,1
BRF:1
BRH:1
end_of_record
TN:
SF:src/application/services/ProductInventoryService.ts
FN:20,(anonymous_0)
FN:25,(anonymous_1)
FN:29,(anonymous_2)
FN:33,(anonymous_3)
FN:37,(anonymous_4)
FN:45,(anonymous_5)
FN:49,(anonymous_6)
FN:53,(anonymous_7)
FNF:8
FNH:8
FNDA:7,(anonymous_0)
FNDA:1,(anonymous_1)
FNDA:1,(anonymous_2)
FNDA:1,(anonymous_3)
FNDA:1,(anonymous_4)
FNDA:1,(anonymous_5)
FNDA:1,(anonymous_6)
FNDA:1,(anonymous_7)
DA:21,7
DA:26,1
DA:30,1
DA:34,1
DA:42,1
DA:46,1
DA:50,1
DA:54,1
LF:8
LH:8
BRDA:55,0,0,1
BRDA:55,0,1,0
BRF:2
BRH:1
end_of_record
TN:
SF:src/application/services/ProductService.ts
FN:22,(anonymous_0)
FN:24,(anonymous_1)
FN:28,(anonymous_2)
FN:32,(anonymous_3)
FN:36,(anonymous_4)
FN:40,(anonymous_5)
FN:44,(anonymous_6)
FN:48,(anonymous_7)
FN:58,(anonymous_8)
FN:62,(anonymous_9)
FN:66,(anonymous_10)
FN:70,(anonymous_11)
FN:74,(anonymous_12)
FN:78,(anonymous_13)
FN:82,(anonymous_14)
FN:86,(anonymous_15)
FN:90,(anonymous_16)
FN:94,(anonymous_17)
FN:98,(anonymous_18)
FN:102,(anonymous_19)
FN:110,(anonymous_20)
FNF:21
FNH:20
FNDA:7,(anonymous_0)
FNDA:1,(anonymous_1)
FNDA:1,(anonymous_2)
FNDA:1,(anonymous_3)
FNDA:1,(anonymous_4)
FNDA:1,(anonymous_5)
FNDA:1,(anonymous_6)
FNDA:1,(anonymous_7)
FNDA:0,(anonymous_8)
FNDA:1,(anonymous_9)
FNDA:1,(anonymous_10)
FNDA:1,(anonymous_11)
FNDA:1,(anonymous_12)
FNDA:1,(anonymous_13)
FNDA:1,(anonymous_14)
FNDA:1,(anonymous_15)
FNDA:1,(anonymous_16)
FNDA:1,(anonymous_17)
FNDA:1,(anonymous_18)
FNDA:1,(anonymous_19)
FNDA:1,(anonymous_20)
DA:22,7
DA:25,1
DA:29,1
DA:33,1
DA:37,1
DA:41,1
DA:45,1
DA:55,1
DA:59,0
DA:63,1
DA:67,1
DA:71,1
DA:75,1
DA:79,1
DA:83,1
DA:87,1
DA:91,1
DA:95,1
DA:99,1
DA:107,1
DA:111,1
LF:21
LH:20
BRF:0
BRH:0
end_of_record
TN:
SF:src/application/services/PublicCompanyProductsService.ts
FN:5,(anonymous_0)
FN:9,(anonymous_1)
FNF:2
FNH:2
FNDA:7,(anonymous_0)
FNDA:1,(anonymous_1)
DA:6,7
DA:10,1
LF:2
LH:2
BRF:0
BRH:0
end_of_record
TN:
SF:src/application/services/PublicCompanyProfileService.ts
FN:5,(anonymous_0)
FN:9,(anonymous_1)
FNF:2
FNH:2
FNDA:7,(anonymous_0)
FNDA:1,(anonymous_1)
DA:6,7
DA:10,1
LF:2
LH:2
BRF:0
BRH:0
end_of_record
TN:
SF:src/application/services/RentalService.ts
FN:19,(anonymous_0)
FN:23,(anonymous_1)
FN:27,(anonymous_2)
FN:31,(anonymous_3)
FN:35,(anonymous_4)
FN:39,(anonymous_5)
FN:43,(anonymous_6)
FN:47,(anonymous_7)
FN:51,(anonymous_8)
FN:55,(anonymous_9)
FN:59,(anonymous_10)
FNF:11
FNH:10
FNDA:7,(anonymous_0)
FNDA:1,(anonymous_1)
FNDA:0,(anonymous_2)
FNDA:1,(anonymous_3)
FNDA:1,(anonymous_4)
FNDA:1,(anonymous_5)
FNDA:1,(anonymous_6)
FNDA:1,(anonymous_7)
FNDA:1,(anonymous_8)
FNDA:1,(anonymous_9)
FNDA:1,(anonymous_10)
DA:20,7
DA:24,1
DA:28,0
DA:32,1
DA:36,1
DA:40,1
DA:44,1
DA:48,1
DA:52,1
DA:56,1
DA:60,1
LF:11
LH:10
BRF:0
BRH:0
end_of_record
TN:
SF:src/application/services/SiteService.ts
FN:5,(anonymous_0)
FN:7,(anonymous_1)
FN:11,(anonymous_2)
FNF:3
FNH:3
FNDA:7,(anonymous_0)
FNDA:1,(anonymous_1)
FNDA:1,(anonymous_2)
DA:5,7
DA:8,1
DA:12,1
LF:3
LH:3
BRF:0
BRH:0
end_of_record
TN:
SF:src/application/services/UserEngagementService.ts
FN:5,(anonymous_0)
FN:10,(anonymous_1)
FNF:2
FNH:2
FNDA:7,(anonymous_0)
FNDA:1,(anonymous_1)
DA:6,7
DA:14,1
LF:2
LH:2
BRF:0
BRH:0
end_of_record
TN:
SF:src/application/services/UserService.ts
FN:10,(anonymous_0)
FN:18,(anonymous_1)
FN:26,(anonymous_2)
FN:39,(anonymous_3)
FN:49,(anonymous_4)
FN:63,(anonymous_5)
FN:76,(anonymous_6)
FNF:7
FNH:7
FNDA:8,(anonymous_0)
FNDA:1,(anonymous_1)
FNDA:2,(anonymous_2)
FNDA:1,(anonymous_3)
FNDA:1,(anonymous_4)
FNDA:2,(anonymous_5)
FNDA:2,(anonymous_6)
DA:11,8
DA:12,8
DA:19,1
DA:27,2
DA:29,2
DA:30,1
DA:33,1
DA:43,1
DA:56,1
DA:64,2
DA:65,1
DA:70,1
DA:79,2
DA:80,1
DA:85,1
LF:15
LH:15
BRDA:29,0,0,1
BRDA:29,0,1,1
BRDA:29,1,0,2
BRDA:29,1,1,1
BRDA:64,2,0,1
BRDA:64,2,1,1
BRDA:79,3,0,1
BRDA:79,3,1,1
BRF:8
BRH:8
end_of_record
TN:
SF:src/components/auth/AuthModal.tsx
FN:22,(anonymous_0)
FN:36,(anonymous_1)
FN:69,(anonymous_2)
FN:117,(anonymous_3)
FN:130,(anonymous_4)
FN:142,(anonymous_5)
FN:149,(anonymous_6)
FN:161,(anonymous_7)
FN:162,(anonymous_8)
FN:179,(anonymous_9)
FN:190,(anonymous_10)
FN:201,(anonymous_11)
FNF:12
FNH:9
FNDA:18,(anonymous_0)
FNDA:6,(anonymous_1)
FNDA:1,(anonymous_2)
FNDA:1,(anonymous_3)
FNDA:2,(anonymous_4)
FNDA:2,(anonymous_5)
FNDA:1,(anonymous_6)
FNDA:1,(anonymous_7)
FNDA:1,(anonymous_8)
FNDA:0,(anonymous_9)
FNDA:0,(anonymous_10)
FNDA:0,(anonymous_11)
DA:22,1
DA:23,18
DA:34,18
DA:36,18
DA:37,6
DA:38,6
DA:39,6
DA:40,1
DA:43,5
DA:45,6
DA:49,6
DA:52,6
DA:53,1
DA:54,1
DA:55,1
DA:58,5
DA:62,0
DA:66,18
DA:68,18
DA:69,1
DA:117,1
DA:130,2
DA:142,2
DA:151,1
DA:152,1
DA:161,1
DA:164,1
DA:165,1
DA:179,0
DA:190,0
DA:201,0
LF:31
LH:27
BRDA:37,0,0,6
BRDA:37,0,1,0
BRDA:39,1,0,1
BRDA:39,1,1,5
BRDA:49,2,0,6
BRDA:49,2,1,6
BRDA:52,3,0,1
BRDA:52,3,1,5
BRDA:66,4,0,18
BRDA:66,4,1,7
BRDA:69,5,0,1
BRDA:69,5,1,1
BRDA:113,6,0,13
BRDA:113,6,1,5
BRDA:126,7,0,5
BRDA:126,7,1,13
BRDA:139,8,0,18
BRDA:139,8,1,11
BRDA:147,9,0,18
BRDA:147,9,1,5
BRDA:159,10,0,18
BRDA:159,10,1,2
BRDA:173,11,0,11
BRDA:173,11,1,7
BRDA:184,12,0,5
BRDA:184,12,1,2
BRF:26
BRH:25
end_of_record
TN:
SF:src/components/auth/PlanGuard.tsx
FN:25,(anonymous_0)
FN:57,(anonymous_1)
FN:71,(anonymous_2)
FNF:3
FNH:3
FNDA:28,(anonymous_0)
FNDA:26,(anonymous_1)
FNDA:1,(anonymous_2)
DA:23,3
DA:25,3
DA:32,28
DA:34,28
DA:35,0
DA:38,28
DA:39,0
DA:42,28
DA:43,1
DA:46,27
DA:48,28
DA:49,0
DA:52,27
DA:53,26
DA:54,0
DA:57,26
DA:65,26
DA:66,3
DA:70,24
DA:71,1
DA:79,1
DA:80,0
DA:84,24
LF:23
LH:18
BRDA:27,0,0,28
BRDA:30,1,0,28
BRDA:34,2,0,0
BRDA:34,2,1,28
BRDA:38,3,0,0
BRDA:38,3,1,28
BRDA:42,4,0,1
BRDA:42,4,1,27
BRDA:46,5,0,27
BRDA:46,5,1,1
BRDA:48,6,0,0
BRDA:48,6,1,28
BRDA:48,7,0,28
BRDA:48,7,1,26
BRDA:52,8,0,26
BRDA:52,8,1,1
BRDA:52,9,0,27
BRDA:52,9,1,26
BRDA:53,10,0,0
BRDA:53,10,1,26
BRDA:61,11,0,26
BRDA:61,11,1,26
BRDA:65,12,0,3
BRDA:65,12,1,23
BRDA:70,13,0,1
BRDA:70,13,1,23
BRDA:70,14,0,24
BRDA:70,14,1,1
BRDA:75,15,0,1
BRDA:75,15,1,1
BRDA:79,16,0,0
BRDA:79,16,1,1
BRF:32
BRH:27
end_of_record
TN:
SF:src/components/categories/CategoryIcon.tsx
FN:124,(anonymous_0)
FN:138,(anonymous_1)
FNF:2
FNH:2
FNDA:10,(anonymous_0)
FNDA:10,(anonymous_1)
DA:64,1
DA:65,1
DA:124,1
DA:125,10
DA:126,10
DA:129,0
DA:138,1
DA:143,10
DA:145,10
LF:9
LH:8
BRDA:125,0,0,10
BRDA:125,0,1,0
BRDA:125,1,0,10
BRDA:125,1,1,0
BRDA:129,2,0,0
BRDA:129,2,1,0
BRDA:152,3,0,0
BRDA:152,3,1,10
BRF:8
BRH:3
end_of_record
TN:
SF:src/components/categories/categoryIconNames.ts
FNF:0
FNH:0
DA:1,1
LF:1
LH:1
BRF:0
BRH:0
end_of_record
TN:
SF:src/components/common/AppLogo.tsx
FN:32,(anonymous_0)
FN:41,(anonymous_1)
FNF:2
FNH:2
FNDA:19,(anonymous_0)
FNDA:1,(anonymous_1)
DA:30,2
DA:32,2
DA:39,19
DA:41,19
DA:42,1
DA:45,19
DA:46,1
DA:49,18
LF:8
LH:8
BRDA:33,0,0,19
BRDA:34,1,0,19
BRDA:35,2,0,19
BRDA:36,3,0,19
BRDA:37,4,0,19
BRDA:45,5,0,1
BRDA:45,5,1,18
BRF:7
BRH:7
end_of_record
TN:
SF:src/components/company/PublicCompanyLocationMap.tsx
FN:17,(anonymous_0)
FN:28,(anonymous_1)
FNF:2
FNH:2
FNDA:5,(anonymous_0)
FNDA:6,(anonymous_1)
DA:17,1
DA:21,5
DA:22,1
DA:25,4
DA:28,1
DA:34,6
DA:35,6
DA:36,6
DA:37,6
DA:38,1
DA:41,5
DA:42,5
DA:43,5
DA:47,6
DA:57,6
LF:15
LH:15
BRDA:21,0,0,1
BRDA:21,0,1,4
BRDA:32,1,0,6
BRDA:37,2,0,1
BRDA:37,2,1,5
BRDA:43,3,0,1
BRDA:43,3,1,4
BRDA:53,4,0,4
BRDA:53,4,1,1
BRDA:69,5,0,4
BRDA:69,5,1,1
BRDA:83,6,0,2
BRDA:83,6,1,3
BRDA:90,7,0,2
BRDA:90,7,1,1
BRF:15
BRH:15
end_of_record
TN:
SF:src/components/dashboard/analytics/AdminPlatformAnalyticsHomeSection.tsx
FN:25,(anonymous_0)
FN:43,(anonymous_1)
FN:68,(anonymous_2)
FN:106,(anonymous_3)
FN:147,(anonymous_4)
FN:159,(anonymous_5)
FN:196,(anonymous_6)
FN:210,(anonymous_7)
FN:228,(anonymous_8)
FN:240,(anonymous_9)
FNF:10
FNH:8
FNDA:2,(anonymous_0)
FNDA:0,(anonymous_1)
FNDA:1,(anonymous_2)
FNDA:0,(anonymous_3)
FNDA:1,(anonymous_4)
FNDA:1,(anonymous_5)
FNDA:1,(anonymous_6)
FNDA:1,(anonymous_7)
FNDA:1,(anonymous_8)
FNDA:1,(anonymous_9)
DA:25,1
DA:34,2
DA:44,0
DA:68,1
DA:82,1
DA:83,1
DA:86,1
DA:101,1
DA:102,0
DA:107,0
DA:117,1
DA:118,0
DA:129,1
DA:130,0
DA:133,1
DA:135,1
DA:148,1
DA:160,1
DA:197,1
DA:211,1
DA:228,1
DA:240,1
LF:22
LH:17
BRDA:35,0,0,2
BRDA:35,0,1,0
BRDA:101,1,0,0
BRDA:101,1,1,1
BRDA:117,2,0,0
BRDA:117,2,1,1
BRDA:129,3,0,0
BRDA:129,3,1,1
BRDA:178,4,0,1
BRDA:178,4,1,0
BRDA:183,5,0,1
BRDA:183,5,1,0
BRDA:188,6,0,0
BRDA:188,6,1,1
BRDA:228,7,0,1
BRDA:228,7,1,0
BRF:16
BRH:8
end_of_record
TN:
SF:src/components/dashboard/analytics/PlatformAnalyticsPage.tsx
FN:25,(anonymous_0)
FN:43,(anonymous_1)
FN:66,(anonymous_2)
FN:79,(anonymous_3)
FN:110,(anonymous_4)
FN:136,(anonymous_5)
FN:164,(anonymous_6)
FN:165,(anonymous_7)
FN:206,(anonymous_8)
FN:236,(anonymous_9)
FN:259,(anonymous_10)
FN:291,(anonymous_11)
FN:356,(anonymous_12)
FN:388,(anonymous_13)
FN:395,(anonymous_14)
FN:418,(anonymous_15)
FN:462,(anonymous_16)
FNF:17
FNH:15
FNDA:2,(anonymous_0)
FNDA:2,(anonymous_1)
FNDA:1,(anonymous_2)
FNDA:1,(anonymous_3)
FNDA:4,(anonymous_4)
FNDA:6,(anonymous_5)
FNDA:1,(anonymous_6)
FNDA:1,(anonymous_7)
FNDA:1,(anonymous_8)
FNDA:1,(anonymous_9)
FNDA:1,(anonymous_10)
FNDA:2,(anonymous_11)
FNDA:1,(anonymous_12)
FNDA:0,(anonymous_13)
FNDA:0,(anonymous_14)
FNDA:2,(anonymous_15)
FNDA:1,(anonymous_16)
DA:25,1
DA:34,2
DA:44,2
DA:66,1
DA:67,1
DA:80,1
DA:110,1
DA:124,4
DA:125,4
DA:127,4
DA:128,1
DA:137,6
DA:147,3
DA:148,1
DA:163,2
DA:164,2
DA:165,2
DA:167,2
DA:207,1
DA:236,1
DA:259,1
DA:292,2
DA:357,1
DA:388,0
DA:395,0
DA:419,2
DA:463,1
LF:27
LH:25
BRDA:35,0,0,0
BRDA:35,0,1,2
BRDA:84,1,0,1
BRDA:84,1,1,0
BRDA:94,2,0,1
BRDA:94,2,1,0
BRDA:99,3,0,1
BRDA:99,3,1,0
BRDA:127,4,0,1
BRDA:127,4,1,3
BRDA:147,5,0,1
BRDA:147,5,1,2
BRDA:147,6,0,3
BRDA:147,6,1,2
BRDA:229,7,0,1
BRDA:229,7,1,1
BRDA:252,8,0,1
BRDA:252,8,1,1
BRDA:388,9,0,0
BRDA:388,9,1,2
BRF:20
BRH:15
end_of_record
TN:
SF:src/components/dashboard/analytics/platformAnalyticsFormat.ts
FN:3,(anonymous_0)
FN:14,(anonymous_1)
FN:45,(anonymous_2)
FN:50,(anonymous_3)
FNF:4
FNH:4
FNDA:4,(anonymous_0)
FNDA:8,(anonymous_1)
FNDA:2,(anonymous_2)
FNDA:4,(anonymous_3)
DA:3,2
DA:4,4
DA:5,4
DA:8,0
DA:14,2
DA:15,8
DA:16,0
DA:19,8
DA:20,0
DA:26,8
DA:27,4
DA:28,4
DA:29,3
DA:32,1
DA:33,1
DA:35,1
DA:36,0
DA:39,1
DA:42,4
DA:45,2
DA:48,2
DA:50,2
DA:51,4
LF:23
LH:19
BRDA:4,0,0,4
BRDA:4,0,1,0
BRDA:15,1,0,0
BRDA:15,1,1,8
BRDA:19,2,0,0
BRDA:19,2,1,8
BRDA:26,3,0,4
BRDA:26,3,1,4
BRDA:28,4,0,3
BRDA:28,4,1,1
BRDA:35,5,0,0
BRDA:35,5,1,1
BRDA:47,6,0,2
BRDA:48,7,0,2
BRDA:48,7,1,0
BRF:15
BRH:10
end_of_record
TN:
SF:src/components/dashboard/analytics/platformAnalyticsUi.tsx
FN:25,(anonymous_0)
FN:44,(anonymous_1)
FN:87,(anonymous_2)
FN:114,(anonymous_3)
FN:138,(anonymous_4)
FN:159,(anonymous_5)
FN:176,(anonymous_6)
FN:193,(anonymous_7)
FN:219,(anonymous_8)
FN:235,(anonymous_9)
FN:258,(anonymous_10)
FN:284,(anonymous_11)
FN:315,(anonymous_12)
FN:336,(anonymous_13)
FN:353,(anonymous_14)
FN:373,(anonymous_15)
FN:394,(anonymous_16)
FN:429,(anonymous_17)
FN:439,(anonymous_18)
FN:456,(anonymous_19)
FNF:20
FNH:19
FNDA:6,(anonymous_0)
FNDA:6,(anonymous_1)
FNDA:7,(anonymous_2)
FNDA:37,(anonymous_3)
FNDA:6,(anonymous_4)
FNDA:6,(anonymous_5)
FNDA:3,(anonymous_6)
FNDA:3,(anonymous_7)
FNDA:0,(anonymous_8)
FNDA:4,(anonymous_9)
FNDA:2,(anonymous_10)
FNDA:2,(anonymous_11)
FNDA:2,(anonymous_12)
FNDA:3,(anonymous_13)
FNDA:2,(anonymous_14)
FNDA:1,(anonymous_15)
FNDA:1,(anonymous_16)
FNDA:2,(anonymous_17)
FNDA:2,(anonymous_18)
FNDA:3,(anonymous_19)
DA:25,2
DA:30,6
DA:31,6
DA:34,0
DA:44,2
DA:51,6
DA:87,2
DA:96,7
DA:114,2
DA:125,37
DA:138,2
DA:147,6
DA:148,0
DA:157,6
DA:160,6
DA:176,2
DA:181,3
DA:182,0
DA:191,3
DA:194,3
DA:220,0
DA:235,2
DA:246,4
DA:247,2
DA:256,2
DA:259,2
DA:284,2
DA:293,2
DA:294,0
DA:303,2
DA:316,2
DA:336,2
DA:341,3
DA:342,1
DA:351,2
DA:354,2
DA:373,2
DA:382,1
DA:383,0
DA:392,1
DA:395,1
DA:429,2
DA:438,2
DA:440,2
DA:456,2
DA:463,3
LF:46
LH:40
BRDA:30,0,0,6
BRDA:30,0,1,0
BRDA:58,1,0,0
BRDA:58,1,1,6
BRDA:71,2,0,6
BRDA:71,2,1,0
BRDA:74,3,0,6
BRDA:74,3,1,5
BRDA:77,4,0,0
BRDA:77,4,1,6
BRDA:77,5,0,6
BRDA:77,5,1,0
BRDA:77,5,2,0
BRDA:80,6,0,0
BRDA:80,6,1,6
BRDA:80,7,0,6
BRDA:80,7,1,0
BRDA:90,8,0,7
BRDA:99,9,0,6
BRDA:99,9,1,1
BRDA:128,10,0,37
BRDA:128,10,1,0
BRDA:147,11,0,0
BRDA:147,11,1,6
BRDA:181,12,0,0
BRDA:181,12,1,3
BRDA:204,13,0,3
BRDA:204,13,1,0
BRDA:205,14,0,3
BRDA:205,14,1,1
BRDA:206,15,0,3
BRDA:206,15,1,2
BRDA:209,16,0,1
BRDA:209,16,1,2
BRDA:211,17,0,0
BRDA:211,17,1,2
BRDA:217,18,0,0
BRDA:217,18,1,3
BRDA:237,19,0,4
BRDA:246,20,0,2
BRDA:246,20,1,2
BRDA:268,21,0,0
BRDA:268,21,1,2
BRDA:293,22,0,0
BRDA:293,22,1,2
BRDA:341,23,0,1
BRDA:341,23,1,2
BRDA:361,24,0,2
BRDA:361,24,1,0
BRDA:382,25,0,0
BRDA:382,25,1,1
BRF:51
BRH:33
end_of_record
TN:
SF:src/components/dashboard/billing/PaymentPlansManagementPage.tsx
FN:99,(anonymous_0)
FN:132,(anonymous_1)
FN:173,(anonymous_2)
FN:184,(anonymous_3)
FN:195,(anonymous_4)
FN:198,(anonymous_5)
FN:205,(anonymous_6)
FN:207,(anonymous_7)
FN:207,(anonymous_8)
FN:250,(anonymous_9)
FN:256,(anonymous_10)
FN:262,(anonymous_11)
FN:271,(anonymous_12)
FN:275,(anonymous_13)
FN:293,(anonymous_14)
FN:298,(anonymous_15)
FN:308,(anonymous_16)
FN:366,(anonymous_17)
FN:367,(anonymous_18)
FN:391,(anonymous_19)
FN:424,(anonymous_20)
FN:437,(anonymous_21)
FN:479,(anonymous_22)
FN:487,(anonymous_23)
FN:527,(anonymous_24)
FN:641,(anonymous_25)
FN:659,(anonymous_26)
FN:677,(anonymous_27)
FN:695,(anonymous_28)
FN:722,(anonymous_29)
FN:727,(anonymous_30)
FN:765,(anonymous_31)
FN:796,(anonymous_32)
FNF:33
FNH:32
FNDA:5,(anonymous_0)
FNDA:2,(anonymous_1)
FNDA:70,(anonymous_2)
FNDA:30,(anonymous_3)
FNDA:180,(anonymous_4)
FNDA:38,(anonymous_5)
FNDA:7,(anonymous_6)
FNDA:12,(anonymous_7)
FNDA:16,(anonymous_8)
FNDA:11,(anonymous_9)
FNDA:14,(anonymous_10)
FNDA:10,(anonymous_11)
FNDA:5,(anonymous_12)
FNDA:30,(anonymous_13)
FNDA:30,(anonymous_14)
FNDA:30,(anonymous_15)
FNDA:6,(anonymous_16)
FNDA:4,(anonymous_17)
FNDA:4,(anonymous_18)
FNDA:2,(anonymous_19)
FNDA:1,(anonymous_20)
FNDA:0,(anonymous_21)
FNDA:70,(anonymous_22)
FNDA:1,(anonymous_23)
FNDA:6,(anonymous_24)
FNDA:30,(anonymous_25)
FNDA:30,(anonymous_26)
FNDA:30,(anonymous_27)
FNDA:30,(anonymous_28)
FNDA:150,(anonymous_29)
FNDA:150,(anonymous_30)
FNDA:2,(anonymous_31)
FNDA:31,(anonymous_32)
DA:59,1
DA:71,1
DA:99,5
DA:132,1
DA:135,2
DA:173,1
DA:174,70
DA:175,0
DA:178,70
DA:184,1
DA:185,30
DA:187,30
DA:189,0
DA:191,0
DA:195,1
DA:196,180
DA:198,1
DA:199,38
DA:200,38
DA:201,38
DA:202,38
DA:203,38
DA:205,38
DA:206,38
DA:207,16
DA:211,38
DA:217,38
DA:243,38
DA:250,38
DA:251,11
DA:252,2
DA:253,2
DA:256,14
DA:257,9
DA:258,4
DA:262,38
DA:263,10
DA:264,5
DA:267,5
DA:270,38
DA:271,5
DA:276,30
DA:293,30
DA:299,30
DA:308,38
DA:309,6
DA:310,0
DA:313,6
DA:314,6
DA:315,1
DA:319,1
DA:322,5
DA:323,5
DA:324,5
DA:325,5
DA:326,1
DA:330,1
DA:333,4
DA:337,4
DA:338,6
DA:339,1
DA:343,1
DA:347,3
DA:348,6
DA:349,1
DA:353,1
DA:356,2
DA:357,2
DA:366,4
DA:367,4
DA:383,1
DA:384,1
DA:386,1
DA:387,1
DA:391,38
DA:392,2
DA:393,0
DA:396,2
DA:397,2
DA:403,1
DA:404,1
DA:409,1
DA:410,1
DA:414,38
DA:425,1
DA:426,1
DA:438,0
DA:480,70
DA:482,70
DA:487,1
DA:528,6
DA:642,30
DA:660,30
DA:678,30
DA:696,30
DA:723,150
DA:728,150
DA:766,2
DA:797,31
LF:99
LH:93
BRDA:101,0,0,5
BRDA:101,0,1,0
BRDA:102,1,0,5
BRDA:102,1,1,4
BRDA:103,2,0,5
BRDA:103,2,1,4
BRDA:106,3,0,4
BRDA:106,3,1,1
BRDA:110,4,0,4
BRDA:110,4,1,1
BRDA:115,5,0,5
BRDA:115,5,1,0
BRDA:118,6,0,5
BRDA:118,6,1,0
BRDA:119,7,0,5
BRDA:119,7,1,0
BRDA:120,8,0,5
BRDA:120,8,1,0
BRDA:137,9,0,0
BRDA:137,9,1,2
BRDA:138,10,0,0
BRDA:138,10,1,2
BRDA:141,11,0,0
BRDA:141,11,1,0
BRDA:143,12,0,0
BRDA:143,12,1,0
BRDA:151,13,0,2
BRDA:151,13,1,0
BRDA:152,14,0,2
BRDA:152,14,1,2
BRDA:155,15,0,0
BRDA:155,15,1,2
BRDA:156,16,0,2
BRDA:156,16,1,2
BRDA:159,17,0,2
BRDA:159,17,1,0
BRDA:162,18,0,0
BRDA:162,18,1,2
BRDA:168,19,0,0
BRDA:168,19,1,2
BRDA:169,20,0,2
BRDA:169,20,1,2
BRDA:174,21,0,0
BRDA:174,21,1,70
BRDA:180,22,0,70
BRDA:180,22,1,0
BRDA:185,23,0,30
BRDA:185,23,1,0
BRDA:185,23,2,0
BRDA:196,24,0,8
BRDA:196,24,1,172
BRDA:205,25,0,7
BRDA:205,25,1,1
BRDA:207,26,0,12
BRDA:207,26,1,7
BRDA:213,27,0,38
BRDA:213,27,1,8
BRDA:251,28,0,2
BRDA:251,28,1,9
BRDA:257,29,0,4
BRDA:257,29,1,5
BRDA:263,30,0,5
BRDA:263,30,1,5
BRDA:278,31,0,30
BRDA:278,31,1,0
BRDA:278,31,2,0
BRDA:278,31,3,0
BRDA:278,31,4,0
BRDA:285,32,0,30
BRDA:285,32,1,30
BRDA:285,32,2,0
BRDA:285,32,3,0
BRDA:309,33,0,0
BRDA:309,33,1,6
BRDA:314,34,0,1
BRDA:314,34,1,5
BRDA:323,35,0,5
BRDA:323,35,1,0
BRDA:325,36,0,1
BRDA:325,36,1,4
BRDA:325,37,0,5
BRDA:325,37,1,5
BRDA:337,38,0,0
BRDA:337,38,1,4
BRDA:338,39,0,1
BRDA:338,39,1,5
BRDA:338,40,0,6
BRDA:338,40,1,4
BRDA:347,41,0,0
BRDA:347,41,1,3
BRDA:348,42,0,1
BRDA:348,42,1,5
BRDA:348,43,0,6
BRDA:348,43,1,3
BRDA:361,44,0,2
BRDA:361,44,1,0
BRDA:362,45,0,6
BRDA:362,45,1,2
BRDA:363,46,0,6
BRDA:363,46,1,2
BRDA:379,47,0,0
BRDA:379,47,1,2
BRDA:380,48,0,0
BRDA:380,48,1,2
BRDA:381,49,0,6
BRDA:381,49,1,0
BRDA:387,50,0,1
BRDA:387,50,1,0
BRDA:392,51,0,0
BRDA:392,51,1,2
BRDA:410,52,0,1
BRDA:410,52,1,0
BRDA:447,53,0,38
BRDA:447,53,1,1
BRDA:453,54,0,38
BRDA:453,54,1,1
BRDA:461,55,0,38
BRDA:461,55,1,37
BRDA:461,55,2,36
BRDA:473,56,0,1
BRDA:473,56,1,35
BRDA:490,57,0,30
BRDA:490,57,1,40
BRDA:500,58,0,30
BRDA:500,58,1,40
BRDA:501,59,0,70
BRDA:501,59,1,0
BRDA:507,60,0,70
BRDA:507,60,1,0
BRDA:518,61,0,36
BRDA:518,61,1,6
BRDA:524,62,0,36
BRDA:524,62,1,30
BRDA:543,63,0,30
BRDA:543,63,1,5
BRDA:747,64,0,30
BRDA:747,64,1,0
BRDA:748,65,0,30
BRDA:748,65,1,0
BRDA:759,66,0,0
BRDA:759,66,1,30
BRDA:816,67,0,0
BRDA:816,67,1,30
BRDA:835,68,0,30
BRDA:835,68,1,0
BRDA:841,69,0,30
BRDA:841,69,1,0
BRDA:847,70,0,30
BRDA:847,70,1,30
BRDA:847,70,2,30
BRDA:849,71,0,30
BRDA:849,71,1,0
BRF:152
BRH:106
end_of_record
TN:
SF:src/components/dashboard/categories/form/CategoryParentSelect.tsx
FN:47,(anonymous_0)
FN:64,(anonymous_1)
FN:68,(anonymous_2)
FN:70,(anonymous_3)
FN:73,(anonymous_4)
FN:78,(anonymous_5)
FN:84,(anonymous_6)
FN:98,(anonymous_7)
FN:104,(anonymous_8)
FN:105,(anonymous_9)
FN:110,(anonymous_10)
FN:116,(anonymous_11)
FN:121,(anonymous_12)
FN:126,(anonymous_13)
FN:162,(anonymous_14)
FN:169,(anonymous_15)
FN:175,(anonymous_16)
FNF:17
FNH:12
FNDA:1,(anonymous_0)
FNDA:1,(anonymous_1)
FNDA:1,(anonymous_2)
FNDA:1,(anonymous_3)
FNDA:1,(anonymous_4)
FNDA:0,(anonymous_5)
FNDA:1,(anonymous_6)
FNDA:1,(anonymous_7)
FNDA:1,(anonymous_8)
FNDA:1,(anonymous_9)
FNDA:1,(anonymous_10)
FNDA:0,(anonymous_11)
FNDA:0,(anonymous_12)
FNDA:1,(anonymous_13)
FNDA:0,(anonymous_14)
FNDA:1,(anonymous_15)
FNDA:0,(anonymous_16)
DA:47,1
DA:60,1
DA:62,1
DA:64,1
DA:65,1
DA:68,1
DA:69,1
DA:70,1
DA:73,1
DA:74,1
DA:75,0
DA:78,1
DA:79,1
DA:82,1
DA:84,1
DA:85,1
DA:87,1
DA:88,1
DA:91,1
DA:92,0
DA:95,1
DA:98,1
DA:99,1
DA:100,1
DA:101,1
DA:104,1
DA:105,1
DA:110,1
DA:111,1
DA:112,0
DA:116,1
DA:118,0
DA:121,1
DA:122,0
DA:123,0
DA:126,1
DA:127,1
DA:129,1
DA:131,1
DA:133,1
DA:136,1
DA:162,0
DA:170,1
DA:172,1
DA:175,0
LF:45
LH:37
BRDA:52,0,0,1
BRDA:53,1,0,1
BRDA:54,2,0,1
BRDA:55,3,0,1
BRDA:56,4,0,1
BRDA:57,5,0,1
BRDA:58,6,0,1
BRDA:69,7,0,0
BRDA:69,7,1,1
BRDA:74,8,0,0
BRDA:74,8,1,1
BRDA:74,9,0,1
BRDA:74,9,1,1
BRDA:79,10,0,0
BRDA:79,10,1,1
BRDA:87,11,0,1
BRDA:87,11,1,0
BRDA:87,12,0,1
BRDA:87,12,1,1
BRDA:105,13,0,1
BRDA:105,13,1,0
BRDA:111,14,0,0
BRDA:111,14,1,1
BRDA:111,15,0,1
BRDA:111,15,1,1
BRDA:118,16,0,0
BRDA:118,16,1,0
BRDA:122,17,0,0
BRDA:122,17,1,0
BRDA:127,18,0,0
BRDA:127,18,1,1
BRDA:129,19,0,0
BRDA:129,19,1,1
BRDA:133,20,0,1
BRDA:133,20,1,0
BRDA:138,21,0,1
BRDA:138,21,1,1
BRDA:159,22,0,0
BRDA:159,22,1,1
BRDA:163,23,0,0
BRDA:163,23,1,1
BRDA:170,24,0,1
BRDA:170,24,1,0
BRDA:178,25,0,1
BRDA:178,25,1,0
BRDA:181,26,0,1
BRDA:181,26,1,0
BRDA:181,27,0,1
BRDA:181,27,1,1
BRDA:196,28,0,1
BRDA:196,28,1,1
BRF:51
BRH:33
end_of_record
TN:
SF:src/components/dashboard/common/DashboardSectionHeader.tsx
FN:13,(anonymous_0)
FNF:1
FNH:1
FNDA:60,(anonymous_0)
DA:13,4
DA:20,60
LF:2
LH:2
BRDA:28,0,0,60
BRDA:28,0,1,0
BRDA:34,1,0,56
BRDA:34,1,1,4
BRF:4
BRH:3
end_of_record
TN:
SF:src/components/dashboard/common/DataTable.tsx
FN:28,(anonymous_0)
FN:48,(anonymous_1)
FN:55,(anonymous_2)
FN:57,(anonymous_3)
FN:65,(anonymous_4)
FN:71,(anonymous_5)
FNF:6
FNH:4
FNDA:30,(anonymous_0)
FNDA:90,(anonymous_1)
FNDA:30,(anonymous_2)
FNDA:90,(anonymous_3)
FNDA:0,(anonymous_4)
FNDA:0,(anonymous_5)
DA:28,1
DA:34,30
DA:35,0
DA:43,30
DA:49,90
DA:56,30
DA:58,90
DA:66,0
DA:71,0
LF:9
LH:6
BRDA:31,0,0,30
BRDA:32,1,0,30
BRDA:34,2,0,0
BRDA:34,2,1,30
BRDA:51,3,0,30
BRDA:51,3,1,0
BRDA:59,4,0,90
BRDA:59,4,1,0
BRDA:59,5,0,0
BRDA:59,5,1,0
BRDA:62,6,0,30
BRDA:62,6,1,0
BRF:12
BRH:6
end_of_record
TN:
SF:src/components/dashboard/common/FormHeader.tsx
FN:12,(anonymous_0)
FN:21,(anonymous_1)
FNF:2
FNH:1
FNDA:47,(anonymous_0)
FNDA:0,(anonymous_1)
DA:12,2
DA:13,47
DA:14,47
DA:16,47
DA:21,0
LF:5
LH:4
BRDA:17,0,0,0
BRDA:17,0,1,47
BRDA:26,1,0,0
BRDA:26,1,1,47
BRF:4
BRH:2
end_of_record
TN:
SF:src/components/dashboard/companies/CompanyFormPage.tsx
FN:55,(anonymous_0)
FN:90,(anonymous_1)
FN:125,(anonymous_2)
FN:173,(anonymous_3)
FN:185,(anonymous_4)
FN:195,(anonymous_5)
FN:232,(anonymous_6)
FN:236,(anonymous_7)
FN:255,(anonymous_8)
FN:373,(anonymous_9)
FN:387,(anonymous_10)
FN:402,(anonymous_11)
FN:423,(anonymous_12)
FN:452,(anonymous_13)
FN:462,(anonymous_14)
FN:479,(anonymous_15)
FN:500,(anonymous_16)
FN:511,(anonymous_17)
FN:512,(anonymous_18)
FN:521,(anonymous_19)
FN:532,(anonymous_20)
FN:533,(anonymous_21)
FN:572,(anonymous_22)
FN:585,(anonymous_23)
FN:601,(anonymous_24)
FN:614,(anonymous_25)
FN:627,(anonymous_26)
FN:640,(anonymous_27)
FNF:28
FNH:26
FNDA:22,(anonymous_0)
FNDA:70,(anonymous_1)
FNDA:10,(anonymous_2)
FNDA:5,(anonymous_3)
FNDA:5,(anonymous_4)
FNDA:5,(anonymous_5)
FNDA:4,(anonymous_6)
FNDA:1,(anonymous_7)
FNDA:5,(anonymous_8)
FNDA:66,(anonymous_9)
FNDA:66,(anonymous_10)
FNDA:66,(anonymous_11)
FNDA:66,(anonymous_12)
FNDA:0,(anonymous_13)
FNDA:12,(anonymous_14)
FNDA:66,(anonymous_15)
FNDA:66,(anonymous_16)
FNDA:4,(anonymous_17)
FNDA:1,(anonymous_18)
FNDA:66,(anonymous_19)
FNDA:1,(anonymous_20)
FNDA:0,(anonymous_21)
FNDA:66,(anonymous_22)
FNDA:66,(anonymous_23)
FNDA:66,(anonymous_24)
FNDA:66,(anonymous_25)
FNDA:66,(anonymous_26)
FNDA:66,(anonymous_27)
DA:33,2
DA:34,2
DA:36,2
DA:56,22
DA:58,22
DA:59,8
DA:62,14
DA:63,9
DA:70,14
DA:71,0
DA:78,14
DA:79,0
DA:90,2
DA:91,70
DA:92,70
DA:94,70
DA:95,70
DA:96,70
DA:97,70
DA:98,70
DA:99,70
DA:101,70
DA:125,70
DA:126,10
DA:127,1
DA:130,9
DA:156,70
DA:160,70
DA:161,70
DA:162,70
DA:163,70
DA:164,70
DA:165,70
DA:166,70
DA:167,70
DA:169,70
DA:173,70
DA:174,5
DA:175,1
DA:178,4
DA:179,0
DA:182,4
DA:185,70
DA:186,5
DA:187,0
DA:190,5
DA:195,70
DA:196,5
DA:197,5
DA:198,1
DA:202,1
DA:205,4
DA:206,5
DA:208,5
DA:209,5
DA:211,5
DA:212,5
DA:213,3
DA:218,3
DA:219,1
DA:220,1
DA:222,0
DA:226,1
DA:227,1
DA:232,4
DA:236,70
DA:237,1
DA:238,1
DA:240,1
DA:244,1
DA:246,1
DA:247,1
DA:248,1
DA:250,0
DA:255,70
DA:256,5
DA:257,0
DA:258,0
DA:261,5
DA:262,5
DA:263,5
DA:264,5
DA:266,5
DA:267,5
DA:297,4
DA:306,4
DA:308,1
DA:309,1
DA:313,70
DA:314,2
DA:323,68
DA:324,1
DA:327,67
DA:328,1
DA:337,66
DA:374,66
DA:388,66
DA:403,66
DA:424,66
DA:453,0
DA:457,0
DA:463,12
DA:480,66
DA:501,66
DA:511,4
DA:512,1
DA:522,66
DA:532,1
DA:533,0
DA:573,66
DA:586,66
DA:602,66
DA:615,66
DA:628,66
DA:641,66
LF:115
LH:104
BRDA:56,0,0,22
BRDA:56,0,1,0
BRDA:58,1,0,8
BRDA:58,1,1,14
BRDA:62,2,0,9
BRDA:62,2,1,5
BRDA:70,3,0,0
BRDA:70,3,1,14
BRDA:70,4,0,14
BRDA:70,4,1,0
BRDA:78,5,0,0
BRDA:78,5,1,14
BRDA:78,6,0,14
BRDA:78,6,1,0
BRDA:94,7,0,70
BRDA:94,7,1,70
BRDA:94,7,2,2
BRDA:94,7,3,2
BRDA:126,8,0,1
BRDA:126,8,1,9
BRDA:131,9,0,9
BRDA:131,9,1,0
BRDA:132,10,0,10
BRDA:132,10,1,0
BRDA:133,11,0,10
BRDA:133,11,1,0
BRDA:134,12,0,10
BRDA:134,12,1,0
BRDA:135,13,0,10
BRDA:135,13,1,0
BRDA:136,14,0,10
BRDA:136,14,1,9
BRDA:137,15,0,10
BRDA:137,15,1,9
BRDA:138,16,0,10
BRDA:138,16,1,9
BRDA:139,17,0,10
BRDA:139,17,1,0
BRDA:140,18,0,10
BRDA:140,18,1,0
BRDA:141,19,0,10
BRDA:141,19,1,0
BRDA:142,20,0,10
BRDA:142,20,1,0
BRDA:143,21,0,10
BRDA:143,21,1,0
BRDA:144,22,0,10
BRDA:144,22,1,0
BRDA:145,23,0,10
BRDA:145,23,1,6
BRDA:146,24,0,10
BRDA:146,24,1,9
BRDA:147,25,0,10
BRDA:147,25,1,0
BRDA:148,26,0,10
BRDA:148,26,1,0
BRDA:158,27,0,70
BRDA:158,27,1,69
BRDA:169,28,0,70
BRDA:169,28,1,70
BRDA:169,28,2,70
BRDA:174,29,0,1
BRDA:174,29,1,4
BRDA:178,30,0,0
BRDA:178,30,1,4
BRDA:186,31,0,0
BRDA:186,31,1,5
BRDA:190,32,0,4
BRDA:190,32,1,1
BRDA:191,33,0,4
BRDA:191,33,1,2
BRDA:192,34,0,1
BRDA:192,34,1,1
BRDA:197,35,0,1
BRDA:197,35,1,4
BRDA:205,36,0,4
BRDA:205,36,1,2
BRDA:218,37,0,1
BRDA:218,37,1,2
BRDA:218,38,0,3
BRDA:218,38,1,2
BRDA:218,38,2,1
BRDA:232,39,0,4
BRDA:232,39,1,0
BRDA:237,40,0,1
BRDA:237,40,1,0
BRDA:246,41,0,1
BRDA:246,41,1,0
BRDA:246,42,0,1
BRDA:246,42,1,1
BRDA:256,43,0,0
BRDA:256,43,1,5
BRDA:261,44,0,5
BRDA:261,44,1,0
BRDA:263,45,0,5
BRDA:263,45,1,4
BRDA:264,46,0,5
BRDA:264,46,1,5
BRDA:271,47,0,5
BRDA:271,47,1,0
BRDA:272,48,0,5
BRDA:272,48,1,0
BRDA:273,49,0,5
BRDA:273,49,1,0
BRDA:274,50,0,1
BRDA:274,50,1,4
BRDA:276,51,0,1
BRDA:276,51,1,0
BRDA:277,52,0,1
BRDA:277,52,1,0
BRDA:283,53,0,5
BRDA:283,53,1,5
BRDA:293,54,0,5
BRDA:293,54,1,4
BRDA:294,55,0,5
BRDA:294,55,1,5
BRDA:298,56,0,1
BRDA:298,56,1,3
BRDA:298,57,0,4
BRDA:298,57,1,1
BRDA:298,58,0,1
BRDA:298,58,1,0
BRDA:301,59,0,0
BRDA:301,59,1,4
BRDA:301,60,0,5
BRDA:301,60,1,0
BRDA:301,61,0,0
BRDA:301,61,1,0
BRDA:313,62,0,2
BRDA:313,62,1,68
BRDA:323,63,0,1
BRDA:323,63,1,67
BRDA:327,64,0,1
BRDA:327,64,1,66
BRDA:327,65,0,67
BRDA:327,65,1,66
BRDA:408,66,0,66
BRDA:408,66,1,0
BRDA:429,67,0,66
BRDA:429,67,1,0
BRDA:469,68,0,66
BRDA:469,68,1,16
BRDA:485,69,0,66
BRDA:485,69,1,0
BRDA:505,70,0,66
BRDA:505,70,1,49
BRDA:506,71,0,66
BRDA:506,71,1,8
BRDA:526,72,0,66
BRDA:526,72,1,66
BRDA:527,73,0,66
BRDA:527,73,1,8
BRDA:561,74,0,70
BRDA:561,74,1,4
BRDA:589,75,0,66
BRDA:589,75,1,0
BRDA:658,76,0,70
BRDA:658,76,1,66
BRDA:658,76,2,66
BRDA:671,77,0,70
BRDA:671,77,1,66
BRDA:673,78,0,0
BRDA:673,78,1,66
BRDA:675,79,0,5
BRDA:675,79,1,61
BRDA:691,80,0,70
BRDA:691,80,1,4
BRF:167
BRH:127
end_of_record
TN:
SF:src/components/dashboard/companies/CompanyImageField.tsx
FN:24,(anonymous_0)
FN:40,(anonymous_1)
FN:98,(anonymous_2)
FN:102,(anonymous_3)
FN:106,(anonymous_4)
FN:111,(anonymous_5)
FN:130,(anonymous_6)
FNF:7
FNH:5
FNDA:83,(anonymous_0)
FNDA:3,(anonymous_1)
FNDA:0,(anonymous_2)
FNDA:0,(anonymous_3)
FNDA:1,(anonymous_4)
FNDA:2,(anonymous_5)
FNDA:1,(anonymous_6)
DA:24,2
DA:36,83
DA:37,83
DA:38,83
DA:40,83
DA:41,3
DA:43,3
DA:44,1
DA:47,2
DA:50,83
DA:99,0
DA:100,0
DA:103,0
DA:104,0
DA:107,1
DA:108,1
DA:109,1
DA:112,2
DA:113,2
DA:131,1
LF:20
LH:16
BRDA:43,0,0,1
BRDA:43,0,1,2
BRDA:59,1,0,41
BRDA:59,1,1,42
BRDA:64,2,0,2
BRDA:64,2,1,81
BRDA:67,3,0,2
BRDA:67,3,1,0
BRDA:68,4,0,2
BRDA:68,4,1,0
BRDA:71,5,0,2
BRDA:71,5,1,1
BRDA:75,6,0,1
BRDA:75,6,1,0
BRDA:81,7,0,40
BRDA:81,7,1,41
BRDA:84,8,0,40
BRDA:84,8,1,0
BRDA:90,9,0,41
BRDA:90,9,1,0
BRDA:112,10,0,2
BRDA:112,10,1,0
BRDA:120,11,0,1
BRDA:120,11,1,82
BRDA:123,12,0,83
BRDA:123,12,1,2
BRDA:140,13,0,1
BRDA:140,13,1,82
BRF:28
BRH:22
end_of_record
TN:
SF:src/components/dashboard/companies/CompanySubscriptionSettingsCard.tsx
FN:44,(anonymous_0)
FN:57,(anonymous_1)
FN:67,(anonymous_2)
FN:69,(anonymous_3)
FN:81,(anonymous_4)
FN:97,(anonymous_5)
FN:125,(anonymous_6)
FN:193,(anonymous_7)
FN:236,(anonymous_8)
FN:250,(anonymous_9)
FNF:10
FNH:10
FNDA:6,(anonymous_0)
FNDA:7,(anonymous_1)
FNDA:7,(anonymous_2)
FNDA:4,(anonymous_3)
FNDA:7,(anonymous_4)
FNDA:2,(anonymous_5)
FNDA:3,(anonymous_6)
FNDA:2,(anonymous_7)
FNDA:2,(anonymous_8)
FNDA:3,(anonymous_9)
DA:29,1
DA:36,1
DA:38,1
DA:44,1
DA:45,6
DA:47,3
DA:49,1
DA:51,2
DA:53,0
DA:57,1
DA:58,7
DA:59,7
DA:60,7
DA:61,7
DA:63,7
DA:64,7
DA:65,7
DA:66,7
DA:67,7
DA:70,4
DA:77,7
DA:78,7
DA:79,7
DA:81,7
DA:82,7
DA:83,0
DA:87,7
DA:88,1
DA:91,6
DA:92,7
DA:93,7
DA:94,7
DA:95,7
DA:97,7
DA:98,2
DA:99,2
DA:100,1
DA:101,1
DA:103,1
DA:105,1
DA:106,1
DA:114,1
DA:116,0
DA:117,0
DA:118,0
DA:119,0
DA:125,7
DA:126,3
DA:127,3
DA:128,0
DA:129,0
DA:132,3
DA:136,3
DA:137,1
DA:140,2
DA:141,2
DA:146,1
DA:147,1
DA:148,1
DA:150,1
DA:151,1
DA:152,1
DA:156,7
DA:157,7
DA:159,7
DA:194,2
DA:237,2
DA:251,3
LF:68
LH:60
BRDA:45,0,0,3
BRDA:45,0,1,1
BRDA:45,0,2,2
BRDA:45,0,3,0
BRDA:63,1,0,7
BRDA:63,1,1,0
BRDA:68,2,0,7
BRDA:68,2,1,0
BRDA:70,3,0,4
BRDA:70,3,1,4
BRDA:70,3,2,4
BRDA:70,3,3,4
BRDA:78,4,0,7
BRDA:78,4,1,4
BRDA:82,5,0,0
BRDA:82,5,1,7
BRDA:82,6,0,7
BRDA:82,6,1,4
BRDA:87,7,0,1
BRDA:87,7,1,6
BRDA:87,8,0,7
BRDA:87,8,1,7
BRDA:87,8,2,7
BRDA:91,9,0,6
BRDA:91,9,1,0
BRDA:99,10,0,1
BRDA:99,10,1,1
BRDA:120,11,0,0
BRDA:120,11,1,0
BRDA:126,12,0,3
BRDA:126,12,1,0
BRDA:127,13,0,0
BRDA:127,13,1,3
BRDA:127,14,0,3
BRDA:127,14,1,0
BRDA:136,15,0,1
BRDA:136,15,1,2
BRDA:142,16,0,2
BRDA:142,16,1,0
BRDA:152,17,0,1
BRDA:152,17,1,0
BRDA:172,18,0,7
BRDA:172,18,1,0
BRDA:178,19,0,7
BRDA:178,19,1,0
BRDA:180,20,0,7
BRDA:180,20,1,3
BRDA:204,21,0,7
BRDA:204,21,1,3
BRDA:210,22,0,1
BRDA:210,22,1,2
BRDA:215,23,0,1
BRDA:215,23,1,2
BRDA:223,24,0,3
BRDA:223,24,1,1
BRDA:254,25,0,3
BRDA:254,25,1,3
BRDA:254,25,2,3
BRDA:254,25,3,3
BRDA:254,25,4,1
BRF:60
BRH:46
end_of_record
TN:
SF:src/components/dashboard/forms/ProductForm.tsx
FN:27,(anonymous_0)
FN:53,(anonymous_1)
FN:60,(anonymous_2)
FN:72,(anonymous_3)
FNF:4
FNH:4
FNDA:3,(anonymous_0)
FNDA:2,(anonymous_1)
FNDA:3,(anonymous_2)
FNDA:1,(anonymous_3)
DA:27,1
DA:35,3
DA:43,3
DA:48,3
DA:53,3
DA:54,2
DA:55,2
DA:56,2
DA:57,2
DA:60,3
DA:61,3
DA:62,2
DA:65,1
DA:66,0
DA:69,1
DA:72,3
DA:73,1
DA:74,0
DA:77,1
DA:78,1
DA:79,1
DA:82,3
LF:22
LH:20
BRDA:31,0,0,3
BRDA:33,1,0,3
BRDA:49,2,0,1
BRDA:49,2,1,2
BRDA:49,3,0,3
BRDA:49,3,1,2
BRDA:61,4,0,2
BRDA:61,4,1,1
BRDA:65,5,0,0
BRDA:65,5,1,1
BRDA:73,6,0,0
BRDA:73,6,1,1
BRDA:73,7,0,1
BRDA:73,7,1,0
BRDA:77,8,0,1
BRDA:77,8,1,0
BRDA:85,9,0,3
BRDA:85,9,1,0
BRDA:92,10,0,2
BRDA:92,10,1,1
BRDA:96,11,0,3
BRDA:96,11,1,2
BRDA:103,12,0,3
BRDA:103,12,1,1
BRDA:116,13,0,3
BRDA:116,13,1,3
BRDA:116,13,2,0
BRDA:144,14,0,3
BRDA:144,14,1,2
BRDA:157,15,0,2
BRDA:157,15,1,2
BRF:31
BRH:25
end_of_record
TN:
SF:src/components/dashboard/forms/ProductFormActions.tsx
FN:10,(anonymous_0)
FNF:1
FNH:1
FNDA:3,(anonymous_0)
DA:10,1
DA:11,3
LF:2
LH:2
BRDA:10,0,0,3
BRDA:16,1,0,3
BRDA:16,1,1,3
BRDA:17,2,0,0
BRDA:17,2,1,3
BRF:5
BRH:4
end_of_record
TN:
SF:src/components/dashboard/forms/ProductImagesField.tsx
FN:12,(anonymous_0)
FN:22,(anonymous_1)
FN:26,(anonymous_2)
FN:30,(anonymous_3)
FN:34,(anonymous_4)
FN:39,(anonymous_5)
FN:51,(anonymous_6)
FN:68,(anonymous_7)
FN:74,(anonymous_8)
FN:81,(anonymous_9)
FN:86,(anonymous_10)
FN:91,(anonymous_11)
FN:99,(anonymous_12)
FN:101,(anonymous_13)
FN:104,(anonymous_14)
FN:151,(anonymous_15)
FN:156,(anonymous_16)
FNF:17
FNH:10
FNDA:3,(anonymous_0)
FNDA:2,(anonymous_1)
FNDA:2,(anonymous_2)
FNDA:3,(anonymous_3)
FNDA:2,(anonymous_4)
FNDA:1,(anonymous_5)
FNDA:1,(anonymous_6)
FNDA:0,(anonymous_7)
FNDA:1,(anonymous_8)
FNDA:0,(anonymous_9)
FNDA:0,(anonymous_10)
FNDA:0,(anonymous_11)
FNDA:0,(anonymous_12)
FNDA:0,(anonymous_13)
FNDA:0,(anonymous_14)
FNDA:3,(anonymous_15)
FNDA:3,(anonymous_16)
DA:12,1
DA:17,3
DA:18,3
DA:20,3
DA:23,2
DA:26,3
DA:27,3
DA:28,3
DA:30,3
DA:31,3
DA:34,3
DA:35,2
DA:36,2
DA:39,3
DA:40,1
DA:42,1
DA:44,1
DA:46,1
DA:47,1
DA:48,1
DA:49,1
DA:50,1
DA:52,1
DA:60,1
DA:61,1
DA:63,1
DA:65,0
DA:66,0
DA:68,0
DA:69,0
DA:74,3
DA:75,1
DA:76,1
DA:77,1
DA:81,3
DA:82,0
DA:83,0
DA:86,3
DA:87,0
DA:88,0
DA:91,3
DA:92,0
DA:93,0
DA:94,0
DA:95,0
DA:99,3
DA:100,0
DA:101,0
DA:102,0
DA:104,0
DA:105,0
DA:107,0
DA:108,0
DA:111,0
DA:112,0
DA:113,0
DA:116,0
DA:117,0
DA:118,0
DA:120,0
DA:121,0
DA:125,3
DA:151,1
DA:152,3
DA:157,3
LF:65
LH:38
BRDA:20,0,0,3
BRDA:20,0,1,0
BRDA:23,1,0,2
BRDA:23,1,1,2
BRDA:28,2,0,3
BRDA:28,2,1,0
BRDA:42,3,0,0
BRDA:42,3,1,1
BRDA:52,4,0,1
BRDA:52,4,1,0
BRDA:60,5,0,1
BRDA:60,5,1,0
BRDA:76,6,0,1
BRDA:76,6,1,0
BRDA:94,7,0,0
BRDA:94,7,1,0
BRDA:102,8,0,0
BRDA:102,8,1,0
BRDA:107,9,0,0
BRDA:107,9,1,0
BRDA:111,10,0,0
BRDA:111,10,1,0
BRF:22
BRH:8
end_of_record
TN:
SF:src/components/dashboard/forms/ProductInventoryFields.tsx
FN:54,(anonymous_0)
FN:87,(anonymous_1)
FN:98,(anonymous_2)
FN:124,(anonymous_3)
FN:130,(anonymous_4)
FN:131,(anonymous_5)
FN:211,(anonymous_6)
FN:212,(anonymous_7)
FN:242,(anonymous_8)
FN:243,(anonymous_9)
FN:249,(anonymous_10)
FN:294,(anonymous_11)
FN:305,(anonymous_12)
FN:308,(anonymous_13)
FN:347,(anonymous_14)
FN:356,(anonymous_15)
FN:429,(anonymous_16)
FN:434,(anonymous_17)
FN:443,(anonymous_18)
FN:481,(anonymous_19)
FNF:20
FNH:18
FNDA:24,(anonymous_0)
FNDA:15,(anonymous_1)
FNDA:24,(anonymous_2)
FNDA:6,(anonymous_3)
FNDA:5,(anonymous_4)
FNDA:5,(anonymous_5)
FNDA:15,(anonymous_6)
FNDA:15,(anonymous_7)
FNDA:13,(anonymous_8)
FNDA:13,(anonymous_9)
FNDA:1,(anonymous_10)
FNDA:24,(anonymous_11)
FNDA:1,(anonymous_12)
FNDA:48,(anonymous_13)
FNDA:19,(anonymous_14)
FNDA:0,(anonymous_15)
FNDA:15,(anonymous_16)
FNDA:13,(anonymous_17)
FNDA:0,(anonymous_18)
FNDA:1,(anonymous_19)
DA:54,1
DA:58,24
DA:60,0
DA:67,2
DA:68,2
DA:76,0
DA:83,22
DA:87,1
DA:88,15
DA:89,0
DA:92,15
DA:93,15
DA:95,15
DA:98,1
DA:104,24
DA:105,24
DA:106,24
DA:107,24
DA:109,24
DA:111,24
DA:112,24
DA:113,24
DA:117,24
DA:121,24
DA:122,24
DA:124,24
DA:125,6
DA:126,0
DA:130,24
DA:131,5
DA:132,5
DA:134,5
DA:135,1
DA:138,5
DA:142,24
DA:145,24
DA:146,24
DA:147,24
DA:148,24
DA:149,24
DA:150,24
DA:154,24
DA:172,24
DA:189,24
DA:211,24
DA:212,24
DA:213,24
DA:214,24
DA:227,24
DA:242,24
DA:243,13
DA:249,24
DA:250,1
DA:252,1
DA:253,0
DA:256,1
DA:257,1
DA:262,1
DA:264,0
DA:268,24
DA:295,24
DA:305,1
DA:309,48
DA:348,19
DA:357,0
DA:358,0
DA:430,15
DA:435,13
DA:444,0
DA:445,0
DA:451,0
DA:481,1
LF:72
LH:61
BRDA:58,0,0,0
BRDA:58,0,1,2
BRDA:58,0,2,22
BRDA:67,1,0,2
BRDA:67,1,1,0
BRDA:88,2,0,0
BRDA:88,2,1,15
BRDA:102,3,0,24
BRDA:105,4,0,24
BRDA:105,4,1,0
BRDA:106,5,0,24
BRDA:106,5,1,0
BRDA:107,6,0,24
BRDA:107,6,1,0
BRDA:111,7,0,24
BRDA:111,7,1,22
BRDA:111,7,2,0
BRDA:112,8,0,24
BRDA:112,8,1,9
BRDA:114,9,0,24
BRDA:114,9,1,9
BRDA:115,10,0,24
BRDA:115,10,1,0
BRDA:118,11,0,24
BRDA:118,11,1,9
BRDA:119,12,0,24
BRDA:119,12,1,0
BRDA:125,13,0,0
BRDA:125,13,1,6
BRDA:125,14,0,6
BRDA:125,14,1,1
BRDA:134,15,0,5
BRDA:134,15,1,0
BRDA:135,16,0,1
BRDA:135,16,1,1
BRDA:142,17,0,22
BRDA:142,17,1,2
BRDA:143,18,0,22
BRDA:143,18,1,22
BRDA:143,18,2,0
BRDA:147,19,0,24
BRDA:147,19,1,22
BRDA:148,20,0,24
BRDA:148,20,1,19
BRDA:149,21,0,19
BRDA:149,21,1,5
BRDA:149,22,0,19
BRDA:149,22,1,19
BRDA:150,23,0,19
BRDA:150,23,1,5
BRDA:155,24,0,24
BRDA:155,24,1,9
BRDA:156,25,0,24
BRDA:156,25,1,24
BRDA:164,26,0,24
BRDA:164,26,1,24
BRDA:164,26,2,19
BRDA:165,27,0,0
BRDA:165,27,1,24
BRDA:167,28,0,0
BRDA:167,28,1,24
BRDA:167,29,0,24
BRDA:167,29,1,19
BRDA:173,30,0,24
BRDA:173,30,1,24
BRDA:181,31,0,24
BRDA:181,31,1,24
BRDA:181,31,2,19
BRDA:182,32,0,0
BRDA:182,32,1,24
BRDA:184,33,0,0
BRDA:184,33,1,24
BRDA:184,34,0,24
BRDA:184,34,1,19
BRDA:190,35,0,24
BRDA:190,35,1,9
BRDA:199,36,0,5
BRDA:199,36,1,19
BRDA:211,37,0,24
BRDA:211,37,1,0
BRDA:212,38,0,24
BRDA:212,38,1,0
BRDA:214,39,0,24
BRDA:214,39,1,0
BRDA:216,40,0,0
BRDA:216,40,1,0
BRDA:218,41,0,0
BRDA:218,41,1,0
BRDA:238,42,0,24
BRDA:238,42,1,2
BRDA:250,43,0,1
BRDA:250,43,1,0
BRDA:252,44,0,0
BRDA:252,44,1,1
BRDA:252,45,0,1
BRDA:252,45,1,1
BRDA:252,45,2,1
BRDA:274,46,0,24
BRDA:274,46,1,2
BRDA:279,47,0,2
BRDA:279,47,1,2
BRDA:312,48,0,24
BRDA:312,48,1,24
BRDA:313,49,0,2
BRDA:313,49,1,46
BRDA:317,50,0,48
BRDA:317,50,1,46
BRDA:333,51,0,24
BRDA:333,51,1,5
BRDA:342,52,0,24
BRDA:342,52,1,19
BRDA:355,53,0,19
BRDA:355,53,1,0
BRDA:358,54,0,0
BRDA:358,54,1,0
BRDA:390,55,0,19
BRDA:390,55,1,0
BRDA:392,56,0,0
BRDA:392,56,1,0
BRDA:404,57,0,24
BRDA:404,57,1,19
BRDA:417,58,0,19
BRDA:417,58,1,15
BRDA:433,59,0,15
BRDA:433,59,1,1
BRDA:437,60,0,15
BRDA:437,60,1,15
BRDA:446,61,0,0
BRDA:446,61,1,0
BRDA:454,62,0,15
BRDA:454,62,1,15
BRDA:476,63,0,15
BRDA:476,63,1,15
BRDA:476,63,2,15
BRDA:476,63,3,13
BRDA:479,64,0,13
BRDA:479,64,1,0
BRDA:493,65,0,19
BRDA:493,65,1,15
BRF:139
BRH:105
end_of_record
TN:
SF:src/components/dashboard/forms/ProductPriceFields.tsx
FN:14,(anonymous_0)
FN:25,(anonymous_1)
FN:54,(anonymous_2)
FN:64,(anonymous_3)
FN:101,(anonymous_4)
FN:106,(anonymous_5)
FN:115,(anonymous_6)
FN:126,(anonymous_7)
FN:135,(anonymous_8)
FN:146,(anonymous_9)
[...]
BRDA:512,80,1,6
BRDA:516,81,0,4
BRDA:516,81,1,4
BRDA:518,82,0,1
BRDA:518,82,1,3
BRDA:518,83,0,4
BRDA:518,83,1,1
BRDA:519,84,0,1
BRDA:519,84,1,0
BRDA:520,85,0,1
BRDA:520,85,1,2
BRDA:525,86,0,8
BRDA:525,86,1,2
BRDA:526,87,0,8
BRDA:526,87,1,7
BRDA:527,88,0,8
BRDA:527,88,1,0
BRDA:528,89,0,8
BRDA:528,89,1,0
BRDA:529,90,0,8
BRDA:529,90,1,6
BRDA:530,91,0,8
BRDA:530,91,1,4
BRDA:530,91,2,4
BRDA:531,92,0,8
BRDA:531,92,1,8
BRDA:531,92,2,7
BRDA:532,93,0,8
BRDA:532,93,1,7
BRDA:532,93,2,6
BRDA:534,94,0,8
BRDA:534,94,1,8
BRDA:535,95,0,8
BRDA:535,95,1,8
BRDA:536,96,0,1
BRDA:536,96,1,7
BRDA:537,97,0,1
BRDA:537,97,1,7
BRDA:545,98,0,1
BRDA:545,98,1,7
BRDA:545,99,0,8
BRDA:545,99,1,1
BRDA:546,100,0,1
BRDA:546,100,1,0
BRDA:548,101,0,8
BRDA:548,101,1,7
BRDA:549,102,0,1
BRDA:549,102,1,7
BRDA:552,103,0,1
BRDA:552,103,1,0
BRDA:557,104,0,8
BRDA:557,104,1,8
BRDA:557,104,2,6
BRDA:558,105,0,8
BRDA:558,105,1,8
BRDA:558,105,2,6
BRDA:559,106,0,8
BRDA:559,106,1,8
BRDA:559,106,2,6
BRDA:562,107,0,8
BRDA:562,107,1,8
BRDA:563,108,0,8
BRDA:563,108,1,8
BRDA:567,109,0,0
BRDA:567,109,1,8
BRDA:573,110,0,1
BRDA:573,110,1,7
BRDA:580,111,0,1
BRDA:580,111,1,0
BRDA:590,112,0,1
BRDA:590,112,1,0
BRDA:601,113,0,5
BRDA:603,114,0,5
BRDA:603,114,1,0
BRDA:605,115,0,0
BRDA:605,115,1,0
BRDA:607,116,0,0
BRDA:607,116,1,0
BRDA:615,117,0,5
BRDA:615,117,1,1
BRDA:615,117,2,0
BRDA:618,118,0,5
BRDA:618,118,1,0
BRDA:619,119,0,5
BRDA:619,119,1,5
BRDA:620,120,0,5
BRDA:620,120,1,5
BRDA:622,121,0,5
BRDA:622,121,1,0
BRDA:622,121,2,0
BRDA:625,122,0,5
BRDA:625,122,1,4
BRDA:629,123,0,5
BRDA:629,123,1,0
BRDA:636,124,0,1
BRDA:636,124,1,4
BRDA:644,125,0,7
BRDA:644,125,1,2
BRDA:644,126,0,9
BRDA:644,126,1,2
BRDA:649,127,0,2
BRDA:649,127,1,0
BRDA:650,128,0,9
BRDA:650,128,1,0
BRDA:651,129,0,9
BRDA:651,129,1,0
BRDA:652,130,0,9
BRDA:652,130,1,0
BRDA:653,131,0,9
BRDA:653,131,1,0
BRDA:654,132,0,9
BRDA:654,132,1,0
BRDA:655,133,0,9
BRDA:655,133,1,0
BRDA:656,134,0,9
BRDA:656,134,1,0
BRDA:658,135,0,9
BRDA:658,135,1,0
BRDA:659,136,0,9
BRDA:659,136,1,1
BRDA:669,137,0,1
BRDA:669,137,1,0
BRDA:670,138,0,1
BRDA:670,138,1,0
BRDA:677,139,0,1
BRDA:677,139,1,1
BRDA:683,140,0,2
BRDA:683,140,1,0
BRDA:684,141,0,2
BRDA:684,141,1,0
BRDA:685,142,0,2
BRDA:685,142,1,0
BRDA:686,143,0,2
BRDA:686,143,1,0
BRDA:687,144,0,2
BRDA:687,144,1,0
BRDA:688,145,0,1
BRDA:688,145,1,1
BRDA:690,146,0,1
BRDA:690,146,1,0
BRDA:691,147,0,1
BRDA:691,147,1,0
BRDA:692,148,0,1
BRDA:692,148,1,0
BRDA:693,149,0,1
BRDA:693,149,1,0
BRDA:701,150,0,1
BRDA:701,150,1,0
BRDA:702,151,0,1
BRDA:702,151,1,0
BRDA:703,152,0,1
BRDA:703,152,1,0
BRDA:704,153,0,1
BRDA:704,153,1,0
BRDA:709,154,0,7
BRDA:709,154,1,1
BRDA:709,155,0,8
BRDA:709,155,1,2
BRDA:709,155,2,2
BRDA:718,156,0,2
BRDA:718,156,1,0
BRDA:719,157,0,2
BRDA:719,157,1,0
BRDA:720,158,0,2
BRDA:720,158,1,0
BRDA:721,159,0,2
BRDA:721,159,1,2
BRDA:722,160,0,1
BRDA:722,160,1,1
BRDA:724,161,0,1
BRDA:724,161,1,0
BRDA:725,162,0,1
BRDA:725,162,1,1
BRDA:725,162,2,0
BRDA:726,163,0,1
BRDA:726,163,1,0
BRDA:727,164,0,1
BRDA:727,164,1,1
BRDA:730,165,0,2
BRDA:730,165,1,0
BRDA:732,166,0,2
BRDA:732,166,1,0
BRDA:733,167,0,2
BRDA:733,167,1,0
BRDA:736,168,0,1
BRDA:736,168,1,1
BRDA:738,169,0,1
BRDA:738,169,1,0
BRDA:739,170,0,1
BRDA:739,170,1,1
BRF:358
BRH:259
end_of_record
TN:
SF:src/infrastructure/repositories/ApiPublicCompanyProductsRepository.ts
FN:24,(anonymous_0)
FN:31,(anonymous_1)
FN:42,(anonymous_2)
FN:49,(anonymous_3)
FN:58,(anonymous_4)
FN:73,(anonymous_5)
FN:112,(anonymous_6)
FN:131,(anonymous_7)
FN:165,(anonymous_8)
FN:185,(anonymous_9)
FNF:10
FNH:10
FNDA:11,(anonymous_0)
FNDA:5,(anonymous_1)
FNDA:4,(anonymous_2)
FNDA:5,(anonymous_3)
FNDA:5,(anonymous_4)
FNDA:4,(anonymous_5)
FNDA:1,(anonymous_6)
FNDA:1,(anonymous_7)
FNDA:4,(anonymous_8)
FNDA:4,(anonymous_9)
DA:25,11
DA:26,11
DA:28,11
DA:32,5
DA:39,5
DA:41,5
DA:42,4
DA:50,5
DA:51,5
DA:52,3
DA:55,2
DA:59,5
DA:60,5
DA:62,5
DA:63,0
DA:66,5
DA:67,1
DA:70,4
DA:74,4
DA:75,4
DA:76,4
DA:77,4
DA:79,4
DA:80,4
DA:81,2
DA:82,2
DA:83,1
DA:84,1
DA:85,1
DA:88,4
DA:112,1
DA:131,1
DA:166,4
DA:167,3
DA:170,1
DA:186,4
DA:187,3
DA:190,1
LF:38
LH:37
BRDA:28,0,0,11
BRDA:28,0,1,0
BRDA:39,1,0,4
BRDA:39,1,1,1
BRDA:43,2,0,5
BRDA:43,2,1,1
BRDA:44,3,0,5
BRDA:44,3,1,3
BRDA:51,4,0,3
BRDA:51,4,1,2
BRDA:59,5,0,5
BRDA:59,5,1,4
BRDA:60,6,0,5
BRDA:60,6,1,2
BRDA:60,6,2,2
BRDA:62,7,0,0
BRDA:62,7,1,5
BRDA:66,8,0,1
BRDA:66,8,1,4
BRDA:70,9,0,2
BRDA:70,9,1,2
BRDA:74,10,0,2
BRDA:74,10,1,2
BRDA:76,11,0,2
BRDA:76,11,1,2
BRDA:80,12,0,2
BRDA:80,12,1,2
BRDA:82,13,0,1
BRDA:82,13,1,1
BRDA:82,14,0,2
BRDA:82,14,1,1
BRDA:83,15,0,1
BRDA:83,15,1,0
BRDA:84,16,0,1
BRDA:84,16,1,0
BRDA:89,17,0,4
BRDA:89,17,1,2
BRDA:90,18,0,4
BRDA:90,18,1,1
BRDA:91,19,0,4
BRDA:91,19,1,1
BRDA:92,20,0,4
BRDA:92,20,1,1
BRDA:93,21,0,4
BRDA:93,21,1,1
BRDA:94,22,0,4
BRDA:94,22,1,3
BRDA:94,22,2,2
BRDA:95,23,0,4
BRDA:95,23,1,3
BRDA:95,23,2,2
BRDA:96,24,0,4
BRDA:96,24,1,2
BRDA:96,24,2,2
BRDA:98,25,0,4
BRDA:98,25,1,3
BRDA:99,26,0,4
BRDA:99,26,1,3
BRDA:100,27,0,1
BRDA:100,27,1,3
BRDA:101,28,0,1
BRDA:101,28,1,3
BRDA:107,29,0,1
BRDA:107,29,1,3
BRDA:107,30,0,4
BRDA:107,30,1,1
BRDA:108,31,0,1
BRDA:108,31,1,0
BRDA:110,32,0,4
BRDA:110,32,1,3
BRDA:111,33,0,1
BRDA:111,33,1,3
BRDA:115,34,0,1
BRDA:115,34,1,0
BRDA:121,35,0,4
BRDA:121,35,1,3
BRDA:121,35,2,1
BRDA:122,36,0,4
BRDA:122,36,1,3
BRDA:122,36,2,1
BRDA:123,37,0,4
BRDA:123,37,1,3
BRDA:123,37,2,1
BRDA:125,38,0,4
BRDA:125,38,1,4
BRDA:126,39,0,4
BRDA:126,39,1,4
BRDA:130,40,0,1
BRDA:130,40,1,3
BRDA:136,41,0,4
BRDA:136,41,1,0
BRDA:143,42,0,1
BRDA:143,42,1,3
BRDA:153,43,0,1
BRDA:153,43,1,3
BRDA:166,44,0,3
BRDA:166,44,1,1
BRDA:166,45,0,4
BRDA:166,45,1,1
BRDA:171,46,0,1
BRDA:171,46,1,0
BRDA:172,47,0,4
BRDA:172,47,1,0
BRDA:173,48,0,4
BRDA:173,48,1,0
BRDA:174,49,0,4
BRDA:174,49,1,0
BRDA:175,50,0,4
BRDA:175,50,1,0
BRDA:176,51,0,4
BRDA:176,51,1,0
BRDA:177,52,0,4
BRDA:177,52,1,0
BRDA:178,53,0,4
BRDA:178,53,1,0
BRDA:180,54,0,4
BRDA:180,54,1,0
BRDA:181,55,0,4
BRDA:181,55,1,1
BRDA:186,56,0,3
BRDA:186,56,1,1
BRDA:186,57,0,4
BRDA:186,57,1,2
BRDA:186,57,2,2
BRF:124
BRH:108
end_of_record
TN:
SF:src/infrastructure/repositories/ApiPublicCompanyProfileRepository.ts
FN:45,(anonymous_0)
FN:50,(anonymous_1)
FN:84,(anonymous_2)
FN:93,(anonymous_3)
FN:107,(anonymous_4)
FN:110,(anonymous_5)
FNF:6
FNH:6
FNDA:9,(anonymous_0)
FNDA:3,(anonymous_1)
FNDA:3,(anonymous_2)
FNDA:3,(anonymous_3)
FNDA:2,(anonymous_4)
FNDA:3,(anonymous_5)
DA:46,9
DA:47,9
DA:51,3
DA:58,3
DA:60,3
DA:85,3
DA:86,3
DA:87,1
DA:90,2
DA:94,3
DA:95,1
DA:98,2
DA:107,3
DA:113,3
DA:114,2
DA:117,1
LF:16
LH:16
BRDA:63,0,0,3
BRDA:63,0,1,2
BRDA:64,1,0,3
BRDA:64,1,1,2
BRDA:65,2,0,3
BRDA:65,2,1,2
BRDA:67,3,0,3
BRDA:67,3,1,1
BRDA:68,4,0,3
BRDA:68,4,1,1
BRDA:69,5,0,3
BRDA:69,5,1,1
BRDA:70,6,0,3
BRDA:70,6,1,1
BRDA:74,7,0,2
BRDA:74,7,1,1
BRDA:74,8,0,3
BRDA:74,8,1,2
BRDA:86,9,0,1
BRDA:86,9,1,2
BRDA:94,10,0,1
BRDA:94,10,1,2
BRDA:99,11,0,2
BRDA:99,11,1,0
BRDA:100,12,0,3
BRDA:100,12,1,2
BRDA:101,13,0,3
BRDA:101,13,1,0
BRDA:102,14,0,3
BRDA:102,14,1,0
BRDA:103,15,0,3
BRDA:103,15,1,0
BRDA:104,16,0,3
BRDA:104,16,1,0
BRDA:107,17,0,2
BRDA:107,17,1,0
BRDA:113,18,0,2
BRDA:113,18,1,1
BRDA:113,19,0,3
BRDA:113,19,1,3
BRDA:113,19,2,3
BRDA:113,19,3,2
BRF:42
BRH:36
end_of_record
TN:
SF:src/infrastructure/repositories/ApiRentalRepository.ts
FN:105,(anonymous_0)
FN:110,(anonymous_1)
FN:118,(anonymous_2)
FN:119,(anonymous_3)
FN:124,(anonymous_4)
FN:127,(anonymous_5)
FN:150,(anonymous_6)
FN:155,(anonymous_7)
FN:168,(anonymous_8)
FN:210,(anonymous_9)
FN:222,(anonymous_10)
FN:255,(anonymous_11)
FN:262,(anonymous_12)
FN:291,(anonymous_13)
FN:304,(anonymous_14)
FN:330,(anonymous_15)
FN:337,(anonymous_16)
FN:348,(anonymous_17)
FN:359,(anonymous_18)
FN:371,(anonymous_19)
FN:378,(anonymous_20)
FN:398,(anonymous_21)
FN:434,(anonymous_22)
FNF:23
FNH:22
FNDA:10,(anonymous_0)
FNDA:11,(anonymous_1)
FNDA:6,(anonymous_2)
FNDA:12,(anonymous_3)
FNDA:5,(anonymous_4)
FNDA:15,(anonymous_5)
FNDA:1,(anonymous_6)
FNDA:0,(anonymous_7)
FNDA:2,(anonymous_8)
FNDA:1,(anonymous_9)
FNDA:1,(anonymous_10)
FNDA:1,(anonymous_11)
FNDA:1,(anonymous_12)
FNDA:2,(anonymous_13)
FNDA:1,(anonymous_14)
FNDA:1,(anonymous_15)
FNDA:1,(anonymous_16)
FNDA:1,(anonymous_17)
FNDA:1,(anonymous_18)
FNDA:1,(anonymous_19)
FNDA:1,(anonymous_20)
FNDA:1,(anonymous_21)
FNDA:1,(anonymous_22)
DA:106,10
DA:107,10
DA:111,11
DA:112,11
DA:113,11
DA:115,0
DA:119,12
DA:121,6
DA:125,5
DA:126,5
DA:127,15
DA:128,3
DA:129,3
DA:130,2
DA:133,1
DA:136,2
DA:137,2
DA:138,2
DA:139,1
DA:141,1
DA:144,2
DA:147,0
DA:151,1
DA:152,1
DA:153,0
DA:154,0
DA:155,0
DA:156,0
DA:160,1
DA:161,1
DA:162,1
DA:165,0
DA:169,2
DA:171,2
DA:211,1
DA:223,1
DA:225,1
DA:226,1
DA:227,1
DA:228,1
DA:229,1
DA:230,1
DA:231,1
DA:232,1
DA:233,1
DA:234,1
DA:235,1
DA:236,1
DA:238,1
DA:239,1
DA:244,1
DA:246,1
DA:248,1
DA:249,1
DA:252,1
DA:254,1
DA:255,1
DA:263,1
DA:265,1
DA:266,1
DA:269,1
DA:270,1
DA:275,1
DA:277,1
DA:292,2
DA:293,2
DA:296,1
DA:297,2
DA:299,1
DA:300,1
DA:308,1
DA:310,1
DA:311,1
DA:313,1
DA:314,1
DA:319,1
DA:321,1
DA:323,1
DA:324,1
DA:327,1
DA:329,1
DA:330,1
DA:338,1
DA:349,1
DA:360,1
DA:365,1
DA:367,1
DA:369,1
DA:371,1
DA:379,1
DA:392,1
DA:399,1
DA:401,1
DA:402,1
DA:404,1
DA:405,1
DA:407,1
DA:408,1
DA:410,1
DA:411,1
DA:413,1
DA:414,1
DA:416,1
DA:417,1
DA:419,1
DA:420,1
DA:422,1
DA:423,1
DA:428,1
DA:435,1
DA:439,1
DA:440,1
DA:445,1
LF:113
LH:106
BRDA:112,0,0,11
BRDA:112,0,1,0
BRDA:124,1,0,5
BRDA:125,2,0,5
BRDA:125,2,1,0
BRDA:127,3,0,3
BRDA:127,3,1,2
BRDA:127,4,0,5
BRDA:127,4,1,5
BRDA:129,5,0,2
BRDA:129,5,1,1
BRDA:137,6,0,2
BRDA:137,6,1,0
BRDA:138,7,0,1
BRDA:138,7,1,1
BRDA:152,8,0,0
BRDA:152,8,1,1
BRDA:155,9,0,0
BRDA:155,9,1,0
BRDA:161,10,0,1
BRDA:161,10,1,0
BRDA:169,11,0,1
BRDA:169,11,1,1
BRDA:174,12,0,2
BRDA:174,12,1,1
BRDA:175,13,0,2
BRDA:175,13,1,1
BRDA:176,14,0,2
BRDA:176,14,1,1
BRDA:179,15,0,2
BRDA:179,15,1,1
BRDA:181,16,0,2
BRDA:181,16,1,1
BRDA:182,17,0,2
BRDA:182,17,1,1
BRDA:183,18,0,1
BRDA:183,18,1,1
BRDA:185,19,0,1
BRDA:185,19,1,0
BRDA:186,20,0,1
BRDA:186,20,1,1
BRDA:187,21,0,1
BRDA:187,21,1,0
BRDA:188,22,0,1
BRDA:188,22,1,0
BRDA:189,23,0,1
BRDA:189,23,1,0
BRDA:190,24,0,1
BRDA:190,24,1,0
BRDA:191,25,0,1
BRDA:191,25,1,0
BRDA:192,26,0,1
BRDA:192,26,1,0
BRDA:193,27,0,1
BRDA:193,27,1,0
BRDA:198,28,0,2
BRDA:198,28,1,1
BRDA:201,29,0,2
BRDA:201,29,1,1
BRDA:203,30,0,2
BRDA:203,30,1,1
BRDA:204,31,0,1
BRDA:204,31,1,1
BRDA:205,32,0,2
BRDA:205,32,1,1
BRDA:206,33,0,2
BRDA:206,33,1,1
BRDA:222,34,0,1
BRDA:225,35,0,1
BRDA:225,35,1,0
BRDA:226,36,0,1
BRDA:226,36,1,0
BRDA:227,37,0,1
BRDA:227,37,1,0
BRDA:228,38,0,1
BRDA:228,38,1,0
BRDA:229,39,0,1
BRDA:229,39,1,0
BRDA:230,40,0,1
BRDA:230,40,1,0
BRDA:231,41,0,1
BRDA:231,41,1,0
BRDA:231,42,0,1
BRDA:231,42,1,0
BRDA:232,43,0,1
BRDA:232,43,1,0
BRDA:233,44,0,1
BRDA:233,44,1,0
BRDA:234,45,0,1
BRDA:234,45,1,0
BRDA:235,46,0,1
BRDA:235,46,1,0
BRDA:236,47,0,1
BRDA:236,47,1,0
BRDA:240,48,0,1
BRDA:240,48,1,0
BRDA:246,49,0,0
BRDA:246,49,1,1
BRDA:246,50,0,1
BRDA:246,50,1,1
BRDA:248,51,0,1
BRDA:248,51,1,0
BRDA:248,52,0,1
BRDA:248,52,1,1
BRDA:252,53,0,1
BRDA:252,53,1,0
BRDA:252,54,0,0
BRDA:252,54,1,0
BRDA:256,55,0,1
BRDA:256,55,1,0
BRDA:257,56,0,1
BRDA:257,56,1,0
BRDA:258,57,0,1
BRDA:258,57,1,0
BRDA:258,57,2,0
BRDA:265,58,0,1
BRDA:265,58,1,0
BRDA:271,59,0,1
BRDA:271,59,1,0
BRDA:275,60,0,1
BRDA:275,60,1,0
BRDA:279,61,0,1
BRDA:279,61,1,0
BRDA:280,62,0,1
BRDA:280,62,1,0
BRDA:281,63,0,1
BRDA:281,63,1,0
BRDA:284,64,0,1
BRDA:284,64,1,0
BRDA:285,65,0,1
BRDA:285,65,1,0
BRDA:286,66,0,1
BRDA:286,66,1,0
BRDA:296,67,0,1
BRDA:296,67,1,0
BRDA:306,68,0,1
BRDA:310,69,0,1
BRDA:310,69,1,0
BRDA:311,70,0,1
BRDA:311,70,1,0
BRDA:315,71,0,1
BRDA:315,71,1,0
BRDA:321,72,0,0
BRDA:321,72,1,1
BRDA:321,73,0,1
BRDA:321,73,1,1
BRDA:323,74,0,1
BRDA:323,74,1,0
BRDA:323,75,0,1
BRDA:323,75,1,1
BRDA:327,76,0,1
BRDA:327,76,1,0
BRDA:327,77,0,0
BRDA:327,77,1,0
BRDA:331,78,0,1
BRDA:331,78,1,0
BRDA:332,79,0,1
BRDA:332,79,1,0
BRDA:333,80,0,1
BRDA:333,80,1,0
BRDA:333,80,2,0
BRDA:365,81,0,1
BRDA:365,81,1,0
BRDA:367,82,0,1
BRDA:367,82,1,0
BRDA:370,83,0,1
BRDA:370,83,1,0
BRDA:388,84,0,1
BRDA:388,84,1,0
BRDA:389,85,0,1
BRDA:389,85,1,0
BRDA:401,86,0,1
BRDA:401,86,1,0
BRDA:402,87,0,1
BRDA:402,87,1,0
BRDA:404,88,0,1
BRDA:404,88,1,0
BRDA:405,89,0,0
BRDA:405,89,1,1
BRDA:407,90,0,1
BRDA:407,90,1,0
BRDA:408,91,0,0
BRDA:408,91,1,1
BRDA:410,92,0,1
BRDA:410,92,1,0
BRDA:413,93,0,1
BRDA:413,93,1,0
BRDA:416,94,0,1
BRDA:416,94,1,0
BRDA:419,95,0,1
BRDA:419,95,1,0
BRDA:422,96,0,1
BRDA:422,96,1,0
BRDA:423,97,0,0
BRDA:423,97,1,1
BRDA:439,98,0,1
BRDA:439,98,1,0
BRDA:440,99,0,1
BRDA:440,99,1,0
BRF:199
BRH:120
end_of_record
TN:
SF:src/infrastructure/repositories/ApiSiteRepository.ts
FN:31,(anonymous_0)
FN:52,(anonymous_1)
FN:70,(anonymous_2)
FN:75,(anonymous_3)
FN:81,(anonymous_4)
FN:93,(anonymous_5)
FNF:6
FNH:6
FNDA:1,(anonymous_0)
FNDA:1,(anonymous_1)
FNDA:7,(anonymous_2)
FNDA:2,(anonymous_3)
FNDA:1,(anonymous_4)
FNDA:1,(anonymous_5)
DA:31,6
DA:32,1
DA:34,1
DA:52,6
DA:71,7
DA:72,7
DA:76,2
DA:77,2
DA:78,2
DA:82,1
DA:84,1
DA:89,1
DA:90,1
DA:94,1
DA:96,1
LF:15
LH:15
BRDA:32,0,0,1
BRDA:32,0,1,0
BRDA:32,0,2,0
BRDA:39,1,0,1
BRDA:39,1,1,1
BRDA:41,2,0,1
BRDA:41,2,1,1
BRDA:42,3,0,1
BRDA:42,3,1,1
BRDA:44,4,0,1
BRDA:44,4,1,1
BRDA:46,5,0,1
BRDA:46,5,1,0
BRDA:47,6,0,1
BRDA:47,6,1,0
BRDA:48,7,0,1
BRDA:48,7,1,0
BRDA:57,8,0,1
BRDA:57,8,1,0
BRDA:59,9,0,1
BRDA:59,9,1,0
BRDA:60,10,0,1
BRDA:60,10,1,0
BRDA:78,11,0,0
BRDA:78,11,1,2
BRDA:89,12,0,1
BRDA:89,12,1,0
BRF:27
BRH:17
end_of_record
TN:
SF:src/infrastructure/repositories/ApiUserEngagementRepository.ts
FN:46,(anonymous_0)
FN:52,(anonymous_1)
FN:85,(anonymous_2)
FN:89,(anonymous_3)
FN:97,(anonymous_4)
FN:110,(anonymous_5)
FN:118,(anonymous_6)
FNF:7
FNH:7
FNDA:7,(anonymous_0)
FNDA:1,(anonymous_1)
FNDA:1,(anonymous_2)
FNDA:1,(anonymous_3)
FNDA:1,(anonymous_4)
FNDA:1,(anonymous_5)
FNDA:1,(anonymous_6)
DA:47,7
DA:48,7
DA:56,1
DA:57,1
DA:58,1
DA:60,1
DA:61,1
DA:64,1
DA:65,1
DA:67,1
DA:71,1
DA:73,1
DA:85,1
DA:89,1
DA:98,1
DA:111,1
DA:112,0
DA:115,1
DA:119,1
DA:120,1
DA:121,1
DA:124,0
LF:22
LH:20
BRDA:57,0,0,1
BRDA:57,0,1,0
BRDA:60,1,0,1
BRDA:60,1,1,0
BRDA:65,2,0,1
BRDA:65,2,1,0
BRDA:102,3,0,1
BRDA:102,3,1,1
BRDA:111,4,0,0
BRDA:111,4,1,1
BRDA:111,5,0,1
BRDA:111,5,1,1
BRDA:111,5,2,1
BRDA:111,5,3,0
BRDA:120,6,0,1
BRDA:120,6,1,0
BRF:16
BRH:10
end_of_record
TN:
SF:src/infrastructure/repositories/ApiUserRepository.ts
FN:167,mapAddressDtoToDomain
FN:179,mapLocationDtoToDomain
FN:187,mapInventoryManagementCapability
FN:203,mapGenericCapability
FN:214,mapCapabilitiesDtoToDomain
FN:230,mapEntitlementsDtoToDomain
FN:254,mapUserDtoToDomain
FN:256,(anonymous_7)
FN:321,mapAddressDomainToDto
FN:333,mapLocationDomainToDto
FN:345,(anonymous_10)
FN:350,(anonymous_11)
FN:356,(anonymous_12)
FN:365,(anonymous_13)
FN:374,(anonymous_14)
FN:401,(anonymous_15)
FN:419,(anonymous_16)
FN:432,(anonymous_17)
FNF:18
FNH:18
FNDA:8,mapAddressDtoToDomain
FNDA:8,mapLocationDtoToDomain
FNDA:5,mapInventoryManagementCapability
FNDA:30,mapGenericCapability
FNDA:13,mapCapabilitiesDtoToDomain
FNDA:16,mapEntitlementsDtoToDomain
FNDA:8,mapUserDtoToDomain
FNDA:10,(anonymous_7)
FNDA:1,mapAddressDomainToDto
FNDA:1,mapLocationDomainToDto
FNDA:13,(anonymous_10)
FNDA:11,(anonymous_11)
FNDA:3,(anonymous_12)
FNDA:3,(anonymous_13)
FNDA:1,(anonymous_14)
FNDA:1,(anonymous_15)
FNDA:1,(anonymous_16)
FNDA:2,(anonymous_17)
DA:168,8
DA:169,2
DA:180,8
DA:181,2
DA:190,5
DA:191,5
DA:194,0
DA:204,30
DA:205,21
DA:208,9
DA:215,13
DA:216,8
DA:219,5
DA:233,16
DA:234,13
DA:237,3
DA:255,8
DA:256,10
DA:258,8
DA:259,8
DA:260,8
DA:261,8
DA:262,8
DA:263,8
DA:296,8
DA:322,1
DA:323,1
DA:334,1
DA:335,1
DA:346,13
DA:347,13
DA:351,11
DA:352,11
DA:353,11
DA:357,3
DA:358,3
DA:362,3
DA:366,3
DA:367,3
DA:371,3
DA:375,1
DA:377,1
DA:379,1
DA:380,1
DA:381,1
DA:382,0
DA:383,1
DA:384,1
DA:385,0
DA:387,1
DA:389,1
DA:392,1
DA:398,1
DA:405,1
DA:406,1
DA:411,1
DA:416,1
DA:420,1
DA:421,1
DA:425,1
DA:435,2
DA:437,2
DA:439,2
DA:440,1
DA:442,2
DA:443,1
DA:445,2
DA:446,1
DA:448,2
DA:449,1
DA:451,2
DA:452,1
DA:455,2
DA:456,2
DA:458,2
DA:462,2
LF:76
LH:73
BRDA:168,0,0,6
BRDA:168,0,1,2
BRDA:180,1,0,6
BRDA:180,1,1,2
BRDA:190,2,0,5
BRDA:190,2,1,0
BRDA:197,3,0,0
BRDA:197,3,1,0
BRDA:198,4,0,5
BRDA:198,4,1,0
BRDA:204,5,0,21
BRDA:204,5,1,9
BRDA:210,6,0,9
BRDA:210,6,1,7
BRDA:215,7,0,8
BRDA:215,7,1,5
BRDA:233,8,0,13
BRDA:233,8,1,3
BRDA:241,9,0,3
BRDA:241,9,1,1
BRDA:242,10,0,16
BRDA:242,10,1,3
BRDA:244,11,0,16
BRDA:244,11,1,0
BRDA:255,12,0,8
BRDA:255,12,1,0
BRDA:258,13,0,8
BRDA:258,13,1,6
BRDA:258,13,2,6
BRDA:258,13,3,5
BRDA:259,14,0,8
BRDA:259,14,1,6
BRDA:259,14,2,5
BRDA:260,15,0,8
BRDA:260,15,1,6
BRDA:263,16,0,2
BRDA:263,16,1,6
BRDA:269,17,0,2
BRDA:269,17,1,0
BRDA:269,17,2,0
BRDA:270,18,0,2
BRDA:270,18,1,0
BRDA:270,18,2,0
BRDA:272,19,0,2
BRDA:272,19,1,1
BRDA:272,19,2,1
BRDA:272,19,3,1
BRDA:276,20,0,2
BRDA:276,20,1,1
BRDA:276,20,2,1
BRDA:281,21,0,3
BRDA:281,21,1,3
BRDA:284,22,0,3
BRDA:284,22,1,0
BRDA:285,23,0,3
BRDA:285,23,1,1
BRDA:287,24,0,3
BRDA:287,24,1,3
BRDA:288,25,0,3
BRDA:288,25,1,3
BRDA:290,26,0,3
BRDA:290,26,1,3
BRDA:297,27,0,8
BRDA:297,27,1,6
BRDA:297,27,2,0
BRDA:307,28,0,8
BRDA:307,28,1,6
BRDA:309,29,0,8
BRDA:309,29,1,6
BRDA:309,29,2,5
BRDA:310,30,0,8
BRDA:310,30,1,6
BRDA:310,30,2,5
BRDA:311,31,0,8
BRDA:311,31,1,7
BRDA:311,31,2,5
BRDA:312,32,0,8
BRDA:312,32,1,7
BRDA:312,32,2,6
BRDA:314,33,0,8
BRDA:314,33,1,7
BRDA:315,34,0,1
BRDA:315,34,1,7
BRDA:317,35,0,8
BRDA:317,35,1,7
BRDA:322,36,0,0
BRDA:322,36,1,1
BRDA:324,37,0,1
BRDA:324,37,1,0
BRDA:325,38,0,1
BRDA:325,38,1,0
BRDA:326,39,0,1
BRDA:326,39,1,0
BRDA:327,40,0,1
BRDA:327,40,1,0
BRDA:328,41,0,1
BRDA:328,41,1,0
BRDA:329,42,0,1
BRDA:329,42,1,0
BRDA:334,43,0,0
BRDA:334,43,1,1
BRDA:336,44,0,1
BRDA:336,44,1,0
BRDA:337,45,0,1
BRDA:337,45,1,0
BRDA:353,46,0,9
BRDA:353,46,1,2
BRDA:379,47,0,1
BRDA:379,47,1,0
BRDA:381,48,0,0
BRDA:381,48,1,1
BRDA:383,49,0,0
BRDA:383,49,1,1
BRDA:384,50,0,0
BRDA:384,50,1,1
BRDA:387,51,0,1
BRDA:387,51,1,0
BRDA:439,52,0,1
BRDA:439,52,1,1
BRDA:442,53,0,1
BRDA:442,53,1,1
BRDA:445,54,0,1
BRDA:445,54,1,1
BRDA:448,55,0,1
BRDA:448,55,1,1
BRDA:451,56,0,1
BRDA:451,56,1,1
BRDA:456,57,0,1
BRDA:456,57,1,1
BRF:129
BRH:102
end_of_record
TN:
SF:src/lib/utils.ts
FN:4,cn
FNF:1
FNH:1
FNDA:27613,cn
DA:5,27613
LF:1
LH:1
BRF:0
BRH:0
end_of_record
TN:
SF:src/utils/backendError.ts
FN:1,(anonymous_0)
FN:4,(anonymous_1)
FN:13,(anonymous_2)
FN:20,(anonymous_3)
FN:35,(anonymous_4)
FN:47,(anonymous_5)
FN:52,(anonymous_6)
FN:58,(anonymous_7)
FN:83,(anonymous_8)
FN:91,(anonymous_9)
FNF:10
FNH:10
FNDA:33,(anonymous_0)
FNDA:9,(anonymous_1)
FNDA:5,(anonymous_2)
FNDA:1,(anonymous_3)
FNDA:13,(anonymous_4)
FNDA:8,(anonymous_5)
FNDA:3,(anonymous_6)
FNDA:5,(anonymous_7)
FNDA:2,(anonymous_8)
FNDA:1,(anonymous_9)
DA:1,8
DA:2,33
DA:4,8
DA:5,9
DA:6,5
DA:9,4
DA:10,4
DA:13,8
DA:14,5
DA:15,4
DA:18,1
DA:19,1
DA:20,1
DA:21,1
DA:22,1
DA:26,0
DA:27,0
DA:28,0
DA:32,0
DA:35,8
DA:36,13
DA:37,0
DA:40,13
DA:41,10
DA:44,3
DA:47,8
DA:48,8
DA:49,8
DA:51,8
DA:52,3
DA:55,5
DA:58,8
DA:59,5
DA:61,5
DA:62,5
DA:63,1
DA:66,4
DA:67,4
DA:68,0
DA:71,4
DA:72,5
DA:73,4
DA:76,0
DA:77,0
DA:80,0
DA:83,8
DA:84,2
DA:85,0
DA:88,2
DA:91,8
DA:92,1
LF:51
LH:41
BRDA:2,0,0,33
BRDA:2,0,1,26
BRDA:5,1,0,5
BRDA:5,1,1,4
BRDA:10,2,0,4
BRDA:10,2,1,0
BRDA:14,3,0,4
BRDA:14,3,1,1
BRDA:19,4,0,1
BRDA:19,4,1,0
BRDA:21,5,0,1
BRDA:21,5,1,0
BRDA:27,6,0,0
BRDA:27,6,1,0
BRDA:36,7,0,0
BRDA:36,7,1,13
BRDA:40,8,0,10
BRDA:40,8,1,3
BRDA:51,9,0,3
BRDA:51,9,1,5
BRDA:52,10,0,3
BRDA:52,10,1,0
BRDA:62,11,0,1
BRDA:62,11,1,4
BRDA:67,12,0,0
BRDA:67,12,1,4
BRDA:72,13,0,4
BRDA:72,13,1,1
BRDA:76,14,0,0
BRDA:76,14,1,0
BRDA:84,15,0,0
BRDA:84,15,1,2
BRDA:88,16,0,2
BRDA:88,16,1,0
BRDA:92,17,0,1
BRDA:92,17,1,0
BRF:36
BRH:23
end_of_record
TN:
SF:src/utils/categoryBreadcrumb.ts
FN:13,buildCategoryBreadcrumbName
FNF:1
FNH:1
FNDA:29,buildCategoryBreadcrumbName
DA:18,29
DA:19,29
DA:21,29
DA:22,29
DA:23,29
DA:25,29
DA:26,36
DA:27,36
DA:28,36
DA:31,29
LF:10
LH:10
BRDA:18,0,0,29
BRDA:18,0,1,29
BRDA:19,1,0,29
BRDA:19,1,1,29
BRDA:25,2,0,29
BRDA:25,2,1,36
BRDA:27,3,0,8
BRDA:27,3,1,28
BRF:8
BRH:8
end_of_record
TN:
SF:src/utils/normalizeSearchText.ts
FN:1,normalizeSearchText
FNF:1
FNH:1
FNDA:525,normalizeSearchText
DA:2,525
LF:1
LH:1
BRF:0
BRH:0
end_of_record
