{"total": {"lines":{"total":2622,"covered":2521,"skipped":0,"pct":96.14},"statements":{"total":2738,"covered":2628,"skipped":0,"pct":95.98},"functions":{"total":777,"covered":761,"skipped":0,"pct":97.94},"branches":{"total":2582,"covered":2022,"skipped":0,"pct":78.31},"branchesTrue":{"total":0,"covered":0,"skipped":0,"pct":100}}
,"/Users/victor/development/appquilar/appquilar/src/compositionRoot.ts": {"lines":{"total":42,"covered":42,"skipped":0,"pct":100},"functions":{"total":1,"covered":0,"skipped":0,"pct":0},"statements":{"total":43,"covered":42,"skipped":0,"pct":97.67},"branches":{"total":0,"covered":0,"skipped":0,"pct":100}}
,"/Users/victor/development/appquilar/appquilar/src/application/services/AdminPlatformAnalyticsService.ts": {"lines":{"total":432,"covered":405,"skipped":0,"pct":93.75},"functions":{"total":158,"covered":153,"skipped":0,"pct":96.83},"statements":{"total":442,"covered":414,"skipped":0,"pct":93.66},"branches":{"total":234,"covered":180,"skipped":0,"pct":76.92}}
,"/Users/victor/development/appquilar/appquilar/src/application/services/AuthService.ts": {"lines":{"total":45,"covered":45,"skipped":0,"pct":100},"functions":{"total":12,"covered":12,"skipped":0,"pct":100},"statements":{"total":45,"covered":45,"skipped":0,"pct":100},"branches":{"total":10,"covered":10,"skipped":0,"pct":100}}
,"/Users/victor/development/appquilar/appquilar/src/application/services/BillingService.ts": {"lines":{"total":5,"covered":5,"skipped":0,"pct":100},"functions":{"total":5,"covered":5,"skipped":0,"pct":100},"statements":{"total":5,"covered":5,"skipped":0,"pct":100},"branches":{"total":0,"covered":0,"skipped":0,"pct":100}}
,"/Users/victor/development/appquilar/appquilar/src/application/services/BlogService.ts": {"lines":{"total":15,"covered":15,"skipped":0,"pct":100},"functions":{"total":15,"covered":15,"skipped":0,"pct":100},"statements":{"total":15,"covered":15,"skipped":0,"pct":100},"branches":{"total":0,"covered":0,"skipped":0,"pct":100}}
,"/Users/victor/development/appquilar/appquilar/src/application/services/CapabilityService.ts": {"lines":{"total":6,"covered":6,"skipped":0,"pct":100},"functions":{"total":2,"covered":2,"skipped":0,"pct":100},"statements":{"total":6,"covered":6,"skipped":0,"pct":100},"branches":{"total":14,"covered":10,"skipped":0,"pct":71.42}}
,"/Users/victor/development/appquilar/appquilar/src/application/services/CaptchaService.ts": {"lines":{"total":2,"covered":2,"skipped":0,"pct":100},"functions":{"total":2,"covered":2,"skipped":0,"pct":100},"statements":{"total":2,"covered":2,"skipped":0,"pct":100},"branches":{"total":0,"covered":0,"skipped":0,"pct":100}}
,"/Users/victor/development/appquilar/appquilar/src/application/services/CategoryService.ts": {"lines":{"total":8,"covered":8,"skipped":0,"pct":100},"functions":{"total":8,"covered":8,"skipped":0,"pct":100},"statements":{"total":8,"covered":8,"skipped":0,"pct":100},"branches":{"total":0,"covered":0,"skipped":0,"pct":100}}
,"/Users/victor/development/appquilar/appquilar/src/application/services/CompanyAdminService.ts": {"lines":{"total":2,"covered":2,"skipped":0,"pct":100},"functions":{"total":2,"covered":2,"skipped":0,"pct":100},"statements":{"total":2,"covered":2,"skipped":0,"pct":100},"branches":{"total":0,"covered":0,"skipped":0,"pct":100}}
,"/Users/victor/development/appquilar/appquilar/src/application/services/CompanyAdvancedStatsService.ts": {"lines":{"total":123,"covered":120,"skipped":0,"pct":97.56},"functions":{"total":31,"covered":31,"skipped":0,"pct":100},"statements":{"total":129,"covered":126,"skipped":0,"pct":97.67},"branches":{"total":65,"covered":54,"skipped":0,"pct":83.07}}
,"/Users/victor/development/appquilar/appquilar/src/application/services/CompanyEngagementService.ts": {"lines":{"total":3,"covered":3,"skipped":0,"pct":100},"functions":{"total":3,"covered":3,"skipped":0,"pct":100},"statements":{"total":3,"covered":3,"skipped":0,"pct":100},"branches":{"total":0,"covered":0,"skipped":0,"pct":100}}
,"/Users/victor/development/appquilar/appquilar/src/application/services/CompanyInvitationService.ts": {"lines":{"total":2,"covered":2,"skipped":0,"pct":100},"functions":{"total":2,"covered":2,"skipped":0,"pct":100},"statements":{"total":2,"covered":2,"skipped":0,"pct":100},"branches":{"total":0,"covered":0,"skipped":0,"pct":100}}
,"/Users/victor/development/appquilar/appquilar/src/application/services/CompanyMembershipService.ts": {"lines":{"total":6,"covered":6,"skipped":0,"pct":100},"functions":{"total":6,"covered":6,"skipped":0,"pct":100},"statements":{"total":6,"covered":6,"skipped":0,"pct":100},"branches":{"total":2,"covered":2,"skipped":0,"pct":100}}
,"/Users/victor/development/appquilar/appquilar/src/application/services/CompanyProfileService.ts": {"lines":{"total":3,"covered":3,"skipped":0,"pct":100},"functions":{"total":3,"covered":3,"skipped":0,"pct":100},"statements":{"total":3,"covered":3,"skipped":0,"pct":100},"branches":{"total":0,"covered":0,"skipped":0,"pct":100}}
,"/Users/victor/development/appquilar/appquilar/src/application/services/ContactService.ts": {"lines":{"total":2,"covered":2,"skipped":0,"pct":100},"functions":{"total":2,"covered":2,"skipped":0,"pct":100},"statements":{"total":2,"covered":2,"skipped":0,"pct":100},"branches":{"total":0,"covered":0,"skipped":0,"pct":100}}
,"/Users/victor/development/appquilar/appquilar/src/application/services/MediaService.ts": {"lines":{"total":4,"covered":4,"skipped":0,"pct":100},"functions":{"total":4,"covered":4,"skipped":0,"pct":100},"statements":{"total":4,"covered":4,"skipped":0,"pct":100},"branches":{"total":1,"covered":1,"skipped":0,"pct":100}}
,"/Users/victor/development/appquilar/appquilar/src/application/services/PaymentPlanService.ts": {"lines":{"total":5,"covered":5,"skipped":0,"pct":100},"functions":{"total":5,"covered":5,"skipped":0,"pct":100},"statements":{"total":5,"covered":5,"skipped":0,"pct":100},"branches":{"total":1,"covered":1,"skipped":0,"pct":100}}
,"/Users/victor/development/appquilar/appquilar/src/application/services/ProductInventoryService.ts": {"lines":{"total":8,"covered":8,"skipped":0,"pct":100},"functions":{"total":8,"covered":8,"skipped":0,"pct":100},"statements":{"total":8,"covered":8,"skipped":0,"pct":100},"branches":{"total":2,"covered":1,"skipped":0,"pct":50}}
,"/Users/victor/development/appquilar/appquilar/src/application/services/ProductService.ts": {"lines":{"total":21,"covered":20,"skipped":0,"pct":95.23},"functions":{"total":21,"covered":20,"skipped":0,"pct":95.23},"statements":{"total":21,"covered":20,"skipped":0,"pct":95.23},"branches":{"total":0,"covered":0,"skipped":0,"pct":100}}
,"/Users/victor/development/appquilar/appquilar/src/application/services/PublicCompanyProductsService.ts": {"lines":{"total":2,"covered":2,"skipped":0,"pct":100},"functions":{"total":2,"covered":2,"skipped":0,"pct":100},"statements":{"total":2,"covered":2,"skipped":0,"pct":100},"branches":{"total":0,"covered":0,"skipped":0,"pct":100}}
,"/Users/victor/development/appquilar/appquilar/src/application/services/PublicCompanyProfileService.ts": {"lines":{"total":2,"covered":2,"skipped":0,"pct":100},"functions":{"total":2,"covered":2,"skipped":0,"pct":100},"statements":{"total":2,"covered":2,"skipped":0,"pct":100},"branches":{"total":0,"covered":0,"skipped":0,"pct":100}}
,"/Users/victor/development/appquilar/appquilar/src/application/services/RentalService.ts": {"lines":{"total":11,"covered":10,"skipped":0,"pct":90.9},"functions":{"total":11,"covered":10,"skipped":0,"pct":90.9},"statements":{"total":11,"covered":10,"skipped":0,"pct":90.9},"branches":{"total":0,"covered":0,"skipped":0,"pct":100}}
,"/Users/victor/development/appquilar/appquilar/src/application/services/SiteService.ts": {"lines":{"total":3,"covered":3,"skipped":0,"pct":100},"functions":{"total":3,"covered":3,"skipped":0,"pct":100},"statements":{"total":3,"covered":3,"skipped":0,"pct":100},"branches":{"total":0,"covered":0,"skipped":0,"pct":100}}
,"/Users/victor/development/appquilar/appquilar/src/application/services/UserEngagementService.ts": {"lines":{"total":2,"covered":2,"skipped":0,"pct":100},"functions":{"total":2,"covered":2,"skipped":0,"pct":100},"statements":{"total":2,"covered":2,"skipped":0,"pct":100},"branches":{"total":0,"covered":0,"skipped":0,"pct":100}}
,"/Users/victor/development/appquilar/appquilar/src/application/services/UserService.ts": {"lines":{"total":15,"covered":15,"skipped":0,"pct":100},"functions":{"total":7,"covered":7,"skipped":0,"pct":100},"statements":{"total":15,"covered":15,"skipped":0,"pct":100},"branches":{"total":8,"covered":8,"skipped":0,"pct":100}}
,"/Users/victor/development/appquilar/appquilar/src/components/common/AppLogo.tsx": {"lines":{"total":8,"covered":8,"skipped":0,"pct":100},"functions":{"total":2,"covered":2,"skipped":0,"pct":100},"statements":{"total":8,"covered":8,"skipped":0,"pct":100},"branches":{"total":7,"covered":7,"skipped":0,"pct":100}}
,"/Users/victor/development/appquilar/appquilar/src/components/company/PublicCompanyLocationMap.tsx": {"lines":{"total":15,"covered":15,"skipped":0,"pct":100},"functions":{"total":2,"covered":2,"skipped":0,"pct":100},"statements":{"total":15,"covered":15,"skipped":0,"pct":100},"branches":{"total":15,"covered":15,"skipped":0,"pct":100}}
,"/Users/victor/development/appquilar/appquilar/src/components/dashboard/products/ProductPagination.tsx": {"lines":{"total":30,"covered":30,"skipped":0,"pct":100},"functions":{"total":6,"covered":6,"skipped":0,"pct":100},"statements":{"total":33,"covered":33,"skipped":0,"pct":100},"branches":{"total":24,"covered":24,"skipped":0,"pct":100}}
,"/Users/victor/development/appquilar/appquilar/src/components/dashboard/stats/StatsDateRangeToolbar.tsx": {"lines":{"total":15,"covered":15,"skipped":0,"pct":100},"functions":{"total":7,"covered":7,"skipped":0,"pct":100},"statements":{"total":15,"covered":15,"skipped":0,"pct":100},"branches":{"total":12,"covered":12,"skipped":0,"pct":100}}
,"/Users/victor/development/appquilar/appquilar/src/components/layout/PublicSessionMessagesLink.tsx": {"lines":{"total":8,"covered":8,"skipped":0,"pct":100},"functions":{"total":1,"covered":1,"skipped":0,"pct":100},"statements":{"total":8,"covered":8,"skipped":0,"pct":100},"branches":{"total":7,"covered":7,"skipped":0,"pct":100}}
,"/Users/victor/development/appquilar/appquilar/src/components/products/ProductCard.tsx": {"lines":{"total":10,"covered":10,"skipped":0,"pct":100},"functions":{"total":3,"covered":3,"skipped":0,"pct":100},"statements":{"total":10,"covered":10,"skipped":0,"pct":100},"branches":{"total":24,"covered":22,"skipped":0,"pct":91.66}}
,"/Users/victor/development/appquilar/appquilar/src/components/products/ProductRentalCostCalculator.tsx": {"lines":{"total":42,"covered":42,"skipped":0,"pct":100},"functions":{"total":7,"covered":7,"skipped":0,"pct":100},"statements":{"total":43,"covered":42,"skipped":0,"pct":97.67},"branches":{"total":39,"covered":31,"skipped":0,"pct":79.48}}
,"/Users/victor/development/appquilar/appquilar/src/components/products/SpanishDateInput.tsx": {"lines":{"total":64,"covered":59,"skipped":0,"pct":92.18},"functions":{"total":10,"covered":10,"skipped":0,"pct":100},"statements":{"total":65,"covered":60,"skipped":0,"pct":92.3},"branches":{"total":25,"covered":22,"skipped":0,"pct":88}}
,"/Users/victor/development/appquilar/appquilar/src/components/products/SpanishDateRangePicker.tsx": {"lines":{"total":36,"covered":35,"skipped":0,"pct":97.22},"functions":{"total":8,"covered":8,"skipped":0,"pct":100},"statements":{"total":38,"covered":37,"skipped":0,"pct":97.36},"branches":{"total":30,"covered":26,"skipped":0,"pct":86.66}}
,"/Users/victor/development/appquilar/appquilar/src/components/ui/button.tsx": {"lines":{"total":5,"covered":5,"skipped":0,"pct":100},"functions":{"total":1,"covered":1,"skipped":0,"pct":100},"statements":{"total":5,"covered":5,"skipped":0,"pct":100},"branches":{"total":3,"covered":3,"skipped":0,"pct":100}}
,"/Users/victor/development/appquilar/appquilar/src/components/ui/card.tsx": {"lines":{"total":18,"covered":17,"skipped":0,"pct":94.44},"functions":{"total":6,"covered":5,"skipped":0,"pct":83.33},"statements":{"total":18,"covered":17,"skipped":0,"pct":94.44},"branches":{"total":0,"covered":0,"skipped":0,"pct":100}}
,"/Users/victor/development/appquilar/appquilar/src/components/ui/input.tsx": {"lines":{"total":3,"covered":3,"skipped":0,"pct":100},"functions":{"total":1,"covered":1,"skipped":0,"pct":100},"statements":{"total":3,"covered":3,"skipped":0,"pct":100},"branches":{"total":0,"covered":0,"skipped":0,"pct":100}}
,"/Users/victor/development/appquilar/appquilar/src/components/ui/pagination.tsx": {"lines":{"total":21,"covered":20,"skipped":0,"pct":95.23},"functions":{"total":7,"covered":6,"skipped":0,"pct":85.71},"statements":{"total":21,"covered":20,"skipped":0,"pct":95.23},"branches":{"total":5,"covered":5,"skipped":0,"pct":100}}
,"/Users/victor/development/appquilar/appquilar/src/components/ui/popover.tsx": {"lines":{"total":5,"covered":5,"skipped":0,"pct":100},"functions":{"total":1,"covered":1,"skipped":0,"pct":100},"statements":{"total":5,"covered":5,"skipped":0,"pct":100},"branches":{"total":2,"covered":2,"skipped":0,"pct":100}}
,"/Users/victor/development/appquilar/appquilar/src/composition/apiClient.ts": {"lines":{"total":2,"covered":2,"skipped":0,"pct":100},"functions":{"total":0,"covered":0,"skipped":0,"pct":100},"statements":{"total":2,"covered":2,"skipped":0,"pct":100},"branches":{"total":2,"covered":1,"skipped":0,"pct":50}}
,"/Users/victor/development/appquilar/appquilar/src/composition/auth.ts": {"lines":{"total":7,"covered":7,"skipped":0,"pct":100},"functions":{"total":1,"covered":0,"skipped":0,"pct":0},"statements":{"total":8,"covered":7,"skipped":0,"pct":87.5},"branches":{"total":0,"covered":0,"skipped":0,"pct":100}}
,"/Users/victor/development/appquilar/appquilar/src/composition/queryClient.ts": {"lines":{"total":1,"covered":1,"skipped":0,"pct":100},"functions":{"total":0,"covered":0,"skipped":0,"pct":100},"statements":{"total":1,"covered":1,"skipped":0,"pct":100},"branches":{"total":0,"covered":0,"skipped":0,"pct":100}}
,"/Users/victor/development/appquilar/appquilar/src/core/application/SeoService.ts": {"lines":{"total":5,"covered":5,"skipped":0,"pct":100},"functions":{"total":1,"covered":1,"skipped":0,"pct":100},"statements":{"total":5,"covered":5,"skipped":0,"pct":100},"branches":{"total":40,"covered":33,"skipped":0,"pct":82.5}}
,"/Users/victor/development/appquilar/appquilar/src/domain/config/publicRoutes.ts": {"lines":{"total":32,"covered":30,"skipped":0,"pct":93.75},"functions":{"total":10,"covered":10,"skipped":0,"pct":100},"statements":{"total":35,"covered":33,"skipped":0,"pct":94.28},"branches":{"total":18,"covered":15,"skipped":0,"pct":83.33}}
,"/Users/victor/development/appquilar/appquilar/src/domain/models/AuthSession.ts": {"lines":{"total":11,"covered":11,"skipped":0,"pct":100},"functions":{"total":5,"covered":5,"skipped":0,"pct":100},"statements":{"total":11,"covered":11,"skipped":0,"pct":100},"branches":{"total":22,"covered":22,"skipped":0,"pct":100}}
,"/Users/victor/development/appquilar/appquilar/src/domain/models/Subscription.ts": {"lines":{"total":59,"covered":57,"skipped":0,"pct":96.61},"functions":{"total":14,"covered":14,"skipped":0,"pct":100},"statements":{"total":59,"covered":57,"skipped":0,"pct":96.61},"branches":{"total":39,"covered":34,"skipped":0,"pct":87.17}}
,"/Users/victor/development/appquilar/appquilar/src/domain/models/User.ts": {"lines":{"total":35,"covered":35,"skipped":0,"pct":100},"functions":{"total":14,"covered":14,"skipped":0,"pct":100},"statements":{"total":35,"covered":35,"skipped":0,"pct":100},"branches":{"total":71,"covered":68,"skipped":0,"pct":95.77}}
,"/Users/victor/development/appquilar/appquilar/src/domain/models/UserRole.ts": {"lines":{"total":9,"covered":9,"skipped":0,"pct":100},"functions":{"total":3,"covered":3,"skipped":0,"pct":100},"statements":{"total":10,"covered":10,"skipped":0,"pct":100},"branches":{"total":5,"covered":5,"skipped":0,"pct":100}}
,"/Users/victor/development/appquilar/appquilar/src/domain/services/DynamicPropertyService.ts": {"lines":{"total":121,"covered":114,"skipped":0,"pct":94.21},"functions":{"total":32,"covered":32,"skipped":0,"pct":100},"statements":{"total":128,"covered":121,"skipped":0,"pct":94.53},"branches":{"total":107,"covered":92,"skipped":0,"pct":85.98}}
,"/Users/victor/development/appquilar/appquilar/src/domain/services/ProductRentabilityService.ts": {"lines":{"total":37,"covered":37,"skipped":0,"pct":100},"functions":{"total":7,"covered":7,"skipped":0,"pct":100},"statements":{"total":37,"covered":37,"skipped":0,"pct":100},"branches":{"total":52,"covered":47,"skipped":0,"pct":90.38}}
,"/Users/victor/development/appquilar/appquilar/src/domain/services/RentalFilterService.ts": {"lines":{"total":33,"covered":33,"skipped":0,"pct":100},"functions":{"total":11,"covered":11,"skipped":0,"pct":100},"statements":{"total":33,"covered":33,"skipped":0,"pct":100},"branches":{"total":44,"covered":35,"skipped":0,"pct":79.54}}
,"/Users/victor/development/appquilar/appquilar/src/domain/services/RentalStateMachineService.ts": {"lines":{"total":85,"covered":82,"skipped":0,"pct":96.47},"functions":{"total":5,"covered":5,"skipped":0,"pct":100},"statements":{"total":85,"covered":82,"skipped":0,"pct":96.47},"branches":{"total":121,"covered":100,"skipped":0,"pct":82.64}}
,"/Users/victor/development/appquilar/appquilar/src/domain/services/navigation/NavigationConfig.ts": {"lines":{"total":19,"covered":19,"skipped":0,"pct":100},"functions":{"total":7,"covered":7,"skipped":0,"pct":100},"statements":{"total":23,"covered":23,"skipped":0,"pct":100},"branches":{"total":8,"covered":7,"skipped":0,"pct":87.5}}
,"/Users/victor/development/appquilar/appquilar/src/domain/valueObject/uuidv4.ts": {"lines":{"total":16,"covered":16,"skipped":0,"pct":100},"functions":{"total":7,"covered":7,"skipped":0,"pct":100},"statements":{"total":16,"covered":16,"skipped":0,"pct":100},"branches":{"total":8,"covered":8,"skipped":0,"pct":100}}
,"/Users/victor/development/appquilar/appquilar/src/hooks/useSeo.ts": {"lines":{"total":48,"covered":48,"skipped":0,"pct":100},"functions":{"total":8,"covered":7,"skipped":0,"pct":87.5},"statements":{"total":63,"covered":62,"skipped":0,"pct":98.41},"branches":{"total":38,"covered":24,"skipped":0,"pct":63.15}}
,"/Users/victor/development/appquilar/appquilar/src/hooks/useStatsDateRange.ts": {"lines":{"total":49,"covered":48,"skipped":0,"pct":97.95},"functions":{"total":9,"covered":9,"skipped":0,"pct":100},"statements":{"total":50,"covered":49,"skipped":0,"pct":98},"branches":{"total":35,"covered":29,"skipped":0,"pct":82.85}}
,"/Users/victor/development/appquilar/appquilar/src/infrastructure/auth/AuthSessionStorage.ts": {"lines":{"total":48,"covered":48,"skipped":0,"pct":100},"functions":{"total":10,"covered":10,"skipped":0,"pct":100},"statements":{"total":49,"covered":49,"skipped":0,"pct":100},"branches":{"total":28,"covered":28,"skipped":0,"pct":100}}
,"/Users/victor/development/appquilar/appquilar/src/infrastructure/http/ApiClient.ts": {"lines":{"total":43,"covered":41,"skipped":0,"pct":95.34},"functions":{"total":9,"covered":8,"skipped":0,"pct":88.88},"statements":{"total":43,"covered":41,"skipped":0,"pct":95.34},"branches":{"total":28,"covered":26,"skipped":0,"pct":92.85}}
,"/Users/victor/development/appquilar/appquilar/src/infrastructure/repositories/ApiAuthRepository.ts": {"lines":{"total":29,"covered":29,"skipped":0,"pct":100},"functions":{"total":9,"covered":9,"skipped":0,"pct":100},"statements":{"total":29,"covered":29,"skipped":0,"pct":100},"branches":{"total":12,"covered":12,"skipped":0,"pct":100}}
,"/Users/victor/development/appquilar/appquilar/src/infrastructure/repositories/ApiBillingRepository.ts": {"lines":{"total":23,"covered":23,"skipped":0,"pct":100},"functions":{"total":6,"covered":6,"skipped":0,"pct":100},"statements":{"total":23,"covered":23,"skipped":0,"pct":100},"branches":{"total":4,"covered":3,"skipped":0,"pct":75}}
,"/Users/victor/development/appquilar/appquilar/src/infrastructure/repositories/ApiBlogRepository.ts": {"lines":{"total":83,"covered":76,"skipped":0,"pct":91.56},"functions":{"total":30,"covered":30,"skipped":0,"pct":100},"statements":{"total":91,"covered":84,"skipped":0,"pct":92.3},"branches":{"total":100,"covered":69,"skipped":0,"pct":69}}
,"/Users/victor/development/appquilar/appquilar/src/infrastructure/repositories/ApiCaptchaRepository.ts": {"lines":{"total":8,"covered":8,"skipped":0,"pct":100},"functions":{"total":3,"covered":3,"skipped":0,"pct":100},"statements":{"total":8,"covered":8,"skipped":0,"pct":100},"branches":{"total":14,"covered":13,"skipped":0,"pct":92.85}}
,"/Users/victor/development/appquilar/appquilar/src/infrastructure/repositories/ApiCategoryRepository.ts": {"lines":{"total":54,"covered":53,"skipped":0,"pct":98.14},"functions":{"total":17,"covered":17,"skipped":0,"pct":100},"statements":{"total":62,"covered":61,"skipped":0,"pct":98.38},"branches":{"total":82,"covered":58,"skipped":0,"pct":70.73}}
,"/Users/victor/development/appquilar/appquilar/src/infrastructure/repositories/ApiCompanyAdminRepository.ts": {"lines":{"total":19,"covered":19,"skipped":0,"pct":100},"functions":{"total":4,"covered":4,"skipped":0,"pct":100},"statements":{"total":19,"covered":19,"skipped":0,"pct":100},"branches":{"total":14,"covered":12,"skipped":0,"pct":85.71}}
,"/Users/victor/development/appquilar/appquilar/src/infrastructure/repositories/ApiCompanyEngagementRepository.ts": {"lines":{"total":24,"covered":22,"skipped":0,"pct":91.66},"functions":{"total":9,"covered":9,"skipped":0,"pct":100},"statements":{"total":24,"covered":22,"skipped":0,"pct":91.66},"branches":{"total":18,"covered":12,"skipped":0,"pct":66.66}}
,"/Users/victor/development/appquilar/appquilar/src/infrastructure/repositories/ApiCompanyInvitationRepository.ts": {"lines":{"total":16,"covered":16,"skipped":0,"pct":100},"functions":{"total":3,"covered":3,"skipped":0,"pct":100},"statements":{"total":16,"covered":16,"skipped":0,"pct":100},"branches":{"total":10,"covered":10,"skipped":0,"pct":100}}
,"/Users/victor/development/appquilar/appquilar/src/infrastructure/repositories/ApiCompanyMembershipRepository.ts": {"lines":{"total":33,"covered":31,"skipped":0,"pct":93.93},"functions":{"total":9,"covered":9,"skipped":0,"pct":100},"statements":{"total":34,"covered":32,"skipped":0,"pct":94.11},"branches":{"total":30,"covered":20,"skipped":0,"pct":66.66}}
,"/Users/victor/development/appquilar/appquilar/src/infrastructure/repositories/ApiCompanyProfileRepository.ts": {"lines":{"total":26,"covered":24,"skipped":0,"pct":92.3},"functions":{"total":5,"covered":5,"skipped":0,"pct":100},"statements":{"total":26,"covered":24,"skipped":0,"pct":92.3},"branches":{"total":91,"covered":55,"skipped":0,"pct":60.43}}
,"/Users/victor/development/appquilar/appquilar/src/infrastructure/repositories/ApiContactRepository.ts": {"lines":{"total":3,"covered":3,"skipped":0,"pct":100},"functions":{"total":2,"covered":2,"skipped":0,"pct":100},"statements":{"total":3,"covered":3,"skipped":0,"pct":100},"branches":{"total":0,"covered":0,"skipped":0,"pct":100}}
,"/Users/victor/development/appquilar/appquilar/src/infrastructure/repositories/ApiMediaRepository.ts": {"lines":{"total":19,"covered":18,"skipped":0,"pct":94.73},"functions":{"total":5,"covered":5,"skipped":0,"pct":100},"statements":{"total":19,"covered":18,"skipped":0,"pct":94.73},"branches":{"total":5,"covered":4,"skipped":0,"pct":80}}
,"/Users/victor/development/appquilar/appquilar/src/infrastructure/repositories/ApiPaymentPlanRepository.ts": {"lines":{"total":32,"covered":30,"skipped":0,"pct":93.75},"functions":{"total":11,"covered":11,"skipped":0,"pct":100},"statements":{"total":32,"covered":30,"skipped":0,"pct":93.75},"branches":{"total":75,"covered":50,"skipped":0,"pct":66.66}}
,"/Users/victor/development/appquilar/appquilar/src/infrastructure/repositories/ApiProductRepository.ts": {"lines":{"total":212,"covered":198,"skipped":0,"pct":93.39},"functions":{"total":51,"covered":49,"skipped":0,"pct":96.07},"statements":{"total":228,"covered":214,"skipped":0,"pct":93.85},"branches":{"total":358,"covered":259,"skipped":0,"pct":72.34}}
,"/Users/victor/development/appquilar/appquilar/src/infrastructure/repositories/ApiPublicCompanyProductsRepository.ts": {"lines":{"total":38,"covered":37,"skipped":0,"pct":97.36},"functions":{"total":10,"covered":10,"skipped":0,"pct":100},"statements":{"total":38,"covered":37,"skipped":0,"pct":97.36},"branches":{"total":124,"covered":108,"skipped":0,"pct":87.09}}
,"/Users/victor/development/appquilar/appquilar/src/infrastructure/repositories/ApiPublicCompanyProfileRepository.ts": {"lines":{"total":16,"covered":16,"skipped":0,"pct":100},"functions":{"total":6,"covered":6,"skipped":0,"pct":100},"statements":{"total":17,"covered":17,"skipped":0,"pct":100},"branches":{"total":42,"covered":36,"skipped":0,"pct":85.71}}
,"/Users/victor/development/appquilar/appquilar/src/infrastructure/repositories/ApiRentalRepository.ts": {"lines":{"total":113,"covered":106,"skipped":0,"pct":93.8},"functions":{"total":23,"covered":22,"skipped":0,"pct":95.65},"statements":{"total":130,"covered":122,"skipped":0,"pct":93.84},"branches":{"total":199,"covered":120,"skipped":0,"pct":60.3}}
,"/Users/victor/development/appquilar/appquilar/src/infrastructure/repositories/ApiSiteRepository.ts": {"lines":{"total":15,"covered":15,"skipped":0,"pct":100},"functions":{"total":6,"covered":6,"skipped":0,"pct":100},"statements":{"total":16,"covered":16,"skipped":0,"pct":100},"branches":{"total":27,"covered":17,"skipped":0,"pct":62.96}}
,"/Users/victor/development/appquilar/appquilar/src/infrastructure/repositories/ApiUserEngagementRepository.ts": {"lines":{"total":22,"covered":20,"skipped":0,"pct":90.9},"functions":{"total":7,"covered":7,"skipped":0,"pct":100},"statements":{"total":22,"covered":20,"skipped":0,"pct":90.9},"branches":{"total":16,"covered":10,"skipped":0,"pct":62.5}}
,"/Users/victor/development/appquilar/appquilar/src/infrastructure/repositories/ApiUserRepository.ts": {"lines":{"total":76,"covered":73,"skipped":0,"pct":96.05},"functions":{"total":18,"covered":18,"skipped":0,"pct":100},"statements":{"total":81,"covered":75,"skipped":0,"pct":92.59},"branches":{"total":129,"covered":102,"skipped":0,"pct":79.06}}
,"/Users/victor/development/appquilar/appquilar/src/lib/utils.ts": {"lines":{"total":1,"covered":1,"skipped":0,"pct":100},"functions":{"total":1,"covered":1,"skipped":0,"pct":100},"statements":{"total":1,"covered":1,"skipped":0,"pct":100},"branches":{"total":0,"covered":0,"skipped":0,"pct":100}}
,"/Users/victor/development/appquilar/appquilar/src/utils/backendError.ts": {"lines":{"total":51,"covered":51,"skipped":0,"pct":100},"functions":{"total":10,"covered":10,"skipped":0,"pct":100},"statements":{"total":53,"covered":53,"skipped":0,"pct":100},"branches":{"total":36,"covered":35,"skipped":0,"pct":97.22}}
}
