TN:
SF:src/compositionRoot.ts
FN:79,(anonymous_0)
FNF:1
FNH:0
FNDA:0,(anonymous_0)
DA:79,1
DA:80,1
DA:81,1
DA:82,1
DA:83,1
DA:84,1
DA:85,1
DA:86,1
DA:87,1
DA:88,1
DA:89,1
DA:90,1
DA:91,1
DA:92,1
DA:93,1
DA:94,1
DA:95,1
DA:96,1
DA:98,1
DA:99,1
DA:100,1
DA:101,1
DA:102,1
DA:103,1
DA:104,1
DA:105,1
DA:106,1
DA:107,1
DA:108,1
DA:109,1
DA:110,1
DA:111,1
DA:112,1
DA:113,1
DA:114,1
DA:115,1
DA:116,1
DA:117,1
DA:118,1
DA:119,1
DA:123,1
DA:132,1
LF:42
LH:42
BRF:0
BRH:0
end_of_record
TN:
SF:src/application/services/AdminPlatformAnalyticsService.ts
FN:118,(anonymous_0)
FN:126,(anonymous_1)
FN:131,(anonymous_2)
FN:134,(anonymous_3)
FN:166,(anonymous_4)
FN:195,(anonymous_5)
FN:211,(anonymous_6)
FN:216,(anonymous_7)
FN:219,(anonymous_8)
FN:237,(anonymous_9)
FN:252,(anonymous_10)
FN:261,(anonymous_11)
FN:271,(anonymous_12)
FN:276,(anonymous_13)
FN:281,(anonymous_14)
FN:308,(anonymous_15)
FN:318,(anonymous_16)
FN:323,(anonymous_17)
FN:328,(anonymous_18)
FN:329,(anonymous_19)
FN:332,(anonymous_20)
FN:334,(anonymous_21)
FN:344,(anonymous_22)
FN:347,(anonymous_23)
FN:354,(anonymous_24)
FN:365,(anonymous_25)
FN:368,(anonymous_26)
FN:381,(anonymous_27)
FN:416,(anonymous_28)
FN:425,(anonymous_29)
FN:441,(anonymous_30)
FN:443,(anonymous_31)
FN:446,(anonymous_32)
FN:454,(anonymous_33)
FN:472,(anonymous_34)
FN:496,(anonymous_35)
FN:515,(anonymous_36)
FN:538,(anonymous_37)
FN:557,(anonymous_38)
FN:562,(anonymous_39)
FN:567,(anonymous_40)
FN:582,(anonymous_41)
FN:610,(anonymous_42)
FN:628,(anonymous_43)
FN:631,(anonymous_44)
FN:635,(anonymous_45)
FN:642,(anonymous_46)
FN:650,(anonymous_47)
FN:662,(anonymous_48)
FN:672,(anonymous_49)
FN:685,(anonymous_50)
FN:695,(anonymous_51)
FN:701,(anonymous_52)
FN:713,(anonymous_53)
FN:721,(anonymous_54)
FN:726,(anonymous_55)
FN:733,(anonymous_56)
FN:742,(anonymous_57)
FN:747,(anonymous_58)
FN:758,(anonymous_59)
FN:762,(anonymous_60)
FN:766,(anonymous_61)
FN:776,(anonymous_62)
FN:785,(anonymous_63)
FN:794,(anonymous_64)
FN:801,(anonymous_65)
FN:819,(anonymous_66)
FN:820,(anonymous_67)
FN:825,(anonymous_68)
FN:829,(anonymous_69)
FN:834,(anonymous_70)
FN:838,(anonymous_71)
FN:841,(anonymous_72)
FN:844,(anonymous_73)
FN:847,(anonymous_74)
FN:850,(anonymous_75)
FN:854,(anonymous_76)
FN:857,(anonymous_77)
FN:862,(anonymous_78)
FN:865,(anonymous_79)
FN:870,(anonymous_80)
FN:873,(anonymous_81)
FN:876,(anonymous_82)
FN:881,(anonymous_83)
FN:882,(anonymous_84)
FN:886,(anonymous_85)
FN:887,(anonymous_86)
FN:891,(anonymous_87)
FN:892,(anonymous_88)
FN:897,(anonymous_89)
FN:898,(anonymous_90)
FN:905,(anonymous_91)
FN:906,(anonymous_92)
FN:911,(anonymous_93)
FN:912,(anonymous_94)
FN:1165,(anonymous_95)
FN:1167,(anonymous_96)
FN:1179,(anonymous_97)
FN:1234,(anonymous_98)
FN:1242,(anonymous_99)
FN:1244,(anonymous_100)
FN:1253,(anonymous_101)
FN:1255,(anonymous_102)
FN:1264,(anonymous_103)
FN:1266,(anonymous_104)
FN:1276,(anonymous_105)
FN:1279,(anonymous_106)
FN:1287,(anonymous_107)
FN:1290,(anonymous_108)
FN:1296,(anonymous_109)
FN:1299,(anonymous_110)
FN:1305,(anonymous_111)
FN:1308,(anonymous_112)
FN:1315,(anonymous_113)
FN:1327,(anonymous_114)
FN:1340,(anonymous_115)
FN:1341,(anonymous_116)
FN:1347,(anonymous_117)
FN:1355,(anonymous_118)
FN:1356,(anonymous_119)
FN:1362,(anonymous_120)
FN:1371,(anonymous_121)
FN:1372,(anonymous_122)
FN:1375,(anonymous_123)
FN:1387,(anonymous_124)
FN:1395,(anonymous_125)
FN:1398,(anonymous_126)
FN:1399,(anonymous_127)
FN:1404,(anonymous_128)
FN:1408,(anonymous_129)
FN:1444,(anonymous_130)
FN:1452,(anonymous_131)
FN:1484,(anonymous_132)
FN:1487,(anonymous_133)
FN:1518,(anonymous_134)
FN:1521,(anonymous_135)
FN:1525,(anonymous_136)
FN:1533,(anonymous_137)
FN:1560,(anonymous_138)
FN:1569,(anonymous_139)
FN:1576,(anonymous_140)
FN:1587,(anonymous_141)
FN:1599,(anonymous_142)
FN:1600,(anonymous_143)
FN:1619,(anonymous_144)
FN:1620,(anonymous_145)
FN:1641,(anonymous_146)
FN:1645,(anonymous_147)
FN:1656,(anonymous_148)
FN:1666,(anonymous_149)
FN:1678,(anonymous_150)
FN:1727,(anonymous_151)
FN:1762,(anonymous_152)
FN:1777,(anonymous_153)
FN:1796,(anonymous_154)
FN:1799,(anonymous_155)
FN:1802,(anonymous_156)
FN:1850,(anonymous_157)
FNF:158
FNH:153
FNDA:41,(anonymous_0)
FNDA:6,(anonymous_1)
FNDA:4,(anonymous_2)
FNDA:84,(anonymous_3)
FNDA:69,(anonymous_4)
FNDA:9,(anonymous_5)
FNDA:9,(anonymous_6)
FNDA:36,(anonymous_7)
FNDA:3,(anonymous_8)
FNDA:3,(anonymous_9)
FNDA:6,(anonymous_10)
FNDA:19,(anonymous_11)
FNDA:9,(anonymous_12)
FNDA:4,(anonymous_13)
FNDA:2,(anonymous_14)
FNDA:9,(anonymous_15)
FNDA:6,(anonymous_16)
FNDA:16,(anonymous_17)
FNDA:4,(anonymous_18)
FNDA:8,(anonymous_19)
FNDA:6,(anonymous_20)
FNDA:12,(anonymous_21)
FNDA:14,(anonymous_22)
FNDA:0,(anonymous_23)
FNDA:14,(anonymous_24)
FNDA:14,(anonymous_25)
FNDA:3,(anonymous_26)
FNDA:12,(anonymous_27)
FNDA:4,(anonymous_28)
FNDA:3,(anonymous_29)
FNDA:4,(anonymous_30)
FNDA:4,(anonymous_31)
FNDA:4,(anonymous_32)
FNDA:3,(anonymous_33)
FNDA:3,(anonymous_34)
FNDA:3,(anonymous_35)
FNDA:3,(anonymous_36)
FNDA:3,(anonymous_37)
FNDA:6,(anonymous_38)
FNDA:7,(anonymous_39)
FNDA:7,(anonymous_40)
FNDA:7,(anonymous_41)
FNDA:3,(anonymous_42)
FNDA:3,(anonymous_43)
FNDA:6,(anonymous_44)
FNDA:4,(anonymous_45)
FNDA:10,(anonymous_46)
FNDA:4,(anonymous_47)
FNDA:0,(anonymous_48)
FNDA:3,(anonymous_49)
FNDA:2,(anonymous_50)
FNDA:4,(anonymous_51)
FNDA:2,(anonymous_52)
FNDA:0,(anonymous_53)
FNDA:4,(anonymous_54)
FNDA:12,(anonymous_55)
FNDA:12,(anonymous_56)
FNDA:2,(anonymous_57)
FNDA:4,(anonymous_58)
FNDA:6,(anonymous_59)
FNDA:6,(anonymous_60)
FNDA:4,(anonymous_61)
FNDA:4,(anonymous_62)
FNDA:12,(anonymous_63)
FNDA:13,(anonymous_64)
FNDA:3,(anonymous_65)
FNDA:4,(anonymous_66)
FNDA:2,(anonymous_67)
FNDA:4,(anonymous_68)
FNDA:2,(anonymous_69)
FNDA:4,(anonymous_70)
FNDA:2,(anonymous_71)
FNDA:4,(anonymous_72)
FNDA:4,(anonymous_73)
FNDA:4,(anonymous_74)
FNDA:4,(anonymous_75)
FNDA:4,(anonymous_76)
FNDA:3,(anonymous_77)
FNDA:4,(anonymous_78)
FNDA:3,(anonymous_79)
FNDA:4,(anonymous_80)
FNDA:4,(anonymous_81)
FNDA:4,(anonymous_82)
FNDA:4,(anonymous_83)
FNDA:4,(anonymous_84)
FNDA:4,(anonymous_85)
FNDA:4,(anonymous_86)
FNDA:4,(anonymous_87)
FNDA:4,(anonymous_88)
FNDA:2,(anonymous_89)
FNDA:4,(anonymous_90)
FNDA:4,(anonymous_91)
FNDA:4,(anonymous_92)
FNDA:2,(anonymous_93)
FNDA:4,(anonymous_94)
FNDA:4,(anonymous_95)
FNDA:1,(anonymous_96)
FNDA:2,(anonymous_97)
FNDA:3,(anonymous_98)
FNDA:4,(anonymous_99)
FNDA:4,(anonymous_100)
FNDA:4,(anonymous_101)
FNDA:4,(anonymous_102)
FNDA:4,(anonymous_103)
FNDA:4,(anonymous_104)
FNDA:3,(anonymous_105)
FNDA:3,(anonymous_106)
FNDA:3,(anonymous_107)
FNDA:3,(anonymous_108)
FNDA:15,(anonymous_109)
FNDA:6,(anonymous_110)
FNDA:8,(anonymous_111)
FNDA:4,(anonymous_112)
FNDA:0,(anonymous_113)
FNDA:3,(anonymous_114)
FNDA:4,(anonymous_115)
FNDA:2,(anonymous_116)
FNDA:2,(anonymous_117)
FNDA:2,(anonymous_118)
FNDA:3,(anonymous_119)
FNDA:1,(anonymous_120)
FNDA:4,(anonymous_121)
FNDA:2,(anonymous_122)
FNDA:14,(anonymous_123)
FNDA:3,(anonymous_124)
FNDA:1,(anonymous_125)
FNDA:3,(anonymous_126)
FNDA:1,(anonymous_127)
FNDA:3,(anonymous_128)
FNDA:0,(anonymous_129)
FNDA:3,(anonymous_130)
FNDA:4,(anonymous_131)
FNDA:4,(anonymous_132)
FNDA:2,(anonymous_133)
FNDA:2,(anonymous_134)
FNDA:1,(anonymous_135)
FNDA:3,(anonymous_136)
FNDA:4,(anonymous_137)
FNDA:2,(anonymous_138)
FNDA:2,(anonymous_139)
FNDA:1,(anonymous_140)
FNDA:3,(anonymous_141)
FNDA:4,(anonymous_142)
FNDA:10,(anonymous_143)
FNDA:2,(anonymous_144)
FNDA:4,(anonymous_145)
FNDA:4,(anonymous_146)
FNDA:1,(anonymous_147)
FNDA:1,(anonymous_148)
FNDA:1,(anonymous_149)
FNDA:2,(anonymous_150)
FNDA:3,(anonymous_151)
FNDA:1,(anonymous_152)
FNDA:3,(anonymous_153)
FNDA:9,(anonymous_154)
FNDA:9,(anonymous_155)
FNDA:6,(anonymous_156)
FNDA:4,(anonymous_157)
DA:54,2
DA:55,2
DA:56,2
DA:57,2
DA:58,2
DA:59,2
DA:60,2
DA:110,2
DA:116,2
DA:118,2
DA:119,41
DA:120,3
DA:123,38
DA:126,2
DA:127,6
DA:128,2
DA:131,4
DA:134,2
DA:138,84
DA:139,84
DA:141,84
DA:142,45
DA:145,39
DA:146,26
DA:153,13
DA:155,13
DA:156,8
DA:159,5
DA:166,2
DA:184,69
DA:195,2
DA:200,9
DA:211,2
DA:214,9
DA:216,2
DA:217,36
DA:219,2
DA:222,3
DA:223,3
DA:229,0
DA:231,0
DA:237,2
DA:240,3
DA:241,3
DA:242,3
DA:243,3
DA:244,3
DA:246,3
DA:252,2
DA:253,6
DA:255,6
DA:261,2
DA:264,19
DA:265,4
DA:268,15
DA:271,2
DA:272,9
DA:276,2
DA:277,4
DA:281,2
DA:297,2
DA:308,2
DA:312,9
DA:318,2
DA:321,6
DA:323,6
DA:324,16
DA:327,6
DA:328,4
DA:329,8
DA:332,2
DA:333,6
DA:334,6
DA:335,12
DA:336,0
DA:339,12
DA:340,12
DA:344,2
DA:345,14
DA:347,14
DA:348,0
DA:351,14
DA:354,2
DA:358,14
DA:359,0
DA:362,14
DA:365,2
DA:366,14
DA:368,2
DA:371,3
DA:381,2
DA:398,12
DA:402,12
DA:417,4
DA:418,4
DA:419,4
DA:420,4
DA:421,4
DA:422,4
DA:428,3
DA:429,3
DA:430,3
DA:431,3
DA:432,3
DA:434,3
DA:440,3
DA:441,4
DA:443,4
DA:445,3
DA:446,4
DA:453,3
DA:454,3
DA:462,3
DA:472,3
DA:473,3
DA:474,3
DA:477,3
DA:485,3
DA:497,3
DA:498,3
DA:499,3
DA:501,3
DA:502,4
DA:507,4
DA:508,4
DA:509,4
DA:512,3
DA:516,3
DA:517,0
DA:520,3
DA:521,3
DA:522,3
DA:524,3
DA:525,3
DA:530,3
DA:531,3
DA:532,3
DA:535,3
DA:539,3
DA:540,3
DA:541,3
DA:543,3
DA:544,4
DA:549,4
DA:550,4
DA:551,4
DA:554,3
DA:561,6
DA:562,7
DA:567,6
DA:568,7
DA:570,7
DA:571,6
DA:572,6
DA:575,1
DA:576,1
DA:579,6
DA:586,7
DA:587,7
DA:588,7
DA:590,7
DA:591,8
DA:598,7
DA:599,7
DA:600,7
DA:602,7
DA:603,2
DA:607,6
DA:627,3
DA:628,3
DA:629,0
DA:631,6
DA:632,3
DA:635,3
DA:636,4
DA:637,4
DA:639,4
DA:642,10
DA:650,3
DA:651,4
DA:652,4
DA:655,0
DA:656,0
DA:658,0
DA:662,0
DA:685,3
DA:686,2
DA:690,2
DA:692,2
DA:695,4
DA:701,3
DA:702,2
DA:703,2
DA:706,0
DA:707,0
DA:709,0
DA:713,0
DA:725,4
DA:726,12
DA:732,4
DA:733,4
DA:734,12
DA:735,9
DA:739,4
DA:746,2
DA:748,4
DA:750,4
DA:758,6
DA:762,6
DA:766,4
DA:775,2
DA:776,2
DA:777,4
DA:778,4
DA:782,2
DA:790,12
DA:792,12
DA:793,7
DA:794,13
DA:795,7
DA:798,7
DA:818,3
DA:819,4
DA:820,2
DA:822,3
DA:824,3
DA:825,4
DA:829,2
DA:833,3
DA:834,4
DA:838,2
DA:841,3
DA:842,4
DA:844,3
DA:845,4
DA:847,3
DA:848,4
DA:850,3
DA:851,4
DA:854,3
DA:855,4
DA:857,3
DA:860,3
DA:862,3
DA:863,4
DA:865,3
DA:869,3
DA:870,4
DA:872,3
DA:873,4
DA:875,3
DA:876,4
DA:879,3
DA:881,4
DA:882,4
DA:884,3
DA:886,4
DA:887,4
DA:890,3
DA:891,4
DA:892,4
DA:897,2
DA:898,4
DA:904,3
DA:905,4
DA:906,4
DA:911,2
DA:912,4
DA:919,3
DA:971,3
DA:1015,3
DA:1071,3
DA:1108,3
DA:1114,3
DA:1118,3
DA:1122,3
DA:1151,3
DA:1156,3
DA:1164,3
DA:1165,4
DA:1167,1
DA:1175,3
DA:1179,2
DA:1188,3
DA:1200,3
DA:1207,3
DA:1208,1
DA:1220,3
DA:1238,3
DA:1242,4
DA:1245,4
DA:1253,4
DA:1256,4
DA:1264,4
DA:1267,4
DA:1276,3
DA:1279,3
DA:1287,3
DA:1290,3
DA:1296,15
DA:1303,6
DA:1306,8
DA:1308,4
DA:1316,0
DA:1317,0
DA:1319,0
DA:1324,6
DA:1336,3
DA:1337,3
DA:1338,3
DA:1340,3
DA:1341,4
DA:1342,2
DA:1347,4
DA:1348,2
DA:1355,3
DA:1356,2
DA:1357,3
DA:1362,2
DA:1363,1
DA:1370,3
DA:1371,4
DA:1372,2
DA:1375,3
DA:1376,14
DA:1377,14
DA:1378,14
DA:1380,14
DA:1381,14
DA:1382,14
DA:1383,14
DA:1386,3
DA:1387,3
DA:1395,1
DA:1397,3
DA:1398,3
DA:1399,1
DA:1402,3
DA:1405,3
DA:1408,0
DA:1411,3
DA:1451,3
DA:1453,4
DA:1463,4
DA:1464,0
DA:1467,4
DA:1468,4
DA:1470,4
DA:1471,3
DA:1474,1
DA:1484,4
DA:1486,3
DA:1488,2
DA:1494,2
DA:1495,0
DA:1498,2
DA:1499,2
DA:1501,2
DA:1502,1
DA:1505,1
DA:1518,2
DA:1520,3
DA:1521,1
DA:1532,3
DA:1534,4
DA:1535,1
DA:1538,3
DA:1539,0
DA:1542,3
DA:1551,3
DA:1552,3
DA:1554,4
DA:1555,0
DA:1558,3
DA:1560,2
DA:1568,3
DA:1570,2
DA:1571,1
DA:1574,1
DA:1576,1
DA:1584,3
DA:1596,3
DA:1597,3
DA:1599,3
DA:1600,4
DA:1601,10
DA:1602,1
DA:1609,10
DA:1610,1
DA:1619,3
DA:1620,2
DA:1621,4
DA:1622,0
DA:1629,4
DA:1630,0
DA:1639,3
DA:1642,4
DA:1645,1
DA:1654,3
DA:1656,1
DA:1664,3
DA:1666,1
DA:1674,3
DA:1678,2
DA:1687,3
DA:1740,3
DA:1742,3
DA:1743,3
DA:1748,0
DA:1761,3
DA:1762,1
DA:1763,3
DA:1764,2
DA:1776,3
DA:1777,3
DA:1779,3
DA:1780,1
DA:1795,3
DA:1796,9
DA:1798,3
DA:1799,9
DA:1801,3
DA:1802,6
DA:1804,3
DA:1810,1
DA:1830,3
DA:1831,3
DA:1832,2
DA:1847,3
DA:1851,4
DA:1852,0
DA:1855,4
LF:432
LH:405
BRDA:119,0,0,3
BRDA:119,0,1,38
BRDA:127,1,0,2
BRDA:127,1,1,4
BRDA:138,2,0,84
BRDA:138,2,1,10
BRDA:139,3,0,84
BRDA:139,3,1,67
BRDA:141,4,0,45
BRDA:141,4,1,39
BRDA:141,5,0,84
BRDA:141,5,1,45
BRDA:145,6,0,26
BRDA:145,6,1,13
BRDA:145,7,0,39
BRDA:145,7,1,26
BRDA:155,8,0,8
BRDA:155,8,1,5
BRDA:160,9,0,5
BRDA:160,9,1,0
BRDA:170,10,0,69
BRDA:171,11,0,69
BRDA:172,12,0,69
BRDA:198,13,0,9
BRDA:214,14,0,9
BRDA:214,14,1,3
BRDA:222,15,0,3
BRDA:222,15,1,0
BRDA:222,16,0,3
BRDA:222,16,1,3
BRDA:264,17,0,4
BRDA:264,17,1,15
BRDA:268,18,0,15
BRDA:268,18,1,5
BRDA:272,19,0,8
BRDA:272,19,1,1
BRDA:277,20,0,3
BRDA:277,20,1,1
BRDA:324,21,0,16
BRDA:324,21,1,8
BRDA:335,22,0,0
BRDA:335,22,1,12
BRDA:345,23,0,14
BRDA:345,23,1,13
BRDA:347,24,0,0
BRDA:347,24,1,14
BRDA:351,25,0,14
BRDA:351,25,1,0
BRDA:358,26,0,0
BRDA:358,26,1,14
BRDA:362,27,0,14
BRDA:362,27,1,0
BRDA:366,28,0,14
BRDA:366,28,1,0
BRDA:398,29,0,3
BRDA:398,29,1,9
BRDA:409,30,0,3
BRDA:409,30,1,9
BRDA:473,31,0,3
BRDA:473,31,1,0
BRDA:516,32,0,0
BRDA:516,32,1,3
BRDA:570,33,0,6
BRDA:570,33,1,1
BRDA:602,34,0,2
BRDA:602,34,1,5
BRDA:628,35,0,0
BRDA:628,35,1,3
BRDA:631,36,0,3
BRDA:631,36,1,0
BRDA:637,37,0,4
BRDA:637,37,1,0
BRDA:643,38,0,4
BRDA:643,38,1,1
BRDA:644,39,0,4
BRDA:644,39,1,1
BRDA:645,40,0,4
BRDA:645,40,1,1
BRDA:646,41,0,4
BRDA:646,41,1,1
BRDA:651,42,0,4
BRDA:651,42,1,0
BRDA:660,43,0,0
BRDA:660,43,1,0
BRDA:661,44,0,4
BRDA:661,44,1,0
BRDA:690,45,0,2
BRDA:690,45,1,0
BRDA:696,46,0,2
BRDA:696,46,1,0
BRDA:697,47,0,2
BRDA:697,47,1,0
BRDA:702,48,0,2
BRDA:702,48,1,0
BRDA:711,49,0,0
BRDA:711,49,1,0
BRDA:712,50,0,2
BRDA:712,50,1,0
BRDA:734,51,0,9
BRDA:734,51,1,3
BRDA:777,52,0,4
BRDA:777,52,1,0
BRDA:825,53,0,4
BRDA:825,53,1,1
BRDA:829,54,0,2
BRDA:829,54,1,0
BRDA:834,55,0,4
BRDA:834,55,1,1
BRDA:838,56,0,2
BRDA:838,56,1,0
BRDA:863,57,0,4
BRDA:863,57,1,3
BRDA:873,58,0,4
BRDA:873,58,1,1
BRDA:876,59,0,4
BRDA:876,59,1,1
BRDA:892,60,0,4
BRDA:892,60,1,1
BRDA:898,61,0,2
BRDA:898,61,1,0
BRDA:906,62,0,4
BRDA:906,62,1,1
BRDA:912,63,0,2
BRDA:912,63,1,0
BRDA:1207,64,0,1
BRDA:1207,64,1,2
BRDA:1245,65,0,4
BRDA:1245,65,1,3
BRDA:1256,66,0,4
BRDA:1256,66,1,1
BRDA:1267,67,0,4
BRDA:1267,67,1,0
BRDA:1296,68,0,15
BRDA:1296,68,1,9
BRDA:1311,69,0,4
BRDA:1311,69,1,0
BRDA:1312,70,0,4
BRDA:1312,70,1,0
BRDA:1316,71,0,0
BRDA:1316,71,1,0
BRDA:1317,72,0,0
BRDA:1317,72,1,0
BRDA:1319,73,0,0
BRDA:1319,73,1,0
BRDA:1344,74,0,2
BRDA:1344,74,1,2
BRDA:1350,75,0,2
BRDA:1350,75,1,2
BRDA:1359,76,0,3
BRDA:1359,76,1,3
BRDA:1365,77,0,1
BRDA:1365,77,1,1
BRDA:1378,78,0,14
BRDA:1378,78,1,3
BRDA:1381,79,0,14
BRDA:1381,79,1,9
BRDA:1382,80,0,14
BRDA:1382,80,1,11
BRDA:1405,81,0,3
BRDA:1405,81,1,3
BRDA:1405,81,2,3
BRDA:1463,82,0,0
BRDA:1463,82,1,4
BRDA:1463,83,0,4
BRDA:1463,83,1,4
BRDA:1470,84,0,3
BRDA:1470,84,1,1
BRDA:1491,85,0,2
BRDA:1491,85,1,2
BRDA:1494,86,0,0
BRDA:1494,86,1,2
BRDA:1494,87,0,2
BRDA:1494,87,1,2
BRDA:1501,88,0,1
BRDA:1501,88,1,1
BRDA:1534,89,0,1
BRDA:1534,89,1,3
BRDA:1538,90,0,0
BRDA:1538,90,1,3
BRDA:1552,91,0,3
BRDA:1552,91,1,1
BRDA:1554,92,0,0
BRDA:1554,92,1,4
BRDA:1558,93,0,3
BRDA:1558,93,1,2
BRDA:1570,94,0,1
BRDA:1570,94,1,1
BRDA:1574,95,0,1
BRDA:1574,95,1,0
BRDA:1574,96,0,0
BRDA:1574,96,1,0
BRDA:1601,97,0,1
BRDA:1601,97,1,9
BRDA:1601,98,0,10
BRDA:1601,98,1,0
BRDA:1609,99,0,1
BRDA:1609,99,1,9
BRDA:1621,100,0,0
BRDA:1621,100,1,4
BRDA:1621,101,0,4
BRDA:1621,101,1,0
BRDA:1629,102,0,0
BRDA:1629,102,1,4
BRDA:1642,103,0,4
BRDA:1642,103,1,3
BRDA:1743,104,0,0
BRDA:1743,104,1,3
BRDA:1744,105,0,3
BRDA:1744,105,1,1
BRDA:1744,105,2,1
BRDA:1763,106,0,2
BRDA:1763,106,1,1
BRDA:1763,107,0,3
BRDA:1763,107,1,2
BRDA:1779,108,0,1
BRDA:1779,108,1,2
BRDA:1779,109,0,3
BRDA:1779,109,1,0
BRDA:1788,110,0,1
BRDA:1788,110,1,0
BRDA:1804,111,0,1
BRDA:1804,111,1,2
BRDA:1805,112,0,3
BRDA:1805,112,1,3
BRDA:1805,112,2,1
BRDA:1805,112,3,1
BRDA:1823,113,0,1
BRDA:1823,113,1,0
BRDA:1831,114,0,2
BRDA:1831,114,1,1
BRDA:1851,115,0,0
BRDA:1851,115,1,4
BRDA:1855,116,0,4
BRDA:1855,116,1,3
BRF:234
BRH:180
end_of_record
TN:
SF:src/application/services/AuthService.ts
FN:29,(anonymous_0)
FN:38,(anonymous_1)
FN:51,(anonymous_2)
FN:55,(anonymous_3)
FN:62,(anonymous_4)
FN:66,(anonymous_5)
FN:76,(anonymous_6)
FN:80,(anonymous_7)
FN:84,(anonymous_8)
FN:94,(anonymous_9)
FN:119,(anonymous_10)
FN:139,(anonymous_11)
FNF:12
FNH:12
FNDA:10,(anonymous_0)
FNDA:2,(anonymous_1)
FNDA:1,(anonymous_2)
FNDA:1,(anonymous_3)
FNDA:1,(anonymous_4)
FNDA:1,(anonymous_5)
FNDA:1,(anonymous_6)
FNDA:1,(anonymous_7)
FNDA:1,(anonymous_8)
FNDA:7,(anonymous_9)
FNDA:4,(anonymous_10)
FNDA:4,(anonymous_11)
DA:25,10
DA:26,10
DA:27,10
DA:30,10
DA:31,10
DA:39,2
DA:41,2
DA:42,2
DA:43,1
DA:48,1
DA:52,1
DA:56,1
DA:57,1
DA:58,1
DA:59,1
DA:63,1
DA:67,1
DA:77,1
DA:81,1
DA:85,1
DA:96,7
DA:97,2
DA:101,5
DA:102,1
DA:105,4
DA:106,4
DA:108,4
DA:109,4
DA:110,4
DA:112,4
DA:120,4
DA:121,4
DA:122,1
DA:123,1
DA:124,1
DA:125,1
DA:128,3
DA:129,3
DA:130,3
DA:131,3
DA:133,3
DA:140,4
DA:141,4
DA:142,2
DA:145,2
LF:45
LH:45
BRDA:42,0,0,1
BRDA:42,0,1,1
BRDA:96,1,0,2
BRDA:96,1,1,5
BRDA:101,2,0,1
BRDA:101,2,1,4
BRDA:121,3,0,1
BRDA:121,3,1,3
BRDA:141,4,0,2
BRDA:141,4,1,2
BRF:10
BRH:10
end_of_record
TN:
SF:src/application/services/BillingService.ts
FN:13,(anonymous_0)
FN:15,(anonymous_1)
FN:21,(anonymous_2)
FN:27,(anonymous_3)
FN:33,(anonymous_4)
FNF:5
FNH:5
FNDA:2,(anonymous_0)
FNDA:1,(anonymous_1)
FNDA:1,(anonymous_2)
FNDA:1,(anonymous_3)
FNDA:1,(anonymous_4)
DA:13,2
DA:18,1
DA:24,1
DA:30,1
DA:36,1
LF:5
LH:5
BRF:0
BRH:0
end_of_record
TN:
SF:src/application/services/BlogService.ts
FN:17,(anonymous_0)
FN:19,(anonymous_1)
FN:23,(anonymous_2)
FN:27,(anonymous_3)
FN:31,(anonymous_4)
FN:35,(anonymous_5)
FN:39,(anonymous_6)
FN:43,(anonymous_7)
FN:47,(anonymous_8)
FN:51,(anonymous_9)
FN:55,(anonymous_10)
FN:59,(anonymous_11)
FN:63,(anonymous_12)
FN:67,(anonymous_13)
FN:71,(anonymous_14)
FNF:15
FNH:15
FNDA:2,(anonymous_0)
FNDA:1,(anonymous_1)
FNDA:1,(anonymous_2)
FNDA:1,(anonymous_3)
FNDA:1,(anonymous_4)
FNDA:1,(anonymous_5)
FNDA:1,(anonymous_6)
FNDA:1,(anonymous_7)
FNDA:1,(anonymous_8)
FNDA:1,(anonymous_9)
FNDA:1,(anonymous_10)
FNDA:1,(anonymous_11)
FNDA:1,(anonymous_12)
FNDA:1,(anonymous_13)
FNDA:1,(anonymous_14)
DA:17,2
DA:20,1
DA:24,1
DA:28,1
DA:32,1
DA:36,1
DA:40,1
DA:44,1
DA:48,1
DA:52,1
DA:56,1
DA:60,1
DA:64,1
DA:68,1
DA:72,1
LF:15
LH:15
BRF:0
BRH:0
end_of_record
TN:
SF:src/application/services/CapabilityService.ts
FN:8,(anonymous_0)
FN:14,(anonymous_1)
FNF:2
FNH:2
FNDA:2,(anonymous_0)
FNDA:3,(anonymous_1)
DA:9,2
DA:18,3
DA:19,1
DA:22,2
DA:23,1
DA:28,1
LF:6
LH:6
BRDA:9,0,0,2
BRDA:9,0,1,1
BRDA:9,0,2,1
BRDA:16,1,0,3
BRDA:18,2,0,1
BRDA:18,2,1,2
BRDA:22,3,0,1
BRDA:22,3,1,1
BRDA:23,4,0,1
BRDA:23,4,1,0
BRDA:23,4,2,0
BRDA:28,5,0,1
BRDA:28,5,1,0
BRDA:28,5,2,0
BRF:14
BRH:10
end_of_record
TN:
SF:src/application/services/CaptchaService.ts
FN:5,(anonymous_0)
FN:7,(anonymous_1)
FNF:2
FNH:2
FNDA:2,(anonymous_0)
FNDA:1,(anonymous_1)
DA:5,2
DA:8,1
LF:2
LH:2
BRF:0
BRH:0
end_of_record
TN:
SF:src/application/services/CategoryService.ts
FN:12,(anonymous_0)
FN:14,(anonymous_1)
FN:18,(anonymous_2)
FN:22,(anonymous_3)
FN:26,(anonymous_4)
FN:30,(anonymous_5)
FN:34,(anonymous_6)
FN:38,(anonymous_7)
FNF:8
FNH:8
FNDA:2,(anonymous_0)
FNDA:1,(anonymous_1)
FNDA:1,(anonymous_2)
FNDA:1,(anonymous_3)
FNDA:1,(anonymous_4)
FNDA:1,(anonymous_5)
FNDA:1,(anonymous_6)
FNDA:1,(anonymous_7)
DA:12,2
DA:15,1
DA:19,1
DA:23,1
DA:27,1
DA:31,1
DA:35,1
DA:39,1
LF:8
LH:8
BRF:0
BRH:0
end_of_record
TN:
SF:src/application/services/CompanyAdminService.ts
FN:8,(anonymous_0)
FN:10,(anonymous_1)
FNF:2
FNH:2
FNDA:2,(anonymous_0)
FNDA:1,(anonymous_1)
DA:8,2
DA:13,1
LF:2
LH:2
BRF:0
BRH:0
end_of_record
TN:
SF:src/application/services/CompanyAdvancedStatsService.ts
FN:29,(anonymous_0)
FN:37,(anonymous_1)
FN:76,(anonymous_2)
FN:86,(anonymous_3)
FN:91,(anonymous_4)
FN:104,(anonymous_5)
FN:109,(anonymous_6)
FN:124,(anonymous_7)
FN:142,(anonymous_8)
FN:168,(anonymous_9)
FN:220,(anonymous_10)
FN:228,(anonymous_11)
FN:251,(anonymous_12)
FN:259,(anonymous_13)
FN:270,(anonymous_14)
FN:271,(anonymous_15)
FN:272,(anonymous_16)
FN:281,(anonymous_17)
FN:286,(anonymous_18)
FN:303,(anonymous_19)
FN:309,(anonymous_20)
FN:346,(anonymous_21)
FN:350,(anonymous_22)
FN:352,(anonymous_23)
FN:371,(anonymous_24)
FN:377,(anonymous_25)
FN:390,(anonymous_26)
FN:392,(anonymous_27)
FN:394,(anonymous_28)
FN:486,(anonymous_29)
FN:510,(anonymous_30)
FNF:31
FNH:31
FNDA:32,(anonymous_0)
FNDA:12,(anonymous_1)
FNDA:11,(anonymous_2)
FNDA:8,(anonymous_3)
FNDA:4,(anonymous_4)
FNDA:2,(anonymous_5)
FNDA:2,(anonymous_6)
FNDA:8,(anonymous_7)
FNDA:2,(anonymous_8)
FNDA:2,(anonymous_9)
FNDA:3,(anonymous_10)
FNDA:2,(anonymous_11)
FNDA:2,(anonymous_12)
FNDA:6,(anonymous_13)
FNDA:2,(anonymous_14)
FNDA:2,(anonymous_15)
FNDA:2,(anonymous_16)
FNDA:2,(anonymous_17)
FNDA:1,(anonymous_18)
FNDA:2,(anonymous_19)
FNDA:1,(anonymous_20)
FNDA:2,(anonymous_21)
FNDA:3,(anonymous_22)
FNDA:1,(anonymous_23)
FNDA:3,(anonymous_24)
FNDA:2,(anonymous_25)
FNDA:3,(anonymous_26)
FNDA:2,(anonymous_27)
FNDA:2,(anonymous_28)
FNDA:2,(anonymous_29)
FNDA:3,(anonymous_30)
DA:26,2
DA:27,2
DA:29,2
DA:30,32
DA:31,10
DA:34,22
DA:37,2
DA:41,12
DA:42,12
DA:44,12
DA:45,5
DA:52,7
DA:53,2
DA:60,5
DA:61,5
DA:62,0
DA:69,5
DA:76,2
DA:80,11
DA:86,2
DA:87,8
DA:88,4
DA:91,4
DA:92,4
DA:93,4
DA:94,4
DA:96,4
DA:97,0
DA:100,4
DA:101,4
DA:104,2
DA:109,2
DA:112,2
DA:113,2
DA:114,2
DA:115,2
DA:116,2
DA:118,2
DA:124,2
DA:131,8
DA:142,2
DA:147,2
DA:148,2
DA:149,2
DA:153,2
DA:168,2
DA:172,2
DA:173,2
DA:203,2
DA:207,2
DA:212,2
DA:220,2
DA:221,3
DA:222,1
DA:225,2
DA:228,2
DA:231,2
DA:232,2
DA:233,1
DA:236,1
DA:251,2
DA:256,2
DA:257,2
DA:259,2
DA:260,6
DA:261,1
DA:264,5
DA:265,5
DA:268,2
DA:270,2
DA:271,2
DA:272,2
DA:274,2
DA:275,2
DA:276,2
DA:277,2
DA:279,2
DA:282,2
DA:287,1
DA:301,2
DA:304,2
DA:310,1
DA:324,2
DA:325,1
DA:345,2
DA:346,2
DA:349,2
DA:350,3
DA:353,1
DA:367,2
DA:372,3
DA:373,3
DA:381,2
DA:382,2
DA:383,2
DA:385,2
DA:390,3
DA:391,2
DA:392,2
DA:394,2
DA:395,2
DA:398,2
DA:407,2
DA:435,2
DA:436,2
DA:438,2
DA:443,2
DA:487,2
DA:488,2
DA:489,2
DA:491,2
DA:492,2
DA:500,2
DA:501,2
DA:502,2
DA:504,2
DA:505,1
DA:509,2
DA:510,2
DA:511,3
DA:512,0
DA:515,3
DA:516,3
LF:123
LH:120
BRDA:30,0,0,10
BRDA:30,0,1,22
BRDA:41,1,0,12
BRDA:41,1,1,1
BRDA:42,2,0,12
BRDA:42,2,1,1
BRDA:44,3,0,5
BRDA:44,3,1,7
BRDA:44,4,0,12
BRDA:44,4,1,5
BRDA:52,5,0,2
BRDA:52,5,1,5
BRDA:52,6,0,7
BRDA:52,6,1,2
BRDA:61,7,0,0
BRDA:61,7,1,5
BRDA:70,8,0,4
BRDA:70,8,1,1
BRDA:87,9,0,4
BRDA:87,9,1,4
BRDA:96,10,0,0
BRDA:96,10,1,4
BRDA:135,11,0,2
BRDA:135,11,1,6
BRDA:149,12,0,2
BRDA:149,12,1,0
BRDA:156,13,0,2
BRDA:156,13,1,0
BRDA:156,13,2,0
BRDA:157,14,0,2
BRDA:157,14,1,0
BRDA:178,15,0,1
BRDA:178,15,1,1
BRDA:221,16,0,1
BRDA:221,16,1,2
BRDA:225,17,0,2
BRDA:225,17,1,0
BRDA:225,17,2,0
BRDA:232,18,0,1
BRDA:232,18,1,1
BRDA:260,19,0,1
BRDA:260,19,1,5
BRDA:260,20,0,6
BRDA:260,20,1,5
BRDA:282,21,0,2
BRDA:282,21,1,1
BRDA:304,22,0,2
BRDA:304,22,1,1
BRDA:304,22,2,1
BRDA:324,23,0,1
BRDA:324,23,1,1
BRDA:324,24,0,2
BRDA:324,24,1,1
BRDA:333,25,0,1
BRDA:333,25,1,0
BRDA:438,26,0,2
BRDA:438,26,1,1
BRDA:438,26,2,1
BRDA:438,26,3,1
BRDA:500,27,0,2
BRDA:500,27,1,0
BRDA:504,28,0,1
BRDA:504,28,1,1
BRDA:511,29,0,0
BRDA:511,29,1,3
BRF:65
BRH:54
end_of_record
TN:
SF:src/application/services/CompanyEngagementService.ts
FN:8,(anonymous_0)
FN:13,(anonymous_1)
FN:20,(anonymous_2)
FNF:3
FNH:3
FNDA:2,(anonymous_0)
FNDA:1,(anonymous_1)
FNDA:1,(anonymous_2)
DA:9,2
DA:17,1
DA:21,1
LF:3
LH:3
BRF:0
BRH:0
end_of_record
TN:
SF:src/application/services/CompanyInvitationService.ts
FN:5,(anonymous_0)
FN:10,(anonymous_1)
FNF:2
FNH:2
FNDA:2,(anonymous_0)
FNDA:1,(anonymous_1)
DA:6,2
DA:11,1
LF:2
LH:2
BRF:0
BRH:0
end_of_record
TN:
SF:src/application/services/CompanyMembershipService.ts
FN:11,(anonymous_0)
FN:16,(anonymous_1)
FN:20,(anonymous_2)
FN:28,(anonymous_3)
FN:32,(anonymous_4)
FN:36,(anonymous_5)
FNF:6
FNH:6
FNDA:2,(anonymous_0)
FNDA:1,(anonymous_1)
FNDA:1,(anonymous_2)
FNDA:1,(anonymous_3)
FNDA:1,(anonymous_4)
FNDA:1,(anonymous_5)
DA:12,2
DA:17,1
DA:25,1
DA:29,1
DA:33,1
DA:37,1
LF:6
LH:6
BRDA:22,0,0,1
BRDA:23,1,0,1
BRF:2
BRH:2
end_of_record
TN:
SF:src/application/services/CompanyProfileService.ts
FN:8,(anonymous_0)
FN:13,(anonymous_1)
FN:17,(anonymous_2)
FNF:3
FNH:3
FNDA:2,(anonymous_0)
FNDA:1,(anonymous_1)
FNDA:1,(anonymous_2)
DA:9,2
DA:14,1
DA:18,1
LF:3
LH:3
BRF:0
BRH:0
end_of_record
TN:
SF:src/application/services/ContactService.ts
FN:5,(anonymous_0)
FN:7,(anonymous_1)
FNF:2
FNH:2
FNDA:2,(anonymous_0)
FNDA:1,(anonymous_1)
DA:5,2
DA:8,1
LF:2
LH:2
BRF:0
BRH:0
end_of_record
TN:
SF:src/application/services/MediaService.ts
FN:4,(anonymous_0)
FN:12,(anonymous_1)
FN:16,(anonymous_2)
FN:23,(anonymous_3)
FNF:4
FNH:4
FNDA:3,(anonymous_0)
FNDA:2,(anonymous_1)
FNDA:1,(anonymous_2)
FNDA:1,(anonymous_3)
DA:5,3
DA:13,2
DA:17,1
DA:24,1
LF:4
LH:4
BRDA:12,0,0,2
BRF:1
BRH:1
end_of_record
TN:
SF:src/application/services/PaymentPlanService.ts
FN:11,(anonymous_0)
FN:13,(anonymous_1)
FN:17,(anonymous_2)
FN:21,(anonymous_3)
FN:25,(anonymous_4)
FNF:5
FNH:5
FNDA:2,(anonymous_0)
FNDA:1,(anonymous_1)
FNDA:1,(anonymous_2)
FNDA:1,(anonymous_3)
FNDA:1,(anonymous_4)
DA:11,2
DA:14,1
DA:18,1
DA:22,1
DA:26,1
LF:5
LH:5
BRDA:13,0,0,1
BRF:1
BRH:1
end_of_record
TN:
SF:src/application/services/ProductInventoryService.ts
FN:20,(anonymous_0)
FN:25,(anonymous_1)
FN:29,(anonymous_2)
FN:33,(anonymous_3)
FN:37,(anonymous_4)
FN:45,(anonymous_5)
FN:49,(anonymous_6)
FN:53,(anonymous_7)
FNF:8
FNH:8
FNDA:2,(anonymous_0)
FNDA:1,(anonymous_1)
FNDA:1,(anonymous_2)
FNDA:1,(anonymous_3)
FNDA:1,(anonymous_4)
FNDA:1,(anonymous_5)
FNDA:1,(anonymous_6)
FNDA:1,(anonymous_7)
DA:21,2
DA:26,1
DA:30,1
DA:34,1
DA:42,1
DA:46,1
DA:50,1
DA:54,1
LF:8
LH:8
BRDA:55,0,0,1
BRDA:55,0,1,0
BRF:2
BRH:1
end_of_record
TN:
SF:src/application/services/ProductService.ts
FN:22,(anonymous_0)
FN:24,(anonymous_1)
FN:28,(anonymous_2)
FN:32,(anonymous_3)
FN:36,(anonymous_4)
FN:40,(anonymous_5)
FN:44,(anonymous_6)
FN:48,(anonymous_7)
FN:58,(anonymous_8)
FN:62,(anonymous_9)
FN:66,(anonymous_10)
FN:70,(anonymous_11)
FN:74,(anonymous_12)
FN:78,(anonymous_13)
FN:82,(anonymous_14)
FN:86,(anonymous_15)
FN:90,(anonymous_16)
FN:94,(anonymous_17)
FN:98,(anonymous_18)
FN:102,(anonymous_19)
FN:110,(anonymous_20)
FNF:21
FNH:20
FNDA:2,(anonymous_0)
FNDA:1,(anonymous_1)
FNDA:1,(anonymous_2)
FNDA:1,(anonymous_3)
FNDA:1,(anonymous_4)
FNDA:1,(anonymous_5)
FNDA:1,(anonymous_6)
FNDA:1,(anonymous_7)
FNDA:0,(anonymous_8)
FNDA:1,(anonymous_9)
FNDA:1,(anonymous_10)
FNDA:1,(anonymous_11)
FNDA:1,(anonymous_12)
FNDA:1,(anonymous_13)
FNDA:1,(anonymous_14)
FNDA:1,(anonymous_15)
FNDA:1,(anonymous_16)
FNDA:1,(anonymous_17)
FNDA:1,(anonymous_18)
FNDA:1,(anonymous_19)
FNDA:1,(anonymous_20)
DA:22,2
DA:25,1
DA:29,1
DA:33,1
DA:37,1
DA:41,1
DA:45,1
DA:55,1
DA:59,0
DA:63,1
DA:67,1
DA:71,1
DA:75,1
DA:79,1
DA:83,1
DA:87,1
DA:91,1
DA:95,1
DA:99,1
DA:107,1
DA:111,1
LF:21
LH:20
BRF:0
BRH:0
end_of_record
TN:
SF:src/application/services/PublicCompanyProductsService.ts
FN:5,(anonymous_0)
FN:9,(anonymous_1)
FNF:2
FNH:2
FNDA:2,(anonymous_0)
FNDA:1,(anonymous_1)
DA:6,2
DA:10,1
LF:2
LH:2
BRF:0
BRH:0
end_of_record
TN:
SF:src/application/services/PublicCompanyProfileService.ts
FN:5,(anonymous_0)
FN:9,(anonymous_1)
FNF:2
FNH:2
FNDA:2,(anonymous_0)
FNDA:1,(anonymous_1)
DA:6,2
DA:10,1
LF:2
LH:2
BRF:0
BRH:0
end_of_record
TN:
SF:src/application/services/RentalService.ts
FN:19,(anonymous_0)
FN:23,(anonymous_1)
FN:27,(anonymous_2)
FN:31,(anonymous_3)
FN:35,(anonymous_4)
FN:39,(anonymous_5)
FN:43,(anonymous_6)
FN:47,(anonymous_7)
FN:51,(anonymous_8)
FN:55,(anonymous_9)
FN:59,(anonymous_10)
FNF:11
FNH:10
FNDA:2,(anonymous_0)
FNDA:1,(anonymous_1)
FNDA:0,(anonymous_2)
FNDA:1,(anonymous_3)
FNDA:1,(anonymous_4)
FNDA:1,(anonymous_5)
FNDA:1,(anonymous_6)
FNDA:1,(anonymous_7)
FNDA:1,(anonymous_8)
FNDA:1,(anonymous_9)
FNDA:1,(anonymous_10)
DA:20,2
DA:24,1
DA:28,0
DA:32,1
DA:36,1
DA:40,1
DA:44,1
DA:48,1
DA:52,1
DA:56,1
DA:60,1
LF:11
LH:10
BRF:0
BRH:0
end_of_record
TN:
SF:src/application/services/SiteService.ts
FN:5,(anonymous_0)
FN:7,(anonymous_1)
FN:11,(anonymous_2)
FNF:3
FNH:3
FNDA:2,(anonymous_0)
FNDA:1,(anonymous_1)
FNDA:1,(anonymous_2)
DA:5,2
DA:8,1
DA:12,1
LF:3
LH:3
BRF:0
BRH:0
end_of_record
TN:
SF:src/application/services/UserEngagementService.ts
FN:5,(anonymous_0)
FN:10,(anonymous_1)
FNF:2
FNH:2
FNDA:2,(anonymous_0)
FNDA:1,(anonymous_1)
DA:6,2
DA:14,1
LF:2
LH:2
BRF:0
BRH:0
end_of_record
TN:
SF:src/application/services/UserService.ts
FN:10,(anonymous_0)
FN:18,(anonymous_1)
FN:26,(anonymous_2)
FN:39,(anonymous_3)
FN:49,(anonymous_4)
FN:63,(anonymous_5)
FN:76,(anonymous_6)
FNF:7
FNH:7
FNDA:3,(anonymous_0)
FNDA:1,(anonymous_1)
FNDA:2,(anonymous_2)
FNDA:1,(anonymous_3)
FNDA:1,(anonymous_4)
FNDA:2,(anonymous_5)
FNDA:2,(anonymous_6)
DA:11,3
DA:12,3
DA:19,1
DA:27,2
DA:29,2
DA:30,1
DA:33,1
DA:43,1
DA:56,1
DA:64,2
DA:65,1
DA:70,1
DA:79,2
DA:80,1
DA:85,1
LF:15
LH:15
BRDA:29,0,0,1
BRDA:29,0,1,1
BRDA:29,1,0,2
BRDA:29,1,1,1
BRDA:64,2,0,1
BRDA:64,2,1,1
BRDA:79,3,0,1
BRDA:79,3,1,1
BRF:8
BRH:8
end_of_record
TN:
SF:src/components/common/AppLogo.tsx
FN:32,(anonymous_0)
FN:41,(anonymous_1)
FNF:2
FNH:2
FNDA:3,(anonymous_0)
FNDA:1,(anonymous_1)
DA:30,1
DA:32,1
DA:39,3
DA:41,3
DA:42,1
DA:45,3
DA:46,1
DA:49,2
LF:8
LH:8
BRDA:33,0,0,3
BRDA:34,1,0,3
BRDA:35,2,0,3
BRDA:36,3,0,3
BRDA:37,4,0,3
BRDA:45,5,0,1
BRDA:45,5,1,2
BRF:7
BRH:7
end_of_record
TN:
SF:src/components/company/PublicCompanyLocationMap.tsx
FN:17,(anonymous_0)
FN:28,(anonymous_1)
FNF:2
FNH:2
FNDA:5,(anonymous_0)
FNDA:6,(anonymous_1)
DA:17,1
DA:21,5
DA:22,1
DA:25,4
DA:28,1
DA:34,6
DA:35,6
DA:36,6
DA:37,6
DA:38,1
DA:41,5
DA:42,5
DA:43,5
DA:47,6
DA:57,6
LF:15
LH:15
BRDA:21,0,0,1
BRDA:21,0,1,4
BRDA:32,1,0,6
BRDA:37,2,0,1
BRDA:37,2,1,5
BRDA:43,3,0,1
BRDA:43,3,1,4
BRDA:53,4,0,4
BRDA:53,4,1,1
BRDA:69,5,0,4
BRDA:69,5,1,1
BRDA:83,6,0,2
BRDA:83,6,1,3
BRDA:90,7,0,2
BRDA:90,7,1,1
BRF:15
BRH:15
end_of_record
TN:
SF:src/components/dashboard/products/ProductPagination.tsx
FN:17,(anonymous_0)
FN:24,(anonymous_1)
FN:67,(anonymous_2)
FN:80,(anonymous_3)
FN:94,(anonymous_4)
FN:103,(anonymous_5)
FNF:6
FNH:6
FNDA:5,(anonymous_0)
FNDA:4,(anonymous_1)
FNDA:21,(anonymous_2)
FNDA:1,(anonymous_3)
FNDA:2,(anonymous_4)
FNDA:2,(anonymous_5)
DA:17,1
DA:22,5
DA:24,4
DA:25,4
DA:26,4
DA:28,4
DA:30,1
DA:31,4
DA:35,3
DA:38,3
DA:39,3
DA:42,3
DA:43,1
DA:44,2
DA:45,1
DA:49,3
DA:50,2
DA:54,3
DA:55,7
DA:59,3
DA:60,2
DA:64,3
DA:67,4
DA:68,21
DA:69,4
DA:76,17
DA:80,1
DA:89,4
DA:94,2
DA:103,2
LF:30
LH:30
BRDA:22,0,0,1
BRDA:22,0,1,4
BRDA:28,1,0,1
BRDA:28,1,1,3
BRDA:42,2,0,1
BRDA:42,2,1,2
BRDA:44,3,0,1
BRDA:44,3,1,1
BRDA:49,4,0,2
BRDA:49,4,1,1
BRDA:59,5,0,2
BRDA:59,5,1,1
BRDA:68,6,0,4
BRDA:68,6,1,17
BRDA:68,7,0,21
BRDA:68,7,1,19
BRDA:94,8,0,2
BRDA:94,8,1,1
BRDA:95,9,0,1
BRDA:95,9,1,3
BRDA:103,10,0,2
BRDA:103,10,1,1
BRDA:104,11,0,1
BRDA:104,11,1,3
BRF:24
BRH:24
end_of_record
TN:
SF:src/components/dashboard/stats/StatsDateRangeToolbar.tsx
FN:25,(anonymous_0)
FN:35,(anonymous_1)
FN:38,(anonymous_2)
FN:56,(anonymous_3)
FN:63,(anonymous_4)
FN:117,(anonymous_5)
FN:134,(anonymous_6)
FNF:7
FNH:7
FNDA:2,(anonymous_0)
FNDA:4,(anonymous_1)
FNDA:2,(anonymous_2)
FNDA:3,(anonymous_3)
FNDA:2,(anonymous_4)
FNDA:1,(anonymous_5)
FNDA:1,(anonymous_6)
DA:25,1
DA:26,2
DA:27,1
DA:30,1
DA:31,1
DA:32,1
DA:35,1
DA:36,4
DA:38,1
DA:51,2
DA:53,2
DA:57,3
DA:63,2
DA:117,1
DA:134,1
LF:15
LH:15
BRDA:26,0,0,1
BRDA:26,0,1,1
BRDA:26,1,0,2
BRDA:26,1,1,1
BRDA:36,2,0,2
BRDA:36,2,1,2
BRDA:51,3,0,1
BRDA:51,3,1,1
BRDA:62,4,0,1
BRDA:62,4,1,2
BRDA:142,5,0,2
BRDA:142,5,1,1
BRF:12
BRH:12
end_of_record
TN:
SF:src/components/layout/PublicSessionMessagesLink.tsx
FN:12,(anonymous_0)
FNF:1
FNH:1
FNDA:2,(anonymous_0)
DA:12,1
DA:17,2
DA:20,2
DA:21,2
DA:23,2
DA:27,2
DA:28,1
DA:42,1
LF:8
LH:8
BRDA:13,0,0,2
BRDA:20,1,0,2
BRDA:20,1,1,2
BRDA:23,2,0,1
BRDA:23,2,1,1
BRDA:27,3,0,1
BRDA:27,3,1,1
BRF:7
BRH:7
end_of_record
TN:
SF:src/components/products/ProductCard.tsx
FN:49,(anonymous_0)
FN:114,(anonymous_1)
FN:125,(anonymous_2)
FNF:3
FNH:3
FNDA:4,(anonymous_0)
FNDA:1,(anonymous_1)
FNDA:1,(anonymous_2)
DA:47,2
DA:49,2
DA:50,4
DA:51,4
DA:52,4
DA:53,4
DA:54,4
DA:56,4
DA:114,1
DA:125,1
LF:10
LH:10
BRDA:51,0,0,4
BRDA:51,0,1,4
BRDA:51,0,2,4
BRDA:52,1,0,0
BRDA:52,1,1,4
BRDA:54,2,0,4
BRDA:54,2,1,2
BRDA:66,3,0,4
BRDA:66,3,1,2
BRDA:79,4,0,4
BRDA:79,4,1,0
BRDA:80,5,0,1
BRDA:80,5,1,3
BRDA:92,6,0,1
BRDA:92,6,1,2
BRDA:93,7,0,1
BRDA:93,7,1,2
BRDA:105,8,0,4
BRDA:105,8,1,3
BRDA:105,8,2,1
BRDA:109,9,0,1
BRDA:109,9,1,1
BRDA:120,10,0,1
BRDA:120,10,1,1
BRF:24
BRH:22
end_of_record
TN:
SF:src/components/products/ProductRentalCostCalculator.tsx
FN:24,(anonymous_0)
FN:29,(anonymous_1)
FN:53,(anonymous_2)
FN:57,(anonymous_3)
FN:92,(anonymous_4)
FN:100,(anonymous_5)
FN:121,(anonymous_6)
FNF:7
FNH:7
FNDA:8,(anonymous_0)
FNDA:9,(anonymous_1)
FNDA:4,(anonymous_2)
FNDA:3,(anonymous_3)
FNDA:1,(anonymous_4)
FNDA:2,(anonymous_5)
FNDA:1,(anonymous_6)
DA:24,1
DA:25,8
DA:26,8
DA:29,1
DA:41,9
DA:42,9
DA:43,9
DA:44,9
DA:45,9
DA:47,9
DA:48,9
DA:49,9
DA:50,9
DA:51,9
DA:53,9
DA:54,4
DA:57,9
DA:58,3
DA:59,3
DA:60,1
DA:63,1
DA:66,2
DA:73,2
DA:74,2
DA:77,9
DA:93,1
DA:94,1
DA:95,1
DA:96,1
DA:98,1
DA:101,2
DA:102,2
DA:103,2
DA:104,2
DA:106,2
DA:122,1
DA:123,1
DA:124,1
DA:125,1
DA:126,1
DA:127,1
DA:129,1
LF:42
LH:42
BRDA:25,0,0,8
BRDA:25,0,1,0
BRDA:48,1,0,9
BRDA:48,1,1,6
BRDA:49,2,0,9
BRDA:49,2,1,6
BRDA:50,3,0,9
BRDA:50,3,1,6
BRDA:51,4,0,9
BRDA:51,4,1,8
BRDA:51,4,2,7
BRDA:54,5,0,4
BRDA:54,5,1,4
BRDA:54,5,2,3
BRDA:58,6,0,0
BRDA:58,6,1,3
BRDA:59,7,0,1
BRDA:59,7,1,2
BRDA:95,8,0,1
BRDA:95,8,1,0
BRDA:103,9,0,2
BRDA:103,9,1,0
BRDA:123,10,0,1
BRDA:123,10,1,0
BRDA:126,11,0,1
BRDA:126,11,1,0
BRDA:134,12,0,9
BRDA:134,12,1,7
BRDA:134,12,2,6
BRDA:136,13,0,0
BRDA:136,13,1,6
BRDA:138,14,0,2
BRDA:138,14,1,4
BRDA:149,15,0,9
BRDA:149,15,1,7
BRDA:152,16,0,0
BRDA:152,16,1,9
BRDA:155,17,0,9
BRDA:155,17,1,2
BRF:39
BRH:31
end_of_record
TN:
SF:src/components/products/SpanishDateInput.tsx
FN:22,(anonymous_0)
FN:32,(anonymous_1)
FN:58,(anonymous_2)
FN:68,(anonymous_3)
FN:69,(anonymous_4)
FN:79,(anonymous_5)
FN:83,(anonymous_6)
FN:100,(anonymous_7)
FN:116,(anonymous_8)
FN:139,(anonymous_9)
FNF:10
FNH:10
FNDA:31,(anonymous_0)
FNDA:21,(anonymous_1)
FNDA:27,(anonymous_2)
FNDA:3,(anonymous_3)
FNDA:3,(anonymous_4)
FNDA:3,(anonymous_5)
FNDA:21,(anonymous_6)
FNDA:2,(anonymous_7)
FNDA:1,(anonymous_8)
FNDA:21,(anonymous_9)
DA:19,1
DA:20,1
DA:22,1
DA:23,31
DA:24,31
DA:25,28
DA:28,3
DA:29,3
DA:32,1
DA:33,21
DA:34,21
DA:36,21
DA:37,18
DA:40,3
DA:41,3
DA:43,3
DA:44,0
DA:47,3
DA:52,2
DA:55,1
DA:58,1
DA:66,27
DA:67,27
DA:68,27
DA:69,27
DA:70,3
DA:71,3
DA:72,2
DA:75,1
DA:76,1
DA:79,27
DA:80,3
DA:83,27
DA:84,21
DA:86,21
DA:87,1
DA:88,1
DA:91,20
DA:92,20
DA:93,1
DA:94,1
DA:97,19
DA:100,27
DA:101,2
DA:102,1
DA:103,1
DA:106,1
DA:107,1
DA:108,0
DA:109,0
DA:110,0
DA:113,1
DA:116,27
DA:117,1
DA:118,0
DA:121,1
DA:122,1
DA:123,1
DA:124,1
DA:126,1
DA:127,1
DA:128,1
DA:131,27
DA:139,21
LF:64
LH:59
BRDA:24,0,0,28
BRDA:24,0,1,3
BRDA:36,1,0,18
BRDA:36,1,1,3
BRDA:43,2,0,0
BRDA:43,2,1,3
BRDA:47,3,0,2
BRDA:47,3,1,1
BRDA:48,4,0,3
BRDA:48,4,1,3
BRDA:48,4,2,1
BRDA:71,5,0,2
BRDA:71,5,1,1
BRDA:86,6,0,1
BRDA:86,6,1,20
BRDA:92,7,0,1
BRDA:92,7,1,19
BRDA:101,8,0,1
BRDA:101,8,1,1
BRDA:107,9,0,0
BRDA:107,9,1,1
BRDA:117,10,0,0
BRDA:117,10,1,1
BRDA:143,11,0,14
BRDA:143,11,1,13
BRF:25
BRH:22
end_of_record
TN:
SF:src/components/products/SpanishDateRangePicker.tsx
FN:23,(anonymous_0)
FN:32,(anonymous_1)
FN:37,(anonymous_2)
FN:39,(anonymous_3)
FN:50,(anonymous_4)
FN:52,(anonymous_5)
FN:66,(anonymous_6)
FN:78,(anonymous_7)
FNF:8
FNH:8
FNDA:10,(anonymous_0)
FNDA:6,(anonymous_1)
FNDA:3,(anonymous_2)
FNDA:5,(anonymous_3)
FNDA:2,(anonymous_4)
FNDA:2,(anonymous_5)
FNDA:2,(anonymous_6)
FNDA:3,(anonymous_7)
DA:23,1
DA:24,10
DA:25,5
DA:28,5
DA:29,5
DA:32,1
DA:33,6
DA:34,6
DA:37,3
DA:39,1
DA:49,5
DA:50,5
DA:52,5
DA:53,2
DA:54,2
DA:56,2
DA:57,1
DA:60,1
DA:66,5
DA:67,2
DA:68,0
DA:71,2
DA:72,1
DA:75,1
DA:78,5
DA:79,3
DA:80,1
DA:81,1
DA:82,1
DA:85,2
DA:87,2
DA:88,1
DA:89,1
DA:92,1
DA:93,1
DA:96,5
LF:36
LH:35
BRDA:24,0,0,5
BRDA:24,0,1,5
BRDA:29,1,0,0
BRDA:29,1,1,5
BRDA:34,2,0,4
BRDA:34,2,1,2
BRDA:56,3,0,1
BRDA:56,3,1,1
BRDA:56,4,0,2
BRDA:56,4,1,1
BRDA:67,5,0,0
BRDA:67,5,1,2
BRDA:67,6,0,2
BRDA:67,6,1,1
BRDA:71,7,0,1
BRDA:71,7,1,1
BRDA:79,8,0,1
BRDA:79,8,1,2
BRDA:87,9,0,1
BRDA:87,9,1,1
BRDA:87,10,0,2
BRDA:87,10,1,2
BRDA:108,11,0,3
BRDA:108,11,1,2
BRDA:119,12,0,3
BRDA:119,12,1,2
BRDA:130,13,0,0
BRDA:130,13,1,5
BRDA:132,14,0,0
BRDA:132,14,1,5
BRF:30
BRH:26
end_of_record
TN:
SF:src/components/ui/button.tsx
FN:43,(anonymous_0)
FNF:1
FNH:1
FNDA:58,(anonymous_0)
DA:7,8
DA:42,8
DA:44,58
DA:45,58
DA:54,8
LF:5
LH:5
BRDA:43,0,0,58
BRDA:44,1,0,4
BRDA:44,1,1,54
BRF:3
BRH:3
end_of_record
TN:
SF:src/components/ui/card.tsx
FN:8,(anonymous_0)
FN:23,(anonymous_1)
FN:35,(anonymous_2)
FN:50,(anonymous_3)
FN:62,(anonymous_4)
FN:70,(anonymous_5)
FNF:6
FNH:5
FNDA:4,(anonymous_0)
FNDA:4,(anonymous_1)
FNDA:4,(anonymous_2)
FNDA:0,(anonymous_3)
FNDA:4,(anonymous_4)
FNDA:4,(anonymous_5)
DA:5,2
DA:9,4
DA:18,2
DA:20,2
DA:24,4
DA:30,2
DA:32,2
DA:36,4
DA:45,2
DA:47,2
DA:51,0
DA:57,2
DA:59,2
DA:63,4
DA:65,2
DA:67,2
DA:71,4
DA:77,2
LF:18
LH:17
BRF:0
BRH:0
end_of_record
TN:
SF:src/components/ui/input.tsx
FN:6,(anonymous_0)
FNF:1
FNH:1
FNDA:34,(anonymous_0)
DA:5,2
DA:7,34
DA:20,2
LF:3
LH:3
BRF:0
BRH:0
end_of_record
TN:
SF:src/components/ui/pagination.tsx
FN:7,(anonymous_0)
FN:20,(anonymous_1)
FN:32,(anonymous_2)
FN:42,(anonymous_3)
FN:62,(anonymous_4)
FN:78,(anonymous_5)
FN:94,(anonymous_6)
FNF:7
FNH:6
FNDA:4,(anonymous_0)
FNDA:4,(anonymous_1)
FNDA:29,(anonymous_2)
FNDA:25,(anonymous_3)
FNDA:4,(anonymous_4)
FNDA:4,(anonymous_5)
FNDA:0,(anonymous_6)
DA:7,1
DA:8,4
DA:15,1
DA:17,1
DA:21,4
DA:27,1
DA:29,1
DA:33,29
DA:35,1
DA:42,1
DA:48,25
DA:60,1
DA:62,1
DA:66,4
DA:76,1
DA:78,1
DA:82,4
DA:92,1
DA:94,1
DA:98,0
DA:107,1
LF:21
LH:20
BRDA:45,0,0,25
BRDA:49,1,0,4
BRDA:49,1,1,21
BRDA:52,2,0,4
BRDA:52,2,1,21
BRF:5
BRH:5
end_of_record
TN:
SF:src/components/ui/popover.tsx
FN:14,(anonymous_0)
FNF:1
FNH:1
FNDA:5,(anonymous_0)
DA:7,1
DA:9,1
DA:11,1
DA:15,5
DA:28,1
LF:5
LH:5
BRDA:14,0,0,5
BRDA:14,1,0,5
BRF:2
BRH:2
end_of_record
TN:
SF:src/composition/apiClient.ts
FNF:0
FNH:0
DA:3,1
DA:5,1
LF:2
LH:2
BRDA:3,0,0,1
BRDA:3,0,1,0
BRF:2
BRH:1
end_of_record
TN:
SF:src/composition/auth.ts
FN:13,(anonymous_0)
FNF:1
FNH:0
FNDA:0,(anonymous_0)
DA:12,1
DA:13,1
DA:15,1
DA:16,1
DA:17,1
DA:19,1
DA:20,1
LF:7
LH:7
BRF:0
BRH:0
end_of_record
TN:
SF:src/composition/queryClient.ts
FNF:0
FNH:0
DA:3,1
LF:1
LH:1
BRF:0
BRH:0
end_of_record
TN:
SF:src/core/application/SeoService.ts
FN:18,(anonymous_0)
FNF:1
FNH:1
FNDA:6,(anonymous_0)
DA:5,3
DA:7,3
DA:8,3
DA:16,3
DA:19,6
LF:5
LH:5
BRDA:21,0,0,6
BRDA:21,0,1,0
BRDA:22,1,0,6
BRDA:22,1,1,0
BRDA:23,2,0,6
BRDA:23,2,1,1
BRDA:24,3,0,6
BRDA:24,3,1,3
BRDA:25,4,0,1
BRDA:25,4,1,5
BRDA:25,5,0,6
BRDA:25,5,1,1
BRDA:26,6,0,6
BRDA:26,6,1,5
BRDA:26,6,2,0
BRDA:27,7,0,6
BRDA:27,7,1,5
BRDA:27,7,2,0
BRDA:28,8,0,6
BRDA:28,8,1,4
BRDA:29,9,0,6
BRDA:29,9,1,5
BRDA:29,9,2,0
BRDA:30,10,0,6
BRDA:30,10,1,3
BRDA:31,11,0,6
BRDA:31,11,1,4
BRDA:32,12,0,6
BRDA:32,12,1,5
BRDA:32,12,2,5
BRDA:32,12,3,0
BRDA:34,13,0,6
BRDA:34,13,1,5
BRDA:34,13,2,5
BRDA:34,13,3,0
BRDA:35,14,0,6
BRDA:35,14,1,5
BRDA:35,14,2,4
BRDA:36,15,0,6
BRDA:36,15,1,2
BRF:40
BRH:33
end_of_record
TN:
SF:src/domain/config/publicRoutes.ts
FN:32,(anonymous_0)
FN:34,(anonymous_1)
FN:42,(anonymous_2)
FN:44,(anonymous_3)
FN:46,(anonymous_4)
FN:49,(anonymous_5)
FN:58,(anonymous_6)
FN:63,(anonymous_7)
FN:72,(anonymous_8)
FN:80,(anonymous_9)
FNF:10
FNH:10
FNDA:5,(anonymous_0)
FNDA:5,(anonymous_1)
FNDA:1,(anonymous_2)
FNDA:5,(anonymous_3)
FNDA:3,(anonymous_4)
FNDA:2,(anonymous_5)
FNDA:1,(anonymous_6)
FNDA:1,(anonymous_7)
FNDA:2,(anonymous_8)
FNDA:5,(anonymous_9)
DA:1,5
DA:19,5
DA:30,5
DA:32,5
DA:34,5
DA:35,5
DA:36,5
DA:39,0
DA:42,5
DA:44,5
DA:46,5
DA:47,3
DA:49,5
DA:50,2
DA:51,2
DA:52,1
DA:55,1
DA:58,5
DA:59,1
DA:60,1
DA:63,5
DA:64,1
DA:65,1
DA:66,0
DA:69,1
DA:72,5
DA:73,2
DA:74,1
DA:77,1
DA:80,5
DA:81,5
DA:82,5
LF:32
LH:30
BRDA:35,0,0,5
BRDA:35,0,1,0
BRDA:35,1,0,5
BRDA:35,1,1,5
BRDA:51,2,0,1
BRDA:51,2,1,1
BRDA:51,3,0,2
BRDA:51,3,1,2
BRDA:65,4,0,0
BRDA:65,4,1,1
BRDA:65,5,0,1
BRDA:65,5,1,1
BRDA:73,6,0,1
BRDA:73,6,1,1
BRDA:73,7,0,2
BRDA:73,7,1,2
BRDA:81,8,0,5
BRDA:81,8,1,0
BRF:18
BRH:15
end_of_record
TN:
SF:src/domain/models/AuthSession.ts
FN:47,createAuthSession
FN:60,isSessionExpired
FN:75,isAuthenticated
FN:86,toAuthorizationHeader
FN:99,sessionHasRole
FNF:5
FNH:5
FNDA:82,createAuthSession
FNDA:7,isSessionExpired
FNDA:4,isAuthenticated
FNDA:56,toAuthorizationHeader
FNDA:3,sessionHasRole
DA:48,82
DA:64,7
DA:65,3
DA:68,4
DA:79,4
DA:89,56
DA:90,11
DA:93,45
DA:103,3
DA:104,1
DA:107,2
LF:11
LH:11
BRDA:50,0,0,82
BRDA:50,0,1,78
BRDA:51,1,0,82
BRDA:51,1,1,76
BRDA:52,2,0,82
BRDA:52,2,1,78
BRDA:62,3,0,7
BRDA:64,4,0,3
BRDA:64,4,1,4
BRDA:64,5,0,7
BRDA:64,5,1,6
BRDA:77,6,0,4
BRDA:79,7,0,4
BRDA:79,7,1,3
BRDA:89,8,0,11
BRDA:89,8,1,45
BRDA:89,9,0,56
BRDA:89,9,1,46
BRDA:103,10,0,1
BRDA:103,10,1,2
BRDA:103,11,0,3
BRDA:103,11,1,2
BRF:22
BRH:22
end_of_record
TN:
SF:src/domain/models/Subscription.ts
FN:79,(anonymous_0)
FN:83,(anonymous_1)
FN:94,(anonymous_2)
FN:112,(anonymous_3)
FN:139,(anonymous_4)
FN:145,(anonymous_5)
FN:160,(anonymous_6)
FN:164,(anonymous_7)
FN:173,(anonymous_8)
FN:184,(anonymous_9)
FN:199,(anonymous_10)
FN:214,(anonymous_11)
FN:225,(anonymous_12)
FN:236,(anonymous_13)
FNF:14
FNH:14
FNDA:38,(anonymous_0)
FNDA:28,(anonymous_1)
FNDA:5,(anonymous_2)
FNDA:12,(anonymous_3)
FNDA:1,(anonymous_4)
FNDA:3,(anonymous_5)
FNDA:3,(anonymous_6)
FNDA:3,(anonymous_7)
FNDA:8,(anonymous_8)
FNDA:5,(anonymous_9)
FNDA:6,(anonymous_10)
FNDA:4,(anonymous_11)
FNDA:4,(anonymous_12)
FNDA:2,(anonymous_13)
DA:79,3
DA:80,38
DA:83,3
DA:87,28
DA:88,10
DA:91,18
DA:94,3
DA:99,5
DA:100,1
DA:103,4
DA:105,4
DA:106,2
DA:109,2
DA:112,3
DA:113,12
DA:114,1
DA:117,11
DA:118,1
DA:121,10
DA:122,1
DA:125,9
DA:129,12
DA:131,7
DA:133,1
DA:135,1
DA:139,3
DA:142,1
DA:145,3
DA:149,3
DA:150,1
DA:153,2
DA:154,1
DA:157,1
DA:160,3
DA:162,3
DA:164,3
DA:166,3
DA:173,3
DA:177,8
DA:178,0
DA:181,8
DA:184,3
DA:188,5
DA:189,5
DA:190,5
DA:193,0
DA:194,5
DA:199,3
DA:203,6
DA:204,6
DA:205,3
DA:208,3
DA:209,6
DA:214,3
DA:219,4
DA:225,3
DA:230,4
DA:236,3
DA:238,2
LF:59
LH:57
BRDA:87,0,0,10
BRDA:87,0,1,18
BRDA:87,1,0,28
BRDA:87,1,1,12
BRDA:99,2,0,1
BRDA:99,2,1,4
BRDA:105,3,0,2
BRDA:105,3,1,2
BRDA:113,4,0,1
BRDA:113,4,1,11
BRDA:117,5,0,1
BRDA:117,5,1,10
BRDA:121,6,0,1
BRDA:121,6,1,9
BRDA:125,7,0,8
BRDA:125,7,1,1
BRDA:129,8,0,7
BRDA:129,8,1,1
BRDA:129,8,2,1
BRDA:147,9,0,3
BRDA:149,10,0,1
BRDA:149,10,1,2
BRDA:153,11,0,1
BRDA:153,11,1,1
BRDA:166,12,0,3
BRDA:166,12,1,2
BRDA:175,13,0,8
BRDA:177,14,0,0
BRDA:177,14,1,8
BRDA:189,15,0,5
BRDA:189,15,1,0
BRDA:194,16,0,0
BRDA:194,16,1,0
BRDA:204,17,0,3
BRDA:204,17,1,3
BRDA:209,18,0,3
BRDA:209,18,1,0
BRDA:217,19,0,4
BRDA:228,20,0,4
BRF:39
BRH:34
end_of_record
TN:
SF:src/domain/models/User.ts
FN:51,createUser
FN:97,getUserFullName
FN:104,userHasAnyRole
FN:108,userHasRole
FN:112,userHasAddress
FN:116,userHasLocation
FN:120,isPlatformAdminUser
FN:133,isRegularUser
FN:145,getUserCompanyId
FN:149,getUserCompanyName
FN:153,getUserCompanyRole
FN:157,hasCompanyMembership
FN:161,isCompanyOwnerUser
FN:174,isCompanyAdminUser
FNF:14
FNH:14
FNDA:4,createUser
FNDA:2,getUserFullName
FNDA:1,userHasAnyRole
FNDA:5,userHasRole
FNDA:1,userHasAddress
FNDA:1,userHasLocation
FNDA:6,isPlatformAdminUser
FNDA:4,isRegularUser
FNDA:9,getUserCompanyId
FNDA:2,getUserCompanyName
FNDA:3,getUserCompanyRole
FNDA:2,hasCompanyMembership
FNDA:3,isCompanyOwnerUser
FNDA:4,isCompanyAdminUser
DA:73,4
DA:98,2
DA:99,1
DA:101,1
DA:105,1
DA:109,5
DA:113,1
DA:117,1
DA:121,6
DA:122,1
DA:125,5
DA:126,6
DA:127,4
DA:130,1
DA:134,4
DA:135,1
DA:138,3
DA:139,1
DA:142,2
DA:146,9
DA:150,2
DA:154,3
DA:158,2
DA:162,3
DA:163,1
DA:166,2
DA:167,3
DA:168,1
DA:171,1
DA:175,4
DA:176,1
DA:179,3
DA:180,4
DA:181,2
DA:184,1
LF:35
LH:35
BRDA:78,0,0,4
BRDA:78,0,1,0
BRDA:79,1,0,4
BRDA:79,1,1,3
BRDA:80,2,0,4
BRDA:80,2,1,3
BRDA:81,3,0,4
BRDA:81,3,1,3
BRDA:82,4,0,4
BRDA:82,4,1,3
BRDA:83,5,0,4
BRDA:83,5,1,3
BRDA:84,6,0,4
BRDA:84,6,1,3
BRDA:85,7,0,4
BRDA:85,7,1,2
BRDA:86,8,0,4
BRDA:86,8,1,4
BRDA:87,9,0,4
BRDA:87,9,1,4
BRDA:88,10,0,4
BRDA:88,10,1,4
BRDA:89,11,0,4
BRDA:89,11,1,4
BRDA:90,12,0,4
BRDA:90,12,1,2
BRDA:91,13,0,4
BRDA:91,13,1,4
BRDA:92,14,0,4
BRDA:92,14,1,4
BRDA:93,15,0,4
BRDA:93,15,1,4
BRDA:98,16,0,1
BRDA:98,16,1,1
BRDA:98,17,0,2
BRDA:98,17,1,1
BRDA:101,18,0,1
BRDA:101,18,1,0
BRDA:101,19,0,2
BRDA:101,19,1,0
BRDA:105,20,0,1
BRDA:105,20,1,1
BRDA:109,21,0,5
BRDA:109,21,1,5
BRDA:121,22,0,1
BRDA:121,22,1,5
BRDA:126,23,0,4
BRDA:126,23,1,2
BRDA:134,24,0,1
BRDA:134,24,1,3
BRDA:138,25,0,1
BRDA:138,25,1,2
BRDA:146,26,0,9
BRDA:146,26,1,8
BRDA:146,26,2,5
BRDA:150,27,0,2
BRDA:150,27,1,2
BRDA:150,27,2,1
BRDA:154,28,0,3
BRDA:154,28,1,3
BRDA:154,28,2,1
BRDA:162,29,0,1
BRDA:162,29,1,2
BRDA:167,30,0,1
BRDA:167,30,1,2
BRDA:171,31,0,1
BRDA:171,31,1,1
BRDA:175,32,0,1
BRDA:175,32,1,3
BRDA:180,33,0,2
BRDA:180,33,1,2
BRF:71
BRH:68
end_of_record
TN:
SF:src/domain/models/UserRole.ts
FN:1,(anonymous_0)
FN:7,canRoleAccess
FN:23,hasRole
FNF:3
FNH:3
FNDA:9,(anonymous_0)
FNDA:4,canRoleAccess
FNDA:2,hasRole
DA:1,9
DA:2,9
DA:3,9
DA:4,9
DA:11,4
DA:13,1
DA:16,2
DA:19,1
DA:27,2
LF:9
LH:9
BRDA:1,0,0,9
BRDA:1,0,1,9
BRDA:11,1,0,1
BRDA:11,1,1,2
BRDA:11,1,2,1
BRF:5
BRH:5
end_of_record
TN:
SF:src/domain/services/DynamicPropertyService.ts
FN:8,(anonymous_0)
FN:11,(anonymous_1)
FN:14,(anonymous_2)
FN:18,(anonymous_3)
FN:36,(anonymous_4)
FN:61,(anonymous_5)
FN:65,(anonymous_6)
FN:83,(anonymous_7)
FN:87,(anonymous_8)
FN:88,(anonymous_9)
FN:91,(anonymous_10)
FN:105,(anonymous_11)
FN:106,(anonymous_12)
FN:118,(anonymous_13)
FN:138,(anonymous_14)
FN:156,(anonymous_15)
FN:162,(anonymous_16)
FN:162,(anonymous_17)
FN:163,(anonymous_18)
FN:171,(anonymous_19)
FN:174,(anonymous_20)
FN:175,(anonymous_21)
FN:178,(anonymous_22)
FN:191,(anonymous_23)
FN:199,(anonymous_24)
FN:207,(anonymous_25)
FN:209,(anonymous_26)
FN:210,(anonymous_27)
FN:211,(anonymous_28)
FN:212,(anonymous_29)
FN:217,(anonymous_30)
FN:254,(anonymous_31)
FNF:32
FNH:32
FNDA:3,(anonymous_0)
FNDA:4,(anonymous_1)
FNDA:2,(anonymous_2)
FNDA:11,(anonymous_3)
FNDA:2,(anonymous_4)
FNDA:2,(anonymous_5)
FNDA:10,(anonymous_6)
FNDA:2,(anonymous_7)
FNDA:5,(anonymous_8)
FNDA:5,(anonymous_9)
FNDA:9,(anonymous_10)
FNDA:9,(anonymous_11)
FNDA:11,(anonymous_12)
FNDA:26,(anonymous_13)
FNDA:9,(anonymous_14)
FNDA:1,(anonymous_15)
FNDA:5,(anonymous_16)
FNDA:5,(anonymous_17)
FNDA:5,(anonymous_18)
FNDA:4,(anonymous_19)
FNDA:6,(anonymous_20)
FNDA:6,(anonymous_21)
FNDA:5,(anonymous_22)
FNDA:8,(anonymous_23)
FNDA:5,(anonymous_24)
FNDA:10,(anonymous_25)
FNDA:13,(anonymous_26)
FNDA:9,(anonymous_27)
FNDA:9,(anonymous_28)
FNDA:7,(anonymous_29)
FNDA:9,(anonymous_30)
FNDA:6,(anonymous_31)
DA:8,1
DA:9,3
DA:11,1
DA:12,4
DA:14,1
DA:18,11
DA:19,2
DA:21,2
DA:22,11
DA:23,11
DA:24,1
DA:27,10
DA:28,10
DA:29,5
DA:33,2
DA:36,1
DA:40,2
DA:42,2
DA:43,6
DA:44,6
DA:50,0
DA:53,6
DA:54,6
DA:58,2
DA:61,1
DA:65,2
DA:66,10
DA:67,10
DA:68,5
DA:71,5
DA:74,2
DA:83,1
DA:87,5
DA:88,5
DA:90,2
DA:92,9
DA:93,9
DA:95,9
DA:96,1
DA:99,8
DA:105,9
DA:107,11
DA:108,11
DA:110,11
DA:111,7
DA:114,4
DA:118,1
DA:122,26
DA:124,5
DA:126,5
DA:128,5
DA:130,5
DA:132,4
DA:134,2
DA:138,1
DA:142,9
DA:143,2
DA:146,7
DA:147,2
DA:148,2
DA:151,5
DA:152,3
DA:153,1
DA:156,2
DA:157,3
DA:160,2
DA:161,2
DA:162,5
DA:163,5
DA:165,2
DA:168,0
DA:171,1
DA:172,4
DA:174,6
DA:175,6
DA:178,1
DA:182,5
DA:183,0
DA:186,5
DA:187,5
DA:188,1
DA:191,8
DA:192,5
DA:193,2
DA:196,2
DA:199,1
DA:203,5
DA:204,0
DA:207,10
DA:208,5
DA:209,13
DA:210,9
DA:211,9
DA:212,7
DA:214,5
DA:217,1
DA:221,9
DA:222,0
DA:225,9
DA:226,2
DA:227,2
DA:230,0
DA:233,7
DA:234,0
DA:237,7
DA:238,7
DA:239,1
DA:242,6
DA:243,6
DA:244,1
DA:247,5
DA:248,1
DA:251,4
DA:254,1
DA:255,6
DA:257,1
DA:259,1
DA:261,1
DA:263,1
DA:265,1
DA:267,1
LF:121
LH:114
BRDA:9,0,0,3
BRDA:9,0,1,2
BRDA:12,1,0,4
BRDA:12,1,1,3
BRDA:12,1,2,2
BRDA:23,2,0,1
BRDA:23,2,1,10
BRDA:28,3,0,5
BRDA:28,3,1,5
BRDA:44,4,0,0
BRDA:44,4,1,6
BRDA:45,5,0,6
BRDA:45,5,1,6
BRDA:45,5,2,6
BRDA:45,5,3,6
BRDA:45,5,4,1
BRDA:53,6,0,6
BRDA:53,6,1,0
BRDA:67,7,0,5
BRDA:67,7,1,5
BRDA:95,8,0,1
BRDA:95,8,1,8
BRDA:101,9,0,8
BRDA:101,9,1,4
BRDA:107,10,0,11
BRDA:107,10,1,6
BRDA:108,11,0,11
BRDA:108,11,1,4
BRDA:110,12,0,7
BRDA:110,12,1,4
BRDA:122,13,0,5
BRDA:122,13,1,5
BRDA:122,13,2,5
BRDA:122,13,3,5
BRDA:122,13,4,4
BRDA:122,13,5,2
BRDA:124,14,0,2
BRDA:124,14,1,3
BRDA:142,15,0,2
BRDA:142,15,1,7
BRDA:143,16,0,1
BRDA:143,16,1,1
BRDA:146,17,0,2
BRDA:146,17,1,5
BRDA:147,18,0,1
BRDA:147,18,1,1
BRDA:148,19,0,1
BRDA:148,19,1,1
BRDA:151,20,0,3
BRDA:151,20,1,2
BRDA:152,21,0,1
BRDA:152,21,1,2
BRDA:157,22,0,3
BRDA:157,22,1,1
BRDA:160,23,0,2
BRDA:160,23,1,0
BRDA:162,24,0,5
BRDA:162,24,1,3
BRDA:165,25,0,2
BRDA:165,25,1,0
BRDA:182,26,0,0
BRDA:182,26,1,5
BRDA:187,27,0,1
BRDA:187,27,1,4
BRDA:191,28,0,4
BRDA:191,28,1,0
BRDA:192,29,0,2
BRDA:192,29,1,3
BRDA:192,30,0,5
BRDA:192,30,1,4
BRDA:203,31,0,0
BRDA:203,31,1,5
BRDA:207,32,0,5
BRDA:207,32,1,0
BRDA:212,33,0,7
BRDA:212,33,1,7
BRDA:214,34,0,2
BRDA:214,34,1,3
BRDA:221,35,0,0
BRDA:221,35,1,9
BRDA:221,36,0,9
BRDA:221,36,1,9
BRDA:221,36,2,9
BRDA:225,37,0,2
BRDA:225,37,1,7
BRDA:226,38,0,2
BRDA:226,38,1,0
BRDA:230,39,0,0
BRDA:230,39,1,0
BRDA:230,40,0,0
BRDA:230,40,1,0
BRDA:233,41,0,0
BRDA:233,41,1,7
BRDA:238,42,0,1
BRDA:238,42,1,6
BRDA:243,43,0,1
BRDA:243,43,1,5
BRDA:247,44,0,1
BRDA:247,44,1,4
BRDA:247,45,0,5
BRDA:247,45,1,3
BRDA:255,46,0,1
BRDA:255,46,1,1
BRDA:255,46,2,1
BRDA:255,46,3,1
BRDA:255,46,4,1
BRDA:255,46,5,1
BRF:107
BRH:92
end_of_record
TN:
SF:src/domain/services/ProductRentabilityService.ts
FN:17,(anonymous_0)
FN:20,(anonymous_1)
FN:25,(anonymous_2)
FN:43,(anonymous_3)
FN:64,(anonymous_4)
FN:82,(anonymous_5)
FN:111,(anonymous_6)
FNF:7
FNH:7
FNDA:8,(anonymous_0)
FNDA:4,(anonymous_1)
FNDA:8,(anonymous_2)
FNDA:8,(anonymous_3)
FNDA:8,(anonymous_4)
FNDA:8,(anonymous_5)
FNDA:2,(anonymous_6)
DA:17,3
DA:18,8
DA:20,3
DA:21,4
DA:25,3
DA:29,8
DA:30,3
DA:33,5
DA:35,2
DA:37,2
DA:39,1
DA:43,3
DA:48,8
DA:49,3
DA:54,5
DA:56,2
DA:58,2
DA:60,1
DA:64,3
DA:68,8
DA:69,3
DA:72,5
DA:74,2
DA:76,2
DA:78,1
DA:82,3
DA:83,8
DA:84,8
DA:86,8
DA:89,8
DA:97,8
DA:100,8
DA:111,3
DA:115,2
DA:117,2
DA:118,1
DA:121,1
LF:37
LH:37
BRDA:18,0,0,8
BRDA:18,0,1,5
BRDA:21,1,0,4
BRDA:21,1,1,0
BRDA:21,1,2,0
BRDA:29,2,0,3
BRDA:29,2,1,5
BRDA:33,3,0,5
BRDA:33,3,1,2
BRDA:33,3,2,1
BRDA:48,4,0,3
BRDA:48,4,1,5
BRDA:49,5,0,1
BRDA:49,5,1,2
BRDA:54,6,0,5
BRDA:54,6,1,2
BRDA:54,6,2,1
BRDA:68,7,0,3
BRDA:68,7,1,5
BRDA:72,8,0,5
BRDA:72,8,1,2
BRDA:72,8,2,1
BRDA:83,9,0,8
BRDA:83,9,1,3
BRDA:84,10,0,8
BRDA:84,10,1,4
BRDA:86,11,0,4
BRDA:86,11,1,4
BRDA:87,12,0,4
BRDA:87,12,1,0
BRDA:88,13,0,4
BRDA:88,13,1,0
BRDA:89,14,0,8
BRDA:89,14,1,6
BRDA:91,15,0,2
BRDA:91,15,1,4
BRDA:93,16,0,1
BRDA:93,16,1,3
BRDA:93,17,0,4
BRDA:93,17,1,2
BRDA:97,18,0,8
BRDA:97,18,1,3
BRDA:98,19,0,3
BRDA:98,19,1,3
BRDA:98,19,2,1
BRDA:98,19,3,0
BRDA:113,20,0,2
BRDA:117,21,0,1
BRDA:117,21,1,1
BRDA:117,22,0,2
BRDA:117,22,1,1
BRDA:117,22,2,1
BRF:52
BRH:47
end_of_record
TN:
SF:src/domain/services/RentalFilterService.ts
FN:19,(anonymous_0)
FN:23,(anonymous_1)
FN:38,(anonymous_2)
FN:45,(anonymous_3)
FN:79,(anonymous_4)
FN:86,(anonymous_5)
FN:90,(anonymous_6)
FN:91,(anonymous_7)
FN:92,(anonymous_8)
FN:99,(anonymous_9)
FN:103,(anonymous_10)
FNF:11
FNH:11
FNDA:1,(anonymous_0)
FNDA:1,(anonymous_1)
FNDA:1,(anonymous_2)
FNDA:26,(anonymous_3)
FNDA:6,(anonymous_4)
FNDA:1,(anonymous_5)
FNDA:3,(anonymous_6)
FNDA:3,(anonymous_7)
FNDA:3,(anonymous_8)
FNDA:1,(anonymous_9)
FNDA:2,(anonymous_10)
DA:9,1
DA:15,1
DA:20,18
DA:24,26
DA:25,4
DA:28,22
DA:29,4
DA:32,18
DA:42,8
DA:43,8
DA:45,8
DA:47,26
DA:55,26
DA:60,26
DA:61,26
DA:63,26
DA:73,26
DA:75,26
DA:78,8
DA:79,6
DA:87,1
DA:89,1
DA:90,3
DA:91,3
DA:92,3
DA:100,2
DA:101,2
DA:103,2
DA:104,2
DA:105,2
DA:107,2
DA:108,2
DA:110,2
LF:33
LH:33
BRDA:20,0,0,18
BRDA:20,0,1,17
BRDA:24,1,0,4
BRDA:24,1,1,22
BRDA:28,2,0,4
BRDA:28,2,1,18
BRDA:47,3,0,9
BRDA:47,3,1,17
BRDA:47,4,0,9
BRDA:47,4,1,8
BRDA:47,4,2,7
BRDA:47,4,3,7
BRDA:51,5,0,7
BRDA:51,5,1,0
BRDA:55,6,0,0
BRDA:55,6,1,26
BRDA:63,7,0,3
BRDA:63,7,1,23
BRDA:63,8,0,26
BRDA:63,8,1,3
BRDA:64,9,0,3
BRDA:64,9,1,2
BRDA:64,9,2,2
BRDA:64,9,3,2
BRDA:64,9,4,1
BRDA:64,9,5,0
BRDA:67,10,0,0
BRDA:67,10,1,23
BRDA:68,11,0,0
BRDA:68,11,1,0
BRDA:69,12,0,0
BRDA:69,12,1,23
BRDA:70,13,0,0
BRDA:70,13,1,0
BRDA:75,14,0,26
BRDA:75,14,1,20
BRDA:75,14,2,20
BRDA:75,14,3,19
BRDA:91,15,0,3
BRDA:91,15,1,2
BRDA:92,16,0,3
BRDA:92,16,1,2
BRDA:110,17,0,2
BRDA:110,17,1,2
BRF:44
BRH:35
end_of_record
TN:
SF:src/domain/services/RentalStateMachineService.ts
FN:35,(anonymous_0)
FN:51,(anonymous_1)
FN:63,(anonymous_2)
FN:173,(anonymous_3)
FN:208,(anonymous_4)
FNF:5
FNH:5
FNDA:1,(anonymous_0)
FNDA:1,(anonymous_1)
FNDA:1,(anonymous_2)
FNDA:1,(anonymous_3)
FNDA:1,(anonymous_4)
DA:20,1
DA:28,1
DA:36,4
DA:37,4
DA:38,4
DA:40,4
DA:41,1
DA:42,0
DA:45,1
DA:48,3
DA:52,3
DA:53,1
DA:56,2
DA:57,2
DA:60,0
DA:68,10
DA:69,10
DA:70,10
DA:71,10
DA:72,10
DA:74,10
DA:75,1
DA:78,9
DA:79,1
DA:80,1
DA:86,1
DA:93,1
DA:94,1
DA:101,1
DA:104,8
DA:105,5
DA:106,2
DA:113,5
DA:114,1
DA:121,5
DA:122,3
DA:129,5
DA:130,5
DA:137,5
DA:140,3
DA:141,2
DA:142,1
DA:149,2
DA:150,2
DA:157,2
DA:160,1
DA:161,1
DA:162,1
DA:170,1
DA:177,8
DA:178,1
DA:181,7
DA:182,3
DA:183,1
DA:186,2
DA:187,1
DA:190,1
DA:191,1
DA:194,0
DA:197,4
DA:198,2
DA:201,2
DA:202,1
DA:205,1
DA:213,10
DA:217,10
DA:218,1
DA:226,9
DA:227,1
DA:235,8
DA:236,2
DA:237,1
DA:245,1
DA:246,1
DA:255,6
DA:256,1
DA:267,5
DA:268,1
DA:276,4
DA:277,1
DA:285,3
DA:286,1
DA:294,2
DA:295,1
DA:303,1
LF:85
LH:82
BRDA:38,0,0,2
BRDA:38,0,1,2
BRDA:38,1,0,4
BRDA:38,1,1,2
BRDA:40,2,0,1
BRDA:40,2,1,3
BRDA:41,3,0,0
BRDA:41,3,1,1
BRDA:52,4,0,1
BRDA:52,4,1,2
BRDA:56,5,0,2
BRDA:56,5,1,0
BRDA:66,6,0,10
BRDA:72,7,0,10
BRDA:72,7,1,5
BRDA:74,8,0,1
BRDA:74,8,1,9
BRDA:78,9,0,1
BRDA:78,9,1,8
BRDA:79,10,0,1
BRDA:79,10,1,0
BRDA:79,11,0,1
BRDA:79,11,1,0
BRDA:93,12,0,1
BRDA:93,12,1,0
BRDA:93,13,0,1
BRDA:93,13,1,0
BRDA:93,13,2,0
BRDA:96,14,0,0
BRDA:96,14,1,1
BRDA:104,15,0,5
BRDA:104,15,1,3
BRDA:105,16,0,2
BRDA:105,16,1,3
BRDA:105,17,0,5
BRDA:105,17,1,4
BRDA:105,17,2,4
BRDA:105,17,3,3
BRDA:108,18,0,0
BRDA:108,18,1,2
BRDA:113,19,0,1
BRDA:113,19,1,4
BRDA:113,20,0,5
BRDA:113,20,1,1
BRDA:121,21,0,3
BRDA:121,21,1,2
BRDA:129,22,0,5
BRDA:129,22,1,0
BRDA:129,23,0,5
BRDA:129,23,1,4
BRDA:129,23,2,3
BRDA:140,24,0,2
BRDA:140,24,1,1
BRDA:141,25,0,1
BRDA:141,25,1,1
BRDA:141,26,0,2
BRDA:141,26,1,1
BRDA:141,26,2,2
BRDA:149,27,0,2
BRDA:149,27,1,0
BRDA:149,28,0,2
BRDA:149,28,1,1
BRDA:149,28,2,0
BRDA:160,29,0,1
BRDA:160,29,1,0
BRDA:161,30,0,1
BRDA:161,30,1,0
BRDA:161,31,0,1
BRDA:161,31,1,1
BRDA:161,31,2,0
BRDA:175,32,0,8
BRDA:177,33,0,1
BRDA:177,33,1,7
BRDA:181,34,0,3
BRDA:181,34,1,4
BRDA:182,35,0,1
BRDA:182,35,1,2
BRDA:182,36,0,3
BRDA:182,36,1,3
BRDA:186,37,0,1
BRDA:186,37,1,1
BRDA:190,38,0,1
BRDA:190,38,1,0
BRDA:197,39,0,2
BRDA:197,39,1,2
BRDA:198,40,0,1
BRDA:198,40,1,1
BRDA:201,41,0,1
BRDA:201,41,1,1
BRDA:210,42,0,10
BRDA:213,43,0,10
BRDA:213,43,1,3
BRDA:213,43,2,3
BRDA:217,44,0,1
BRDA:217,44,1,9
BRDA:226,45,0,1
BRDA:226,45,1,8
BRDA:235,46,0,2
BRDA:235,46,1,6
BRDA:236,47,0,1
BRDA:236,47,1,1
BRDA:245,48,0,1
BRDA:245,48,1,0
BRDA:255,49,0,1
BRDA:255,49,1,5
BRDA:257,50,0,0
BRDA:257,50,1,1
BRDA:259,51,0,0
BRDA:259,51,1,1
BRDA:262,52,0,0
BRDA:262,52,1,1
BRDA:263,53,0,0
BRDA:263,53,1,1
BRDA:267,54,0,1
BRDA:267,54,1,4
BRDA:276,55,0,1
BRDA:276,55,1,3
BRDA:285,56,0,1
BRDA:285,56,1,2
BRDA:294,57,0,1
BRDA:294,57,1,1
BRF:121
BRH:100
end_of_record
TN:
SF:src/domain/services/navigation/NavigationConfig.ts
FN:11,(anonymous_0)
FN:25,(anonymous_1)
FN:54,(anonymous_2)
FN:78,(anonymous_3)
FN:124,(anonymous_4)
FN:141,(anonymous_5)
FN:150,(anonymous_6)
FNF:7
FNH:7
FNDA:2,(anonymous_0)
FNDA:2,(anonymous_1)
FNDA:2,(anonymous_2)
FNDA:2,(anonymous_3)
FNDA:2,(anonymous_4)
FNDA:2,(anonymous_5)
FNDA:2,(anonymous_6)
DA:11,2
DA:25,1
DA:26,2
DA:35,2
DA:36,1
DA:44,2
DA:51,2
DA:54,2
DA:78,1
DA:83,2
DA:84,1
DA:94,1
DA:95,1
DA:103,1
DA:106,1
DA:124,2
DA:141,2
DA:150,1
DA:155,2
LF:19
LH:19
BRDA:35,0,0,1
BRDA:35,0,1,1
BRDA:83,1,0,1
BRDA:83,1,1,1
BRDA:83,2,0,2
BRDA:83,2,1,1
BRDA:94,3,0,1
BRDA:94,3,1,0
BRF:8
BRH:7
end_of_record
TN:
SF:src/domain/valueObject/uuidv4.ts
FN:8,(anonymous_0)
FN:10,(anonymous_1)
FN:15,(anonymous_2)
FN:22,(anonymous_3)
FN:32,(anonymous_4)
FN:39,(anonymous_5)
FN:49,(anonymous_6)
FNF:7
FNH:7
FNDA:4,(anonymous_0)
FNDA:3,(anonymous_1)
FNDA:3,(anonymous_2)
FNDA:4,(anonymous_3)
FNDA:3,(anonymous_4)
FNDA:31,(anonymous_5)
FNDA:3,(anonymous_6)
DA:8,4
DA:11,3
DA:12,3
DA:16,2
DA:17,1
DA:19,1
DA:23,4
DA:33,3
DA:34,2
DA:38,1
DA:39,1
DA:40,31
DA:41,31
DA:42,31
DA:51,5
DA:52,5
LF:16
LH:16
BRDA:16,0,0,1
BRDA:16,0,1,1
BRDA:33,1,0,2
BRDA:33,1,1,1
BRDA:33,2,0,3
BRDA:33,2,1,3
BRDA:41,3,0,30
BRDA:41,3,1,1
BRF:8
BRH:8
end_of_record
TN:
SF:src/hooks/useSeo.ts
FN:5,setMeta
FN:15,setProperty
FN:27,(anonymous_2)
FN:28,(anonymous_3)
FN:39,(anonymous_4)
FN:40,(anonymous_5)
FN:78,(anonymous_6)
FN:79,(anonymous_7)
FNF:8
FNH:7
FNDA:28,setMeta
FNDA:20,setProperty
FNDA:4,(anonymous_2)
FNDA:0,(anonymous_3)
FNDA:5,(anonymous_4)
FNDA:5,(anonymous_5)
FNDA:4,(anonymous_6)
FNDA:4,(anonymous_7)
DA:6,28
DA:7,28
DA:8,7
DA:9,7
DA:10,7
DA:12,28
DA:16,20
DA:17,20
DA:18,5
DA:19,5
DA:20,5
DA:22,20
DA:25,1
DA:27,1
DA:28,4
DA:30,4
DA:31,4
DA:32,4
DA:33,4
DA:34,4
DA:35,4
DA:39,1
DA:40,5
DA:41,5
DA:43,4
DA:45,4
DA:47,4
DA:48,4
DA:49,4
DA:51,4
DA:52,4
DA:53,4
DA:54,4
DA:55,4
DA:57,4
DA:58,4
DA:59,4
DA:60,4
DA:62,4
DA:63,4
DA:67,4
DA:68,1
DA:69,1
DA:70,1
DA:73,4
DA:76,4
DA:78,5
DA:79,4
LF:48
LH:48
BRDA:7,0,0,7
BRDA:7,0,1,21
BRDA:17,1,0,5
BRDA:17,1,1,15
BRDA:41,2,0,1
BRDA:41,2,1,4
BRDA:47,3,0,4
BRDA:47,3,1,0
BRDA:48,4,0,4
BRDA:48,4,1,0
BRDA:48,5,0,4
BRDA:48,5,1,4
BRDA:49,6,0,4
BRDA:49,6,1,0
BRDA:51,7,0,4
BRDA:51,7,1,0
BRDA:52,8,0,4
BRDA:52,8,1,0
BRDA:53,9,0,4
BRDA:53,9,1,0
BRDA:54,10,0,4
BRDA:54,10,1,0
BRDA:55,11,0,4
BRDA:55,11,1,0
BRDA:57,12,0,4
BRDA:57,12,1,0
BRDA:58,13,0,4
BRDA:58,13,1,0
BRDA:59,14,0,4
BRDA:59,14,1,0
BRDA:60,15,0,4
BRDA:60,15,1,0
BRDA:62,16,0,4
BRDA:62,16,1,0
BRDA:67,17,0,1
BRDA:67,17,1,3
BRDA:76,18,0,4
BRDA:76,18,1,0
BRF:38
BRH:24
end_of_record
TN:
SF:src/hooks/useStatsDateRange.ts
FN:19,(anonymous_0)
FN:28,(anonymous_1)
FN:30,(anonymous_2)
FN:41,(anonymous_3)
FN:56,(anonymous_4)
FN:80,(anonymous_5)
FN:88,(anonymous_6)
FN:98,(anonymous_7)
FN:108,(anonymous_8)
FNF:9
FNH:9
FNDA:10,(anonymous_0)
FNDA:3,(anonymous_1)
FNDA:3,(anonymous_2)
FNDA:8,(anonymous_3)
FNDA:6,(anonymous_4)
FNDA:1,(anonymous_5)
FNDA:2,(anonymous_6)
FNDA:2,(anonymous_7)
FNDA:2,(anonymous_8)
DA:12,1
DA:19,1
DA:22,10
DA:23,10
DA:28,10
DA:29,10
DA:30,3
DA:34,10
DA:38,10
DA:39,10
DA:41,10
DA:42,8
DA:43,0
DA:46,8
DA:52,10
DA:56,10
DA:57,6
DA:58,1
DA:61,5
DA:62,1
DA:63,1
DA:64,1
DA:67,4
DA:68,4
DA:69,1
DA:70,1
DA:73,3
DA:77,3
DA:80,10
DA:81,1
DA:82,1
DA:83,1
DA:84,1
DA:85,1
DA:88,10
DA:89,2
DA:90,1
DA:93,1
DA:94,1
DA:95,2
DA:98,10
DA:99,2
DA:100,1
DA:103,1
DA:104,1
DA:105,2
DA:108,10
DA:109,2
DA:116,10
LF:49
LH:48
BRDA:20,0,0,10
BRDA:22,1,0,10
BRDA:22,1,1,0
BRDA:25,2,0,10
BRDA:25,2,1,0
BRDA:42,3,0,0
BRDA:42,3,1,8
BRDA:42,4,0,8
BRDA:42,4,1,8
BRDA:52,5,0,10
BRDA:52,5,1,0
BRDA:52,6,0,10
BRDA:52,6,1,10
BRDA:57,7,0,1
BRDA:57,7,1,5
BRDA:61,8,0,1
BRDA:61,8,1,4
BRDA:68,9,0,1
BRDA:68,9,1,3
BRDA:89,10,0,1
BRDA:89,10,1,1
BRDA:94,11,0,1
BRDA:94,11,1,0
BRDA:94,12,0,1
BRDA:94,12,1,1
BRDA:99,13,0,1
BRDA:99,13,1,1
BRDA:104,14,0,0
BRDA:104,14,1,1
BRDA:104,15,0,1
BRDA:104,15,1,1
BRDA:110,16,0,2
BRDA:110,16,1,2
BRDA:110,16,2,2
BRDA:110,16,3,1
BRF:35
BRH:29
end_of_record
TN:
SF:src/infrastructure/auth/AuthSessionStorage.ts
FN:16,getStorage
FN:32,decodeJwtPayload
FN:58,mapRoles
FN:66,(anonymous_3)
FN:67,(anonymous_4)
FN:85,(anonymous_5)
FN:97,(anonymous_6)
FN:109,(anonymous_7)
FN:127,(anonymous_8)
FN:154,(anonymous_9)
FNF:10
FNH:10
FNDA:11,getStorage
FNDA:8,decodeJwtPayload
FNDA:4,mapRoles
FNDA:4,(anonymous_3)
FNDA:4,(anonymous_4)
FNDA:4,(anonymous_5)
FNDA:2,(anonymous_6)
FNDA:5,(anonymous_7)
FNDA:8,(anonymous_8)
FNDA:4,(anonymous_9)
DA:4,2
DA:17,11
DA:18,1
DA:21,10
DA:22,10
DA:24,3
DA:33,8
DA:34,8
DA:35,8
DA:37,6
DA:41,6
DA:42,6
DA:44,6
DA:45,1
DA:48,4
DA:50,1
DA:59,4
DA:60,2
DA:63,2
DA:65,2
DA:66,4
DA:68,4
DA:86,4
DA:87,4
DA:88,3
DA:91,4
DA:98,2
DA:99,2
DA:100,1
DA:103,1
DA:110,5
DA:111,5
DA:112,2
DA:115,3
DA:116,3
DA:117,2
DA:120,1
DA:128,8
DA:130,8
DA:131,4
DA:135,4
DA:139,8
DA:142,8
DA:146,8
DA:155,4
DA:156,4
DA:157,1
DA:160,3
LF:48
LH:48
BRDA:17,0,0,1
BRDA:17,0,1,10
BRDA:35,1,0,2
BRDA:35,1,1,6
BRDA:44,2,0,1
BRDA:44,2,1,5
BRDA:44,3,0,6
BRDA:44,3,1,5
BRDA:59,4,0,2
BRDA:59,4,1,2
BRDA:87,5,0,3
BRDA:87,5,1,1
BRDA:99,6,0,1
BRDA:99,6,1,1
BRDA:111,7,0,2
BRDA:111,7,1,3
BRDA:116,8,0,2
BRDA:116,8,1,1
BRDA:130,9,0,4
BRDA:130,9,1,4
BRDA:135,10,0,3
BRDA:135,10,1,1
BRDA:135,11,0,4
BRDA:135,11,1,4
BRDA:142,12,0,1
BRDA:142,12,1,3
BRDA:156,13,0,1
BRDA:156,13,1,3
BRF:28
BRH:28
end_of_record
TN:
SF:src/infrastructure/http/ApiClient.ts
FN:20,(anonymous_0)
FN:56,(anonymous_1)
FN:61,(anonymous_2)
FN:65,(anonymous_3)
FN:73,(anonymous_4)
FN:93,(anonymous_5)
FN:96,(anonymous_6)
FN:104,(anonymous_7)
FN:112,(anonymous_8)
FNF:9
FNH:8
FNDA:2,(anonymous_0)
FNDA:11,(anonymous_1)
FNDA:5,(anonymous_2)
FNDA:4,(anonymous_3)
FNDA:1,(anonymous_4)
FNDA:1,(anonymous_5)
FNDA:0,(anonymous_6)
FNDA:1,(anonymous_7)
FNDA:10,(anonymous_8)
DA:21,2
DA:22,2
DA:23,2
DA:24,2
DA:26,2
DA:57,11
DA:58,11
DA:62,5
DA:70,4
DA:78,1
DA:80,1
DA:86,1
DA:88,1
DA:93,1
DA:101,0
DA:109,1
DA:118,10
DA:120,10
DA:125,10
DA:130,10
DA:131,4
DA:133,1
DA:135,3
DA:136,3
DA:140,10
DA:142,10
DA:145,2
DA:147,2
DA:153,2
DA:156,2
DA:159,8
DA:160,2
DA:164,6
DA:166,10
DA:167,1
DA:170,5
DA:171,1
DA:175,4
DA:176,4
DA:177,0
DA:180,4
DA:181,4
DA:184,1
LF:43
LH:41
BRDA:58,0,0,11
BRDA:58,0,1,10
BRDA:82,1,0,1
BRDA:82,1,1,1
BRDA:86,2,0,0
BRDA:86,2,1,1
BRDA:122,3,0,10
BRDA:122,3,1,9
BRDA:130,4,0,4
BRDA:130,4,1,6
BRDA:131,5,0,1
BRDA:131,5,1,3
BRDA:142,6,0,2
BRDA:142,6,1,8
BRDA:153,7,0,2
BRDA:153,7,1,1
BRDA:159,8,0,2
BRDA:159,8,1,6
BRDA:159,9,0,8
BRDA:159,9,1,7
BRDA:164,10,0,6
BRDA:164,10,1,4
BRDA:166,11,0,1
BRDA:166,11,1,9
BRDA:170,12,0,1
BRDA:170,12,1,4
BRDA:176,13,0,0
BRDA:176,13,1,4
BRF:28
BRH:26
end_of_record
TN:
SF:src/infrastructure/repositories/ApiAuthRepository.ts
FN:66,(anonymous_0)
FN:71,(anonymous_1)
FN:89,(anonymous_2)
FN:104,(anonymous_3)
FN:123,(anonymous_4)
FN:135,(anonymous_5)
FN:179,(anonymous_6)
FN:190,(anonymous_7)
FN:194,(anonymous_8)
FNF:9
FNH:9
FNDA:12,(anonymous_0)
FNDA:2,(anonymous_1)
FNDA:1,(anonymous_2)
FNDA:3,(anonymous_3)
FNDA:1,(anonymous_4)
FNDA:4,(anonymous_5)
FNDA:1,(anonymous_6)
FNDA:1,(anonymous_7)
FNDA:1,(anonymous_8)
DA:67,12
DA:68,12
DA:72,2
DA:80,2
DA:82,2
DA:83,1
DA:86,1
DA:90,1
DA:99,1
DA:105,3
DA:107,3
DA:108,3
DA:120,3
DA:124,1
DA:126,1
DA:136,4
DA:138,4
DA:139,1
DA:142,3
DA:147,3
DA:151,3
DA:153,4
DA:154,1
DA:158,2
DA:164,2
DA:180,1
DA:185,1
DA:191,1
DA:195,1
LF:29
LH:29
BRDA:82,0,0,1
BRDA:82,0,1,1
BRDA:109,1,0,2
BRDA:109,1,1,1
BRDA:138,2,0,1
BRDA:138,2,1,3
BRDA:138,3,0,4
BRDA:138,3,1,3
BRDA:151,4,0,3
BRDA:151,4,1,2
BRDA:153,5,0,1
BRDA:153,5,1,3
BRF:12
BRH:12
end_of_record
TN:
SF:src/infrastructure/repositories/ApiBillingRepository.ts
FN:59,(anonymous_0)
FN:64,(anonymous_1)
FN:70,(anonymous_2)
FN:93,(anonymous_3)
FN:114,(anonymous_4)
FN:135,(anonymous_5)
FNF:6
FNH:6
FNDA:6,(anonymous_0)
FNDA:5,(anonymous_1)
FNDA:2,(anonymous_2)
FNDA:1,(anonymous_3)
FNDA:1,(anonymous_4)
FNDA:1,(anonymous_5)
DA:60,6
DA:61,6
DA:65,5
DA:66,5
DA:67,5
DA:73,2
DA:75,2
DA:82,2
DA:88,2
DA:96,1
DA:98,1
DA:103,1
DA:109,1
DA:117,1
DA:119,1
DA:124,1
DA:130,1
DA:138,1
DA:140,1
DA:144,1
DA:145,1
DA:148,1
DA:154,1
LF:23
LH:23
BRDA:67,0,0,4
BRDA:67,0,1,1
BRDA:144,1,0,1
BRDA:144,1,1,0
BRF:4
BRH:3
end_of_record
TN:
SF:src/infrastructure/repositories/ApiBlogRepository.ts
FN:19,(anonymous_0)
FN:24,(anonymous_1)
FN:35,(anonymous_2)
FN:47,(anonymous_3)
FN:56,(anonymous_4)
FN:72,(anonymous_5)
FN:84,(anonymous_6)
FN:106,(anonymous_7)
FN:125,(anonymous_8)
FN:132,(anonymous_9)
FN:143,(anonymous_10)
FN:154,(anonymous_11)
FN:165,(anonymous_12)
FN:179,(anonymous_13)
FN:180,(anonymous_14)
FN:181,(anonymous_15)
FN:184,(anonymous_16)
FN:198,(anonymous_17)
FN:205,(anonymous_18)
FN:217,(anonymous_19)
FN:218,(anonymous_20)
FN:224,(anonymous_21)
FN:233,(anonymous_22)
FN:268,(anonymous_23)
FN:288,(anonymous_24)
FN:300,(anonymous_25)
FN:308,(anonymous_26)
FN:312,(anonymous_27)
FN:320,(anonymous_28)
FN:325,(anonymous_29)
FNF:30
FNH:30
FNDA:4,(anonymous_0)
FNDA:11,(anonymous_1)
FNDA:1,(anonymous_2)
FNDA:1,(anonymous_3)
FNDA:1,(anonymous_4)
FNDA:1,(anonymous_5)
FNDA:1,(anonymous_6)
FNDA:1,(anonymous_7)
FNDA:1,(anonymous_8)
FNDA:1,(anonymous_9)
FNDA:1,(anonymous_10)
FNDA:1,(anonymous_11)
FNDA:1,(anonymous_12)
FNDA:2,(anonymous_13)
FNDA:2,(anonymous_14)
FNDA:2,(anonymous_15)
FNDA:1,(anonymous_16)
FNDA:1,(anonymous_17)
FNDA:2,(anonymous_18)
FNDA:3,(anonymous_19)
FNDA:3,(anonymous_20)
FNDA:1,(anonymous_21)
FNDA:4,(anonymous_22)
FNDA:6,(anonymous_23)
FNDA:4,(anonymous_24)
FNDA:114,(anonymous_25)
FNDA:134,(anonymous_26)
FNDA:83,(anonymous_27)
FNDA:4,(anonymous_28)
FNDA:3,(anonymous_29)
DA:20,4
DA:21,4
DA:25,11
DA:26,11
DA:27,0
DA:30,11
DA:36,1
DA:38,1
DA:39,1
DA:40,1
DA:42,1
DA:44,1
DA:48,1
DA:49,1
DA:50,0
DA:52,1
DA:57,1
DA:59,1
DA:60,1
DA:61,1
DA:62,1
DA:64,1
DA:69,1
DA:73,1
DA:74,1
DA:78,1
DA:80,0
DA:85,1
DA:107,1
DA:126,1
DA:133,1
DA:144,1
DA:155,1
DA:166,1
DA:170,1
DA:171,1
DA:172,1
DA:178,1
DA:179,2
DA:180,2
DA:181,2
DA:185,1
DA:199,1
DA:206,2
DA:207,2
DA:209,2
DA:215,2
DA:217,3
DA:218,3
DA:225,1
DA:226,1
DA:227,0
DA:230,1
DA:234,4
DA:236,4
DA:240,4
DA:241,4
DA:242,4
DA:243,4
DA:245,4
DA:269,6
DA:270,2
DA:273,4
DA:274,4
DA:275,4
DA:277,4
DA:278,2
DA:281,2
DA:289,4
DA:290,0
DA:293,4
DA:294,4
DA:297,0
DA:301,114
DA:302,0
DA:305,114
DA:309,134
DA:313,83
DA:314,48
DA:317,35
DA:321,4
DA:322,3
DA:325,3
LF:83
LH:76
BRDA:26,0,0,0
BRDA:26,0,1,11
BRDA:35,1,0,1
BRDA:38,2,0,1
BRDA:38,2,1,0
BRDA:39,3,0,1
BRDA:39,3,1,0
BRDA:40,4,0,1
BRDA:40,4,1,0
BRDA:42,5,0,1
BRDA:42,5,1,0
BRDA:56,6,0,1
BRDA:59,7,0,1
BRDA:59,7,1,0
BRDA:60,8,0,1
BRDA:60,8,1,0
BRDA:61,9,0,1
BRDA:61,9,1,0
BRDA:62,10,0,1
BRDA:62,10,1,0
BRDA:65,11,0,1
BRDA:65,11,1,0
BRDA:93,12,0,1
BRDA:93,12,1,0
BRDA:94,13,0,1
BRDA:94,13,1,0
BRDA:95,14,0,1
BRDA:95,14,1,1
BRDA:96,15,0,1
BRDA:96,15,1,0
BRDA:97,16,0,1
BRDA:97,16,1,0
BRDA:115,17,0,1
BRDA:115,17,1,1
BRDA:116,18,0,1
BRDA:116,18,1,0
BRDA:172,19,0,0
BRDA:172,19,1,1
BRDA:174,20,0,1
BRDA:174,20,1,0
BRDA:209,21,0,1
BRDA:209,21,1,1
BRDA:211,22,0,1
BRDA:211,22,1,0
BRDA:219,23,0,2
BRDA:219,23,1,1
BRDA:220,24,0,2
BRDA:220,24,1,1
BRDA:226,25,0,0
BRDA:226,25,1,1
BRDA:234,26,0,4
BRDA:234,26,1,0
BRDA:236,27,0,3
BRDA:236,27,1,1
BRDA:236,28,0,4
BRDA:236,28,1,3
BRDA:236,28,2,1
BRDA:241,29,0,1
BRDA:241,29,1,3
BRDA:246,30,0,4
BRDA:246,30,1,0
BRDA:247,31,0,4
BRDA:247,31,1,0
BRDA:248,32,0,4
BRDA:248,32,1,0
BRDA:250,33,0,4
BRDA:250,33,1,0
BRDA:258,34,0,4
BRDA:258,34,1,0
BRDA:261,35,0,4
BRDA:261,35,1,3
BRDA:261,35,2,0
BRDA:262,36,0,4
BRDA:262,36,1,4
BRDA:262,37,0,4
BRDA:262,37,1,0
BRDA:263,38,0,4
BRDA:263,38,1,4
BRDA:263,38,2,0
BRDA:269,39,0,2
BRDA:269,39,1,4
BRDA:277,40,0,2
BRDA:277,40,1,2
BRDA:277,41,0,4
BRDA:277,41,1,3
BRDA:277,41,2,2
BRDA:289,42,0,0
BRDA:289,42,1,4
BRDA:293,43,0,4
BRDA:293,43,1,0
BRDA:293,44,0,4
BRDA:293,44,1,4
BRDA:301,45,0,0
BRDA:301,45,1,114
BRDA:309,46,0,134
BRDA:309,46,1,129
BRDA:313,47,0,48
BRDA:313,47,1,35
BRDA:321,48,0,3
BRDA:321,48,1,1
BRF:100
BRH:69
end_of_record
TN:
SF:src/infrastructure/repositories/ApiCaptchaRepository.ts
FN:16,(anonymous_0)
FN:18,(anonymous_1)
FN:29,(anonymous_2)
FNF:3
FNH:3
FNDA:2,(anonymous_0)
FNDA:2,(anonymous_1)
FNDA:2,(anonymous_2)
DA:16,2
DA:19,2
DA:20,2
DA:21,2
DA:23,2
DA:30,2
DA:31,1
DA:34,1
LF:8
LH:8
BRDA:21,0,0,2
BRDA:21,0,1,1
BRDA:21,0,2,0
BRDA:25,1,0,1
BRDA:25,1,1,1
BRDA:25,2,0,2
BRDA:25,2,1,2
BRDA:30,3,0,1
BRDA:30,3,1,1
BRDA:30,4,0,2
BRDA:30,4,1,2
BRDA:30,4,2,2
BRDA:30,4,3,1
BRDA:30,4,4,1
BRF:14
BRH:13
end_of_record
TN:
SF:src/infrastructure/repositories/ApiCategoryRepository.ts
FN:78,(anonymous_0)
FN:96,(anonymous_1)
FN:105,(anonymous_2)
FN:117,(anonymous_3)
FN:122,(anonymous_4)
FN:136,(anonymous_5)
FN:141,(anonymous_6)
FN:147,(anonymous_7)
FN:173,(anonymous_8)
FN:184,(anonymous_9)
FN:195,(anonymous_10)
FN:208,(anonymous_11)
FN:214,(anonymous_12)
FN:217,(anonymous_13)
FN:219,(anonymous_14)
FN:240,(anonymous_15)
FN:245,(anonymous_16)
FNF:17
FNH:17
FNDA:3,(anonymous_0)
FNDA:2,(anonymous_1)
FNDA:2,(anonymous_2)
FNDA:1,(anonymous_3)
FNDA:2,(anonymous_4)
FNDA:2,(anonymous_5)
FNDA:6,(anonymous_6)
FNDA:1,(anonymous_7)
FNDA:1,(anonymous_8)
FNDA:1,(anonymous_9)
FNDA:1,(anonymous_10)
FNDA:2,(anonymous_11)
FNDA:1,(anonymous_12)
FNDA:1,(anonymous_13)
FNDA:2,(anonymous_14)
FNDA:1,(anonymous_15)
FNDA:1,(anonymous_16)
DA:76,2
DA:78,2
DA:79,3
DA:81,3
DA:96,2
DA:105,2
DA:117,2
DA:122,2
DA:124,2
DA:137,2
DA:138,2
DA:142,6
DA:143,6
DA:144,6
DA:148,1
DA:150,1
DA:151,1
DA:152,1
DA:153,1
DA:155,1
DA:156,1
DA:157,1
DA:160,1
DA:161,1
DA:163,1
DA:165,1
DA:174,1
DA:175,1
DA:180,1
DA:181,1
DA:185,1
DA:186,1
DA:191,1
DA:192,1
DA:196,1
DA:197,1
DA:202,1
DA:207,1
DA:208,2
DA:210,1
DA:211,0
DA:214,1
DA:218,1
DA:219,1
DA:220,2
DA:223,1
DA:224,1
DA:225,1
DA:227,1
DA:231,1
DA:241,1
DA:242,1
DA:246,1
DA:247,1
LF:54
LH:53
BRDA:79,0,0,3
BRDA:79,0,1,3
BRDA:79,0,2,0
BRDA:84,1,0,3
BRDA:84,1,1,0
BRDA:85,2,0,3
BRDA:85,2,1,2
BRDA:86,3,0,3
BRDA:86,3,1,2
BRDA:87,4,0,3
BRDA:87,4,1,2
BRDA:88,5,0,3
BRDA:88,5,1,2
BRDA:89,6,0,3
BRDA:89,6,1,2
BRDA:90,7,0,1
BRDA:90,7,1,2
BRDA:97,8,0,2
BRDA:97,8,1,0
BRDA:97,8,2,0
BRDA:99,9,0,2
BRDA:99,9,1,0
BRDA:100,10,0,2
BRDA:100,10,1,1
BRDA:101,11,0,2
BRDA:101,11,1,0
BRDA:102,12,0,2
BRDA:102,12,1,0
BRDA:109,13,0,2
BRDA:109,13,1,1
BRDA:110,14,0,2
BRDA:110,14,1,1
BRDA:111,15,0,2
BRDA:111,15,1,1
BRDA:112,16,0,2
BRDA:112,16,1,1
BRDA:113,17,0,2
BRDA:113,17,1,1
BRDA:114,18,0,2
BRDA:114,18,1,0
BRDA:129,19,0,2
BRDA:129,19,1,1
BRDA:130,20,0,1
BRDA:130,20,1,1
BRDA:144,21,0,6
BRDA:144,21,1,0
BRDA:151,22,0,1
BRDA:151,22,1,0
BRDA:152,23,0,1
BRDA:152,23,1,0
BRDA:153,24,0,1
BRDA:153,24,1,0
BRDA:155,25,0,1
BRDA:155,25,1,0
BRDA:161,26,0,1
BRDA:161,26,1,0
BRDA:180,27,0,1
BRDA:180,27,1,0
BRDA:191,28,0,0
BRDA:191,28,1,1
BRDA:202,29,0,0
BRDA:202,29,1,1
BRDA:204,30,0,1
BRDA:204,30,1,0
BRDA:204,31,0,1
BRDA:204,31,1,1
BRDA:210,32,0,0
BRDA:210,32,1,1
BRDA:214,33,0,1
BRDA:214,33,1,0
BRDA:214,34,0,1
BRDA:214,34,1,0
BRDA:224,35,0,1
BRDA:224,35,1,0
BRDA:227,36,0,1
BRDA:227,36,1,0
BRDA:227,37,0,1
BRDA:227,37,1,1
BRDA:233,38,0,1
BRDA:233,38,1,1
BRDA:234,39,0,1
BRDA:234,39,1,0
BRF:82
BRH:58
end_of_record
TN:
SF:src/infrastructure/repositories/ApiCompanyAdminRepository.ts
FN:31,(anonymous_0)
FN:50,(anonymous_1)
FN:55,(anonymous_2)
FN:61,(anonymous_3)
FNF:4
FNH:4
FNDA:1,(anonymous_0)
FNDA:3,(anonymous_1)
FNDA:2,(anonymous_2)
FNDA:2,(anonymous_3)
DA:31,2
DA:32,1
DA:51,3
DA:52,3
DA:56,2
DA:57,2
DA:58,2
DA:64,2
DA:66,2
DA:68,2
DA:69,1
DA:72,2
DA:73,1
DA:76,2
DA:77,1
DA:80,2
DA:81,2
DA:83,2
DA:87,2
LF:19
LH:19
BRDA:38,0,0,1
BRDA:38,0,1,0
BRDA:39,1,0,1
BRDA:39,1,1,0
BRDA:58,2,0,1
BRDA:58,2,1,1
BRDA:68,3,0,1
BRDA:68,3,1,1
BRDA:72,4,0,1
BRDA:72,4,1,1
BRDA:76,5,0,1
BRDA:76,5,1,1
BRDA:81,6,0,1
BRDA:81,6,1,1
BRF:14
BRH:12
end_of_record
TN:
SF:src/infrastructure/repositories/ApiCompanyEngagementRepository.ts
FN:67,(anonymous_0)
FN:73,(anonymous_1)
FN:112,(anonymous_2)
FN:119,(anonymous_3)
FN:123,(anonymous_4)
FN:136,(anonymous_5)
FN:151,(anonymous_6)
FN:168,(anonymous_7)
FN:176,(anonymous_8)
FNF:9
FNH:9
FNDA:2,(anonymous_0)
FNDA:1,(anonymous_1)
FNDA:1,(anonymous_2)
FNDA:1,(anonymous_3)
FNDA:1,(anonymous_4)
FNDA:1,(anonymous_5)
FNDA:2,(anonymous_6)
FNDA:1,(anonymous_7)
FNDA:2,(anonymous_8)
DA:68,2
DA:69,2
DA:77,1
DA:78,1
DA:79,1
DA:81,1
DA:82,1
DA:85,1
DA:86,1
DA:88,1
DA:92,1
DA:94,1
DA:112,1
DA:119,1
DA:123,1
DA:137,1
DA:152,2
DA:169,1
DA:170,1
DA:173,0
DA:177,2
DA:178,2
DA:179,0
DA:182,2
LF:24
LH:22
BRDA:78,0,0,1
BRDA:78,0,1,0
BRDA:81,1,0,1
BRDA:81,1,1,0
BRDA:86,2,0,1
BRDA:86,2,1,0
BRDA:129,3,0,1
BRDA:129,3,1,0
BRDA:156,4,0,2
BRDA:156,4,1,2
BRDA:169,5,0,1
BRDA:169,5,1,0
BRDA:169,6,0,1
BRDA:169,6,1,1
BRDA:169,6,2,1
BRDA:169,6,3,1
BRDA:178,7,0,0
BRDA:178,7,1,2
BRF:18
BRH:12
end_of_record
TN:
SF:src/infrastructure/repositories/ApiCompanyInvitationRepository.ts
FN:8,(anonymous_0)
FN:14,(anonymous_1)
FN:43,(anonymous_2)
FNF:3
FNH:3
FNDA:3,(anonymous_0)
FNDA:2,(anonymous_1)
FNDA:2,(anonymous_2)
DA:9,3
DA:10,3
DA:15,2
DA:17,2
DA:18,1
DA:21,2
DA:22,1
DA:25,2
DA:26,1
DA:29,2
DA:30,1
DA:33,2
DA:44,2
DA:45,2
DA:46,1
DA:49,1
LF:16
LH:16
BRDA:17,0,0,1
BRDA:17,0,1,1
BRDA:21,1,0,1
BRDA:21,1,1,1
BRDA:25,2,0,1
BRDA:25,2,1,1
BRDA:29,3,0,1
BRDA:29,3,1,1
BRDA:45,4,0,1
BRDA:45,4,1,1
BRF:10
BRH:10
end_of_record
TN:
SF:src/infrastructure/repositories/ApiCompanyMembershipRepository.ts
FN:26,(anonymous_0)
FN:32,(anonymous_1)
FN:85,(anonymous_2)
FN:97,(anonymous_3)
FN:106,(anonymous_4)
FN:120,(anonymous_5)
FN:133,(anonymous_6)
FN:144,(anonymous_7)
FN:156,(anonymous_8)
FNF:9
FNH:9
FNDA:2,(anonymous_0)
FNDA:1,(anonymous_1)
FNDA:2,(anonymous_2)
FNDA:1,(anonymous_3)
FNDA:1,(anonymous_4)
FNDA:1,(anonymous_5)
FNDA:1,(anonymous_6)
FNDA:6,(anonymous_7)
FNDA:2,(anonymous_8)
DA:27,2
DA:28,2
DA:33,1
DA:39,1
DA:40,1
DA:43,1
DA:44,1
DA:47,1
DA:48,1
DA:51,1
DA:52,1
DA:53,1
DA:54,1
DA:57,1
DA:58,1
DA:68,1
DA:69,1
DA:75,1
DA:90,2
DA:95,2
DA:97,2
DA:107,1
DA:121,1
DA:134,1
DA:145,6
DA:147,6
DA:148,0
DA:151,6
DA:157,2
DA:158,1
DA:161,1
DA:162,1
DA:165,0
LF:33
LH:31
BRDA:39,0,0,1
BRDA:39,0,1,0
BRDA:43,1,0,1
BRDA:43,1,1,0
BRDA:47,2,0,1
BRDA:47,2,1,0
BRDA:51,3,0,1
BRDA:51,3,1,0
BRDA:57,4,0,1
BRDA:57,4,1,0
BRDA:60,5,0,1
BRDA:60,5,1,1
BRDA:68,6,0,1
BRDA:68,6,1,0
BRDA:87,7,0,2
BRDA:88,8,0,2
BRDA:99,9,0,1
BRDA:99,9,1,0
BRDA:100,10,0,1
BRDA:100,10,1,0
BRDA:147,11,0,0
BRDA:147,11,1,6
BRDA:157,12,0,1
BRDA:157,12,1,1
BRDA:157,13,0,2
BRDA:157,13,1,1
BRDA:161,14,0,1
BRDA:161,14,1,0
BRDA:161,15,0,1
BRDA:161,15,1,1
BRF:30
BRH:20
end_of_record
TN:
SF:src/infrastructure/repositories/ApiCompanyProfileRepository.ts
FN:54,(anonymous_0)
FN:60,(anonymous_1)
FN:107,(anonymous_2)
FN:165,(anonymous_3)
FN:177,(anonymous_4)
FNF:5
FNH:5
FNDA:2,(anonymous_0)
FNDA:1,(anonymous_1)
FNDA:1,(anonymous_2)
FNDA:2,(anonymous_3)
FNDA:1,(anonymous_4)
DA:55,2
DA:56,2
DA:61,1
DA:66,1
DA:68,1
DA:108,1
DA:116,1
DA:121,1
DA:122,1
DA:123,1
DA:126,1
DA:127,1
DA:137,1
DA:141,1
DA:147,1
DA:148,1
DA:151,1
DA:152,1
DA:155,1
DA:166,2
DA:168,2
DA:169,0
DA:172,2
DA:178,1
DA:179,1
DA:182,0
LF:26
LH:24
BRDA:70,0,0,1
BRDA:70,0,1,0
BRDA:73,1,0,1
BRDA:73,1,1,0
BRDA:74,2,0,1
BRDA:74,2,1,0
BRDA:75,3,0,1
BRDA:75,3,1,0
BRDA:76,4,0,1
BRDA:76,4,1,0
BRDA:78,5,0,1
BRDA:78,5,1,0
BRDA:79,6,0,1
BRDA:79,6,1,0
BRDA:80,7,0,1
BRDA:80,7,1,0
BRDA:83,8,0,1
BRDA:83,8,1,0
BRDA:85,9,0,1
BRDA:85,9,1,0
BRDA:86,10,0,1
BRDA:86,10,1,0
BRDA:87,11,0,1
BRDA:87,11,1,0
BRDA:88,12,0,1
BRDA:88,12,1,0
BRDA:89,13,0,1
BRDA:89,13,1,0
BRDA:90,14,0,1
BRDA:90,14,1,0
BRDA:93,15,0,1
BRDA:93,15,1,0
BRDA:95,16,0,1
BRDA:95,16,1,0
BRDA:96,17,0,1
BRDA:96,17,1,0
BRDA:99,18,0,1
BRDA:99,18,1,0
BRDA:100,19,0,1
BRDA:100,19,1,0
BRDA:101,20,0,1
BRDA:101,20,1,0
BRDA:102,21,0,1
BRDA:102,21,1,0
BRDA:103,22,0,1
BRDA:103,22,1,0
BRDA:111,23,0,1
BRDA:111,23,1,1
BRDA:112,24,0,1
BRDA:112,24,1,1
BRDA:113,25,0,1
BRDA:113,25,1,1
BRDA:116,26,0,1
BRDA:116,26,1,0
BRDA:117,27,0,1
BRDA:117,27,1,1
BRDA:117,27,2,1
BRDA:126,28,0,1
BRDA:126,28,1,0
BRDA:128,29,0,1
BRDA:128,29,1,0
BRDA:129,30,0,1
BRDA:129,30,1,1
BRDA:130,31,0,1
BRDA:130,31,1,0
BRDA:131,32,0,1
BRDA:131,32,1,0
BRDA:132,33,0,1
BRDA:132,33,1,0
BRDA:133,34,0,1
BRDA:133,34,1,0
BRDA:137,35,0,1
BRDA:137,35,1,0
BRDA:138,36,0,1
BRDA:138,36,1,1
BRDA:147,37,0,1
BRDA:147,37,1,0
BRDA:148,38,0,1
BRDA:148,38,1,1
BRDA:151,39,0,1
BRDA:151,39,1,0
BRDA:152,40,0,1
BRDA:152,40,1,0
BRDA:168,41,0,0
BRDA:168,41,1,2
BRDA:178,42,0,1
BRDA:178,42,1,0
BRDA:178,43,0,1
BRDA:178,43,1,1
BRDA:178,43,2,1
BRDA:178,43,3,1
BRF:91
BRH:55
end_of_record
TN:
SF:src/infrastructure/repositories/ApiContactRepository.ts
FN:14,(anonymous_0)
FN:16,(anonymous_1)
FNF:2
FNH:2
FNDA:2,(anonymous_0)
FNDA:1,(anonymous_1)
DA:14,2
DA:17,1
DA:25,1
LF:3
LH:3
BRF:0
BRH:0
end_of_record
TN:
SF:src/infrastructure/repositories/ApiMediaRepository.ts
FN:16,(anonymous_0)
FN:24,(anonymous_1)
FN:37,(anonymous_2)
FN:57,(anonymous_3)
FN:67,(anonymous_4)
FNF:5
FNH:5
FNDA:2,(anonymous_0)
FNDA:4,(anonymous_1)
FNDA:2,(anonymous_2)
FNDA:1,(anonymous_3)
FNDA:1,(anonymous_4)
DA:20,2
DA:21,2
DA:25,4
DA:26,4
DA:28,4
DA:29,0
DA:32,4
DA:38,2
DA:39,2
DA:41,2
DA:43,2
DA:49,2
DA:50,2
DA:51,1
DA:54,1
DA:58,1
DA:60,1
DA:68,1
DA:70,1
LF:19
LH:18
BRDA:28,0,0,0
BRDA:28,0,1,4
BRDA:50,1,0,1
BRDA:50,1,1,1
BRDA:67,2,0,1
BRF:5
BRH:4
end_of_record
TN:
SF:src/infrastructure/repositories/ApiPaymentPlanRepository.ts
FN:95,(anonymous_0)
FN:106,(anonymous_1)
FN:122,(anonymous_2)
FN:138,(anonymous_3)
FN:169,(anonymous_4)
FN:188,(anonymous_5)
FN:193,(anonymous_6)
FN:200,(anonymous_7)
FN:211,(anonymous_8)
FN:281,(anonymous_9)
FN:291,(anonymous_10)
FNF:11
FNH:11
FNDA:6,(anonymous_0)
FNDA:1,(anonymous_1)
FNDA:1,(anonymous_2)
FNDA:1,(anonymous_3)
FNDA:1,(anonymous_4)
FNDA:4,(anonymous_5)
FNDA:5,(anonymous_6)
FNDA:2,(anonymous_7)
FNDA:1,(anonymous_8)
FNDA:1,(anonymous_9)
FNDA:1,(anonymous_10)
DA:95,2
DA:96,6
DA:97,2
DA:100,4
DA:106,2
DA:109,1
DA:110,1
DA:113,0
DA:122,2
DA:123,1
DA:124,0
DA:127,1
DA:138,2
DA:139,1
DA:169,2
DA:170,1
DA:189,4
DA:190,4
DA:194,5
DA:195,5
DA:197,5
DA:201,2
DA:202,2
DA:203,2
DA:208,2
DA:212,1
DA:214,1
DA:282,1
DA:283,1
DA:288,1
DA:292,1
DA:294,1
LF:32
LH:30
BRDA:96,0,0,2
BRDA:96,0,1,4
BRDA:102,1,0,4
BRDA:102,1,1,3
BRDA:109,2,0,1
BRDA:109,2,1,0
BRDA:116,3,0,0
BRDA:116,3,1,0
BRDA:117,4,0,1
BRDA:117,4,1,0
BRDA:123,5,0,0
BRDA:123,5,1,1
BRDA:144,6,0,1
BRDA:144,6,1,0
BRDA:145,7,0,1
BRDA:145,7,1,0
BRDA:146,8,0,1
BRDA:146,8,1,0
BRDA:147,9,0,1
BRDA:147,9,1,0
BRDA:149,10,0,1
BRDA:149,10,1,1
BRDA:150,11,0,1
BRDA:150,11,1,1
BRDA:159,12,0,1
BRDA:159,12,1,0
BRDA:160,13,0,1
BRDA:160,13,1,0
BRDA:161,14,0,1
BRDA:161,14,1,0
BRDA:162,15,0,1
BRDA:162,15,1,0
BRDA:163,16,0,1
BRDA:163,16,1,0
BRDA:164,17,0,1
BRDA:164,17,1,0
BRDA:172,18,0,1
BRDA:172,18,1,1
BRDA:173,19,0,1
BRDA:173,19,1,1
BRDA:174,20,0,1
BRDA:174,20,1,1
BRDA:175,21,0,1
BRDA:175,21,1,0
BRDA:176,22,0,1
BRDA:176,22,1,1
BRDA:177,23,0,1
BRDA:177,23,1,0
BRDA:180,24,0,1
BRDA:180,24,1,0
BRDA:197,25,0,4
BRDA:197,25,1,1
BRDA:200,26,0,2
BRDA:202,27,0,1
BRDA:202,27,1,1
BRDA:228,28,0,1
BRDA:228,28,1,0
BRDA:239,29,0,1
BRDA:239,29,1,0
BRDA:242,30,0,1
BRDA:242,30,1,1
BRDA:245,31,0,1
BRDA:245,31,1,0
BRDA:248,32,0,1
BRDA:248,32,1,1
BRDA:251,33,0,1
BRDA:251,33,1,0
BRDA:254,34,0,1
BRDA:254,34,1,0
BRDA:257,35,0,1
BRDA:257,35,1,0
BRDA:260,36,0,1
BRDA:260,36,1,1
BRDA:300,37,0,1
BRDA:300,37,1,0
BRF:75
BRH:50
end_of_record
TN:
SF:src/infrastructure/repositories/ApiProductRepository.ts
FN:31,(anonymous_0)
FN:37,(anonymous_1)
FN:45,(anonymous_2)
FN:66,(anonymous_3)
FN:88,(anonymous_4)
FN:103,(anonymous_5)
FN:112,(anonymous_6)
FN:115,(anonymous_7)
FN:116,(anonymous_8)
FN:120,(anonymous_9)
FN:141,(anonymous_10)
FN:145,(anonymous_11)
FN:154,(anonymous_12)
FN:159,(anonymous_13)
FN:173,(anonymous_14)
FN:177,(anonymous_15)
FN:191,(anonymous_16)
FN:196,(anonymous_17)
FN:201,(anonymous_18)
FN:249,(anonymous_19)
FN:259,(anonymous_20)
FN:282,(anonymous_21)
FN:291,(anonymous_22)
FN:298,(anonymous_23)
FN:317,(anonymous_24)
FN:354,(anonymous_25)
FN:367,(anonymous_26)
FN:381,(anonymous_27)
FN:409,(anonymous_28)
FN:427,(anonymous_29)
FN:445,(anonymous_30)
FN:453,(anonymous_31)
FN:460,(anonymous_32)
FN:468,(anonymous_33)
FN:475,(anonymous_34)
FN:498,(anonymous_35)
FN:509,(anonymous_36)
FN:549,(anonymous_37)
FN:568,(anonymous_38)
FN:601,(anonymous_39)
FN:604,(anonymous_40)
FN:606,(anonymous_41)
FN:629,(anonymous_42)
FN:643,(anonymous_43)
FN:663,(anonymous_44)
FN:671,(anonymous_45)
FN:681,(anonymous_46)
FN:699,(anonymous_47)
FN:708,(anonymous_48)
FN:716,(anonymous_49)
FN:723,(anonymous_50)
FNF:51
FNH:49
FNDA:11,(anonymous_0)
FNDA:37,(anonymous_1)
FNDA:5,(anonymous_2)
FNDA:2,(anonymous_3)
FNDA:10,(anonymous_4)
FNDA:3,(anonymous_5)
FNDA:3,(anonymous_6)
FNDA:1,(anonymous_7)
FNDA:2,(anonymous_8)
FNDA:2,(anonymous_9)
FNDA:2,(anonymous_10)
FNDA:2,(anonymous_11)
FNDA:1,(anonymous_12)
FNDA:4,(anonymous_13)
FNDA:1,(anonymous_14)
FNDA:1,(anonymous_15)
FNDA:1,(anonymous_16)
FNDA:1,(anonymous_17)
FNDA:3,(anonymous_18)
FNDA:1,(anonymous_19)
FNDA:1,(anonymous_20)
FNDA:1,(anonymous_21)
FNDA:1,(anonymous_22)
FNDA:1,(anonymous_23)
FNDA:4,(anonymous_24)
FNDA:1,(anonymous_25)
FNDA:2,(anonymous_26)
FNDA:1,(anonymous_27)
FNDA:1,(anonymous_28)
FNDA:2,(anonymous_29)
FNDA:2,(anonymous_30)
FNDA:1,(anonymous_31)
[...]
BRDA:335,64,1,1
BRDA:337,65,0,1
BRDA:337,65,1,0
BRDA:341,66,0,3
BRDA:341,66,1,0
BRDA:350,67,0,1
BRDA:350,67,1,3
BRDA:392,68,0,1
BRDA:392,68,1,0
BRDA:392,69,0,1
BRDA:392,69,1,1
BRDA:400,70,0,1
BRDA:400,70,1,0
BRDA:400,70,2,0
BRDA:420,71,0,1
BRDA:420,71,1,0
BRDA:420,72,0,1
BRDA:420,72,1,1
BRDA:434,73,0,1
BRDA:434,73,1,0
BRDA:434,74,0,1
BRDA:434,74,1,1
BRDA:483,75,0,1
BRDA:483,75,1,0
BRDA:484,76,0,1
BRDA:484,76,1,0
BRDA:491,77,0,1
BRDA:491,77,1,0
BRDA:491,78,0,1
BRDA:491,78,1,1
BRDA:510,79,0,2
BRDA:510,79,1,6
BRDA:512,80,0,2
BRDA:512,80,1,6
BRDA:516,81,0,4
BRDA:516,81,1,4
BRDA:518,82,0,1
BRDA:518,82,1,3
BRDA:518,83,0,4
BRDA:518,83,1,1
BRDA:519,84,0,1
BRDA:519,84,1,0
BRDA:520,85,0,1
BRDA:520,85,1,2
BRDA:525,86,0,8
BRDA:525,86,1,2
BRDA:526,87,0,8
BRDA:526,87,1,7
BRDA:527,88,0,8
BRDA:527,88,1,0
BRDA:528,89,0,8
BRDA:528,89,1,0
BRDA:529,90,0,8
BRDA:529,90,1,6
BRDA:530,91,0,8
BRDA:530,91,1,4
BRDA:530,91,2,4
BRDA:531,92,0,8
BRDA:531,92,1,8
BRDA:531,92,2,7
BRDA:532,93,0,8
BRDA:532,93,1,7
BRDA:532,93,2,6
BRDA:534,94,0,8
BRDA:534,94,1,8
BRDA:535,95,0,8
BRDA:535,95,1,8
BRDA:536,96,0,1
BRDA:536,96,1,7
BRDA:537,97,0,1
BRDA:537,97,1,7
BRDA:545,98,0,1
BRDA:545,98,1,7
BRDA:545,99,0,8
BRDA:545,99,1,1
BRDA:546,100,0,1
BRDA:546,100,1,0
BRDA:548,101,0,8
BRDA:548,101,1,7
BRDA:549,102,0,1
BRDA:549,102,1,7
BRDA:552,103,0,1
BRDA:552,103,1,0
BRDA:557,104,0,8
BRDA:557,104,1,8
BRDA:557,104,2,6
BRDA:558,105,0,8
BRDA:558,105,1,8
BRDA:558,105,2,6
BRDA:559,106,0,8
BRDA:559,106,1,8
BRDA:559,106,2,6
BRDA:562,107,0,8
BRDA:562,107,1,8
BRDA:563,108,0,8
BRDA:563,108,1,8
BRDA:567,109,0,0
BRDA:567,109,1,8
BRDA:573,110,0,1
BRDA:573,110,1,7
BRDA:580,111,0,1
BRDA:580,111,1,0
BRDA:590,112,0,1
BRDA:590,112,1,0
BRDA:601,113,0,5
BRDA:603,114,0,5
BRDA:603,114,1,0
BRDA:605,115,0,0
BRDA:605,115,1,0
BRDA:607,116,0,0
BRDA:607,116,1,0
BRDA:615,117,0,5
BRDA:615,117,1,1
BRDA:615,117,2,0
BRDA:618,118,0,5
BRDA:618,118,1,0
BRDA:619,119,0,5
BRDA:619,119,1,5
BRDA:620,120,0,5
BRDA:620,120,1,5
BRDA:622,121,0,5
BRDA:622,121,1,0
BRDA:622,121,2,0
BRDA:625,122,0,5
BRDA:625,122,1,4
BRDA:629,123,0,5
BRDA:629,123,1,0
BRDA:636,124,0,1
BRDA:636,124,1,4
BRDA:644,125,0,7
BRDA:644,125,1,2
BRDA:644,126,0,9
BRDA:644,126,1,2
BRDA:649,127,0,2
BRDA:649,127,1,0
BRDA:650,128,0,9
BRDA:650,128,1,0
BRDA:651,129,0,9
BRDA:651,129,1,0
BRDA:652,130,0,9
BRDA:652,130,1,0
BRDA:653,131,0,9
BRDA:653,131,1,0
BRDA:654,132,0,9
BRDA:654,132,1,0
BRDA:655,133,0,9
BRDA:655,133,1,0
BRDA:656,134,0,9
BRDA:656,134,1,0
BRDA:658,135,0,9
BRDA:658,135,1,0
BRDA:659,136,0,9
BRDA:659,136,1,1
BRDA:669,137,0,1
BRDA:669,137,1,0
BRDA:670,138,0,1
BRDA:670,138,1,0
BRDA:677,139,0,1
BRDA:677,139,1,1
BRDA:683,140,0,2
BRDA:683,140,1,0
BRDA:684,141,0,2
BRDA:684,141,1,0
BRDA:685,142,0,2
BRDA:685,142,1,0
BRDA:686,143,0,2
BRDA:686,143,1,0
BRDA:687,144,0,2
BRDA:687,144,1,0
BRDA:688,145,0,1
BRDA:688,145,1,1
BRDA:690,146,0,1
BRDA:690,146,1,0
BRDA:691,147,0,1
BRDA:691,147,1,0
BRDA:692,148,0,1
BRDA:692,148,1,0
BRDA:693,149,0,1
BRDA:693,149,1,0
BRDA:701,150,0,1
BRDA:701,150,1,0
BRDA:702,151,0,1
BRDA:702,151,1,0
BRDA:703,152,0,1
BRDA:703,152,1,0
BRDA:704,153,0,1
BRDA:704,153,1,0
BRDA:709,154,0,7
BRDA:709,154,1,1
BRDA:709,155,0,8
BRDA:709,155,1,2
BRDA:709,155,2,2
BRDA:718,156,0,2
BRDA:718,156,1,0
BRDA:719,157,0,2
BRDA:719,157,1,0
BRDA:720,158,0,2
BRDA:720,158,1,0
BRDA:721,159,0,2
BRDA:721,159,1,2
BRDA:722,160,0,1
BRDA:722,160,1,1
BRDA:724,161,0,1
BRDA:724,161,1,0
BRDA:725,162,0,1
BRDA:725,162,1,1
BRDA:725,162,2,0
BRDA:726,163,0,1
BRDA:726,163,1,0
BRDA:727,164,0,1
BRDA:727,164,1,1
BRDA:730,165,0,2
BRDA:730,165,1,0
BRDA:732,166,0,2
BRDA:732,166,1,0
BRDA:733,167,0,2
BRDA:733,167,1,0
BRDA:736,168,0,1
BRDA:736,168,1,1
BRDA:738,169,0,1
BRDA:738,169,1,0
BRDA:739,170,0,1
BRDA:739,170,1,1
BRF:358
BRH:259
end_of_record
TN:
SF:src/infrastructure/repositories/ApiPublicCompanyProductsRepository.ts
FN:24,(anonymous_0)
FN:31,(anonymous_1)
FN:42,(anonymous_2)
FN:49,(anonymous_3)
FN:58,(anonymous_4)
FN:73,(anonymous_5)
FN:112,(anonymous_6)
FN:131,(anonymous_7)
FN:165,(anonymous_8)
FN:185,(anonymous_9)
FNF:10
FNH:10
FNDA:5,(anonymous_0)
FNDA:4,(anonymous_1)
FNDA:3,(anonymous_2)
FNDA:4,(anonymous_3)
FNDA:4,(anonymous_4)
FNDA:3,(anonymous_5)
FNDA:1,(anonymous_6)
FNDA:1,(anonymous_7)
FNDA:3,(anonymous_8)
FNDA:3,(anonymous_9)
DA:25,5
DA:26,5
DA:28,5
DA:32,4
DA:39,4
DA:41,4
DA:42,3
DA:50,4
DA:51,4
DA:52,3
DA:55,1
DA:59,4
DA:60,4
DA:62,4
DA:63,0
DA:66,4
DA:67,1
DA:70,3
DA:74,3
DA:75,3
DA:76,3
DA:77,3
DA:79,3
DA:80,3
DA:81,1
DA:82,2
DA:83,1
DA:84,1
DA:85,1
DA:88,3
DA:112,1
DA:131,1
DA:166,3
DA:167,2
DA:170,1
DA:186,3
DA:187,2
DA:190,1
LF:38
LH:37
BRDA:28,0,0,5
BRDA:28,0,1,0
BRDA:39,1,0,3
BRDA:39,1,1,1
BRDA:43,2,0,4
BRDA:43,2,1,1
BRDA:44,3,0,4
BRDA:44,3,1,3
BRDA:51,4,0,3
BRDA:51,4,1,1
BRDA:59,5,0,4
BRDA:59,5,1,3
BRDA:60,6,0,4
BRDA:60,6,1,1
BRDA:60,6,2,1
BRDA:62,7,0,0
BRDA:62,7,1,4
BRDA:66,8,0,1
BRDA:66,8,1,3
BRDA:70,9,0,2
BRDA:70,9,1,1
BRDA:74,10,0,1
BRDA:74,10,1,2
BRDA:76,11,0,1
BRDA:76,11,1,2
BRDA:80,12,0,1
BRDA:80,12,1,2
BRDA:82,13,0,1
BRDA:82,13,1,1
BRDA:82,14,0,2
BRDA:82,14,1,1
BRDA:83,15,0,1
BRDA:83,15,1,0
BRDA:84,16,0,1
BRDA:84,16,1,0
BRDA:89,17,0,3
BRDA:89,17,1,2
BRDA:90,18,0,3
BRDA:90,18,1,1
BRDA:91,19,0,3
BRDA:91,19,1,1
BRDA:92,20,0,3
BRDA:92,20,1,1
BRDA:93,21,0,3
BRDA:93,21,1,1
BRDA:94,22,0,3
BRDA:94,22,1,2
BRDA:94,22,2,1
BRDA:95,23,0,3
BRDA:95,23,1,2
BRDA:95,23,2,1
BRDA:96,24,0,3
BRDA:96,24,1,1
BRDA:96,24,2,1
BRDA:98,25,0,3
BRDA:98,25,1,2
BRDA:99,26,0,3
BRDA:99,26,1,2
BRDA:100,27,0,1
BRDA:100,27,1,2
BRDA:101,28,0,1
BRDA:101,28,1,2
BRDA:107,29,0,1
BRDA:107,29,1,2
BRDA:107,30,0,3
BRDA:107,30,1,1
BRDA:108,31,0,1
BRDA:108,31,1,0
BRDA:110,32,0,3
BRDA:110,32,1,2
BRDA:111,33,0,1
BRDA:111,33,1,2
BRDA:115,34,0,1
BRDA:115,34,1,0
BRDA:121,35,0,3
BRDA:121,35,1,2
BRDA:121,35,2,1
BRDA:122,36,0,3
BRDA:122,36,1,2
BRDA:122,36,2,1
BRDA:123,37,0,3
BRDA:123,37,1,2
BRDA:123,37,2,1
BRDA:125,38,0,3
BRDA:125,38,1,3
BRDA:126,39,0,3
BRDA:126,39,1,3
BRDA:130,40,0,1
BRDA:130,40,1,2
BRDA:136,41,0,3
BRDA:136,41,1,0
BRDA:143,42,0,1
BRDA:143,42,1,2
BRDA:153,43,0,1
BRDA:153,43,1,2
BRDA:166,44,0,2
BRDA:166,44,1,1
BRDA:166,45,0,3
BRDA:166,45,1,1
BRDA:171,46,0,1
BRDA:171,46,1,0
BRDA:172,47,0,3
BRDA:172,47,1,0
BRDA:173,48,0,3
BRDA:173,48,1,0
BRDA:174,49,0,3
BRDA:174,49,1,0
BRDA:175,50,0,3
BRDA:175,50,1,0
BRDA:176,51,0,3
BRDA:176,51,1,0
BRDA:177,52,0,3
BRDA:177,52,1,0
BRDA:178,53,0,3
BRDA:178,53,1,0
BRDA:180,54,0,3
BRDA:180,54,1,0
BRDA:181,55,0,3
BRDA:181,55,1,1
BRDA:186,56,0,2
BRDA:186,56,1,1
BRDA:186,57,0,3
BRDA:186,57,1,2
BRDA:186,57,2,2
BRF:124
BRH:108
end_of_record
TN:
SF:src/infrastructure/repositories/ApiPublicCompanyProfileRepository.ts
FN:45,(anonymous_0)
FN:50,(anonymous_1)
FN:84,(anonymous_2)
FN:93,(anonymous_3)
FN:107,(anonymous_4)
FN:110,(anonymous_5)
FNF:6
FNH:6
FNDA:3,(anonymous_0)
FNDA:2,(anonymous_1)
FNDA:2,(anonymous_2)
FNDA:2,(anonymous_3)
FNDA:1,(anonymous_4)
FNDA:2,(anonymous_5)
DA:46,3
DA:47,3
DA:51,2
DA:58,2
DA:60,2
DA:85,2
DA:86,2
DA:87,1
DA:90,1
DA:94,2
DA:95,1
DA:98,1
DA:107,2
DA:113,2
DA:114,1
DA:117,1
LF:16
LH:16
BRDA:63,0,0,2
BRDA:63,0,1,1
BRDA:64,1,0,2
BRDA:64,1,1,1
BRDA:65,2,0,2
BRDA:65,2,1,1
BRDA:67,3,0,2
BRDA:67,3,1,1
BRDA:68,4,0,2
BRDA:68,4,1,1
BRDA:69,5,0,2
BRDA:69,5,1,1
BRDA:70,6,0,2
BRDA:70,6,1,1
BRDA:74,7,0,1
BRDA:74,7,1,1
BRDA:74,8,0,2
BRDA:74,8,1,1
BRDA:86,9,0,1
BRDA:86,9,1,1
BRDA:94,10,0,1
BRDA:94,10,1,1
BRDA:99,11,0,1
BRDA:99,11,1,0
BRDA:100,12,0,2
BRDA:100,12,1,1
BRDA:101,13,0,2
BRDA:101,13,1,0
BRDA:102,14,0,2
BRDA:102,14,1,0
BRDA:103,15,0,2
BRDA:103,15,1,0
BRDA:104,16,0,2
BRDA:104,16,1,0
BRDA:107,17,0,1
BRDA:107,17,1,0
BRDA:113,18,0,1
BRDA:113,18,1,1
BRDA:113,19,0,2
BRDA:113,19,1,2
BRDA:113,19,2,2
BRDA:113,19,3,1
BRF:42
BRH:36
end_of_record
TN:
SF:src/infrastructure/repositories/ApiRentalRepository.ts
FN:105,(anonymous_0)
FN:110,(anonymous_1)
FN:118,(anonymous_2)
FN:119,(anonymous_3)
FN:124,(anonymous_4)
FN:127,(anonymous_5)
FN:150,(anonymous_6)
FN:155,(anonymous_7)
FN:168,(anonymous_8)
FN:210,(anonymous_9)
FN:222,(anonymous_10)
FN:255,(anonymous_11)
FN:262,(anonymous_12)
FN:291,(anonymous_13)
FN:304,(anonymous_14)
FN:330,(anonymous_15)
FN:337,(anonymous_16)
FN:348,(anonymous_17)
FN:359,(anonymous_18)
FN:371,(anonymous_19)
FN:378,(anonymous_20)
FN:398,(anonymous_21)
FN:434,(anonymous_22)
FNF:23
FNH:22
FNDA:5,(anonymous_0)
FNDA:11,(anonymous_1)
FNDA:6,(anonymous_2)
FNDA:12,(anonymous_3)
FNDA:5,(anonymous_4)
FNDA:15,(anonymous_5)
FNDA:1,(anonymous_6)
FNDA:0,(anonymous_7)
FNDA:2,(anonymous_8)
FNDA:1,(anonymous_9)
FNDA:1,(anonymous_10)
FNDA:1,(anonymous_11)
FNDA:1,(anonymous_12)
FNDA:2,(anonymous_13)
FNDA:1,(anonymous_14)
FNDA:1,(anonymous_15)
FNDA:1,(anonymous_16)
FNDA:1,(anonymous_17)
FNDA:1,(anonymous_18)
FNDA:1,(anonymous_19)
FNDA:1,(anonymous_20)
FNDA:1,(anonymous_21)
FNDA:1,(anonymous_22)
DA:106,5
DA:107,5
DA:111,11
DA:112,11
DA:113,11
DA:115,0
DA:119,12
DA:121,6
DA:125,5
DA:126,5
DA:127,15
DA:128,3
DA:129,3
DA:130,2
DA:133,1
DA:136,2
DA:137,2
DA:138,2
DA:139,1
DA:141,1
DA:144,2
DA:147,0
DA:151,1
DA:152,1
DA:153,0
DA:154,0
DA:155,0
DA:156,0
DA:160,1
DA:161,1
DA:162,1
DA:165,0
DA:169,2
DA:171,2
DA:211,1
DA:223,1
DA:225,1
DA:226,1
DA:227,1
DA:228,1
DA:229,1
DA:230,1
DA:231,1
DA:232,1
DA:233,1
DA:234,1
DA:235,1
DA:236,1
DA:238,1
DA:239,1
DA:244,1
DA:246,1
DA:248,1
DA:249,1
DA:252,1
DA:254,1
DA:255,1
DA:263,1
DA:265,1
DA:266,1
DA:269,1
DA:270,1
DA:275,1
DA:277,1
DA:292,2
DA:293,2
DA:296,1
DA:297,2
DA:299,1
DA:300,1
DA:308,1
DA:310,1
DA:311,1
DA:313,1
DA:314,1
DA:319,1
DA:321,1
DA:323,1
DA:324,1
DA:327,1
DA:329,1
DA:330,1
DA:338,1
DA:349,1
DA:360,1
DA:365,1
DA:367,1
DA:369,1
DA:371,1
DA:379,1
DA:392,1
DA:399,1
DA:401,1
DA:402,1
DA:404,1
DA:405,1
DA:407,1
DA:408,1
DA:410,1
DA:411,1
DA:413,1
DA:414,1
DA:416,1
DA:417,1
DA:419,1
DA:420,1
DA:422,1
DA:423,1
DA:428,1
DA:435,1
DA:439,1
DA:440,1
DA:445,1
LF:113
LH:106
BRDA:112,0,0,11
BRDA:112,0,1,0
BRDA:124,1,0,5
BRDA:125,2,0,5
BRDA:125,2,1,0
BRDA:127,3,0,3
BRDA:127,3,1,2
BRDA:127,4,0,5
BRDA:127,4,1,5
BRDA:129,5,0,2
BRDA:129,5,1,1
BRDA:137,6,0,2
BRDA:137,6,1,0
BRDA:138,7,0,1
BRDA:138,7,1,1
BRDA:152,8,0,0
BRDA:152,8,1,1
BRDA:155,9,0,0
BRDA:155,9,1,0
BRDA:161,10,0,1
BRDA:161,10,1,0
BRDA:169,11,0,1
BRDA:169,11,1,1
BRDA:174,12,0,2
BRDA:174,12,1,1
BRDA:175,13,0,2
BRDA:175,13,1,1
BRDA:176,14,0,2
BRDA:176,14,1,1
BRDA:179,15,0,2
BRDA:179,15,1,1
BRDA:181,16,0,2
BRDA:181,16,1,1
BRDA:182,17,0,2
BRDA:182,17,1,1
BRDA:183,18,0,1
BRDA:183,18,1,1
BRDA:185,19,0,1
BRDA:185,19,1,0
BRDA:186,20,0,1
BRDA:186,20,1,1
BRDA:187,21,0,1
BRDA:187,21,1,0
BRDA:188,22,0,1
BRDA:188,22,1,0
BRDA:189,23,0,1
BRDA:189,23,1,0
BRDA:190,24,0,1
BRDA:190,24,1,0
BRDA:191,25,0,1
BRDA:191,25,1,0
BRDA:192,26,0,1
BRDA:192,26,1,0
BRDA:193,27,0,1
BRDA:193,27,1,0
BRDA:198,28,0,2
BRDA:198,28,1,1
BRDA:201,29,0,2
BRDA:201,29,1,1
BRDA:203,30,0,2
BRDA:203,30,1,1
BRDA:204,31,0,1
BRDA:204,31,1,1
BRDA:205,32,0,2
BRDA:205,32,1,1
BRDA:206,33,0,2
BRDA:206,33,1,1
BRDA:222,34,0,1
BRDA:225,35,0,1
BRDA:225,35,1,0
BRDA:226,36,0,1
BRDA:226,36,1,0
BRDA:227,37,0,1
BRDA:227,37,1,0
BRDA:228,38,0,1
BRDA:228,38,1,0
BRDA:229,39,0,1
BRDA:229,39,1,0
BRDA:230,40,0,1
BRDA:230,40,1,0
BRDA:231,41,0,1
BRDA:231,41,1,0
BRDA:231,42,0,1
BRDA:231,42,1,0
BRDA:232,43,0,1
BRDA:232,43,1,0
BRDA:233,44,0,1
BRDA:233,44,1,0
BRDA:234,45,0,1
BRDA:234,45,1,0
BRDA:235,46,0,1
BRDA:235,46,1,0
BRDA:236,47,0,1
BRDA:236,47,1,0
BRDA:240,48,0,1
BRDA:240,48,1,0
BRDA:246,49,0,0
BRDA:246,49,1,1
BRDA:246,50,0,1
BRDA:246,50,1,1
BRDA:248,51,0,1
BRDA:248,51,1,0
BRDA:248,52,0,1
BRDA:248,52,1,1
BRDA:252,53,0,1
BRDA:252,53,1,0
BRDA:252,54,0,0
BRDA:252,54,1,0
BRDA:256,55,0,1
BRDA:256,55,1,0
BRDA:257,56,0,1
BRDA:257,56,1,0
BRDA:258,57,0,1
BRDA:258,57,1,0
BRDA:258,57,2,0
BRDA:265,58,0,1
BRDA:265,58,1,0
BRDA:271,59,0,1
BRDA:271,59,1,0
BRDA:275,60,0,1
BRDA:275,60,1,0
BRDA:279,61,0,1
BRDA:279,61,1,0
BRDA:280,62,0,1
BRDA:280,62,1,0
BRDA:281,63,0,1
BRDA:281,63,1,0
BRDA:284,64,0,1
BRDA:284,64,1,0
BRDA:285,65,0,1
BRDA:285,65,1,0
BRDA:286,66,0,1
BRDA:286,66,1,0
BRDA:296,67,0,1
BRDA:296,67,1,0
BRDA:306,68,0,1
BRDA:310,69,0,1
BRDA:310,69,1,0
BRDA:311,70,0,1
BRDA:311,70,1,0
BRDA:315,71,0,1
BRDA:315,71,1,0
BRDA:321,72,0,0
BRDA:321,72,1,1
BRDA:321,73,0,1
BRDA:321,73,1,1
BRDA:323,74,0,1
BRDA:323,74,1,0
BRDA:323,75,0,1
BRDA:323,75,1,1
BRDA:327,76,0,1
BRDA:327,76,1,0
BRDA:327,77,0,0
BRDA:327,77,1,0
BRDA:331,78,0,1
BRDA:331,78,1,0
BRDA:332,79,0,1
BRDA:332,79,1,0
BRDA:333,80,0,1
BRDA:333,80,1,0
BRDA:333,80,2,0
BRDA:365,81,0,1
BRDA:365,81,1,0
BRDA:367,82,0,1
BRDA:367,82,1,0
BRDA:370,83,0,1
BRDA:370,83,1,0
BRDA:388,84,0,1
BRDA:388,84,1,0
BRDA:389,85,0,1
BRDA:389,85,1,0
BRDA:401,86,0,1
BRDA:401,86,1,0
BRDA:402,87,0,1
BRDA:402,87,1,0
BRDA:404,88,0,1
BRDA:404,88,1,0
BRDA:405,89,0,0
BRDA:405,89,1,1
BRDA:407,90,0,1
BRDA:407,90,1,0
BRDA:408,91,0,0
BRDA:408,91,1,1
BRDA:410,92,0,1
BRDA:410,92,1,0
BRDA:413,93,0,1
BRDA:413,93,1,0
BRDA:416,94,0,1
BRDA:416,94,1,0
BRDA:419,95,0,1
BRDA:419,95,1,0
BRDA:422,96,0,1
BRDA:422,96,1,0
BRDA:423,97,0,0
BRDA:423,97,1,1
BRDA:439,98,0,1
BRDA:439,98,1,0
BRDA:440,99,0,1
BRDA:440,99,1,0
BRF:199
BRH:120
end_of_record
TN:
SF:src/infrastructure/repositories/ApiSiteRepository.ts
FN:31,(anonymous_0)
FN:52,(anonymous_1)
FN:70,(anonymous_2)
FN:75,(anonymous_3)
FN:81,(anonymous_4)
FN:93,(anonymous_5)
FNF:6
FNH:6
FNDA:1,(anonymous_0)
FNDA:1,(anonymous_1)
FNDA:2,(anonymous_2)
FNDA:2,(anonymous_3)
FNDA:1,(anonymous_4)
FNDA:1,(anonymous_5)
DA:31,2
DA:32,1
DA:34,1
DA:52,2
DA:71,2
DA:72,2
DA:76,2
DA:77,2
DA:78,2
DA:82,1
DA:84,1
DA:89,1
DA:90,1
DA:94,1
DA:96,1
LF:15
LH:15
BRDA:32,0,0,1
BRDA:32,0,1,0
BRDA:32,0,2,0
BRDA:39,1,0,1
BRDA:39,1,1,1
BRDA:41,2,0,1
BRDA:41,2,1,1
BRDA:42,3,0,1
BRDA:42,3,1,1
BRDA:44,4,0,1
BRDA:44,4,1,1
BRDA:46,5,0,1
BRDA:46,5,1,0
BRDA:47,6,0,1
BRDA:47,6,1,0
BRDA:48,7,0,1
BRDA:48,7,1,0
BRDA:57,8,0,1
BRDA:57,8,1,0
BRDA:59,9,0,1
BRDA:59,9,1,0
BRDA:60,10,0,1
BRDA:60,10,1,0
BRDA:78,11,0,0
BRDA:78,11,1,2
BRDA:89,12,0,1
BRDA:89,12,1,0
BRF:27
BRH:17
end_of_record
TN:
SF:src/infrastructure/repositories/ApiUserEngagementRepository.ts
FN:46,(anonymous_0)
FN:52,(anonymous_1)
FN:85,(anonymous_2)
FN:89,(anonymous_3)
FN:97,(anonymous_4)
FN:110,(anonymous_5)
FN:118,(anonymous_6)
FNF:7
FNH:7
FNDA:2,(anonymous_0)
FNDA:1,(anonymous_1)
FNDA:1,(anonymous_2)
FNDA:1,(anonymous_3)
FNDA:1,(anonymous_4)
FNDA:1,(anonymous_5)
FNDA:1,(anonymous_6)
DA:47,2
DA:48,2
DA:56,1
DA:57,1
DA:58,1
DA:60,1
DA:61,1
DA:64,1
DA:65,1
DA:67,1
DA:71,1
DA:73,1
DA:85,1
DA:89,1
DA:98,1
DA:111,1
DA:112,0
DA:115,1
DA:119,1
DA:120,1
DA:121,1
DA:124,0
LF:22
LH:20
BRDA:57,0,0,1
BRDA:57,0,1,0
BRDA:60,1,0,1
BRDA:60,1,1,0
BRDA:65,2,0,1
BRDA:65,2,1,0
BRDA:102,3,0,1
BRDA:102,3,1,1
BRDA:111,4,0,0
BRDA:111,4,1,1
BRDA:111,5,0,1
BRDA:111,5,1,1
BRDA:111,5,2,1
BRDA:111,5,3,0
BRDA:120,6,0,1
BRDA:120,6,1,0
BRF:16
BRH:10
end_of_record
TN:
SF:src/infrastructure/repositories/ApiUserRepository.ts
FN:167,mapAddressDtoToDomain
FN:179,mapLocationDtoToDomain
FN:187,mapInventoryManagementCapability
FN:203,mapGenericCapability
FN:214,mapCapabilitiesDtoToDomain
FN:230,mapEntitlementsDtoToDomain
FN:254,mapUserDtoToDomain
FN:256,(anonymous_7)
FN:321,mapAddressDomainToDto
FN:333,mapLocationDomainToDto
FN:345,(anonymous_10)
FN:350,(anonymous_11)
FN:356,(anonymous_12)
FN:365,(anonymous_13)
FN:374,(anonymous_14)
FN:401,(anonymous_15)
FN:419,(anonymous_16)
FN:432,(anonymous_17)
FNF:18
FNH:18
FNDA:8,mapAddressDtoToDomain
FNDA:8,mapLocationDtoToDomain
FNDA:5,mapInventoryManagementCapability
FNDA:30,mapGenericCapability
FNDA:13,mapCapabilitiesDtoToDomain
FNDA:16,mapEntitlementsDtoToDomain
FNDA:8,mapUserDtoToDomain
FNDA:10,(anonymous_7)
FNDA:1,mapAddressDomainToDto
FNDA:1,mapLocationDomainToDto
FNDA:8,(anonymous_10)
FNDA:11,(anonymous_11)
FNDA:3,(anonymous_12)
FNDA:3,(anonymous_13)
FNDA:1,(anonymous_14)
FNDA:1,(anonymous_15)
FNDA:1,(anonymous_16)
FNDA:2,(anonymous_17)
DA:168,8
DA:169,2
DA:180,8
DA:181,2
DA:190,5
DA:191,5
DA:194,0
DA:204,30
DA:205,21
DA:208,9
DA:215,13
DA:216,8
DA:219,5
DA:233,16
DA:234,13
DA:237,3
DA:255,8
DA:256,10
DA:258,8
DA:259,8
DA:260,8
DA:261,8
DA:262,8
DA:263,8
DA:296,8
DA:322,1
DA:323,1
DA:334,1
DA:335,1
DA:346,8
DA:347,8
DA:351,11
DA:352,11
DA:353,11
DA:357,3
DA:358,3
DA:362,3
DA:366,3
DA:367,3
DA:371,3
DA:375,1
DA:377,1
DA:379,1
DA:380,1
DA:381,1
DA:382,0
DA:383,1
DA:384,1
DA:385,0
DA:387,1
DA:389,1
DA:392,1
DA:398,1
DA:405,1
DA:406,1
DA:411,1
DA:416,1
DA:420,1
DA:421,1
DA:425,1
DA:435,2
DA:437,2
DA:439,2
DA:440,1
DA:442,2
DA:443,1
DA:445,2
DA:446,1
DA:448,2
DA:449,1
DA:451,2
DA:452,1
DA:455,2
DA:456,2
DA:458,2
DA:462,2
LF:76
LH:73
BRDA:168,0,0,6
BRDA:168,0,1,2
BRDA:180,1,0,6
BRDA:180,1,1,2
BRDA:190,2,0,5
BRDA:190,2,1,0
BRDA:197,3,0,0
BRDA:197,3,1,0
BRDA:198,4,0,5
BRDA:198,4,1,0
BRDA:204,5,0,21
BRDA:204,5,1,9
BRDA:210,6,0,9
BRDA:210,6,1,7
BRDA:215,7,0,8
BRDA:215,7,1,5
BRDA:233,8,0,13
BRDA:233,8,1,3
BRDA:241,9,0,3
BRDA:241,9,1,1
BRDA:242,10,0,16
BRDA:242,10,1,3
BRDA:244,11,0,16
BRDA:244,11,1,0
BRDA:255,12,0,8
BRDA:255,12,1,0
BRDA:258,13,0,8
BRDA:258,13,1,6
BRDA:258,13,2,6
BRDA:258,13,3,5
BRDA:259,14,0,8
BRDA:259,14,1,6
BRDA:259,14,2,5
BRDA:260,15,0,8
BRDA:260,15,1,6
BRDA:263,16,0,2
BRDA:263,16,1,6
BRDA:269,17,0,2
BRDA:269,17,1,0
BRDA:269,17,2,0
BRDA:270,18,0,2
BRDA:270,18,1,0
BRDA:270,18,2,0
BRDA:272,19,0,2
BRDA:272,19,1,1
BRDA:272,19,2,1
BRDA:272,19,3,1
BRDA:276,20,0,2
BRDA:276,20,1,1
BRDA:276,20,2,1
BRDA:281,21,0,3
BRDA:281,21,1,3
BRDA:284,22,0,3
BRDA:284,22,1,0
BRDA:285,23,0,3
BRDA:285,23,1,1
BRDA:287,24,0,3
BRDA:287,24,1,3
BRDA:288,25,0,3
BRDA:288,25,1,3
BRDA:290,26,0,3
BRDA:290,26,1,3
BRDA:297,27,0,8
BRDA:297,27,1,6
BRDA:297,27,2,0
BRDA:307,28,0,8
BRDA:307,28,1,6
BRDA:309,29,0,8
BRDA:309,29,1,6
BRDA:309,29,2,5
BRDA:310,30,0,8
BRDA:310,30,1,6
BRDA:310,30,2,5
BRDA:311,31,0,8
BRDA:311,31,1,7
BRDA:311,31,2,5
BRDA:312,32,0,8
BRDA:312,32,1,7
BRDA:312,32,2,6
BRDA:314,33,0,8
BRDA:314,33,1,7
BRDA:315,34,0,1
BRDA:315,34,1,7
BRDA:317,35,0,8
BRDA:317,35,1,7
BRDA:322,36,0,0
BRDA:322,36,1,1
BRDA:324,37,0,1
BRDA:324,37,1,0
BRDA:325,38,0,1
BRDA:325,38,1,0
BRDA:326,39,0,1
BRDA:326,39,1,0
BRDA:327,40,0,1
BRDA:327,40,1,0
BRDA:328,41,0,1
BRDA:328,41,1,0
BRDA:329,42,0,1
BRDA:329,42,1,0
BRDA:334,43,0,0
BRDA:334,43,1,1
BRDA:336,44,0,1
BRDA:336,44,1,0
BRDA:337,45,0,1
BRDA:337,45,1,0
BRDA:353,46,0,9
BRDA:353,46,1,2
BRDA:379,47,0,1
BRDA:379,47,1,0
BRDA:381,48,0,0
BRDA:381,48,1,1
BRDA:383,49,0,0
BRDA:383,49,1,1
BRDA:384,50,0,0
BRDA:384,50,1,1
BRDA:387,51,0,1
BRDA:387,51,1,0
BRDA:439,52,0,1
BRDA:439,52,1,1
BRDA:442,53,0,1
BRDA:442,53,1,1
BRDA:445,54,0,1
BRDA:445,54,1,1
BRDA:448,55,0,1
BRDA:448,55,1,1
BRDA:451,56,0,1
BRDA:451,56,1,1
BRDA:456,57,0,1
BRDA:456,57,1,1
BRF:129
BRH:102
end_of_record
TN:
SF:src/lib/utils.ts
FN:4,cn
FNF:1
FNH:1
FNDA:229,cn
DA:5,229
LF:1
LH:1
BRF:0
BRH:0
end_of_record
TN:
SF:src/utils/backendError.ts
FN:1,(anonymous_0)
FN:4,(anonymous_1)
FN:13,(anonymous_2)
FN:20,(anonymous_3)
FN:35,(anonymous_4)
FN:47,(anonymous_5)
FN:52,(anonymous_6)
FN:58,(anonymous_7)
FN:83,(anonymous_8)
FN:91,(anonymous_9)
FNF:10
FNH:10
FNDA:60,(anonymous_0)
FNDA:20,(anonymous_1)
FNDA:11,(anonymous_2)
FNDA:3,(anonymous_3)
FNDA:24,(anonymous_4)
FNDA:13,(anonymous_5)
FNDA:6,(anonymous_6)
FNDA:11,(anonymous_7)
FNDA:3,(anonymous_8)
FNDA:2,(anonymous_9)
DA:1,1
DA:2,60
DA:4,1
DA:5,20
DA:6,13
DA:9,7
DA:10,7
DA:13,1
DA:14,11
DA:15,8
DA:18,3
DA:19,3
DA:20,3
DA:21,2
DA:22,1
DA:26,2
DA:27,2
DA:28,1
DA:32,1
DA:35,1
DA:36,24
DA:37,2
DA:40,22
DA:41,15
DA:44,7
DA:47,1
DA:48,13
DA:49,13
DA:51,13
DA:52,6
DA:55,9
DA:58,1
DA:59,11
DA:61,11
DA:62,11
DA:63,2
DA:66,9
DA:67,9
DA:68,1
DA:71,8
DA:72,11
DA:73,2
DA:76,6
DA:77,1
DA:80,5
DA:83,1
DA:84,3
DA:85,1
DA:88,2
DA:91,1
DA:92,2
LF:51
LH:51
BRDA:2,0,0,60
BRDA:2,0,1,43
BRDA:5,1,0,13
BRDA:5,1,1,7
BRDA:10,2,0,4
BRDA:10,2,1,3
BRDA:14,3,0,8
BRDA:14,3,1,3
BRDA:19,4,0,2
BRDA:19,4,1,1
BRDA:21,5,0,1
BRDA:21,5,1,1
BRDA:27,6,0,1
BRDA:27,6,1,1
BRDA:36,7,0,2
BRDA:36,7,1,22
BRDA:40,8,0,15
BRDA:40,8,1,7
BRDA:51,9,0,4
BRDA:51,9,1,9
BRDA:52,10,0,4
BRDA:52,10,1,0
BRDA:62,11,0,2
BRDA:62,11,1,9
BRDA:67,12,0,1
BRDA:67,12,1,8
BRDA:72,13,0,2
BRDA:72,13,1,9
BRDA:76,14,0,1
BRDA:76,14,1,5
BRDA:84,15,0,1
BRDA:84,15,1,2
BRDA:88,16,0,1
BRDA:88,16,1,1
BRDA:92,17,0,2
BRDA:92,17,1,1
BRF:36
BRH:35
end_of_record
