{"total": {"lines":{"total":3143,"covered":2665,"skipped":0,"pct":84.79},"statements":{"total":3530,"covered":2802,"skipped":0,"pct":79.37},"functions":{"total":665,"covered":501,"skipped":0,"pct":75.33},"branches":{"total":1830,"covered":1060,"skipped":0,"pct":57.92},"branchesTrue":{"total":0,"covered":0,"skipped":0,"pct":100}}
,"/Users/victor/development/appquilar/appquilar/src/App.tsx": {"lines":{"total":112,"covered":100,"skipped":0,"pct":89.28},"functions":{"total":30,"covered":15,"skipped":0,"pct":50},"statements":{"total":138,"covered":114,"skipped":0,"pct":82.6},"branches":{"total":7,"covered":1,"skipped":0,"pct":14.28}}
,"/Users/victor/development/appquilar/appquilar/src/components/Home/CategoryGrid.tsx": {"lines":{"total":33,"covered":30,"skipped":0,"pct":90.9},"functions":{"total":9,"covered":8,"skipped":0,"pct":88.88},"statements":{"total":38,"covered":32,"skipped":0,"pct":84.21},"branches":{"total":20,"covered":15,"skipped":0,"pct":75}}
,"/Users/victor/development/appquilar/appquilar/src/components/Home/FaqSection.tsx": {"lines":{"total":19,"covered":16,"skipped":0,"pct":84.21},"functions":{"total":4,"covered":3,"skipped":0,"pct":75},"statements":{"total":22,"covered":16,"skipped":0,"pct":72.72},"branches":{"total":6,"covered":1,"skipped":0,"pct":16.66}}
,"/Users/victor/development/appquilar/appquilar/src/components/Home/FeaturedProducts.tsx": {"lines":{"total":29,"covered":26,"skipped":0,"pct":89.65},"functions":{"total":8,"covered":7,"skipped":0,"pct":87.5},"statements":{"total":33,"covered":27,"skipped":0,"pct":81.81},"branches":{"total":32,"covered":18,"skipped":0,"pct":56.25}}
,"/Users/victor/development/appquilar/appquilar/src/components/Home/Hero.tsx": {"lines":{"total":35,"covered":28,"skipped":0,"pct":80},"functions":{"total":11,"covered":7,"skipped":0,"pct":63.63},"statements":{"total":41,"covered":30,"skipped":0,"pct":73.17},"branches":{"total":12,"covered":6,"skipped":0,"pct":50}}
,"/Users/victor/development/appquilar/appquilar/src/components/Home/SearchBar.tsx": {"lines":{"total":28,"covered":25,"skipped":0,"pct":89.28},"functions":{"total":6,"covered":5,"skipped":0,"pct":83.33},"statements":{"total":31,"covered":25,"skipped":0,"pct":80.64},"branches":{"total":8,"covered":2,"skipped":0,"pct":25}}
,"/Users/victor/development/appquilar/appquilar/src/components/Home/TrustDifferentiators.tsx": {"lines":{"total":19,"covered":16,"skipped":0,"pct":84.21},"functions":{"total":4,"covered":3,"skipped":0,"pct":75},"statements":{"total":22,"covered":16,"skipped":0,"pct":72.72},"branches":{"total":6,"covered":1,"skipped":0,"pct":16.66}}
,"/Users/victor/development/appquilar/appquilar/src/components/auth/AuthModal.tsx": {"lines":{"total":49,"covered":42,"skipped":0,"pct":85.71},"functions":{"total":14,"covered":9,"skipped":0,"pct":64.28},"statements":{"total":52,"covered":42,"skipped":0,"pct":80.76},"branches":{"total":32,"covered":27,"skipped":0,"pct":84.37}}
,"/Users/victor/development/appquilar/appquilar/src/components/auth/ForgotPasswordForm.tsx": {"lines":{"total":28,"covered":25,"skipped":0,"pct":89.28},"functions":{"total":6,"covered":5,"skipped":0,"pct":83.33},"statements":{"total":31,"covered":25,"skipped":0,"pct":80.64},"branches":{"total":8,"covered":3,"skipped":0,"pct":37.5}}
,"/Users/victor/development/appquilar/appquilar/src/components/auth/SignInForm.tsx": {"lines":{"total":51,"covered":38,"skipped":0,"pct":74.5},"functions":{"total":11,"covered":8,"skipped":0,"pct":72.72},"statements":{"total":58,"covered":38,"skipped":0,"pct":65.51},"branches":{"total":37,"covered":13,"skipped":0,"pct":35.13}}
,"/Users/victor/development/appquilar/appquilar/src/components/auth/SignUpForm.tsx": {"lines":{"total":54,"covered":49,"skipped":0,"pct":90.74},"functions":{"total":9,"covered":8,"skipped":0,"pct":88.88},"statements":{"total":61,"covered":51,"skipped":0,"pct":83.6},"branches":{"total":26,"covered":14,"skipped":0,"pct":53.84}}
,"/Users/victor/development/appquilar/appquilar/src/components/blog/BlogMediaImage.tsx": {"lines":{"total":24,"covered":20,"skipped":0,"pct":83.33},"functions":{"total":4,"covered":3,"skipped":0,"pct":75},"statements":{"total":27,"covered":20,"skipped":0,"pct":74.07},"branches":{"total":10,"covered":2,"skipped":0,"pct":20}}
,"/Users/victor/development/appquilar/appquilar/src/components/categories/CategoryIcon.tsx": {"lines":{"total":24,"covered":20,"skipped":0,"pct":83.33},"functions":{"total":4,"covered":3,"skipped":0,"pct":75},"statements":{"total":27,"covered":20,"skipped":0,"pct":74.07},"branches":{"total":14,"covered":4,"skipped":0,"pct":28.57}}
,"/Users/victor/development/appquilar/appquilar/src/components/categories/categoryIconNames.ts": {"lines":{"total":1,"covered":1,"skipped":0,"pct":100},"functions":{"total":0,"covered":0,"skipped":0,"pct":100},"statements":{"total":1,"covered":1,"skipped":0,"pct":100},"branches":{"total":0,"covered":0,"skipped":0,"pct":100}}
,"/Users/victor/development/appquilar/appquilar/src/components/category/CategoryHeader.tsx": {"lines":{"total":21,"covered":18,"skipped":0,"pct":85.71},"functions":{"total":4,"covered":3,"skipped":0,"pct":75},"statements":{"total":25,"covered":19,"skipped":0,"pct":76},"branches":{"total":12,"covered":4,"skipped":0,"pct":33.33}}
,"/Users/victor/development/appquilar/appquilar/src/components/category/CategorySearch.tsx": {"lines":{"total":18,"covered":14,"skipped":0,"pct":77.77},"functions":{"total":4,"covered":2,"skipped":0,"pct":50},"statements":{"total":21,"covered":14,"skipped":0,"pct":66.66},"branches":{"total":6,"covered":1,"skipped":0,"pct":16.66}}
,"/Users/victor/development/appquilar/appquilar/src/components/category/DynamicPropertyFiltersSection.tsx": {"lines":{"total":27,"covered":23,"skipped":0,"pct":85.18},"functions":{"total":8,"covered":7,"skipped":0,"pct":87.5},"statements":{"total":30,"covered":23,"skipped":0,"pct":76.66},"branches":{"total":24,"covered":16,"skipped":0,"pct":66.66}}
,"/Users/victor/development/appquilar/appquilar/src/components/category/LoadingState.tsx": {"lines":{"total":17,"covered":14,"skipped":0,"pct":82.35},"functions":{"total":3,"covered":2,"skipped":0,"pct":66.66},"statements":{"total":20,"covered":14,"skipped":0,"pct":70},"branches":{"total":6,"covered":1,"skipped":0,"pct":16.66}}
,"/Users/victor/development/appquilar/appquilar/src/components/category/NoProductsFound.tsx": {"lines":{"total":17,"covered":14,"skipped":0,"pct":82.35},"functions":{"total":3,"covered":2,"skipped":0,"pct":66.66},"statements":{"total":20,"covered":14,"skipped":0,"pct":70},"branches":{"total":8,"covered":2,"skipped":0,"pct":25}}
,"/Users/victor/development/appquilar/appquilar/src/components/category/ProductGrid.tsx": {"lines":{"total":18,"covered":15,"skipped":0,"pct":83.33},"functions":{"total":4,"covered":3,"skipped":0,"pct":75},"statements":{"total":21,"covered":15,"skipped":0,"pct":71.42},"branches":{"total":6,"covered":1,"skipped":0,"pct":16.66}}
,"/Users/victor/development/appquilar/appquilar/src/components/common/AppLogo.tsx": {"lines":{"total":26,"covered":21,"skipped":0,"pct":80.76},"functions":{"total":4,"covered":2,"skipped":0,"pct":50},"statements":{"total":29,"covered":21,"skipped":0,"pct":72.41},"branches":{"total":13,"covered":5,"skipped":0,"pct":38.46}}
,"/Users/victor/development/appquilar/appquilar/src/components/common/PublicBreadcrumbs.tsx": {"lines":{"total":21,"covered":17,"skipped":0,"pct":80.95},"functions":{"total":4,"covered":3,"skipped":0,"pct":75},"statements":{"total":24,"covered":17,"skipped":0,"pct":70.83},"branches":{"total":16,"covered":9,"skipped":0,"pct":56.25}}
,"/Users/victor/development/appquilar/appquilar/src/components/company/PublicCompanyLocationMap.tsx": {"lines":{"total":34,"covered":30,"skipped":0,"pct":88.23},"functions":{"total":5,"covered":4,"skipped":0,"pct":80},"statements":{"total":37,"covered":30,"skipped":0,"pct":81.08},"branches":{"total":21,"covered":13,"skipped":0,"pct":61.9}}
,"/Users/victor/development/appquilar/appquilar/src/components/layout/CategoryDrawerTree.tsx": {"lines":{"total":76,"covered":66,"skipped":0,"pct":86.84},"functions":{"total":25,"covered":20,"skipped":0,"pct":80},"statements":{"total":91,"covered":76,"skipped":0,"pct":83.51},"branches":{"total":42,"covered":25,"skipped":0,"pct":59.52}}
,"/Users/victor/development/appquilar/appquilar/src/components/layout/Footer.tsx": {"lines":{"total":33,"covered":28,"skipped":0,"pct":84.84},"functions":{"total":8,"covered":6,"skipped":0,"pct":75},"statements":{"total":36,"covered":28,"skipped":0,"pct":77.77},"branches":{"total":12,"covered":4,"skipped":0,"pct":33.33}}
,"/Users/victor/development/appquilar/appquilar/src/components/layout/Header.tsx": {"lines":{"total":113,"covered":101,"skipped":0,"pct":89.38},"functions":{"total":35,"covered":27,"skipped":0,"pct":77.14},"statements":{"total":128,"covered":109,"skipped":0,"pct":85.15},"branches":{"total":62,"covered":45,"skipped":0,"pct":72.58}}
,"/Users/victor/development/appquilar/appquilar/src/components/layout/PublicSessionMessagesLink.tsx": {"lines":{"total":27,"covered":24,"skipped":0,"pct":88.88},"functions":{"total":4,"covered":3,"skipped":0,"pct":75},"statements":{"total":30,"covered":24,"skipped":0,"pct":80},"branches":{"total":13,"covered":7,"skipped":0,"pct":53.84}}
,"/Users/victor/development/appquilar/appquilar/src/components/products/CompanyInfo.tsx": {"lines":{"total":30,"covered":27,"skipped":0,"pct":90},"functions":{"total":5,"covered":4,"skipped":0,"pct":80},"statements":{"total":33,"covered":27,"skipped":0,"pct":81.81},"branches":{"total":33,"covered":23,"skipped":0,"pct":69.69}}
,"/Users/victor/development/appquilar/appquilar/src/components/products/ContactModal.tsx": {"lines":{"total":82,"covered":72,"skipped":0,"pct":87.8},"functions":{"total":12,"covered":9,"skipped":0,"pct":75},"statements":{"total":85,"covered":72,"skipped":0,"pct":84.7},"branches":{"total":85,"covered":65,"skipped":0,"pct":76.47}}
,"/Users/victor/development/appquilar/appquilar/src/components/products/ProductCard.tsx": {"lines":{"total":29,"covered":24,"skipped":0,"pct":82.75},"functions":{"total":6,"covered":3,"skipped":0,"pct":50},"statements":{"total":32,"covered":24,"skipped":0,"pct":75},"branches":{"total":30,"covered":16,"skipped":0,"pct":53.33}}
,"/Users/victor/development/appquilar/appquilar/src/components/products/ProductDynamicPropertiesSummary.tsx": {"lines":{"total":20,"covered":16,"skipped":0,"pct":80},"functions":{"total":4,"covered":2,"skipped":0,"pct":50},"statements":{"total":23,"covered":16,"skipped":0,"pct":69.56},"branches":{"total":15,"covered":8,"skipped":0,"pct":53.33}}
,"/Users/victor/development/appquilar/appquilar/src/components/products/ProductImageGallery.tsx": {"lines":{"total":38,"covered":30,"skipped":0,"pct":78.94},"functions":{"total":11,"covered":7,"skipped":0,"pct":63.63},"statements":{"total":42,"covered":30,"skipped":0,"pct":71.42},"branches":{"total":26,"covered":18,"skipped":0,"pct":69.23}}
,"/Users/victor/development/appquilar/appquilar/src/components/products/ProductInfo.tsx": {"lines":{"total":35,"covered":30,"skipped":0,"pct":85.71},"functions":{"total":8,"covered":7,"skipped":0,"pct":87.5},"statements":{"total":38,"covered":30,"skipped":0,"pct":78.94},"branches":{"total":49,"covered":36,"skipped":0,"pct":73.46}}
,"/Users/victor/development/appquilar/appquilar/src/components/products/ProductLocationMap.tsx": {"lines":{"total":23,"covered":20,"skipped":0,"pct":86.95},"functions":{"total":4,"covered":3,"skipped":0,"pct":75},"statements":{"total":26,"covered":20,"skipped":0,"pct":76.92},"branches":{"total":7,"covered":1,"skipped":0,"pct":14.28}}
,"/Users/victor/development/appquilar/appquilar/src/components/products/ProductPage.tsx": {"lines":{"total":95,"covered":89,"skipped":0,"pct":93.68},"functions":{"total":18,"covered":17,"skipped":0,"pct":94.44},"statements":{"total":100,"covered":91,"skipped":0,"pct":91},"branches":{"total":127,"covered":98,"skipped":0,"pct":77.16}}
,"/Users/victor/development/appquilar/appquilar/src/components/products/ProductRentalCostCalculator.tsx": {"lines":{"total":61,"covered":53,"skipped":0,"pct":86.88},"functions":{"total":10,"covered":9,"skipped":0,"pct":90},"statements":{"total":65,"covered":53,"skipped":0,"pct":81.53},"branches":{"total":45,"covered":29,"skipped":0,"pct":64.44}}
,"/Users/victor/development/appquilar/appquilar/src/components/products/SpanishDateRangePicker.tsx": {"lines":{"total":54,"covered":48,"skipped":0,"pct":88.88},"functions":{"total":10,"covered":9,"skipped":0,"pct":90},"statements":{"total":59,"covered":50,"skipped":0,"pct":84.74},"branches":{"total":36,"covered":28,"skipped":0,"pct":77.77}}
,"/Users/victor/development/appquilar/appquilar/src/components/routing/ProtectedRoute.tsx": {"lines":{"total":29,"covered":23,"skipped":0,"pct":79.31},"functions":{"total":4,"covered":3,"skipped":0,"pct":75},"statements":{"total":32,"covered":23,"skipped":0,"pct":71.87},"branches":{"total":14,"covered":6,"skipped":0,"pct":42.85}}
,"/Users/victor/development/appquilar/appquilar/src/components/shared/SafeHtml.tsx": {"lines":{"total":20,"covered":16,"skipped":0,"pct":80},"functions":{"total":3,"covered":2,"skipped":0,"pct":66.66},"statements":{"total":23,"covered":16,"skipped":0,"pct":69.56},"branches":{"total":10,"covered":3,"skipped":0,"pct":30}}
,"/Users/victor/development/appquilar/appquilar/src/components/ui/accordion.tsx": {"lines":{"total":29,"covered":26,"skipped":0,"pct":89.65},"functions":{"total":5,"covered":4,"skipped":0,"pct":80},"statements":{"total":35,"covered":29,"skipped":0,"pct":82.85},"branches":{"total":6,"covered":1,"skipped":0,"pct":16.66}}
,"/Users/victor/development/appquilar/appquilar/src/components/ui/alert.tsx": {"lines":{"total":29,"covered":26,"skipped":0,"pct":89.65},"functions":{"total":5,"covered":4,"skipped":0,"pct":80},"statements":{"total":35,"covered":29,"skipped":0,"pct":82.85},"branches":{"total":6,"covered":1,"skipped":0,"pct":16.66}}
,"/Users/victor/development/appquilar/appquilar/src/components/ui/badge.tsx": {"lines":{"total":17,"covered":14,"skipped":0,"pct":82.35},"functions":{"total":3,"covered":2,"skipped":0,"pct":66.66},"statements":{"total":20,"covered":14,"skipped":0,"pct":70},"branches":{"total":6,"covered":1,"skipped":0,"pct":16.66}}
,"/Users/victor/development/appquilar/appquilar/src/components/ui/button.tsx": {"lines":{"total":21,"covered":18,"skipped":0,"pct":85.71},"functions":{"total":3,"covered":2,"skipped":0,"pct":66.66},"statements":{"total":24,"covered":18,"skipped":0,"pct":75},"branches":{"total":9,"covered":4,"skipped":0,"pct":44.44}}
,"/Users/victor/development/appquilar/appquilar/src/components/ui/calendar.tsx": {"lines":{"total":19,"covered":16,"skipped":0,"pct":84.21},"functions":{"total":5,"covered":4,"skipped":0,"pct":80},"statements":{"total":22,"covered":16,"skipped":0,"pct":72.72},"branches":{"total":7,"covered":2,"skipped":0,"pct":28.57}}
,"/Users/victor/development/appquilar/appquilar/src/components/ui/card.tsx": {"lines":{"total":43,"covered":40,"skipped":0,"pct":93.02},"functions":{"total":8,"covered":6,"skipped":0,"pct":75},"statements":{"total":52,"covered":45,"skipped":0,"pct":86.53},"branches":{"total":6,"covered":1,"skipped":0,"pct":16.66}}
,"/Users/victor/development/appquilar/appquilar/src/components/ui/dialog.tsx": {"lines":{"total":44,"covered":41,"skipped":0,"pct":93.18},"functions":{"total":8,"covered":6,"skipped":0,"pct":75},"statements":{"total":53,"covered":46,"skipped":0,"pct":86.79},"branches":{"total":6,"covered":1,"skipped":0,"pct":16.66}}
,"/Users/victor/development/appquilar/appquilar/src/components/ui/form.tsx": {"lines":{"total":84,"covered":72,"skipped":0,"pct":85.71},"functions":{"total":18,"covered":11,"skipped":0,"pct":61.11},"statements":{"total":92,"covered":77,"skipped":0,"pct":83.69},"branches":{"total":16,"covered":10,"skipped":0,"pct":62.5}}
,"/Users/victor/development/appquilar/appquilar/src/components/ui/input.tsx": {"lines":{"total":19,"covered":16,"skipped":0,"pct":84.21},"functions":{"total":3,"covered":2,"skipped":0,"pct":66.66},"statements":{"total":22,"covered":16,"skipped":0,"pct":72.72},"branches":{"total":6,"covered":1,"skipped":0,"pct":16.66}}
,"/Users/victor/development/appquilar/appquilar/src/components/ui/label.tsx": {"lines":{"total":19,"covered":16,"skipped":0,"pct":84.21},"functions":{"total":3,"covered":2,"skipped":0,"pct":66.66},"statements":{"total":23,"covered":17,"skipped":0,"pct":73.91},"branches":{"total":6,"covered":1,"skipped":0,"pct":16.66}}
,"/Users/victor/development/appquilar/appquilar/src/components/ui/popover.tsx": {"lines":{"total":20,"covered":17,"skipped":0,"pct":85},"functions":{"total":3,"covered":2,"skipped":0,"pct":66.66},"statements":{"total":24,"covered":18,"skipped":0,"pct":75},"branches":{"total":8,"covered":2,"skipped":0,"pct":25}}
,"/Users/victor/development/appquilar/appquilar/src/components/ui/select.tsx": {"lines":{"total":50,"covered":47,"skipped":0,"pct":94},"functions":{"total":9,"covered":6,"skipped":0,"pct":66.66},"statements":{"total":60,"covered":52,"skipped":0,"pct":86.66},"branches":{"total":11,"covered":6,"skipped":0,"pct":54.54}}
,"/Users/victor/development/appquilar/appquilar/src/components/ui/sheet.tsx": {"lines":{"total":45,"covered":42,"skipped":0,"pct":93.33},"functions":{"total":8,"covered":5,"skipped":0,"pct":62.5},"statements":{"total":54,"covered":46,"skipped":0,"pct":85.18},"branches":{"total":7,"covered":1,"skipped":0,"pct":14.28}}
,"/Users/victor/development/appquilar/appquilar/src/components/ui/sonner.tsx": {"lines":{"total":22,"covered":19,"skipped":0,"pct":86.36},"functions":{"total":4,"covered":3,"skipped":0,"pct":75},"statements":{"total":25,"covered":19,"skipped":0,"pct":76},"branches":{"total":7,"covered":2,"skipped":0,"pct":28.57}}
,"/Users/victor/development/appquilar/appquilar/src/components/ui/table.tsx": {"lines":{"total":53,"covered":50,"skipped":0,"pct":94.33},"functions":{"total":10,"covered":7,"skipped":0,"pct":70},"statements":{"total":64,"covered":56,"skipped":0,"pct":87.5},"branches":{"total":6,"covered":1,"skipped":0,"pct":16.66}}
,"/Users/victor/development/appquilar/appquilar/src/components/ui/textarea.tsx": {"lines":{"total":19,"covered":16,"skipped":0,"pct":84.21},"functions":{"total":3,"covered":2,"skipped":0,"pct":66.66},"statements":{"total":22,"covered":16,"skipped":0,"pct":72.72},"branches":{"total":6,"covered":1,"skipped":0,"pct":16.66}}
,"/Users/victor/development/appquilar/appquilar/src/components/ui/toast.tsx": {"lines":{"total":46,"covered":42,"skipped":0,"pct":91.3},"functions":{"total":8,"covered":2,"skipped":0,"pct":25},"statements":{"total":54,"covered":43,"skipped":0,"pct":79.62},"branches":{"total":6,"covered":1,"skipped":0,"pct":16.66}}
,"/Users/victor/development/appquilar/appquilar/src/components/ui/toaster.tsx": {"lines":{"total":22,"covered":18,"skipped":0,"pct":81.81},"functions":{"total":5,"covered":3,"skipped":0,"pct":60},"statements":{"total":25,"covered":18,"skipped":0,"pct":72},"branches":{"total":10,"covered":1,"skipped":0,"pct":10}}
,"/Users/victor/development/appquilar/appquilar/src/components/ui/tooltip.tsx": {"lines":{"total":21,"covered":18,"skipped":0,"pct":85.71},"functions":{"total":3,"covered":2,"skipped":0,"pct":66.66},"statements":{"total":25,"covered":19,"skipped":0,"pct":76},"branches":{"total":7,"covered":2,"skipped":0,"pct":28.57}}
,"/Users/victor/development/appquilar/appquilar/src/components/ui/use-toast.ts": {"lines":{"total":0,"covered":0,"skipped":0,"pct":100},"functions":{"total":0,"covered":0,"skipped":0,"pct":100},"statements":{"total":0,"covered":0,"skipped":0,"pct":100},"branches":{"total":0,"covered":0,"skipped":0,"pct":100}}
,"/Users/victor/development/appquilar/appquilar/src/composition/apiClient.ts": {"lines":{"total":2,"covered":2,"skipped":0,"pct":100},"functions":{"total":0,"covered":0,"skipped":0,"pct":100},"statements":{"total":2,"covered":2,"skipped":0,"pct":100},"branches":{"total":2,"covered":1,"skipped":0,"pct":50}}
,"/Users/victor/development/appquilar/appquilar/src/composition/auth.ts": {"lines":{"total":7,"covered":7,"skipped":0,"pct":100},"functions":{"total":1,"covered":1,"skipped":0,"pct":100},"statements":{"total":8,"covered":8,"skipped":0,"pct":100},"branches":{"total":0,"covered":0,"skipped":0,"pct":100}}
,"/Users/victor/development/appquilar/appquilar/src/composition/queryClient.ts": {"lines":{"total":1,"covered":1,"skipped":0,"pct":100},"functions":{"total":0,"covered":0,"skipped":0,"pct":100},"statements":{"total":1,"covered":1,"skipped":0,"pct":100},"branches":{"total":0,"covered":0,"skipped":0,"pct":100}}
,"/Users/victor/development/appquilar/appquilar/src/compositionRoot.ts": {"lines":{"total":42,"covered":42,"skipped":0,"pct":100},"functions":{"total":1,"covered":1,"skipped":0,"pct":100},"statements":{"total":43,"covered":43,"skipped":0,"pct":100},"branches":{"total":0,"covered":0,"skipped":0,"pct":100}}
,"/Users/victor/development/appquilar/appquilar/src/context/AuthContext.tsx": {"lines":{"total":109,"covered":69,"skipped":0,"pct":63.3},"functions":{"total":18,"covered":10,"skipped":0,"pct":55.55},"statements":{"total":118,"covered":70,"skipped":0,"pct":59.32},"branches":{"total":55,"covered":10,"skipped":0,"pct":18.18}}
,"/Users/victor/development/appquilar/appquilar/src/core/application/SeoService.ts": {"lines":{"total":9,"covered":8,"skipped":0,"pct":88.88},"functions":{"total":3,"covered":3,"skipped":0,"pct":100},"statements":{"total":9,"covered":8,"skipped":0,"pct":88.88},"branches":{"total":42,"covered":33,"skipped":0,"pct":78.57}}
,"/Users/victor/development/appquilar/appquilar/src/hooks/useAuthModalLauncher.ts": {"lines":{"total":11,"covered":11,"skipped":0,"pct":100},"functions":{"total":4,"covered":4,"skipped":0,"pct":100},"statements":{"total":11,"covered":11,"skipped":0,"pct":100},"branches":{"total":2,"covered":2,"skipped":0,"pct":100}}
,"/Users/victor/development/appquilar/appquilar/src/hooks/useDebouncedValue.ts": {"lines":{"total":8,"covered":8,"skipped":0,"pct":100},"functions":{"total":4,"covered":4,"skipped":0,"pct":100},"statements":{"total":8,"covered":8,"skipped":0,"pct":100},"branches":{"total":1,"covered":0,"skipped":0,"pct":0}}
,"/Users/victor/development/appquilar/appquilar/src/hooks/useProductLocationMap.ts": {"lines":{"total":68,"covered":19,"skipped":0,"pct":27.94},"functions":{"total":10,"covered":5,"skipped":0,"pct":50},"statements":{"total":70,"covered":19,"skipped":0,"pct":27.14},"branches":{"total":49,"covered":2,"skipped":0,"pct":4.08}}
,"/Users/victor/development/appquilar/appquilar/src/hooks/useScrollToTop.ts": {"lines":{"total":3,"covered":3,"skipped":0,"pct":100},"functions":{"total":2,"covered":2,"skipped":0,"pct":100},"statements":{"total":3,"covered":3,"skipped":0,"pct":100},"branches":{"total":0,"covered":0,"skipped":0,"pct":100}}
,"/Users/victor/development/appquilar/appquilar/src/hooks/useSeo.ts": {"lines":{"total":48,"covered":42,"skipped":0,"pct":87.5},"functions":{"total":8,"covered":7,"skipped":0,"pct":87.5},"statements":{"total":63,"covered":55,"skipped":0,"pct":87.3},"branches":{"total":38,"covered":21,"skipped":0,"pct":55.26}}
,"/Users/victor/development/appquilar/appquilar/src/lib/utils.ts": {"lines":{"total":1,"covered":1,"skipped":0,"pct":100},"functions":{"total":1,"covered":1,"skipped":0,"pct":100},"statements":{"total":1,"covered":1,"skipped":0,"pct":100},"branches":{"total":0,"covered":0,"skipped":0,"pct":100}}
,"/Users/victor/development/appquilar/appquilar/src/main.tsx": {"lines":{"total":25,"covered":12,"skipped":0,"pct":48},"functions":{"total":3,"covered":2,"skipped":0,"pct":66.66},"statements":{"total":25,"covered":12,"skipped":0,"pct":48},"branches":{"total":18,"covered":7,"skipped":0,"pct":38.88}}
,"/Users/victor/development/appquilar/appquilar/src/pages/CategoriesPage.tsx": {"lines":{"total":28,"covered":25,"skipped":0,"pct":89.28},"functions":{"total":7,"covered":6,"skipped":0,"pct":85.71},"statements":{"total":31,"covered":25,"skipped":0,"pct":80.64},"branches":{"total":20,"covered":9,"skipped":0,"pct":45}}
,"/Users/victor/development/appquilar/appquilar/src/pages/CategoryPage.tsx": {"lines":{"total":145,"covered":129,"skipped":0,"pct":88.96},"functions":{"total":32,"covered":28,"skipped":0,"pct":87.5},"statements":{"total":152,"covered":132,"skipped":0,"pct":86.84},"branches":{"total":120,"covered":84,"skipped":0,"pct":70}}
,"/Users/victor/development/appquilar/appquilar/src/pages/ContactPage.tsx": {"lines":{"total":53,"covered":50,"skipped":0,"pct":94.33},"functions":{"total":10,"covered":9,"skipped":0,"pct":90},"statements":{"total":60,"covered":54,"skipped":0,"pct":90},"branches":{"total":28,"covered":21,"skipped":0,"pct":75}}
,"/Users/victor/development/appquilar/appquilar/src/pages/Index.tsx": {"lines":{"total":26,"covered":23,"skipped":0,"pct":88.46},"functions":{"total":5,"covered":4,"skipped":0,"pct":80},"statements":{"total":30,"covered":24,"skipped":0,"pct":80},"branches":{"total":6,"covered":1,"skipped":0,"pct":16.66}}
,"/Users/victor/development/appquilar/appquilar/src/pages/PartnersPage.tsx": {"lines":{"total":40,"covered":34,"skipped":0,"pct":85},"functions":{"total":11,"covered":7,"skipped":0,"pct":63.63},"statements":{"total":43,"covered":34,"skipped":0,"pct":79.06},"branches":{"total":11,"covered":6,"skipped":0,"pct":54.54}}
,"/Users/victor/development/appquilar/appquilar/src/pages/ProductDetail.tsx": {"lines":{"total":22,"covered":19,"skipped":0,"pct":86.36},"functions":{"total":4,"covered":3,"skipped":0,"pct":75},"statements":{"total":25,"covered":19,"skipped":0,"pct":76},"branches":{"total":6,"covered":1,"skipped":0,"pct":16.66}}
,"/Users/victor/development/appquilar/appquilar/src/pages/PublicCompanyPage.tsx": {"lines":{"total":99,"covered":85,"skipped":0,"pct":85.85},"functions":{"total":26,"covered":21,"skipped":0,"pct":80.76},"statements":{"total":110,"covered":93,"skipped":0,"pct":84.54},"branches":{"total":149,"covered":115,"skipped":0,"pct":77.18}}
,"/Users/victor/development/appquilar/appquilar/src/pages/SearchPage.tsx": {"lines":{"total":223,"covered":206,"skipped":0,"pct":92.37},"functions":{"total":60,"covered":56,"skipped":0,"pct":93.33},"statements":{"total":246,"covered":225,"skipped":0,"pct":91.46},"branches":{"total":155,"covered":120,"skipped":0,"pct":77.41}}
,"/Users/victor/development/appquilar/appquilar/src/pages/legal/PrivacyPage.tsx": {"lines":{"total":22,"covered":19,"skipped":0,"pct":86.36},"functions":{"total":4,"covered":3,"skipped":0,"pct":75},"statements":{"total":25,"covered":19,"skipped":0,"pct":76},"branches":{"total":6,"covered":1,"skipped":0,"pct":16.66}}
,"/Users/victor/development/appquilar/appquilar/src/utils/backendError.ts": {"lines":{"total":49,"covered":17,"skipped":0,"pct":34.69},"functions":{"total":10,"covered":5,"skipped":0,"pct":50},"statements":{"total":53,"covered":19,"skipped":0,"pct":35.84},"branches":{"total":36,"covered":8,"skipped":0,"pct":22.22}}
,"/Users/victor/development/appquilar/appquilar/src/utils/categoryBreadcrumb.ts": {"lines":{"total":10,"covered":10,"skipped":0,"pct":100},"functions":{"total":1,"covered":1,"skipped":0,"pct":100},"statements":{"total":10,"covered":10,"skipped":0,"pct":100},"branches":{"total":8,"covered":7,"skipped":0,"pct":87.5}}
}
