TN:
SF:src/App.tsx
FN:21,(anonymous_0)
FN:23,(anonymous_1)
FN:25,(anonymous_2)
FN:27,(anonymous_3)
FN:29,(anonymous_4)
FN:31,(anonymous_5)
FN:33,(anonymous_6)
FN:35,(anonymous_7)
FN:37,(anonymous_8)
FN:39,(anonymous_9)
FN:41,(anonymous_10)
FN:43,(anonymous_11)
FN:45,(anonymous_12)
FN:47,(anonymous_13)
FN:49,(anonymous_14)
FN:51,(anonymous_15)
FN:53,(anonymous_16)
FN:55,(anonymous_17)
FN:57,(anonymous_18)
FN:59,(anonymous_19)
FN:68,(anonymous_20)
FN:83,(anonymous_21)
FN:95,(anonymous_22)
FN:276,(anonymous_23)
FN:290,(anonymous_24)
FN:304,(anonymous_25)
FN:487,RouteAliasRedirect
FN:501,(anonymous_27)
FN:557,(anonymous_28)
FN:559,(anonymous_29)
FNF:30
FNH:15
FNDA:11,(anonymous_0)
FNDA:0,(anonymous_1)
FNDA:12,(anonymous_2)
FNDA:3,(anonymous_3)
FNDA:2,(anonymous_4)
FNDA:0,(anonymous_5)
FNDA:0,(anonymous_6)
FNDA:9,(anonymous_7)
FNDA:0,(anonymous_8)
FNDA:2,(anonymous_9)
FNDA:2,(anonymous_10)
FNDA:0,(anonymous_11)
FNDA:1,(anonymous_12)
FNDA:6,(anonymous_13)
FNDA:0,(anonymous_14)
FNDA:0,(anonymous_15)
FNDA:0,(anonymous_16)
FNDA:0,(anonymous_17)
FNDA:1,(anonymous_18)
FNDA:2,(anonymous_19)
FNDA:98,(anonymous_20)
FNDA:1558,(anonymous_21)
FNDA:82,(anonymous_22)
FNDA:0,(anonymous_23)
FNDA:0,(anonymous_24)
FNDA:0,(anonymous_25)
FNDA:0,RouteAliasRedirect
FNDA:0,(anonymous_27)
FNDA:41,(anonymous_28)
FNDA:0,(anonymous_29)
DA:1,41
DA:2,41
DA:3,41
DA:4,41
DA:5,41
DA:10,41
DA:21,41
DA:22,41
DA:23,41
DA:24,41
DA:25,41
DA:26,41
DA:27,41
DA:28,41
DA:29,41
DA:30,41
DA:31,41
DA:32,41
DA:33,41
DA:34,41
DA:35,41
DA:36,41
DA:37,41
DA:38,41
DA:39,41
DA:40,41
DA:41,41
DA:42,41
DA:43,41
DA:44,41
DA:45,41
DA:46,41
DA:47,41
DA:48,41
DA:49,41
DA:50,41
DA:51,41
DA:52,41
DA:53,41
DA:54,41
DA:55,41
DA:56,41
DA:57,41
DA:58,41
DA:59,41
DA:67,41
DA:68,98
DA:82,41
DA:83,1558
DA:95,82
DA:276,0
DA:290,0
DA:304,0
DA:486,41
DA:488,0
DA:489,0
DA:490,0
DA:491,0
DA:492,0
DA:501,41
DA:502,0
DA:507,41
DA:510,41
DA:511,41
DA:512,41
DA:513,41
DA:514,41
DA:515,41
DA:516,41
DA:517,41
DA:518,41
DA:519,41
DA:520,41
DA:521,41
DA:522,41
DA:523,41
DA:524,41
DA:525,41
DA:526,41
DA:527,41
DA:528,41
DA:529,41
DA:530,41
DA:531,41
DA:532,41
DA:533,41
DA:534,41
DA:535,41
DA:536,41
DA:537,41
DA:538,41
DA:539,41
DA:540,41
DA:541,41
DA:542,41
DA:543,41
DA:544,41
DA:545,41
DA:546,41
DA:547,41
DA:548,41
DA:549,41
DA:550,41
DA:551,41
DA:554,41
DA:555,41
DA:557,41
DA:558,41
DA:559,41
DA:560,0
DA:561,0
DA:562,0
LF:112
LH:100
BRDA:1,0,0,0
BRDA:1,0,1,41
BRDA:489,1,0,0
BRDA:560,2,0,0
BRDA:560,2,1,0
BRDA:562,3,0,0
BRDA:562,3,1,0
BRF:7
BRH:1
end_of_record
TN:
SF:src/components/Home/CategoryGrid.tsx
FN:41,(anonymous_0)
FN:44,(anonymous_1)
FN:46,(anonymous_2)
FN:59,(anonymous_3)
FN:60,(anonymous_4)
FN:124,(anonymous_5)
FN:212,(anonymous_6)
FN:226,(anonymous_7)
FN:228,(anonymous_8)
FNF:9
FNH:8
FNDA:52,(anonymous_0)
FNDA:52,(anonymous_1)
FNDA:120,(anonymous_2)
FNDA:39,(anonymous_3)
FNDA:134,(anonymous_4)
FNDA:186,(anonymous_5)
FNDA:11,(anonymous_6)
FNDA:11,(anonymous_7)
FNDA:0,(anonymous_8)
DA:1,11
DA:2,11
DA:3,11
DA:4,11
DA:5,11
DA:10,11
DA:16,11
DA:41,11
DA:42,52
DA:43,52
DA:44,52
DA:45,52
DA:46,120
DA:53,22
DA:59,52
DA:60,39
DA:61,134
DA:62,66
DA:63,66
DA:68,52
DA:124,186
DA:212,11
DA:213,11
DA:217,11
DA:220,11
DA:223,11
DA:224,11
DA:226,11
DA:227,11
DA:228,11
DA:229,0
DA:230,0
DA:231,0
LF:33
LH:30
BRDA:1,0,0,0
BRDA:1,0,1,11
BRDA:45,1,0,30
BRDA:45,1,1,22
BRDA:45,2,0,52
BRDA:45,2,1,30
BRDA:50,3,0,120
BRDA:50,3,1,120
BRDA:50,4,0,120
BRDA:50,4,1,120
BRDA:61,5,0,68
BRDA:61,5,1,66
BRDA:133,6,0,66
BRDA:133,6,1,120
BRDA:172,7,0,66
BRDA:172,7,1,120
BRDA:229,8,0,0
BRDA:229,8,1,0
BRDA:231,9,0,0
BRDA:231,9,1,0
BRF:20
BRH:15
end_of_record
TN:
SF:src/components/Home/FaqSection.tsx
FN:45,(anonymous_0)
FN:90,(anonymous_1)
FN:147,(anonymous_2)
FN:149,(anonymous_3)
FNF:4
FNH:3
FNDA:26,(anonymous_0)
FNDA:208,(anonymous_1)
FNDA:11,(anonymous_2)
FNDA:0,(anonymous_3)
DA:1,11
DA:2,11
DA:3,11
DA:4,11
DA:5,11
DA:11,11
DA:45,11
DA:46,26
DA:90,208
DA:138,11
DA:141,11
DA:144,11
DA:145,11
DA:147,11
DA:148,11
DA:149,11
DA:150,0
DA:151,0
DA:152,0
LF:19
LH:16
BRDA:1,0,0,0
BRDA:1,0,1,11
BRDA:150,1,0,0
BRDA:150,1,1,0
BRDA:152,2,0,0
BRDA:152,2,1,0
BRF:6
BRH:1
end_of_record
TN:
SF:src/components/Home/FeaturedProducts.tsx
FN:16,(anonymous_0)
FN:20,(anonymous_1)
FN:23,(anonymous_2)
FN:25,(anonymous_3)
FN:116,(anonymous_4)
FN:147,(anonymous_5)
FN:161,(anonymous_6)
FN:163,(anonymous_7)
FNF:8
FNH:7
FNDA:48,(anonymous_0)
FNDA:48,(anonymous_1)
FNDA:48,(anonymous_2)
FNDA:48,(anonymous_3)
FNDA:48,(anonymous_4)
FNDA:11,(anonymous_5)
FNDA:11,(anonymous_6)
FNDA:0,(anonymous_7)
DA:1,11
DA:2,11
DA:3,11
DA:4,11
DA:5,11
DA:10,11
DA:16,11
DA:17,48
DA:18,48
DA:20,11
DA:21,48
DA:22,48
DA:23,48
DA:24,48
DA:25,48
DA:53,48
DA:116,48
DA:147,11
DA:148,11
DA:152,11
DA:155,11
DA:158,11
DA:159,11
DA:161,11
DA:162,11
DA:163,11
DA:164,0
DA:165,0
DA:166,0
LF:29
LH:26
BRDA:1,0,0,0
BRDA:1,0,1,11
BRDA:17,1,0,48
BRDA:17,1,1,0
BRDA:18,2,0,48
BRDA:18,2,1,48
BRDA:24,3,0,48
BRDA:24,3,1,22
BRDA:32,4,0,48
BRDA:32,4,1,0
BRDA:38,5,0,48
BRDA:38,5,1,0
BRDA:39,6,0,48
BRDA:39,6,1,0
BRDA:43,7,0,48
BRDA:43,7,1,0
BRDA:44,8,0,48
BRDA:44,8,1,0
BRDA:45,9,0,48
BRDA:45,9,1,0
BRDA:47,10,0,48
BRDA:47,10,1,0
BRDA:48,11,0,48
BRDA:48,11,1,0
BRDA:109,12,0,22
BRDA:109,12,1,26
BRDA:116,13,0,24
BRDA:116,13,1,2
BRDA:164,14,0,0
BRDA:164,14,1,0
BRDA:166,15,0,0
BRDA:166,15,1,0
BRF:32
BRH:18
end_of_record
TN:
SF:src/components/Home/Hero.tsx
FN:17,(anonymous_0)
FN:20,(anonymous_1)
FN:22,(anonymous_2)
FN:38,(anonymous_3)
FN:39,(anonymous_4)
FN:41,(anonymous_5)
FN:42,(anonymous_6)
FN:46,(anonymous_7)
FN:141,(anonymous_8)
FN:155,(anonymous_9)
FN:157,(anonymous_10)
FNF:11
FNH:7
FNDA:52,(anonymous_0)
FNDA:52,(anonymous_1)
FNDA:120,(anonymous_2)
FNDA:26,(anonymous_3)
FNDA:0,(anonymous_4)
FNDA:0,(anonymous_5)
FNDA:0,(anonymous_6)
FNDA:17,(anonymous_7)
FNDA:11,(anonymous_8)
FNDA:11,(anonymous_9)
FNDA:0,(anonymous_10)
DA:1,11
DA:2,11
DA:3,11
DA:4,11
DA:5,11
DA:10,11
DA:17,11
DA:18,52
DA:19,52
DA:20,52
DA:21,52
DA:22,120
DA:25,22
DA:35,52
DA:36,52
DA:38,52
DA:39,26
DA:40,0
DA:41,0
DA:42,0
DA:43,0
DA:46,26
DA:50,52
DA:141,11
DA:142,11
DA:146,11
DA:149,11
DA:152,11
DA:153,11
DA:155,11
DA:156,11
DA:157,11
DA:158,0
DA:159,0
DA:160,0
LF:35
LH:28
BRDA:1,0,0,0
BRDA:1,0,1,11
BRDA:21,1,0,30
BRDA:21,1,1,22
BRDA:21,2,0,52
BRDA:21,2,1,30
BRDA:77,3,0,0
BRDA:77,3,1,52
BRDA:158,4,0,0
BRDA:158,4,1,0
BRDA:160,5,0,0
BRDA:160,5,1,0
BRF:12
BRH:6
end_of_record
TN:
SF:src/components/Home/SearchBar.tsx
FN:15,(anonymous_0)
FN:19,(anonymous_1)
FN:35,(anonymous_2)
FN:70,(anonymous_3)
FN:84,(anonymous_4)
FN:86,(anonymous_5)
FNF:6
FNH:5
FNDA:58,(anonymous_0)
FNDA:2,(anonymous_1)
FNDA:2,(anonymous_2)
FNDA:11,(anonymous_3)
FNDA:11,(anonymous_4)
FNDA:0,(anonymous_5)
DA:1,11
DA:2,11
DA:3,11
DA:4,11
DA:5,11
DA:10,11
DA:15,11
DA:16,58
DA:17,58
DA:18,58
DA:19,58
DA:20,2
DA:21,2
DA:22,2
DA:25,58
DA:35,2
DA:70,11
DA:71,11
DA:75,11
DA:78,11
DA:81,11
DA:82,11
DA:84,11
DA:85,11
DA:86,11
DA:87,0
DA:88,0
DA:89,0
LF:28
LH:25
BRDA:1,0,0,0
BRDA:1,0,1,11
BRDA:21,1,0,2
BRDA:21,1,1,0
BRDA:87,2,0,0
BRDA:87,2,1,0
BRDA:89,3,0,0
BRDA:89,3,1,0
BRF:8
BRH:2
end_of_record
TN:
SF:src/components/Home/TrustDifferentiators.tsx
FN:41,(anonymous_0)
FN:46,(anonymous_1)
FN:106,(anonymous_2)
FN:108,(anonymous_3)
FNF:4
FNH:3
FNDA:52,(anonymous_0)
FNDA:208,(anonymous_1)
FNDA:11,(anonymous_2)
FNDA:0,(anonymous_3)
DA:1,11
DA:2,11
DA:3,11
DA:4,11
DA:5,11
DA:11,11
DA:41,11
DA:42,52
DA:46,208
DA:97,11
DA:100,11
DA:103,11
DA:104,11
DA:106,11
DA:107,11
DA:108,11
DA:109,0
DA:110,0
DA:111,0
LF:19
LH:16
BRDA:1,0,0,0
BRDA:1,0,1,11
BRDA:109,1,0,0
BRDA:109,1,1,0
BRDA:111,2,0,0
BRDA:111,2,1,0
BRF:6
BRH:1
end_of_record
TN:
SF:src/components/auth/AuthModal.tsx
FN:18,(anonymous_0)
FN:28,(anonymous_1)
FN:58,(anonymous_2)
FN:173,(anonymous_3)
FN:184,(anonymous_4)
FN:213,(anonymous_5)
FN:221,(anonymous_6)
FN:232,(anonymous_7)
FN:233,(anonymous_8)
FN:252,(anonymous_9)
FN:267,(anonymous_10)
FN:282,(anonymous_11)
FN:330,(anonymous_12)
FN:332,(anonymous_13)
FNF:14
FNH:9
FNDA:536,(anonymous_0)
FNDA:109,(anonymous_1)
FNDA:1,(anonymous_2)
FNDA:1,(anonymous_3)
FNDA:2,(anonymous_4)
FNDA:2,(anonymous_5)
FNDA:1,(anonymous_6)
FNDA:0,(anonymous_7)
FNDA:1,(anonymous_8)
FNDA:0,(anonymous_9)
FNDA:0,(anonymous_10)
FNDA:0,(anonymous_11)
FNDA:41,(anonymous_12)
FNDA:0,(anonymous_13)
DA:1,41
DA:2,41
DA:3,41
DA:4,41
DA:5,41
DA:10,41
DA:18,41
DA:19,536
DA:20,536
DA:27,536
DA:28,536
DA:29,109
DA:30,7
DA:31,7
DA:32,1
DA:35,6
DA:37,7
DA:39,7
DA:40,7
DA:41,1
DA:42,1
DA:43,1
DA:46,6
DA:50,102
DA:55,536
DA:56,536
DA:58,1
DA:173,1
DA:184,2
DA:213,2
DA:223,1
DA:224,1
DA:232,0
DA:235,1
DA:236,1
DA:252,0
DA:267,0
DA:282,0
DA:320,41
DA:321,41
DA:324,41
DA:327,41
DA:328,41
DA:330,41
DA:331,41
DA:332,41
DA:333,0
DA:334,0
DA:335,0
LF:49
LH:42
BRDA:1,0,0,0
BRDA:1,0,1,41
BRDA:29,1,0,7
BRDA:29,1,1,102
BRDA:31,2,0,1
BRDA:31,2,1,6
BRDA:39,3,0,7
BRDA:39,3,1,6
BRDA:40,4,0,1
BRDA:40,4,1,6
BRDA:55,5,0,536
BRDA:55,5,1,20
BRDA:58,6,0,1
BRDA:58,6,1,1
BRDA:172,7,0,522
BRDA:172,7,1,14
BRDA:183,8,0,14
BRDA:183,8,1,522
BRDA:211,9,0,536
BRDA:211,9,1,516
BRDA:220,10,0,536
BRDA:220,10,1,14
BRDA:231,11,0,536
BRDA:231,11,1,6
BRDA:245,12,0,516
BRDA:245,12,1,20
BRDA:260,13,0,14
BRDA:260,13,1,6
BRDA:333,14,0,0
BRDA:333,14,1,0
BRDA:335,15,0,0
BRDA:335,15,1,0
BRF:32
BRH:27
end_of_record
TN:
SF:src/components/auth/ForgotPasswordForm.tsx
FN:17,(anonymous_0)
FN:25,(anonymous_1)
FN:61,(anonymous_2)
FN:162,(anonymous_3)
FN:177,(anonymous_4)
FN:179,(anonymous_5)
FNF:6
FNH:5
FNDA:12,(anonymous_0)
FNDA:1,(anonymous_1)
FNDA:12,(anonymous_2)
FNDA:2,(anonymous_3)
FNDA:41,(anonymous_4)
FNDA:0,(anonymous_5)
DA:1,41
DA:2,41
DA:3,41
DA:4,41
DA:5,41
DA:10,41
DA:17,41
DA:18,12
DA:19,12
DA:20,12
DA:25,12
DA:26,1
DA:28,1
DA:30,12
DA:31,12
DA:61,12
DA:162,41
DA:163,2
DA:168,41
DA:171,41
DA:174,41
DA:175,41
DA:177,41
DA:178,41
DA:179,41
DA:180,0
DA:181,0
DA:182,0
LF:28
LH:25
BRDA:1,0,0,0
BRDA:1,0,1,41
BRDA:127,1,0,4
BRDA:127,1,1,8
BRDA:180,2,0,0
BRDA:180,2,1,0
BRDA:182,3,0,0
BRDA:182,3,1,0
BRF:8
BRH:3
end_of_record
TN:
SF:src/components/auth/SignInForm.tsx
FN:18,(anonymous_0)
FN:18,(anonymous_1)
FN:22,(anonymous_2)
FN:45,(anonymous_3)
FN:55,(anonymous_4)
FN:128,(anonymous_5)
FN:196,(anonymous_6)
FN:263,(anonymous_7)
FN:306,(anonymous_8)
FN:321,(anonymous_9)
FN:323,(anonymous_10)
FNF:11
FNH:8
FNDA:0,(anonymous_0)
FNDA:0,(anonymous_1)
FNDA:1,(anonymous_2)
FNDA:56,(anonymous_3)
FNDA:2,(anonymous_4)
FNDA:56,(anonymous_5)
FNDA:56,(anonymous_6)
FNDA:2,(anonymous_7)
FNDA:6,(anonymous_8)
FNDA:41,(anonymous_9)
FNDA:0,(anonymous_10)
DA:1,41
DA:2,41
DA:3,41
DA:4,41
DA:5,41
DA:10,41
DA:18,41
DA:22,41
DA:23,1
DA:24,1
DA:26,1
DA:27,1
DA:30,0
DA:31,0
DA:34,0
DA:35,0
DA:36,0
DA:37,0
DA:38,0
DA:40,0
DA:41,0
DA:43,0
DA:45,41
DA:46,56
DA:47,56
DA:48,56
DA:49,56
DA:55,56
DA:56,2
DA:57,2
DA:58,2
DA:59,1
DA:61,1
DA:64,56
DA:65,56
DA:128,56
DA:196,56
DA:264,2
DA:265,2
DA:306,41
DA:307,6
DA:312,41
DA:315,41
DA:318,41
DA:319,41
DA:321,41
DA:322,41
DA:323,41
DA:324,0
DA:325,0
DA:326,0
LF:51
LH:38
BRDA:1,0,0,0
BRDA:1,0,1,41
BRDA:18,1,0,0
BRDA:18,1,1,0
BRDA:23,2,0,0
BRDA:23,2,1,1
BRDA:26,3,0,1
BRDA:26,3,1,0
BRDA:26,4,0,1
BRDA:26,4,1,1
BRDA:30,5,0,0
BRDA:30,5,1,0
BRDA:34,6,0,0
BRDA:34,6,1,0
BRDA:34,6,2,0
BRDA:34,6,3,0
BRDA:35,7,0,0
BRDA:35,7,1,0
BRDA:36,8,0,0
BRDA:36,8,1,0
BRDA:37,9,0,0
BRDA:37,9,1,0
BRDA:40,10,0,0
BRDA:40,10,1,0
BRDA:61,11,0,1
BRDA:61,11,1,0
BRDA:68,12,0,56
BRDA:68,12,1,22
BRDA:68,12,2,22
BRDA:92,13,0,56
BRDA:92,13,1,2
BRDA:282,14,0,10
BRDA:282,14,1,46
BRDA:324,15,0,0
BRDA:324,15,1,0
BRDA:326,16,0,0
BRDA:326,16,1,0
BRF:37
BRH:13
end_of_record
TN:
SF:src/components/auth/SignUpForm.tsx
FN:28,(anonymous_0)
FN:43,(anonymous_1)
FN:101,(anonymous_2)
FN:165,(anonymous_3)
FN:229,(anonymous_4)
FN:294,(anonymous_5)
FN:378,(anonymous_6)
FN:394,(anonymous_7)
FN:396,(anonymous_8)
FNF:9
FNH:8
FNDA:42,(anonymous_0)
FNDA:2,(anonymous_1)
FNDA:42,(anonymous_2)
FNDA:42,(anonymous_3)
FNDA:44,(anonymous_4)
FNDA:44,(anonymous_5)
FNDA:3,(anonymous_6)
FNDA:41,(anonymous_7)
FNDA:0,(anonymous_8)
DA:1,41
DA:2,41
DA:3,41
DA:4,41
DA:5,41
DA:10,41
DA:22,41
DA:28,41
DA:29,42
DA:30,42
DA:31,42
DA:32,42
DA:33,42
DA:34,42
DA:43,42
DA:44,2
DA:45,2
DA:46,2
DA:47,2
DA:48,2
DA:49,1
DA:51,1
DA:52,1
DA:53,1
DA:54,1
DA:55,1
DA:56,1
DA:57,1
DA:58,1
DA:62,1
DA:66,1
DA:70,1
DA:74,1
DA:75,0
DA:76,0
DA:79,1
DA:81,2
DA:84,42
DA:101,42
DA:165,42
DA:229,44
DA:294,44
DA:378,41
DA:379,3
DA:385,41
DA:388,41
DA:391,41
DA:392,41
DA:394,41
DA:395,41
DA:396,41
DA:397,0
DA:398,0
DA:399,0
LF:54
LH:49
BRDA:1,0,0,0
BRDA:1,0,1,41
BRDA:52,1,0,1
BRDA:52,1,1,0
BRDA:58,2,0,0
BRDA:58,2,1,1
BRDA:62,3,0,0
BRDA:62,3,1,1
BRDA:66,4,0,1
BRDA:66,4,1,0
BRDA:70,5,0,1
BRDA:70,5,1,0
BRDA:74,6,0,0
BRDA:74,6,1,1
BRDA:79,7,0,1
BRDA:79,7,1,0
BRDA:90,8,0,42
BRDA:90,8,1,6
BRDA:357,9,0,42
BRDA:357,9,1,38
BRDA:360,10,0,4
BRDA:360,10,1,38
BRDA:397,11,0,0
BRDA:397,11,1,0
BRDA:399,12,0,0
BRDA:399,12,1,0
BRF:26
BRH:14
end_of_record
TN:
SF:src/components/blog/BlogMediaImage.tsx
FN:13,(anonymous_0)
FN:46,(anonymous_1)
FN:60,(anonymous_2)
FN:62,(anonymous_3)
FNF:4
FNH:3
FNDA:2,(anonymous_0)
FNDA:1,(anonymous_1)
FNDA:1,(anonymous_2)
FNDA:0,(anonymous_3)
DA:1,1
DA:2,1
DA:3,1
DA:4,1
DA:5,1
DA:10,1
DA:13,1
DA:14,2
DA:15,2
DA:18,2
DA:19,2
DA:28,0
DA:46,1
DA:47,1
DA:51,1
DA:54,1
DA:57,1
DA:58,1
DA:60,1
DA:61,1
DA:62,1
DA:63,0
DA:64,0
DA:65,0
LF:24
LH:20
BRDA:1,0,0,0
BRDA:1,0,1,1
BRDA:13,1,0,0
BRDA:13,2,0,0
BRDA:18,3,0,2
BRDA:18,3,1,0
BRDA:63,4,0,0
BRDA:63,4,1,0
BRDA:65,5,0,0
BRDA:65,5,1,0
BRF:10
BRH:2
end_of_record
TN:
SF:src/components/categories/CategoryIcon.tsx
FN:72,(anonymous_0)
FN:78,(anonymous_1)
FN:104,(anonymous_2)
FN:106,(anonymous_3)
FNF:4
FNH:3
FNDA:32,(anonymous_0)
FNDA:32,(anonymous_1)
FNDA:41,(anonymous_2)
FNDA:0,(anonymous_3)
DA:1,41
DA:2,41
DA:3,41
DA:4,41
DA:5,41
DA:13,41
DA:14,41
DA:72,41
DA:73,32
DA:74,32
DA:76,0
DA:78,41
DA:79,32
DA:80,32
DA:95,41
DA:98,41
DA:101,41
DA:102,41
DA:104,41
DA:105,41
DA:106,41
DA:107,0
DA:108,0
DA:109,0
LF:24
LH:20
BRDA:1,0,0,0
BRDA:1,0,1,41
BRDA:73,1,0,32
BRDA:73,1,1,0
BRDA:73,2,0,32
BRDA:73,2,1,0
BRDA:76,3,0,0
BRDA:76,3,1,0
BRDA:82,4,0,0
BRDA:82,4,1,32
BRDA:107,5,0,0
BRDA:107,5,1,0
BRDA:109,6,0,0
BRDA:109,6,1,0
BRF:14
BRH:4
end_of_record
TN:
SF:src/components/categories/categoryIconNames.ts
FNF:0
FNH:0
DA:1,41
LF:1
LH:1
BRF:0
BRH:0
end_of_record
TN:
SF:src/components/category/CategoryHeader.tsx
FN:13,(anonymous_0)
FN:15,(anonymous_1)
FN:116,(anonymous_2)
FN:118,(anonymous_3)
FNF:4
FNH:3
FNDA:24,(anonymous_0)
FNDA:4,(anonymous_1)
FNDA:2,(anonymous_2)
FNDA:0,(anonymous_3)
DA:1,2
DA:2,2
DA:3,2
DA:4,2
DA:5,2
DA:10,2
DA:13,2
DA:14,24
DA:15,24
DA:18,24
DA:106,2
DA:107,2
DA:110,2
DA:113,2
DA:114,2
DA:116,2
DA:117,2
DA:118,2
DA:119,0
DA:120,0
DA:121,0
LF:21
LH:18
BRDA:1,0,0,0
BRDA:1,0,1,2
BRDA:15,1,0,4
BRDA:15,1,1,0
BRDA:24,2,0,0
BRDA:24,2,1,24
BRDA:84,3,0,24
BRDA:84,3,1,0
BRDA:119,4,0,0
BRDA:119,4,1,0
BRDA:121,5,0,0
BRDA:121,5,1,0
BRF:12
BRH:4
end_of_record
TN:
SF:src/components/category/CategorySearch.tsx
FN:12,(anonymous_0)
FN:29,(anonymous_1)
FN:58,(anonymous_2)
FN:60,(anonymous_3)
FNF:4
FNH:2
FNDA:24,(anonymous_0)
FNDA:0,(anonymous_1)
FNDA:2,(anonymous_2)
FNDA:0,(anonymous_3)
DA:1,2
DA:2,2
DA:3,2
DA:4,2
DA:5,2
DA:12,2
DA:13,24
DA:29,0
DA:49,2
DA:52,2
DA:55,2
DA:56,2
DA:58,2
DA:59,2
DA:60,2
DA:61,0
DA:62,0
DA:63,0
LF:18
LH:14
BRDA:1,0,0,0
BRDA:1,0,1,2
BRDA:61,1,0,0
BRDA:61,1,1,0
BRDA:63,2,0,0
BRDA:63,2,1,0
BRF:6
BRH:1
end_of_record
TN:
SF:src/components/category/DynamicPropertyFiltersSection.tsx
FN:10,(anonymous_0)
FN:24,(anonymous_1)
FN:38,(anonymous_2)
FN:47,(anonymous_3)
FN:111,(anonymous_4)
FN:123,(anonymous_5)
FN:167,(anonymous_6)
FN:169,(anonymous_7)
FNF:8
FNH:7
FNDA:48,(anonymous_0)
FNDA:96,(anonymous_1)
FNDA:96,(anonymous_2)
FNDA:2,(anonymous_3)
FNDA:2,(anonymous_4)
FNDA:2,(anonymous_5)
FNDA:11,(anonymous_6)
FNDA:0,(anonymous_7)
DA:1,11
DA:2,11
DA:3,11
DA:4,11
DA:5,11
DA:10,11
DA:11,48
DA:25,96
DA:26,48
DA:38,96
DA:47,2
DA:92,48
DA:93,48
DA:94,48
DA:111,2
DA:123,2
DA:144,0
DA:158,11
DA:161,11
DA:164,11
DA:165,11
DA:167,11
DA:168,11
DA:169,11
DA:170,0
DA:171,0
DA:172,0
LF:27
LH:23
BRDA:1,0,0,0
BRDA:1,0,1,11
BRDA:25,1,0,48
BRDA:25,1,1,48
BRDA:25,2,0,96
BRDA:25,2,1,48
BRDA:46,3,0,96
BRDA:46,3,1,20
BRDA:92,4,0,48
BRDA:92,4,1,0
BRDA:93,5,0,48
BRDA:93,5,1,16
BRDA:110,6,0,48
BRDA:110,6,1,16
BRDA:112,7,0,48
BRDA:112,7,1,0
BRDA:122,8,0,48
BRDA:122,8,1,22
BRDA:124,9,0,48
BRDA:124,9,1,0
BRDA:170,10,0,0
BRDA:170,10,1,0
BRDA:172,11,0,0
BRDA:172,11,1,0
BRF:24
BRH:16
end_of_record
TN:
SF:src/components/category/LoadingState.tsx
FN:11,(anonymous_0)
FN:36,(anonymous_1)
FN:38,(anonymous_2)
FNF:3
FNH:2
FNDA:30,(anonymous_0)
FNDA:11,(anonymous_1)
FNDA:0,(anonymous_2)
DA:1,11
DA:2,11
DA:3,11
DA:4,11
DA:5,11
DA:11,11
DA:12,30
DA:27,11
DA:30,11
DA:33,11
DA:34,11
DA:36,11
DA:37,11
DA:38,11
DA:39,0
DA:40,0
DA:41,0
LF:17
LH:14
BRDA:1,0,0,0
BRDA:1,0,1,11
BRDA:39,1,0,0
BRDA:39,1,1,0
BRDA:41,2,0,0
BRDA:41,2,1,0
BRF:6
BRH:1
end_of_record
TN:
SF:src/components/category/NoProductsFound.tsx
FN:11,(anonymous_0)
FN:47,(anonymous_1)
FN:49,(anonymous_2)
FNF:3
FNH:2
FNDA:10,(anonymous_0)
FNDA:2,(anonymous_1)
FNDA:0,(anonymous_2)
DA:1,2
DA:2,2
DA:3,2
DA:4,2
DA:5,2
DA:11,2
DA:12,10
DA:38,2
DA:41,2
DA:44,2
DA:45,2
DA:47,2
DA:48,2
DA:49,2
DA:50,0
DA:51,0
DA:52,0
LF:17
LH:14
BRDA:1,0,0,0
BRDA:1,0,1,2
BRDA:25,1,0,0
BRDA:25,1,1,10
BRDA:50,2,0,0
BRDA:50,2,1,0
BRDA:52,3,0,0
BRDA:52,3,1,0
BRF:8
BRH:2
end_of_record
TN:
SF:src/components/category/ProductGrid.tsx
FN:12,(anonymous_0)
FN:15,(anonymous_1)
FN:37,(anonymous_2)
FN:39,(anonymous_3)
FNF:4
FNH:3
FNDA:110,(anonymous_0)
FNDA:142,(anonymous_1)
FNDA:16,(anonymous_2)
FNDA:0,(anonymous_3)
DA:1,16
DA:2,16
DA:3,16
DA:4,16
DA:5,16
DA:12,16
DA:13,110
DA:15,142
DA:28,16
DA:31,16
DA:34,16
DA:35,16
DA:37,16
DA:38,16
DA:39,16
DA:40,0
DA:41,0
DA:42,0
LF:18
LH:15
BRDA:1,0,0,0
BRDA:1,0,1,16
BRDA:40,1,0,0
BRDA:40,1,1,0
BRDA:42,2,0,0
BRDA:42,2,1,0
BRF:6
BRH:1
end_of_record
TN:
SF:src/components/common/AppLogo.tsx
FN:13,(anonymous_0)
FN:16,(anonymous_1)
FN:50,(anonymous_2)
FN:52,(anonymous_3)
FNF:4
FNH:2
FNDA:1004,(anonymous_0)
FNDA:0,(anonymous_1)
FNDA:41,(anonymous_2)
FNDA:0,(anonymous_3)
DA:1,41
DA:2,41
DA:3,41
DA:4,41
DA:5,41
DA:10,41
DA:12,41
DA:13,41
DA:14,1004
DA:15,1004
DA:16,1004
DA:17,0
DA:19,1004
DA:20,0
DA:29,1004
DA:40,41
DA:41,41
DA:44,41
DA:47,41
DA:48,41
DA:50,41
DA:51,41
DA:52,41
DA:53,0
DA:54,0
DA:55,0
LF:26
LH:21
BRDA:1,0,0,0
BRDA:1,0,1,41
BRDA:13,1,0,0
BRDA:13,2,0,0
BRDA:13,3,0,1004
BRDA:13,4,0,1004
BRDA:13,5,0,1004
BRDA:19,6,0,0
BRDA:19,6,1,1004
BRDA:53,7,0,0
BRDA:53,7,1,0
BRDA:55,8,0,0
BRDA:55,8,1,0
BRF:13
BRH:5
end_of_record
TN:
SF:src/components/common/PublicBreadcrumbs.tsx
FN:12,(anonymous_0)
FN:21,(anonymous_1)
FN:82,(anonymous_2)
FN:84,(anonymous_3)
FNF:4
FNH:3
FNDA:148,(anonymous_0)
FNDA:488,(anonymous_1)
FNDA:20,(anonymous_2)
FNDA:0,(anonymous_3)
DA:1,20
DA:2,20
DA:3,20
DA:4,20
DA:5,20
DA:12,20
DA:13,148
DA:14,0
DA:16,148
DA:22,488
DA:23,488
DA:73,20
DA:76,20
DA:79,20
DA:80,20
DA:82,20
DA:83,20
DA:84,20
DA:85,0
DA:86,0
DA:87,0
LF:21
LH:17
BRDA:1,0,0,0
BRDA:1,0,1,20
BRDA:13,1,0,0
BRDA:13,1,1,148
BRDA:26,2,0,340
BRDA:26,2,1,148
BRDA:26,3,0,488
BRDA:26,3,1,354
BRDA:35,4,0,148
BRDA:35,4,1,0
BRDA:47,5,0,340
BRDA:47,5,1,148
BRDA:85,6,0,0
BRDA:85,6,1,0
BRDA:87,7,0,0
BRDA:87,7,1,0
BRF:16
BRH:9
end_of_record
TN:
SF:src/components/company/PublicCompanyLocationMap.tsx
FN:15,(anonymous_0)
FN:21,(anonymous_1)
FN:153,(anonymous_2)
FN:167,(anonymous_3)
FN:169,(anonymous_4)
FNF:5
FNH:4
FNDA:12,(anonymous_0)
FNDA:12,(anonymous_1)
FNDA:4,(anonymous_2)
FNDA:6,(anonymous_3)
FNDA:0,(anonymous_4)
DA:1,6
DA:2,6
DA:3,6
DA:4,6
DA:5,6
DA:10,6
DA:15,6
DA:16,12
DA:17,2
DA:19,10
DA:21,6
DA:22,12
DA:23,12
DA:24,12
DA:25,12
DA:26,12
DA:27,0
DA:29,12
DA:30,12
DA:31,12
DA:35,12
DA:44,12
DA:153,6
DA:154,4
DA:158,6
DA:161,6
DA:164,6
DA:165,6
DA:167,6
DA:168,6
DA:169,6
DA:170,0
DA:171,0
DA:172,0
LF:34
LH:30
BRDA:1,0,0,0
BRDA:1,0,1,6
BRDA:16,1,0,2
BRDA:16,1,1,10
BRDA:21,2,0,0
BRDA:26,3,0,0
BRDA:26,3,1,12
BRDA:31,4,0,2
BRDA:31,4,1,10
BRDA:41,5,0,10
BRDA:41,5,1,2
BRDA:86,6,0,10
BRDA:86,6,1,2
BRDA:125,7,0,0
BRDA:125,7,1,12
BRDA:134,8,0,10
BRDA:134,8,1,2
BRDA:170,9,0,0
BRDA:170,9,1,0
BRDA:172,10,0,0
BRDA:172,10,1,0
BRF:21
BRH:13
end_of_record
TN:
SF:src/components/layout/CategoryDrawerTree.tsx
FN:18,(anonymous_0)
FN:19,(anonymous_1)
FN:20,(anonymous_2)
FN:22,(anonymous_3)
FN:25,(anonymous_4)
FN:27,(anonymous_5)
FN:36,(anonymous_6)
FN:44,(anonymous_7)
FN:49,(anonymous_8)
FN:54,(anonymous_9)
FN:58,(anonymous_10)
FN:61,(anonymous_11)
FN:65,(anonymous_12)
FN:68,(anonymous_13)
FN:68,(anonymous_14)
FN:77,(anonymous_15)
FN:78,(anonymous_16)
FN:85,(anonymous_17)
FN:127,(anonymous_18)
FN:151,(anonymous_19)
FN:172,(anonymous_20)
FN:209,(anonymous_21)
FN:251,(anonymous_22)
FN:273,(anonymous_23)
FN:275,(anonymous_24)
FNF:25
FNH:20
FNDA:40,(anonymous_0)
FNDA:42,(anonymous_1)
FNDA:8,(anonymous_2)
FNDA:32,(anonymous_3)
FNDA:8,(anonymous_4)
FNDA:32,(anonymous_5)
FNDA:32,(anonymous_6)
FNDA:32,(anonymous_7)
FNDA:32,(anonymous_8)
FNDA:12,(anonymous_9)
FNDA:8,(anonymous_10)
FNDA:8,(anonymous_11)
FNDA:12,(anonymous_12)
FNDA:16,(anonymous_13)
FNDA:2,(anonymous_14)
FNDA:0,(anonymous_15)
FNDA:0,(anonymous_16)
FNDA:32,(anonymous_17)
FNDA:0,(anonymous_18)
FNDA:0,(anonymous_19)
FNDA:2,(anonymous_20)
FNDA:2,(anonymous_21)
FNDA:32,(anonymous_22)
FNDA:41,(anonymous_23)
FNDA:0,(anonymous_24)
DA:1,41
DA:2,41
DA:3,41
DA:4,41
DA:5,41
DA:10,41
DA:18,41
DA:19,42
DA:20,41
DA:21,8
DA:22,32
DA:23,8
DA:25,41
DA:26,8
DA:27,32
DA:28,8
DA:29,8
DA:30,32
DA:31,32
DA:32,32
DA:33,32
DA:35,8
DA:36,8
DA:37,32
DA:38,32
DA:39,32
DA:44,8
DA:45,32
DA:46,32
DA:48,8
DA:49,32
DA:50,8
DA:51,8
DA:53,41
DA:54,41
DA:55,12
DA:56,12
DA:57,12
DA:58,12
DA:61,12
DA:64,12
DA:65,12
DA:66,12
DA:67,12
DA:68,16
DA:77,12
DA:78,0
DA:79,0
DA:80,0
DA:81,0
DA:82,0
DA:85,12
DA:86,32
DA:87,32
DA:88,32
DA:89,32
DA:90,32
DA:127,0
DA:151,0
DA:164,12
DA:172,2
DA:210,2
DA:211,2
DA:212,2
DA:251,32
DA:264,41
DA:265,41
DA:267,41
DA:270,41
DA:271,41
DA:273,41
DA:274,41
DA:275,41
DA:276,0
DA:277,0
DA:278,0
LF:76
LH:66
BRDA:1,0,0,0
BRDA:1,0,1,41
BRDA:30,1,0,32
BRDA:30,1,1,32
BRDA:31,2,0,32
BRDA:31,2,1,8
BRDA:38,3,0,32
BRDA:38,3,1,32
BRDA:45,4,0,32
BRDA:45,4,1,32
BRDA:46,5,0,32
BRDA:46,5,1,0
BRDA:67,6,0,8
BRDA:67,6,1,4
BRDA:68,7,0,16
BRDA:68,7,1,14
BRDA:80,8,0,0
BRDA:80,8,1,0
BRDA:89,9,0,32
BRDA:89,9,1,0
BRDA:125,10,0,0
BRDA:125,10,1,32
BRDA:129,11,0,0
BRDA:129,11,1,0
BRDA:132,12,0,0
BRDA:132,12,1,0
BRDA:149,13,0,0
BRDA:149,13,1,32
BRDA:149,14,0,32
BRDA:149,14,1,0
BRDA:182,15,0,4
BRDA:182,15,1,8
BRDA:194,16,0,4
BRDA:194,16,1,8
BRDA:196,17,0,2
BRDA:196,17,1,2
BRDA:211,18,0,2
BRDA:211,18,1,0
BRDA:276,19,0,0
BRDA:276,19,1,0
BRDA:278,20,0,0
BRDA:278,20,1,0
BRF:42
BRH:25
end_of_record
TN:
SF:src/components/layout/Footer.tsx
FN:71,(anonymous_0)
FN:97,(anonymous_1)
FN:148,(anonymous_2)
FN:201,(anonymous_3)
FN:239,(anonymous_4)
FN:294,(anonymous_5)
FN:335,(anonymous_6)
FN:337,(anonymous_7)
FNF:8
FNH:6
FNDA:2544,(anonymous_0)
FNDA:318,(anonymous_1)
FNDA:0,(anonymous_2)
FNDA:1272,(anonymous_3)
FNDA:318,(anonymous_4)
FNDA:1272,(anonymous_5)
FNDA:41,(anonymous_6)
FNDA:0,(anonymous_7)
DA:1,41
DA:2,41
DA:3,41
DA:4,41
DA:5,41
DA:13,41
DA:18,41
DA:19,41
DA:27,41
DA:49,41
DA:71,41
DA:72,2544
DA:73,0
DA:85,2544
DA:86,2544
DA:96,41
DA:97,41
DA:98,318
DA:149,0
DA:201,1272
DA:239,318
DA:294,1272
DA:325,41
DA:328,41
DA:329,41
DA:332,41
DA:333,41
DA:335,41
DA:336,41
DA:337,41
DA:338,0
DA:339,0
DA:340,0
LF:33
LH:28
BRDA:1,0,0,0
BRDA:1,0,1,41
BRDA:72,1,0,0
BRDA:72,1,1,2544
BRDA:72,2,0,2544
BRDA:72,2,1,0
BRDA:135,3,0,0
BRDA:135,3,1,318
BRDA:338,4,0,0
BRDA:338,4,1,0
BRDA:340,5,0,0
BRDA:340,5,1,0
BRF:12
BRH:4
end_of_record
TN:
SF:src/components/layout/Header.tsx
FN:27,(anonymous_0)
FN:29,(anonymous_1)
FN:48,(anonymous_2)
FN:55,(anonymous_3)
FN:61,(anonymous_4)
FN:69,(anonymous_5)
FN:71,(anonymous_6)
FN:79,(anonymous_7)
FN:84,(anonymous_8)
FN:91,(anonymous_9)
FN:95,(anonymous_10)
FN:100,(anonymous_11)
FN:105,(anonymous_12)
FN:110,(anonymous_13)
FN:113,(anonymous_14)
FN:122,(anonymous_15)
FN:133,(anonymous_16)
FN:142,(anonymous_17)
FN:223,(anonymous_18)
FN:332,(anonymous_19)
FN:350,(anonymous_20)
FN:359,(anonymous_21)
FN:405,(anonymous_22)
FN:472,(anonymous_23)
FN:622,(anonymous_24)
FN:734,(anonymous_25)
FN:761,(anonymous_26)
FN:761,(anonymous_27)
FN:780,(anonymous_28)
FN:844,(anonymous_29)
FN:877,(anonymous_30)
FN:907,(anonymous_31)
FN:916,(anonymous_32)
FN:935,(anonymous_33)
FN:937,(anonymous_34)
FNF:35
FNH:27
FNDA:41,(anonymous_0)
FNDA:510,(anonymous_1)
FNDA:103,(anonymous_2)
FNDA:105,(anonymous_3)
FNDA:105,(anonymous_4)
FNDA:107,(anonymous_5)
FNDA:2,(anonymous_6)
FNDA:1,(anonymous_7)
FNDA:3,(anonymous_8)
FNDA:100,(anonymous_9)
FNDA:166,(anonymous_10)
FNDA:66,(anonymous_11)
FNDA:59,(anonymous_12)
FNDA:2,(anonymous_13)
FNDA:1,(anonymous_14)
FNDA:1,(anonymous_15)
FNDA:220,(anonymous_16)
FNDA:220,(anonymous_17)
FNDA:0,(anonymous_18)
FNDA:0,(anonymous_19)
FNDA:0,(anonymous_20)
FNDA:1,(anonymous_21)
FNDA:3,(anonymous_22)
FNDA:0,(anonymous_23)
FNDA:3,(anonymous_24)
FNDA:0,(anonymous_25)
FNDA:5,(anonymous_26)
FNDA:6,(anonymous_27)
FNDA:1450,(anonymous_28)
FNDA:0,(anonymous_29)
FNDA:0,(anonymous_30)
FNDA:2,(anonymous_31)
FNDA:41,(anonymous_32)
FNDA:41,(anonymous_33)
FNDA:0,(anonymous_34)
DA:1,41
DA:2,41
DA:3,41
DA:4,41
DA:5,41
DA:10,41
DA:27,41
DA:28,41
DA:29,41
DA:30,510
DA:31,510
DA:32,510
DA:33,510
DA:34,510
DA:35,510
DA:36,510
DA:37,510
DA:38,510
DA:39,510
DA:40,510
DA:41,510
DA:42,510
DA:45,510
DA:46,510
DA:48,510
DA:49,103
DA:50,86
DA:51,86
DA:55,510
DA:56,105
DA:57,105
DA:61,510
DA:62,105
DA:63,105
DA:64,105
DA:69,510
DA:70,107
DA:71,4
DA:72,2
DA:73,2
DA:74,2
DA:75,2
DA:76,2
DA:77,1
DA:79,4
DA:80,1
DA:82,4
DA:83,4
DA:84,4
DA:85,3
DA:86,3
DA:91,510
DA:92,100
DA:93,100
DA:94,100
DA:95,100
DA:96,166
DA:97,166
DA:99,100
DA:100,100
DA:101,66
DA:103,100
DA:104,100
DA:105,100
DA:106,59
DA:107,59
DA:110,510
DA:111,2
DA:113,510
DA:114,1
DA:115,1
DA:116,1
DA:117,1
DA:118,1
DA:120,0
DA:122,510
DA:123,1
DA:124,1
DA:125,1
DA:127,0
DA:133,510
DA:134,220
DA:135,152
DA:142,510
DA:143,220
DA:144,152
DA:149,510
DA:223,0
DA:332,0
DA:350,0
DA:360,1
DA:361,1
DA:405,3
DA:472,0
DA:622,3
DA:734,0
DA:761,6
DA:780,1450
DA:844,0
DA:877,0
DA:907,2
DA:916,41
DA:917,41
DA:926,41
DA:929,41
DA:932,41
DA:933,41
DA:935,41
DA:936,41
DA:937,41
DA:938,0
DA:939,0
DA:940,0
LF:113
LH:101
BRDA:1,0,0,0
BRDA:1,0,1,41
BRDA:43,1,0,510
BRDA:43,1,1,82
BRDA:46,2,0,82
BRDA:46,2,1,428
BRDA:46,3,0,82
BRDA:46,3,1,0
BRDA:46,4,0,428
BRDA:46,4,1,428
BRDA:49,5,0,17
BRDA:49,5,1,86
BRDA:51,6,0,0
BRDA:51,6,1,86
BRDA:57,7,0,105
BRDA:57,7,1,103
BRDA:70,8,0,103
BRDA:70,8,1,4
BRDA:70,9,0,107
BRDA:70,9,1,107
BRDA:73,10,0,0
BRDA:73,10,1,2
BRDA:74,11,0,0
BRDA:74,11,1,2
BRDA:76,12,0,1
BRDA:76,12,1,1
BRDA:80,13,0,1
BRDA:80,13,1,0
BRDA:93,14,0,0
BRDA:93,14,1,100
BRDA:116,15,0,1
BRDA:116,15,1,0
BRDA:123,16,0,1
BRDA:123,16,1,0
BRDA:134,17,0,68
BRDA:134,17,1,152
BRDA:143,18,0,68
BRDA:143,18,1,152
BRDA:213,19,0,136
BRDA:213,19,1,374
BRDA:265,20,0,82
BRDA:265,20,1,428
BRDA:265,21,0,510
BRDA:265,21,1,82
BRDA:494,22,0,82
BRDA:494,22,1,428
BRDA:494,23,0,510
BRDA:494,23,1,82
BRDA:657,24,0,0
BRDA:657,24,1,510
BRDA:724,25,0,0
BRDA:724,25,1,0
BRDA:805,26,0,8
BRDA:805,26,1,502
BRDA:805,27,0,510
BRDA:805,27,1,510
BRDA:867,28,0,0
BRDA:867,28,1,8
BRDA:938,29,0,0
BRDA:938,29,1,0
BRDA:940,30,0,0
BRDA:940,30,1,0
BRF:62
BRH:45
end_of_record
TN:
SF:src/components/layout/PublicSessionMessagesLink.tsx
FN:14,(anonymous_0)
FN:90,(anonymous_1)
FN:104,(anonymous_2)
FN:106,(anonymous_3)
FNF:4
FNH:3
FNDA:6,(anonymous_0)
FNDA:2,(anonymous_1)
FNDA:41,(anonymous_2)
FNDA:0,(anonymous_3)
DA:1,41
DA:2,41
DA:3,41
DA:4,41
DA:5,41
DA:10,41
DA:14,41
DA:15,6
DA:16,6
DA:19,6
DA:20,6
DA:21,6
DA:22,6
DA:23,4
DA:52,2
DA:90,41
DA:91,2
DA:95,41
DA:98,41
DA:101,41
DA:102,41
DA:104,41
DA:105,41
DA:106,41
DA:107,0
DA:108,0
DA:109,0
LF:27
LH:24
BRDA:1,0,0,0
BRDA:1,0,1,41
BRDA:14,1,0,2
BRDA:19,2,0,6
BRDA:19,2,1,0
BRDA:21,3,0,4
BRDA:21,3,1,2
BRDA:22,4,0,4
BRDA:22,4,1,2
BRDA:107,5,0,0
BRDA:107,5,1,0
BRDA:109,6,0,0
BRDA:109,6,1,0
BRF:13
BRH:7
end_of_record
TN:
SF:src/components/products/CompanyInfo.tsx
FN:18,(anonymous_0)
FN:26,(anonymous_1)
FN:176,(anonymous_2)
FN:190,(anonymous_3)
FN:192,(anonymous_4)
FNF:5
FNH:4
FNDA:112,(anonymous_0)
FNDA:336,(anonymous_1)
FNDA:11,(anonymous_2)
FNDA:12,(anonymous_3)
FNDA:0,(anonymous_4)
DA:1,12
DA:2,12
DA:3,12
DA:4,12
DA:5,12
DA:10,12
DA:18,12
DA:19,112
DA:20,112
DA:21,112
DA:22,112
DA:26,336
DA:27,112
DA:28,112
DA:29,112
DA:30,112
DA:31,112
DA:32,112
DA:176,12
DA:177,11
DA:181,12
DA:184,12
DA:187,12
DA:188,12
DA:190,12
DA:191,12
DA:192,12
DA:193,0
DA:194,0
DA:195,0
LF:30
LH:27
BRDA:1,0,0,0
BRDA:1,0,1,12
BRDA:20,1,0,112
BRDA:20,1,1,0
BRDA:21,2,0,112
BRDA:21,2,1,22
BRDA:26,3,0,336
BRDA:26,3,1,270
BRDA:27,4,0,112
BRDA:27,4,1,22
BRDA:27,4,2,0
BRDA:28,5,0,112
BRDA:28,5,1,112
BRDA:30,6,0,112
BRDA:30,6,1,22
BRDA:31,7,0,112
BRDA:31,7,1,0
BRDA:48,8,0,0
BRDA:48,8,1,112
BRDA:65,9,0,112
BRDA:65,9,1,0
BRDA:81,10,0,112
BRDA:81,10,1,112
BRDA:117,11,0,112
BRDA:117,11,1,90
BRDA:128,12,0,112
BRDA:128,12,1,112
BRDA:145,13,0,112
BRDA:145,13,1,72
BRDA:193,14,0,0
BRDA:193,14,1,0
BRDA:195,15,0,0
BRDA:195,15,1,0
BRF:33
BRH:23
end_of_record
TN:
SF:src/components/products/ContactModal.tsx
FN:40,(anonymous_0)
FN:46,(anonymous_1)
FN:50,(anonymous_2)
FN:64,(anonymous_3)
FN:93,(anonymous_4)
FN:107,(anonymous_5)
FN:122,(anonymous_6)
FN:226,(anonymous_7)
FN:233,(anonymous_8)
FN:543,(anonymous_9)
FN:560,(anonymous_10)
FN:562,(anonymous_11)
FNF:12
FNH:9
FNDA:6,(anonymous_0)
FNDA:168,(anonymous_1)
FNDA:144,(anonymous_2)
FNDA:37,(anonymous_3)
FNDA:5,(anonymous_4)
FNDA:2,(anonymous_5)
FNDA:4,(anonymous_6)
FNDA:0,(anonymous_7)
FNDA:0,(anonymous_8)
FNDA:11,(anonymous_9)
FNDA:12,(anonymous_10)
FNDA:0,(anonymous_11)
DA:1,12
DA:2,12
DA:3,12
DA:4,12
DA:5,12
DA:10,12
DA:25,12
DA:40,6
DA:46,12
DA:47,168
DA:48,168
DA:50,12
DA:51,144
DA:52,144
DA:53,144
DA:54,144
DA:55,144
DA:64,144
DA:65,37
DA:66,34
DA:68,3
DA:69,3
DA:71,3
DA:72,3
DA:74,3
DA:75,1
DA:77,3
DA:78,3
DA:88,144
DA:89,144
DA:90,144
DA:91,144
DA:92,144
DA:93,144
DA:94,5
DA:95,5
DA:96,0
DA:98,5
DA:104,4
DA:105,4
DA:107,144
DA:108,2
DA:109,2
DA:110,0
DA:114,0
DA:116,2
DA:117,2
DA:119,1
DA:122,144
DA:123,4
DA:124,4
DA:125,4
DA:126,1
DA:130,1
DA:132,3
DA:133,3
DA:142,2
DA:145,2
DA:151,2
DA:153,1
DA:157,1
DA:160,144
DA:161,144
DA:162,144
DA:163,144
DA:164,144
DA:227,0
DA:228,0
DA:234,0
DA:235,0
DA:543,12
DA:544,11
DA:551,12
DA:554,12
DA:557,12
DA:558,12
DA:560,12
DA:561,12
DA:562,12
DA:563,0
DA:564,0
DA:565,0
LF:82
LH:72
BRDA:1,0,0,0
BRDA:1,0,1,12
BRDA:47,1,0,168
BRDA:47,1,1,0
BRDA:54,2,0,144
BRDA:54,2,1,122
BRDA:59,3,0,144
BRDA:59,3,1,0
BRDA:60,4,0,144
BRDA:60,4,1,0
BRDA:61,5,0,144
BRDA:61,5,1,0
BRDA:65,6,0,34
BRDA:65,6,1,3
BRDA:68,7,0,3
BRDA:68,7,1,0
BRDA:71,8,0,3
BRDA:71,8,1,0
BRDA:74,9,0,1
BRDA:74,9,1,2
BRDA:77,10,0,3
BRDA:77,10,1,0
BRDA:88,11,0,144
BRDA:88,11,1,0
BRDA:89,12,0,144
BRDA:89,12,1,86
BRDA:90,13,0,144
BRDA:90,13,1,86
BRDA:91,14,0,144
BRDA:91,14,1,58
BRDA:91,14,2,58
BRDA:92,15,0,144
BRDA:92,15,1,86
BRDA:92,16,0,144
BRDA:92,16,1,86
BRDA:92,17,0,144
BRDA:92,17,1,60
BRDA:95,18,0,0
BRDA:95,18,1,5
BRDA:95,19,0,5
BRDA:95,19,1,3
BRDA:95,19,2,0
BRDA:95,19,3,0
BRDA:109,20,0,0
BRDA:109,20,1,2
BRDA:109,21,0,2
BRDA:109,21,1,2
BRDA:125,22,0,1
BRDA:125,22,1,3
BRDA:125,23,0,4
BRDA:125,23,1,4
BRDA:160,24,0,144
BRDA:160,24,1,112
BRDA:163,25,0,144
BRDA:163,25,1,144
BRDA:203,26,0,144
BRDA:203,26,1,6
BRDA:246,27,0,144
BRDA:246,27,1,0
BRDA:282,28,0,144
BRDA:282,28,1,0
BRDA:296,29,0,144
BRDA:296,29,1,58
BRDA:297,30,0,52
BRDA:297,30,1,6
BRDA:297,31,0,6
BRDA:297,31,1,0
BRDA:308,32,0,144
BRDA:308,32,1,132
BRDA:309,33,0,10
BRDA:309,33,1,134
BRDA:315,34,0,144
BRDA:315,34,1,42
BRDA:465,35,0,4
BRDA:465,35,1,140
BRDA:471,36,0,144
BRDA:471,36,1,4
BRDA:512,37,0,144
BRDA:512,37,1,132
BRDA:513,38,0,12
BRDA:513,38,1,132
BRDA:563,39,0,0
BRDA:563,39,1,0
BRDA:565,40,0,0
BRDA:565,40,1,0
BRF:85
BRH:65
end_of_record
TN:
SF:src/components/products/ProductCard.tsx
FN:19,(anonymous_0)
FN:163,(anonymous_1)
FN:183,(anonymous_2)
FN:218,(anonymous_3)
FN:232,(anonymous_4)
FN:234,(anonymous_5)
FNF:6
FNH:3
FNDA:202,(anonymous_0)
FNDA:0,(anonymous_1)
FNDA:0,(anonymous_2)
FNDA:20,(anonymous_3)
FNDA:25,(anonymous_4)
FNDA:0,(anonymous_5)
DA:1,25
DA:2,25
DA:3,25
DA:4,25
DA:5,25
DA:10,25
DA:18,25
DA:19,25
DA:20,202
DA:21,202
DA:22,202
DA:23,202
DA:24,202
DA:25,202
DA:26,202
DA:163,0
DA:183,0
DA:218,25
DA:219,20
DA:223,25
DA:226,25
DA:229,25
DA:230,25
DA:232,25
DA:233,25
DA:234,25
DA:235,0
DA:236,0
DA:237,0
LF:29
LH:24
BRDA:1,0,0,0
BRDA:1,0,1,25
BRDA:22,1,0,202
BRDA:22,1,1,202
BRDA:22,1,2,202
BRDA:23,2,0,0
BRDA:23,2,1,202
BRDA:25,3,0,202
BRDA:25,3,1,202
BRDA:42,4,0,202
BRDA:42,4,1,202
BRDA:77,5,0,202
BRDA:77,5,1,0
BRDA:78,6,0,192
BRDA:78,6,1,10
BRDA:111,7,0,0
BRDA:111,7,1,10
BRDA:112,8,0,0
BRDA:112,8,1,10
BRDA:156,9,0,202
BRDA:156,9,1,202
BRDA:156,9,2,0
BRDA:159,10,0,0
BRDA:159,10,1,0
BRDA:179,11,0,0
BRDA:179,11,1,0
BRDA:235,12,0,0
BRDA:235,12,1,0
BRDA:237,13,0,0
BRDA:237,13,1,0
BRF:30
BRH:16
end_of_record
TN:
SF:src/components/products/ProductDynamicPropertiesSummary.tsx
FN:10,(anonymous_0)
FN:34,(anonymous_1)
FN:80,(anonymous_2)
FN:82,(anonymous_3)
FNF:4
FNH:2
FNDA:90,(anonymous_0)
FNDA:0,(anonymous_1)
FNDA:12,(anonymous_2)
FNDA:0,(anonymous_3)
DA:1,12
DA:2,12
DA:3,12
DA:4,12
DA:5,12
DA:10,12
DA:11,90
DA:12,68
DA:14,22
DA:34,0
DA:71,12
DA:74,12
DA:77,12
DA:78,12
DA:80,12
DA:81,12
DA:82,12
DA:83,0
DA:84,0
DA:85,0
LF:20
LH:16
BRDA:1,0,0,0
BRDA:1,0,1,12
BRDA:10,1,0,0
BRDA:11,2,0,68
BRDA:11,2,1,22
BRDA:11,3,0,90
BRDA:11,3,1,68
BRDA:25,4,0,22
BRDA:25,4,1,0
BRDA:25,5,0,22
BRDA:25,5,1,22
BRDA:83,6,0,0
BRDA:83,6,1,0
BRDA:85,7,0,0
BRDA:85,7,1,0
BRF:15
BRH:8
end_of_record
TN:
SF:src/components/products/ProductImageGallery.tsx
FN:14,(anonymous_0)
FN:18,(anonymous_1)
FN:50,(anonymous_2)
FN:77,(anonymous_3)
FN:95,(anonymous_4)
FN:113,(anonymous_5)
FN:114,(anonymous_6)
FN:135,(anonymous_7)
FN:136,(anonymous_8)
FN:174,(anonymous_9)
FN:176,(anonymous_10)
FNF:11
FNH:7
FNDA:92,(anonymous_0)
FNDA:1,(anonymous_1)
FNDA:24,(anonymous_2)
FNDA:0,(anonymous_3)
FNDA:1,(anonymous_4)
FNDA:24,(anonymous_5)
FNDA:0,(anonymous_6)
FNDA:24,(anonymous_7)
FNDA:0,(anonymous_8)
FNDA:12,(anonymous_9)
FNDA:0,(anonymous_10)
DA:1,12
DA:2,12
DA:3,12
DA:4,12
DA:5,12
DA:10,12
DA:14,12
DA:15,92
DA:16,92
DA:17,92
DA:18,92
DA:19,1
DA:20,1
DA:21,0
DA:22,1
DA:23,0
DA:25,1
DA:28,92
DA:29,84
DA:38,8
DA:50,24
DA:77,0
DA:95,1
DA:113,24
DA:114,0
DA:135,24
DA:136,0
DA:164,12
DA:165,12
DA:168,12
DA:171,12
DA:172,12
DA:174,12
DA:175,12
DA:176,12
DA:177,0
DA:178,0
DA:179,0
LF:38
LH:30
BRDA:1,0,0,0
BRDA:1,0,1,12
BRDA:19,1,0,0
BRDA:19,1,1,1
BRDA:20,2,0,0
BRDA:20,2,1,1
BRDA:22,3,0,0
BRDA:22,3,1,1
BRDA:28,4,0,84
BRDA:28,4,1,8
BRDA:28,5,0,92
BRDA:28,5,1,92
BRDA:71,6,0,8
BRDA:71,6,1,8
BRDA:111,7,0,8
BRDA:111,7,1,8
BRDA:115,8,0,8
BRDA:115,8,1,16
BRDA:133,9,0,8
BRDA:133,9,1,8
BRDA:137,10,0,8
BRDA:137,10,1,16
BRDA:177,11,0,0
BRDA:177,11,1,0
BRDA:179,12,0,0
BRDA:179,12,1,0
BRF:26
BRH:18
end_of_record
TN:
SF:src/components/products/ProductInfo.tsx
FN:22,(anonymous_0)
FN:45,(anonymous_1)
FN:408,(anonymous_2)
FN:482,(anonymous_3)
FN:493,(anonymous_4)
FN:557,(anonymous_5)
FN:572,(anonymous_6)
FN:574,(anonymous_7)
FNF:8
FNH:7
FNDA:90,(anonymous_0)
FNDA:3,(anonymous_1)
FNDA:62,(anonymous_2)
FNDA:1,(anonymous_3)
FNDA:1,(anonymous_4)
FNDA:11,(anonymous_5)
FNDA:12,(anonymous_6)
FNDA:0,(anonymous_7)
DA:1,12
DA:2,12
DA:3,12
DA:4,12
DA:5,12
DA:10,12
DA:22,12
DA:23,90
DA:24,90
DA:25,90
DA:45,90
DA:46,3
DA:47,0
DA:48,0
DA:50,3
DA:52,90
DA:57,90
DA:58,90
DA:59,90
DA:60,90
DA:408,62
DA:482,1
DA:493,1
DA:557,12
DA:558,11
DA:563,12
DA:566,12
DA:569,12
DA:570,12
DA:572,12
DA:573,12
DA:574,12
DA:575,0
DA:576,0
DA:577,0
LF:35
LH:30
BRDA:1,0,0,0
BRDA:1,0,1,12
BRDA:27,1,0,90
BRDA:27,1,1,86
BRDA:38,2,0,90
BRDA:38,2,1,0
BRDA:43,3,0,90
BRDA:43,3,1,86
BRDA:46,4,0,0
BRDA:46,4,1,3
BRDA:52,5,0,90
BRDA:52,5,1,0
BRDA:57,6,0,90
BRDA:57,6,1,0
BRDA:58,7,0,90
BRDA:58,7,1,90
BRDA:63,8,0,90
BRDA:63,8,1,90
BRDA:63,8,2,4
BRDA:87,9,0,4
BRDA:87,9,1,0
BRDA:111,10,0,90
BRDA:111,10,1,90
BRDA:121,11,0,82
BRDA:121,11,1,8
BRDA:121,12,0,4
BRDA:121,12,1,4
BRDA:148,13,0,90
BRDA:148,13,1,8
BRDA:207,14,0,62
BRDA:207,14,1,28
BRDA:252,15,0,62
BRDA:252,15,1,0
BRDA:258,16,0,62
BRDA:258,16,1,62
BRDA:278,17,0,62
BRDA:278,17,1,62
BRDA:356,18,0,62
BRDA:356,18,1,62
BRDA:416,19,0,62
BRDA:416,19,1,0
BRDA:427,20,0,62
BRDA:427,20,1,0
BRDA:517,21,0,62
BRDA:517,21,1,28
BRDA:575,22,0,0
BRDA:575,22,1,0
BRDA:577,23,0,0
BRDA:577,23,1,0
BRF:49
BRH:36
end_of_record
TN:
SF:src/components/products/ProductLocationMap.tsx
FN:14,(anonymous_0)
FN:73,(anonymous_1)
FN:87,(anonymous_2)
FN:89,(anonymous_3)
FNF:4
FNH:3
FNDA:90,(anonymous_0)
FNDA:11,(anonymous_1)
FNDA:12,(anonymous_2)
FNDA:0,(anonymous_3)
DA:1,12
DA:2,12
DA:3,12
DA:4,12
DA:5,12
DA:10,12
DA:14,12
DA:18,90
DA:19,90
DA:20,90
DA:27,90
DA:73,12
DA:74,11
DA:78,12
DA:81,12
DA:84,12
DA:85,12
DA:87,12
DA:88,12
DA:89,12
DA:90,0
DA:91,0
DA:92,0
LF:23
LH:20
BRDA:1,0,0,0
BRDA:1,0,1,12
BRDA:14,1,0,0
BRDA:90,2,0,0
BRDA:90,2,1,0
BRDA:92,3,0,0
BRDA:92,3,1,0
BRF:7
BRH:1
end_of_record
TN:
SF:src/components/products/ProductPage.tsx
FN:29,(anonymous_0)
FN:36,(anonymous_1)
FN:50,(anonymous_2)
FN:60,(anonymous_3)
FN:65,(anonymous_4)
FN:112,(anonymous_5)
FN:117,(anonymous_6)
FN:122,(anonymous_7)
FN:126,(anonymous_8)
FN:140,(anonymous_9)
FN:152,(anonymous_10)
FN:169,(anonymous_11)
FN:198,(anonymous_12)
FN:237,(anonymous_13)
FN:444,(anonymous_14)
FN:464,(anonymous_15)
FN:486,(anonymous_16)
FN:488,(anonymous_17)
FNF:18
FNH:17
FNDA:22,(anonymous_0)
FNDA:116,(anonymous_1)
FNDA:48,(anonymous_2)
FNDA:44,(anonymous_3)
FNDA:66,(anonymous_4)
FNDA:68,(anonymous_5)
FNDA:46,(anonymous_6)
FNDA:6,(anonymous_7)
FNDA:68,(anonymous_8)
FNDA:68,(anonymous_9)
FNDA:44,(anonymous_10)
FNDA:70,(anonymous_11)
FNDA:176,(anonymous_12)
FNDA:3,(anonymous_13)
FNDA:2,(anonymous_14)
FNDA:12,(anonymous_15)
FNDA:12,(anonymous_16)
FNDA:0,(anonymous_17)
DA:1,12
DA:2,12
DA:3,12
DA:4,12
DA:5,12
DA:10,12
DA:29,12
DA:30,22
DA:31,8
DA:33,14
DA:34,14
DA:36,12
DA:37,116
DA:38,116
DA:39,116
DA:40,116
DA:41,116
DA:42,116
DA:43,116
DA:44,116
DA:45,116
DA:46,116
DA:47,116
DA:50,116
DA:51,48
DA:52,48
DA:53,26
DA:55,22
DA:56,22
DA:57,22
DA:60,44
DA:61,22
DA:65,66
DA:66,22
DA:67,22
DA:109,116
DA:110,116
DA:111,116
DA:112,116
DA:116,116
DA:117,116
DA:118,46
DA:119,44
DA:121,2
DA:122,6
DA:126,116
DA:127,68
DA:128,0
DA:130,68
DA:131,44
DA:135,24
DA:140,116
DA:141,68
DA:147,68
DA:148,44
DA:152,44
DA:153,44
DA:159,68
DA:160,44
DA:164,68
DA:169,116
DA:170,70
DA:171,2
DA:178,68
DA:179,24
DA:185,44
DA:186,44
DA:187,44
DA:188,44
DA:189,44
DA:198,176
DA:236,116
DA:237,116
DA:238,3
DA:239,0
DA:240,0
DA:242,3
DA:244,116
DA:245,24
DA:274,92
DA:275,2
DA:314,90
DA:444,2
DA:464,12
DA:465,12
DA:477,12
DA:480,12
DA:483,12
DA:484,12
DA:486,12
DA:487,12
DA:488,12
DA:489,0
DA:490,0
DA:491,0
LF:95
LH:89
BRDA:1,0,0,0
BRDA:1,0,1,12
BRDA:30,1,0,8
BRDA:30,1,1,14
BRDA:30,2,0,22
BRDA:30,2,1,22
BRDA:33,3,0,14
BRDA:33,3,1,0
BRDA:34,4,0,14
BRDA:34,4,1,0
BRDA:45,5,0,116
BRDA:45,5,1,0
BRDA:46,6,0,116
BRDA:46,6,1,26
BRDA:47,7,0,90
BRDA:47,7,1,26
BRDA:52,8,0,26
BRDA:52,8,1,22
BRDA:60,9,0,44
BRDA:60,9,1,22
BRDA:65,10,0,66
BRDA:65,10,1,66
BRDA:66,11,0,22
BRDA:66,11,1,22
BRDA:78,12,0,22
BRDA:78,12,1,20
BRDA:80,13,0,22
BRDA:80,13,1,0
BRDA:81,14,0,22
BRDA:81,14,1,0
BRDA:82,15,0,22
BRDA:82,15,1,0
BRDA:86,16,0,22
BRDA:86,16,1,0
BRDA:88,17,0,22
BRDA:88,17,1,0
BRDA:90,18,0,22
BRDA:90,18,1,0
BRDA:91,19,0,22
BRDA:91,19,1,22
BRDA:96,20,0,22
BRDA:96,20,1,0
BRDA:97,21,0,22
BRDA:97,21,1,0
BRDA:97,21,2,0
BRDA:98,22,0,22
BRDA:98,22,1,0
BRDA:102,23,0,22
BRDA:102,23,1,22
BRDA:109,24,0,116
BRDA:109,24,1,26
BRDA:110,25,0,116
BRDA:110,25,1,40
BRDA:110,25,2,32
BRDA:111,26,0,116
BRDA:111,26,1,26
BRDA:111,27,0,116
BRDA:111,27,1,76
BRDA:111,28,0,116
BRDA:111,28,1,84
BRDA:111,29,0,116
BRDA:111,29,1,90
BRDA:112,30,0,68
BRDA:112,30,1,24
BRDA:112,31,0,68
BRDA:112,31,1,46
BRDA:116,32,0,116
BRDA:116,32,1,26
BRDA:118,33,0,44
BRDA:118,33,1,2
BRDA:121,34,0,2
BRDA:121,34,1,0
BRDA:127,35,0,0
BRDA:127,35,1,68
BRDA:127,36,0,68
BRDA:127,36,1,22
BRDA:130,37,0,44
BRDA:130,37,1,24
BRDA:147,38,0,44
BRDA:147,38,1,24
BRDA:155,39,0,44
BRDA:155,39,1,0
BRDA:159,40,0,44
BRDA:159,40,1,24
BRDA:170,41,0,2
BRDA:170,41,1,68
BRDA:170,42,0,70
BRDA:170,42,1,70
BRDA:170,42,2,46
BRDA:174,43,0,2
BRDA:174,43,1,0
BRDA:178,44,0,24
BRDA:178,44,1,44
BRDA:182,45,0,24
BRDA:182,45,1,0
BRDA:186,46,0,28
BRDA:186,46,1,16
BRDA:187,47,0,44
BRDA:187,47,1,0
BRDA:188,48,0,36
BRDA:188,48,1,8
BRDA:202,49,0,176
BRDA:202,49,1,44
BRDA:211,50,0,44
BRDA:211,50,1,0
BRDA:213,51,0,28
BRDA:213,51,1,16
BRDA:220,52,0,44
BRDA:220,52,1,0
BRDA:238,53,0,0
BRDA:238,53,1,3
BRDA:244,54,0,24
BRDA:244,54,1,92
BRDA:274,55,0,2
BRDA:274,55,1,90
BRDA:274,56,0,92
BRDA:274,56,1,92
BRDA:373,57,0,90
BRDA:373,57,1,68
BRDA:391,58,0,90
BRDA:391,58,1,0
BRDA:392,59,0,90
BRDA:392,59,1,0
BRDA:489,60,0,0
BRDA:489,60,1,0
BRDA:491,61,0,0
BRDA:491,61,1,0
BRF:127
BRH:98
end_of_record
TN:
SF:src/components/products/ProductRentalCostCalculator.tsx
FN:18,(anonymous_0)
FN:22,(anonymous_1)
FN:34,(anonymous_2)
FN:41,(anonymous_3)
FN:100,(anonymous_4)
FN:108,(anonymous_5)
FN:145,(anonymous_6)
FN:351,(anonymous_7)
FN:366,(anonymous_8)
FN:368,(anonymous_9)
FNF:10
FNH:9
FNDA:24,(anonymous_0)
FNDA:66,(anonymous_1)
FNDA:20,(anonymous_2)
FNDA:1,(anonymous_3)
FNDA:8,(anonymous_4)
FNDA:8,(anonymous_5)
FNDA:1,(anonymous_6)
FNDA:5,(anonymous_7)
FNDA:12,(anonymous_8)
FNDA:0,(anonymous_9)
DA:1,12
DA:2,12
DA:3,12
DA:4,12
DA:5,12
DA:10,12
DA:18,12
DA:19,24
DA:20,24
DA:22,12
DA:23,66
DA:24,66
DA:25,66
DA:26,66
DA:27,66
DA:28,66
DA:29,66
DA:30,66
DA:31,66
DA:32,66
DA:33,66
DA:34,66
DA:35,20
DA:41,66
DA:42,1
DA:43,1
DA:44,0
DA:45,0
DA:47,1
DA:53,1
DA:54,1
DA:56,66
DA:101,8
DA:102,8
DA:103,8
DA:104,0
DA:106,8
DA:109,8
DA:110,8
DA:111,8
DA:112,0
DA:114,8
DA:146,1
DA:147,1
DA:148,1
DA:149,1
DA:150,1
DA:151,0
DA:153,1
DA:351,12
DA:352,5
DA:357,12
DA:360,12
DA:363,12
DA:364,12
DA:366,12
DA:367,12
DA:368,12
DA:369,0
DA:370,0
DA:371,0
LF:61
LH:53
BRDA:1,0,0,0
BRDA:1,0,1,12
BRDA:19,1,0,24
BRDA:19,1,1,0
BRDA:30,2,0,66
BRDA:30,2,1,0
BRDA:31,3,0,66
BRDA:31,3,1,0
BRDA:32,4,0,66
BRDA:32,4,1,0
BRDA:33,5,0,66
BRDA:33,5,1,44
BRDA:33,5,2,36
BRDA:35,6,0,20
BRDA:35,6,1,20
BRDA:35,6,2,10
BRDA:42,7,0,0
BRDA:42,7,1,1
BRDA:43,8,0,0
BRDA:43,8,1,1
BRDA:103,9,0,0
BRDA:103,9,1,8
BRDA:111,10,0,0
BRDA:111,10,1,8
BRDA:147,11,0,0
BRDA:147,11,1,1
BRDA:150,12,0,0
BRDA:150,12,1,1
BRDA:166,13,0,66
BRDA:166,13,1,36
BRDA:166,13,2,26
BRDA:167,14,0,22
BRDA:167,14,1,4
BRDA:167,15,0,4
BRDA:167,15,1,0
BRDA:177,16,0,66
BRDA:177,16,1,36
BRDA:179,17,0,2
BRDA:179,17,1,64
BRDA:185,18,0,66
BRDA:185,18,1,6
BRDA:369,19,0,0
BRDA:369,19,1,0
BRDA:371,20,0,0
BRDA:371,20,1,0
BRF:45
BRH:29
end_of_record
TN:
SF:src/components/products/SpanishDateRangePicker.tsx
FN:19,(anonymous_0)
FN:26,(anonymous_1)
FN:30,(anonymous_2)
FN:31,(anonymous_3)
FN:34,(anonymous_4)
FN:35,(anonymous_5)
FN:49,(anonymous_6)
FN:61,(anonymous_7)
FN:251,(anonymous_8)
FN:253,(anonymous_9)
FNF:10
FNH:9
FNDA:344,(anonymous_0)
FNDA:268,(anonymous_1)
FNDA:12,(anonymous_2)
FNDA:138,(anonymous_3)
FNDA:16,(anonymous_4)
FNDA:38,(anonymous_5)
FNDA:38,(anonymous_6)
FNDA:8,(anonymous_7)
FNDA:12,(anonymous_8)
FNDA:0,(anonymous_9)
DA:1,12
DA:2,12
DA:3,12
DA:4,12
DA:5,12
DA:10,12
DA:19,12
DA:20,344
DA:21,76
DA:23,268
DA:24,268
DA:26,12
DA:27,268
DA:28,268
DA:30,12
DA:31,12
DA:32,138
DA:33,138
DA:34,138
DA:35,138
DA:36,38
DA:37,38
DA:38,38
DA:39,16
DA:41,22
DA:49,138
DA:50,38
DA:51,14
DA:53,24
DA:54,8
DA:56,16
DA:61,138
DA:62,8
DA:63,0
DA:64,0
DA:65,0
DA:67,8
DA:68,8
DA:69,4
DA:70,4
DA:72,4
DA:73,4
DA:75,138
DA:241,12
DA:242,12
DA:245,12
DA:248,12
DA:249,12
DA:251,12
DA:252,12
DA:253,12
DA:254,0
DA:255,0
DA:256,0
LF:54
LH:48
BRDA:1,0,0,0
BRDA:1,0,1,12
BRDA:20,1,0,76
BRDA:20,1,1,268
BRDA:24,2,0,0
BRDA:24,2,1,268
BRDA:28,3,0,232
BRDA:28,3,1,36
BRDA:38,4,0,16
BRDA:38,4,1,22
BRDA:38,5,0,38
BRDA:38,5,1,16
BRDA:50,6,0,14
BRDA:50,6,1,24
BRDA:50,7,0,38
BRDA:50,7,1,22
BRDA:53,8,0,8
BRDA:53,8,1,16
BRDA:62,9,0,0
BRDA:62,9,1,8
BRDA:68,10,0,4
BRDA:68,10,1,4
BRDA:68,11,0,8
BRDA:68,11,1,4
BRDA:88,12,0,0
BRDA:88,12,1,138
BRDA:105,13,0,102
BRDA:105,13,1,36
BRDA:130,14,0,94
BRDA:130,14,1,44
BRDA:131,15,0,94
BRDA:131,15,1,44
BRDA:254,16,0,0
BRDA:254,16,1,0
BRDA:256,17,0,0
BRDA:256,17,1,0
BRF:36
BRH:28
end_of_record
TN:
SF:src/components/routing/ProtectedRoute.tsx
FN:20,(anonymous_0)
FN:119,(anonymous_1)
FN:134,(anonymous_2)
FN:136,(anonymous_3)
FNF:4
FNH:3
FNDA:2,(anonymous_0)
FNDA:1,(anonymous_1)
FNDA:41,(anonymous_2)
FNDA:0,(anonymous_3)
DA:1,41
DA:2,41
DA:3,41
DA:4,41
DA:5,41
DA:10,41
DA:20,41
DA:21,2
DA:22,2
DA:23,2
DA:25,2
DA:26,0
DA:57,2
DA:58,0
DA:101,2
DA:102,2
DA:115,0
DA:119,41
DA:120,1
DA:125,41
DA:128,41
DA:131,41
DA:132,41
DA:134,41
DA:135,41
DA:136,41
DA:137,0
DA:138,0
DA:139,0
LF:29
LH:23
BRDA:1,0,0,0
BRDA:1,0,1,41
BRDA:25,1,0,0
BRDA:25,1,1,2
BRDA:57,2,0,0
BRDA:57,2,1,2
BRDA:57,3,0,2
BRDA:57,3,1,2
BRDA:101,4,0,2
BRDA:101,4,1,0
BRDA:137,5,0,0
BRDA:137,5,1,0
BRDA:139,6,0,0
BRDA:139,6,1,0
BRF:14
BRH:6
end_of_record
TN:
SF:src/components/shared/SafeHtml.tsx
FN:10,(anonymous_0)
FN:35,(anonymous_1)
FN:37,(anonymous_2)
FNF:3
FNH:2
FNDA:26,(anonymous_0)
FNDA:3,(anonymous_1)
FNDA:0,(anonymous_2)
DA:1,3
DA:2,3
DA:3,3
DA:4,3
DA:5,3
DA:10,3
DA:11,26
DA:12,26
DA:13,0
DA:15,26
DA:26,3
DA:29,3
DA:32,3
DA:33,3
DA:35,3
DA:36,3
DA:37,3
DA:38,0
DA:39,0
DA:40,0
LF:20
LH:16
BRDA:1,0,0,0
BRDA:1,0,1,3
BRDA:11,1,0,26
BRDA:11,1,1,0
BRDA:12,2,0,0
BRDA:12,2,1,26
BRDA:38,3,0,0
BRDA:38,3,1,0
BRDA:40,4,0,0
BRDA:40,4,1,0
BRF:10
BRH:3
end_of_record
TN:
SF:src/components/ui/accordion.tsx
FN:15,(anonymous_0)
FN:26,(anonymous_1)
FN:54,(anonymous_2)
FN:86,(anonymous_3)
FN:88,(anonymous_4)
FNF:5
FNH:4
FNDA:208,(anonymous_0)
FNDA:208,(anonymous_1)
FNDA:208,(anonymous_2)
FNDA:11,(anonymous_3)
FNDA:0,(anonymous_4)
DA:1,11
DA:2,11
DA:3,11
DA:4,11
DA:5,11
DA:14,11
DA:15,208
DA:24,11
DA:25,11
DA:26,208
DA:52,11
DA:53,11
DA:54,208
DA:71,11
DA:72,11
DA:75,11
DA:76,11
DA:77,11
DA:78,11
DA:79,11
DA:80,11
DA:83,11
DA:84,11
DA:86,11
DA:87,11
DA:88,11
DA:89,0
DA:90,0
DA:91,0
LF:29
LH:26
BRDA:1,0,0,0
BRDA:1,0,1,11
BRDA:89,1,0,0
BRDA:89,1,1,0
BRDA:91,2,0,0
BRDA:91,2,1,0
BRF:6
BRH:1
end_of_record
TN:
SF:src/components/ui/alert.tsx
FN:25,(anonymous_0)
FN:39,(anonymous_1)
FN:50,(anonymous_2)
FN:74,(anonymous_3)
FN:76,(anonymous_4)
FNF:5
FNH:4
FNDA:12,(anonymous_0)
FNDA:12,(anonymous_1)
FNDA:12,(anonymous_2)
FNDA:12,(anonymous_3)
FNDA:0,(anonymous_4)
DA:1,12
DA:2,12
DA:3,12
DA:4,12
DA:5,12
DA:13,12
DA:25,12
DA:37,12
DA:38,12
DA:39,12
DA:48,12
DA:49,12
DA:50,12
DA:59,12
DA:60,12
DA:63,12
DA:64,12
DA:65,12
DA:66,12
DA:67,12
DA:68,12
DA:71,12
DA:72,12
DA:74,12
DA:75,12
DA:76,12
DA:77,0
DA:78,0
DA:79,0
LF:29
LH:26
BRDA:1,0,0,0
BRDA:1,0,1,12
BRDA:77,1,0,0
BRDA:77,1,1,0
BRDA:79,2,0,0
BRDA:79,2,1,0
BRF:6
BRH:1
end_of_record
TN:
SF:src/components/ui/badge.tsx
FN:26,Badge
FN:47,(anonymous_1)
FN:49,(anonymous_2)
FNF:3
FNH:2
FNDA:90,Badge
FNDA:12,(anonymous_1)
FNDA:0,(anonymous_2)
DA:1,12
DA:2,12
DA:3,12
DA:4,12
DA:5,12
DA:13,12
DA:27,90
DA:38,12
DA:41,12
DA:44,12
DA:45,12
DA:47,12
DA:48,12
DA:49,12
DA:50,0
DA:51,0
DA:52,0
LF:17
LH:14
BRDA:1,0,0,0
BRDA:1,0,1,12
BRDA:50,1,0,0
BRDA:50,1,1,0
BRDA:52,2,0,0
BRDA:52,2,1,0
BRF:6
BRH:1
end_of_record
TN:
SF:src/components/ui/button.tsx
FN:36,(anonymous_0)
FN:63,(anonymous_1)
FN:65,(anonymous_2)
FNF:3
FNH:2
FNDA:3790,(anonymous_0)
FNDA:41,(anonymous_1)
FNDA:0,(anonymous_2)
DA:1,41
DA:2,41
DA:3,41
DA:4,41
DA:5,41
DA:14,41
DA:36,41
DA:37,3790
DA:38,3790
DA:52,41
DA:53,41
DA:56,41
DA:57,41
DA:60,41
DA:61,41
DA:63,41
DA:64,41
DA:65,41
DA:66,0
DA:67,0
DA:68,0
LF:21
LH:18
BRDA:1,0,0,0
BRDA:1,0,1,41
BRDA:36,1,0,3652
BRDA:37,2,0,138
BRDA:37,2,1,3652
BRDA:66,3,0,0
BRDA:66,3,1,0
BRDA:68,4,0,0
BRDA:68,4,1,0
BRF:9
BRH:4
end_of_record
TN:
SF:src/components/ui/calendar.tsx
FN:15,Calendar
FN:48,(anonymous_1)
FN:55,(anonymous_2)
FN:80,(anonymous_3)
FN:82,(anonymous_4)
FNF:5
FNH:4
FNDA:38,Calendar
FNDA:82,(anonymous_1)
FNDA:82,(anonymous_2)
FNDA:12,(anonymous_3)
FNDA:0,(anonymous_4)
DA:1,12
DA:2,12
DA:3,12
DA:4,12
DA:5,12
DA:16,38
DA:48,82
DA:55,82
DA:70,12
DA:71,12
DA:74,12
DA:77,12
DA:78,12
DA:80,12
DA:81,12
DA:82,12
DA:83,0
DA:84,0
DA:85,0
LF:19
LH:16
BRDA:1,0,0,0
BRDA:1,0,1,12
BRDA:15,1,0,38
BRDA:83,2,0,0
BRDA:83,2,1,0
BRDA:85,3,0,0
BRDA:85,3,1,0
BRF:7
BRH:2
end_of_record
TN:
SF:src/components/ui/card.tsx
FN:12,(anonymous_0)
FN:23,(anonymous_1)
FN:34,(anonymous_2)
FN:45,(anonymous_3)
FN:56,(anonymous_4)
FN:67,(anonymous_5)
FN:97,(anonymous_6)
FN:99,(anonymous_7)
FNF:8
FNH:6
FNDA:202,(anonymous_0)
FNDA:202,(anonymous_1)
FNDA:202,(anonymous_2)
FNDA:0,(anonymous_3)
FNDA:202,(anonymous_4)
FNDA:202,(anonymous_5)
FNDA:25,(anonymous_6)
FNDA:0,(anonymous_7)
DA:1,25
DA:2,25
DA:3,25
DA:4,25
DA:5,25
DA:12,202
DA:21,25
DA:22,25
DA:23,202
DA:32,25
DA:33,25
DA:34,202
DA:43,25
DA:44,25
DA:45,25
DA:54,25
DA:55,25
DA:56,202
DA:65,25
DA:66,25
DA:67,202
DA:76,25
DA:77,25
DA:80,25
DA:81,25
DA:82,25
DA:83,25
DA:84,25
DA:85,25
DA:86,25
DA:87,25
DA:88,25
DA:89,25
DA:90,25
DA:91,25
DA:94,25
DA:95,25
DA:97,25
DA:98,25
DA:99,25
DA:100,0
DA:101,0
DA:102,0
LF:43
LH:40
BRDA:1,0,0,0
BRDA:1,0,1,25
BRDA:100,1,0,0
BRDA:100,1,1,0
BRDA:102,2,0,0
BRDA:102,2,1,0
BRF:6
BRH:1
end_of_record
TN:
SF:src/components/ui/dialog.tsx
FN:18,(anonymous_0)
FN:29,(anonymous_1)
FN:80,(anonymous_2)
FN:90,(anonymous_3)
FN:100,(anonymous_4)
FN:111,(anonymous_5)
FN:138,(anonymous_6)
FN:140,(anonymous_7)
FNF:8
FNH:6
FNDA:136,(anonymous_0)
FNDA:642,(anonymous_1)
FNDA:108,(anonymous_2)
FNDA:0,(anonymous_3)
FNDA:108,(anonymous_4)
FNDA:108,(anonymous_5)
FNDA:41,(anonymous_6)
FNDA:0,(anonymous_7)
DA:1,41
DA:2,41
DA:3,41
DA:4,41
DA:5,41
DA:14,41
DA:15,41
DA:16,41
DA:17,41
DA:18,136
DA:27,41
DA:28,41
DA:29,642
DA:78,41
DA:79,41
DA:80,108
DA:88,41
DA:89,41
DA:90,41
DA:98,41
DA:99,41
DA:100,108
DA:109,41
DA:110,41
DA:111,108
DA:120,41
DA:121,41
DA:124,41
DA:125,41
DA:126,41
DA:127,41
DA:128,41
DA:129,41
DA:130,41
DA:131,41
DA:132,41
DA:135,41
DA:136,41
DA:138,41
DA:139,41
DA:140,41
DA:141,0
DA:142,0
DA:143,0
LF:44
LH:41
BRDA:1,0,0,0
BRDA:1,0,1,41
BRDA:141,1,0,0
BRDA:141,1,1,0
BRDA:143,2,0,0
BRDA:143,2,1,0
BRF:6
BRH:1
end_of_record
TN:
SF:src/components/ui/form.tsx
FN:18,(anonymous_0)
FN:37,(anonymous_1)
FN:56,(anonymous_2)
FN:62,(anonymous_3)
FN:86,(anonymous_4)
FN:99,(anonymous_5)
FN:103,(anonymous_6)
FN:110,(anonymous_7)
FN:124,(anonymous_8)
FN:128,(anonymous_9)
FN:135,(anonymous_10)
FN:148,(anonymous_11)
FN:152,(anonymous_12)
FN:159,(anonymous_13)
FN:177,(anonymous_14)
FN:181,(anonymous_15)
FN:206,(anonymous_16)
FN:208,(anonymous_17)
FNF:18
FNH:11
FNDA:532,(anonymous_0)
FNDA:1632,(anonymous_1)
FNDA:8,(anonymous_2)
FNDA:544,(anonymous_3)
FNDA:544,(anonymous_4)
FNDA:8,(anonymous_5)
FNDA:0,(anonymous_6)
FNDA:544,(anonymous_7)
FNDA:8,(anonymous_8)
FNDA:0,(anonymous_9)
FNDA:0,(anonymous_10)
FNDA:0,(anonymous_11)
FNDA:0,(anonymous_12)
FNDA:544,(anonymous_13)
FNDA:8,(anonymous_14)
FNDA:0,(anonymous_15)
FNDA:41,(anonymous_16)
FNDA:0,(anonymous_17)
DA:1,41
DA:2,41
DA:3,41
DA:4,41
DA:5,41
DA:10,41
DA:16,41
DA:17,41
DA:18,41
DA:19,532
DA:36,41
DA:37,41
DA:38,1632
DA:39,1632
DA:40,1632
DA:41,1632
DA:42,1632
DA:43,1632
DA:44,0
DA:46,1632
DA:47,1632
DA:56,41
DA:57,8
DA:61,41
DA:62,41
DA:63,544
DA:64,544
DA:65,544
DA:84,41
DA:85,41
DA:86,41
DA:87,544
DA:88,544
DA:89,544
DA:100,8
DA:104,0
DA:108,41
DA:109,41
DA:110,41
DA:111,544
DA:112,544
DA:113,544
DA:125,8
DA:129,0
DA:133,41
DA:134,41
DA:135,41
DA:136,0
DA:137,0
DA:138,0
DA:149,0
DA:153,0
DA:157,41
DA:158,41
DA:159,41
DA:160,544
DA:161,544
DA:162,544
DA:163,544
DA:164,494
DA:166,50
DA:178,8
DA:182,0
DA:186,41
DA:187,41
DA:190,41
DA:191,41
DA:192,41
DA:193,41
DA:194,41
DA:195,41
DA:196,41
DA:197,41
DA:198,41
DA:199,41
DA:200,41
DA:203,41
DA:204,41
DA:206,41
DA:207,41
DA:208,41
DA:209,0
DA:210,0
DA:211,0
LF:84
LH:72
BRDA:1,0,0,0
BRDA:1,0,1,41
BRDA:43,1,0,0
BRDA:43,1,1,1632
BRDA:91,2,0,544
BRDA:91,2,1,50
BRDA:116,3,0,494
BRDA:116,3,1,50
BRDA:162,4,0,50
BRDA:162,4,1,494
BRDA:163,5,0,494
BRDA:163,5,1,50
BRDA:209,6,0,0
BRDA:209,6,1,0
BRDA:211,7,0,0
BRDA:211,7,1,0
BRF:16
BRH:10
end_of_record
TN:
SF:src/components/ui/input.tsx
FN:12,(anonymous_0)
FN:35,(anonymous_1)
FN:37,(anonymous_2)
FNF:3
FNH:2
FNDA:562,(anonymous_0)
FNDA:41,(anonymous_1)
FNDA:0,(anonymous_2)
DA:1,41
DA:2,41
DA:3,41
DA:4,41
DA:5,41
DA:12,41
DA:13,562
DA:24,41
DA:25,41
DA:28,41
DA:29,41
DA:32,41
DA:33,41
DA:35,41
DA:36,41
DA:37,41
DA:38,0
DA:39,0
DA:40,0
LF:19
LH:16
BRDA:1,0,0,0
BRDA:1,0,1,41
BRDA:38,1,0,0
BRDA:38,1,1,0
BRDA:40,2,0,0
BRDA:40,2,1,0
BRF:6
BRH:1
end_of_record
TN:
SF:src/components/ui/label.tsx
FN:15,(anonymous_0)
FN:35,(anonymous_1)
FN:37,(anonymous_2)
FNF:3
FNH:2
FNDA:736,(anonymous_0)
FNDA:41,(anonymous_1)
FNDA:0,(anonymous_2)
DA:1,41
DA:2,41
DA:3,41
DA:4,41
DA:5,41
DA:14,41
DA:15,736
DA:24,41
DA:25,41
DA:28,41
DA:29,41
DA:32,41
DA:33,41
DA:35,41
DA:36,41
DA:37,41
DA:38,0
DA:39,0
DA:40,0
LF:19
LH:16
BRDA:1,0,0,0
BRDA:1,0,1,41
BRDA:38,1,0,0
BRDA:38,1,1,0
BRDA:40,2,0,0
BRDA:40,2,1,0
BRF:6
BRH:1
end_of_record
TN:
SF:src/components/ui/popover.tsx
FN:15,(anonymous_0)
FN:43,(anonymous_1)
FN:45,(anonymous_2)
FNF:3
FNH:2
FNDA:208,(anonymous_0)
FNDA:41,(anonymous_1)
FNDA:0,(anonymous_2)
DA:1,41
DA:2,41
DA:3,41
DA:4,41
DA:5,41
DA:13,41
DA:14,41
DA:15,208
DA:32,41
DA:33,41
DA:36,41
DA:37,41
DA:40,41
DA:41,41
DA:43,41
DA:44,41
DA:45,41
DA:46,0
DA:47,0
DA:48,0
LF:20
LH:17
BRDA:1,0,0,0
BRDA:1,0,1,41
BRDA:15,1,0,0
BRDA:15,2,0,208
BRDA:46,3,0,0
BRDA:46,3,1,0
BRDA:48,4,0,0
BRDA:48,4,1,0
BRF:8
BRH:2
end_of_record
TN:
SF:src/components/ui/select.tsx
FN:18,(anonymous_0)
FN:46,(anonymous_1)
FN:64,(anonymous_2)
FN:82,(anonymous_3)
FN:120,(anonymous_4)
FN:131,(anonymous_5)
FN:171,(anonymous_6)
FN:201,(anonymous_7)
FN:203,(anonymous_8)
FNF:9
FNH:6
FNDA:62,(anonymous_0)
FNDA:70,(anonymous_1)
FNDA:70,(anonymous_2)
FNDA:62,(anonymous_3)
FNDA:0,(anonymous_4)
FNDA:350,(anonymous_5)
FNDA:0,(anonymous_6)
FNDA:2,(anonymous_7)
FNDA:0,(anonymous_8)
DA:1,2
DA:2,2
DA:3,2
DA:4,2
DA:5,2
DA:9,2
DA:15,2
DA:16,2
DA:17,2
DA:18,62
DA:44,2
DA:45,2
DA:46,70
DA:62,2
DA:63,2
DA:64,70
DA:80,2
DA:81,2
DA:82,62
DA:118,2
DA:119,2
DA:120,2
DA:129,2
DA:130,2
DA:131,350
DA:169,2
DA:170,2
DA:171,2
DA:180,2
DA:181,2
DA:184,2
DA:185,2
DA:186,2
DA:187,2
DA:188,2
DA:189,2
DA:190,2
DA:191,2
DA:192,2
DA:193,2
DA:194,2
DA:195,2
DA:198,2
DA:199,2
DA:201,2
DA:202,2
DA:203,2
DA:204,0
DA:205,0
DA:206,0
LF:50
LH:47
BRDA:1,0,0,0
BRDA:1,0,1,2
BRDA:82,1,0,62
BRDA:85,2,0,62
BRDA:85,2,1,62
BRDA:95,3,0,62
BRDA:95,3,1,62
BRDA:204,4,0,0
BRDA:204,4,1,0
BRDA:206,5,0,0
BRDA:206,5,1,0
BRF:11
BRH:6
end_of_record
TN:
SF:src/components/ui/sheet.tsx
FN:19,(anonymous_0)
FN:43,(anonymous_1)
FN:96,(anonymous_2)
FN:106,(anonymous_3)
FN:116,(anonymous_4)
FN:127,(anonymous_5)
FN:154,(anonymous_6)
FN:156,(anonymous_7)
FNF:8
FNH:5
FNDA:54,(anonymous_0)
FNDA:658,(anonymous_1)
FNDA:36,(anonymous_2)
FNDA:0,(anonymous_3)
FNDA:36,(anonymous_4)
FNDA:0,(anonymous_5)
FNDA:41,(anonymous_6)
FNDA:0,(anonymous_7)
DA:1,41
DA:2,41
DA:3,41
DA:4,41
DA:5,41
DA:15,41
DA:16,41
DA:17,41
DA:18,41
DA:19,54
DA:28,41
DA:29,41
DA:30,41
DA:43,658
DA:94,41
DA:95,41
DA:96,41
DA:104,41
DA:105,41
DA:106,41
DA:114,41
DA:115,41
DA:116,41
DA:125,41
DA:126,41
DA:127,41
DA:136,41
DA:137,41
DA:140,41
DA:141,41
DA:142,41
DA:143,41
DA:144,41
DA:145,41
DA:146,41
DA:147,41
DA:148,41
DA:151,41
DA:152,41
DA:154,41
DA:155,41
DA:156,41
DA:157,0
DA:158,0
DA:159,0
LF:45
LH:42
BRDA:1,0,0,0
BRDA:1,0,1,41
BRDA:43,1,0,0
BRDA:157,2,0,0
BRDA:157,2,1,0
BRDA:159,3,0,0
BRDA:159,3,1,0
BRF:7
BRH:1
end_of_record
TN:
SF:src/components/ui/sonner.tsx
FN:13,(anonymous_0)
FN:36,(anonymous_1)
FN:50,(anonymous_2)
FN:52,(anonymous_3)
FNF:4
FNH:3
FNDA:82,(anonymous_0)
FNDA:41,(anonymous_1)
FNDA:41,(anonymous_2)
FNDA:0,(anonymous_3)
DA:1,41
DA:2,41
DA:3,41
DA:4,41
DA:5,41
DA:10,41
DA:13,41
DA:14,82
DA:15,82
DA:16,82
DA:36,41
DA:37,41
DA:41,41
DA:44,41
DA:47,41
DA:48,41
DA:50,41
DA:51,41
DA:52,41
DA:53,0
DA:54,0
DA:55,0
LF:22
LH:19
BRDA:1,0,0,0
BRDA:1,0,1,41
BRDA:15,1,0,82
BRDA:53,2,0,0
BRDA:53,2,1,0
BRDA:55,3,0,0
BRDA:55,3,1,0
BRF:7
BRH:2
end_of_record
TN:
SF:src/components/ui/table.tsx
FN:12,(anonymous_0)
FN:30,(anonymous_1)
FN:41,(anonymous_2)
FN:52,(anonymous_3)
FN:63,(anonymous_4)
FN:74,(anonymous_5)
FN:85,(anonymous_6)
FN:96,(anonymous_7)
FN:130,(anonymous_8)
FN:132,(anonymous_9)
FNF:10
FNH:7
FNDA:62,(anonymous_0)
FNDA:62,(anonymous_1)
FNDA:62,(anonymous_2)
FNDA:0,(anonymous_3)
FNDA:124,(anonymous_4)
FNDA:124,(anonymous_5)
FNDA:124,(anonymous_6)
FNDA:0,(anonymous_7)
FNDA:12,(anonymous_8)
FNDA:0,(anonymous_9)
DA:1,12
DA:2,12
DA:3,12
DA:4,12
DA:5,12
DA:12,62
DA:28,12
DA:29,12
DA:30,62
DA:39,12
DA:40,12
DA:41,62
DA:50,12
DA:51,12
DA:52,12
DA:61,12
DA:62,12
DA:63,124
DA:72,12
DA:73,12
DA:74,124
DA:83,12
DA:84,12
DA:85,124
DA:94,12
DA:95,12
DA:96,12
DA:105,12
DA:106,12
DA:109,12
DA:110,12
DA:111,12
DA:112,12
DA:113,12
DA:114,12
DA:115,12
DA:116,12
DA:117,12
DA:118,12
DA:119,12
DA:120,12
DA:121,12
DA:122,12
DA:123,12
DA:124,12
DA:127,12
DA:128,12
DA:130,12
DA:131,12
DA:132,12
DA:133,0
DA:134,0
DA:135,0
LF:53
LH:50
BRDA:1,0,0,0
BRDA:1,0,1,12
BRDA:133,1,0,0
BRDA:133,1,1,0
BRDA:135,2,0,0
BRDA:135,2,1,0
BRF:6
BRH:1
end_of_record
TN:
SF:src/components/ui/textarea.tsx
FN:12,(anonymous_0)
FN:34,(anonymous_1)
FN:36,(anonymous_2)
FNF:3
FNH:2
FNDA:126,(anonymous_0)
FNDA:14,(anonymous_1)
FNDA:0,(anonymous_2)
DA:1,14
DA:2,14
DA:3,14
DA:4,14
DA:5,14
DA:12,14
DA:13,126
DA:23,14
DA:24,14
DA:27,14
DA:28,14
DA:31,14
DA:32,14
DA:34,14
DA:35,14
DA:36,14
DA:37,0
DA:38,0
DA:39,0
LF:19
LH:16
BRDA:1,0,0,0
BRDA:1,0,1,14
BRDA:37,1,0,0
BRDA:37,1,1,0
BRDA:39,2,0,0
BRDA:39,2,1,0
BRF:6
BRH:1
end_of_record
TN:
SF:src/components/ui/toast.tsx
FN:16,(anonymous_0)
FN:38,(anonymous_1)
FN:53,(anonymous_2)
FN:64,(anonymous_3)
FN:83,(anonymous_4)
FN:94,(anonymous_5)
FN:124,(anonymous_6)
FN:126,(anonymous_7)
FNF:8
FNH:2
FNDA:82,(anonymous_0)
FNDA:0,(anonymous_1)
FNDA:0,(anonymous_2)
FNDA:0,(anonymous_3)
FNDA:0,(anonymous_4)
FNDA:0,(anonymous_5)
FNDA:41,(anonymous_6)
FNDA:0,(anonymous_7)
DA:1,41
DA:2,41
DA:3,41
DA:4,41
DA:5,41
DA:15,41
DA:16,82
DA:25,41
DA:26,41
DA:27,41
DA:38,41
DA:39,0
DA:51,41
DA:52,41
DA:53,41
DA:62,41
DA:63,41
DA:64,41
DA:81,41
DA:82,41
DA:83,41
DA:92,41
DA:93,41
DA:94,41
DA:103,41
DA:104,41
DA:107,41
DA:108,41
DA:109,41
DA:110,41
DA:111,41
DA:112,41
DA:113,41
DA:114,41
DA:115,41
DA:116,41
DA:117,41
DA:118,41
DA:121,41
DA:122,41
DA:124,41
DA:125,41
DA:126,41
DA:127,0
DA:128,0
DA:129,0
LF:46
LH:42
BRDA:1,0,0,0
BRDA:1,0,1,41
BRDA:127,1,0,0
BRDA:127,1,1,0
BRDA:129,2,0,0
BRDA:129,2,1,0
BRF:6
BRH:1
end_of_record
TN:
SF:src/components/ui/toaster.tsx
FN:13,Toaster
FN:18,(anonymous_1)
FN:70,(anonymous_2)
FN:83,(anonymous_3)
FN:85,(anonymous_4)
FNF:5
FNH:3
FNDA:82,Toaster
FNDA:0,(anonymous_1)
FNDA:41,(anonymous_2)
FNDA:41,(anonymous_3)
FNDA:0,(anonymous_4)
DA:1,41
DA:2,41
DA:3,41
DA:4,41
DA:5,41
DA:10,41
DA:14,82
DA:15,82
DA:16,82
DA:19,0
DA:70,41
DA:71,41
DA:75,41
DA:77,41
DA:80,41
DA:81,41
DA:83,41
DA:84,41
DA:85,41
DA:86,0
DA:87,0
DA:88,0
LF:22
LH:18
BRDA:1,0,0,0
BRDA:1,0,1,41
BRDA:25,1,0,0
BRDA:25,1,1,0
BRDA:32,2,0,0
BRDA:32,2,1,0
BRDA:86,3,0,0
BRDA:86,3,1,0
BRDA:88,4,0,0
BRDA:88,4,1,0
BRF:10
BRH:1
end_of_record
TN:
SF:src/components/ui/tooltip.tsx
FN:16,(anonymous_0)
FN:37,(anonymous_1)
FN:39,(anonymous_2)
FNF:3
FNH:2
FNDA:62,(anonymous_0)
FNDA:41,(anonymous_1)
FNDA:0,(anonymous_2)
DA:1,41
DA:2,41
DA:3,41
DA:4,41
DA:5,41
DA:13,41
DA:14,41
DA:15,41
DA:16,62
DA:26,41
DA:27,41
DA:30,41
DA:31,41
DA:34,41
DA:35,41
DA:37,41
DA:38,41
DA:39,41
DA:40,0
DA:41,0
DA:42,0
LF:21
LH:18
BRDA:1,0,0,0
BRDA:1,0,1,41
BRDA:16,1,0,62
BRDA:40,2,0,0
BRDA:40,2,1,0
BRDA:42,3,0,0
BRDA:42,3,1,0
BRF:7
BRH:2
end_of_record
TN:
SF:src/components/ui/use-toast.ts
FNF:0
FNH:0
LF:0
LH:0
BRF:0
BRH:0
end_of_record
TN:
SF:src/composition/apiClient.ts
FNF:0
FNH:0
DA:2,41
DA:3,41
LF:2
LH:2
BRDA:2,0,0,41
BRDA:2,0,1,0
BRF:2
BRH:1
end_of_record
TN:
SF:src/composition/auth.ts
FN:9,(anonymous_0)
FNF:1
FNH:1
FNDA:9,(anonymous_0)
DA:8,41
DA:9,41
DA:10,41
DA:11,41
DA:12,41
DA:13,41
DA:14,41
LF:7
LH:7
BRF:0
BRH:0
end_of_record
TN:
SF:src/composition/queryClient.ts
FNF:0
FNH:0
DA:2,41
LF:1
LH:1
BRF:0
BRH:0
end_of_record
TN:
SF:src/compositionRoot.ts
FN:46,(anonymous_0)
FNF:1
FNH:1
FNDA:406,(anonymous_0)
DA:46,406
DA:47,41
DA:48,41
DA:49,41
DA:50,41
DA:51,41
DA:52,41
DA:53,41
DA:54,41
DA:55,41
DA:56,41
DA:57,41
DA:58,41
DA:59,41
DA:60,41
DA:61,41
DA:62,41
DA:63,41
DA:64,41
DA:65,41
DA:66,41
DA:67,41
DA:68,41
DA:69,41
DA:70,41
DA:71,41
DA:72,41
DA:73,41
DA:74,41
DA:75,41
DA:76,41
DA:77,41
DA:78,41
DA:79,41
DA:80,41
DA:81,41
DA:82,41
DA:83,41
DA:84,41
DA:85,41
DA:86,41
DA:87,41
LF:42
LH:42
BRF:0
BRH:0
end_of_record
TN:
SF:src/context/AuthContext.tsx
FN:22,(anonymous_0)
FN:32,(anonymous_1)
FN:42,(anonymous_2)
FN:51,(anonymous_3)
FN:59,(anonymous_4)
FN:74,(anonymous_5)
FN:107,(anonymous_6)
FN:121,(anonymous_7)
FN:124,(anonymous_8)
FN:134,(anonymous_9)
FN:147,(anonymous_10)
FN:160,(anonymous_11)
FN:192,(anonymous_12)
FN:204,(anonymous_13)
FN:210,(anonymous_14)
FN:252,(anonymous_15)
FN:265,(anonymous_16)
FN:267,(anonymous_17)
FNF:18
FNH:10
FNDA:1,(anonymous_0)
FNDA:968,(anonymous_1)
FNDA:110,(anonymous_2)
FNDA:1,(anonymous_3)
FNDA:0,(anonymous_4)
FNDA:2,(anonymous_5)
FNDA:2,(anonymous_6)
FNDA:1,(anonymous_7)
FNDA:0,(anonymous_8)
FNDA:0,(anonymous_9)
FNDA:2,(anonymous_10)
FNDA:0,(anonymous_11)
FNDA:0,(anonymous_12)
FNDA:0,(anonymous_13)
FNDA:0,(anonymous_14)
FNDA:41,(anonymous_15)
FNDA:41,(anonymous_16)
FNDA:0,(anonymous_17)
DA:1,41
DA:2,41
DA:3,41
DA:4,41
DA:5,41
DA:10,41
DA:19,41
DA:20,41
DA:21,41
DA:22,41
DA:23,1
DA:24,0
DA:26,1
DA:27,1
DA:28,0
DA:30,1
DA:32,41
DA:33,968
DA:34,968
DA:35,968
DA:36,968
DA:38,41
DA:42,41
DA:43,110
DA:44,110
DA:45,110
DA:46,110
DA:47,110
DA:48,110
DA:49,110
DA:50,110
DA:51,110
DA:52,1
DA:59,110
DA:60,0
DA:61,0
DA:62,0
DA:63,0
DA:64,0
DA:66,0
DA:67,0
DA:68,0
DA:74,110
DA:75,2
DA:76,2
DA:77,2
DA:81,2
DA:82,1
DA:83,1
DA:88,1
DA:93,1
DA:100,1
DA:101,1
DA:107,110
DA:108,2
DA:115,2
DA:121,110
DA:122,1
DA:124,110
DA:125,0
DA:129,0
DA:134,110
DA:135,0
DA:136,0
DA:137,0
DA:142,0
DA:147,110
DA:148,2
DA:149,2
DA:150,2
DA:153,2
DA:158,2
DA:160,110
DA:161,0
DA:162,0
DA:164,0
DA:167,0
DA:168,0
DA:169,0
DA:171,0
DA:182,0
DA:183,0
DA:192,110
DA:193,0
DA:194,0
DA:196,0
DA:197,0
DA:199,0
DA:200,0
DA:202,0
DA:204,110
DA:205,0
DA:206,0
DA:207,0
DA:208,0
DA:210,0
DA:212,110
DA:252,41
DA:253,41
DA:257,41
DA:259,41
DA:262,41
DA:263,41
DA:265,41
DA:266,41
DA:267,41
DA:268,0
DA:269,0
DA:270,0
LF:109
LH:69
BRDA:1,0,0,0
BRDA:1,0,1,41
BRDA:23,1,0,0
BRDA:23,1,1,1
BRDA:27,2,0,0
BRDA:27,2,1,1
BRDA:35,3,0,0
BRDA:35,3,1,968
BRDA:48,4,0,0
BRDA:48,4,1,110
BRDA:49,5,0,110
BRDA:49,5,1,36
BRDA:49,5,2,16
BRDA:136,6,0,0
BRDA:136,6,1,0
BRDA:161,7,0,0
BRDA:161,7,1,0
BRDA:164,8,0,0
BRDA:164,8,1,0
BRDA:168,9,0,0
BRDA:168,9,1,0
BRDA:175,10,0,0
BRDA:175,10,1,0
BRDA:176,11,0,0
BRDA:176,11,1,0
BRDA:177,12,0,0
BRDA:177,12,1,0
BRDA:178,13,0,0
BRDA:178,13,1,0
BRDA:179,14,0,0
BRDA:179,14,1,0
BRDA:180,15,0,0
BRDA:180,15,1,0
BRDA:193,16,0,0
BRDA:193,16,1,0
BRDA:196,17,0,0
BRDA:196,17,1,0
BRDA:199,18,0,0
BRDA:199,18,1,0
BRDA:202,19,0,0
BRDA:202,19,1,0
BRDA:205,20,0,0
BRDA:205,20,1,0
BRDA:205,21,0,0
BRDA:205,21,1,0
BRDA:206,22,0,0
BRDA:206,22,1,0
BRDA:207,23,0,0
BRDA:207,23,1,0
BRDA:231,24,0,16
BRDA:231,24,1,94
BRDA:268,25,0,0
BRDA:268,25,1,0
BRDA:270,26,0,0
BRDA:270,26,1,0
BRF:55
BRH:10
end_of_record
TN:
SF:src/core/application/SeoService.ts
FN:1,_define_property
FN:16,(anonymous_1)
FN:36,(anonymous_2)
FNF:3
FNH:3
FNDA:164,_define_property
FNDA:218,(anonymous_1)
FNDA:41,(anonymous_2)
DA:2,164
DA:3,0
DA:10,164
DA:12,164
DA:17,218
DA:37,41
DA:38,41
DA:39,41
DA:47,41
LF:9
LH:8
BRDA:2,0,0,0
BRDA:2,0,1,164
BRDA:19,1,0,218
BRDA:19,1,1,0
BRDA:20,2,0,218
BRDA:20,2,1,0
BRDA:21,3,0,218
BRDA:21,3,1,0
BRDA:22,4,0,218
BRDA:22,4,1,152
BRDA:23,5,0,27
BRDA:23,5,1,191
BRDA:23,6,0,218
BRDA:23,6,1,27
BRDA:24,7,0,218
BRDA:24,7,1,218
BRDA:24,7,2,0
BRDA:25,8,0,218
BRDA:25,8,1,218
BRDA:25,8,2,0
BRDA:26,9,0,218
BRDA:26,9,1,218
BRDA:27,10,0,218
BRDA:27,10,1,218
BRDA:27,10,2,0
BRDA:28,11,0,218
BRDA:28,11,1,195
BRDA:29,12,0,218
BRDA:29,12,1,218
BRDA:30,13,0,218
BRDA:30,13,1,218
BRDA:30,13,2,218
BRDA:30,13,3,0
BRDA:31,14,0,218
BRDA:31,14,1,218
BRDA:31,14,2,218
BRDA:31,14,3,0
BRDA:32,15,0,218
BRDA:32,15,1,218
BRDA:32,15,2,218
BRDA:33,16,0,218
BRDA:33,16,1,156
BRF:42
BRH:33
end_of_record
TN:
SF:src/hooks/useAuthModalLauncher.ts
FN:2,(anonymous_0)
FN:10,(anonymous_1)
FN:12,(anonymous_2)
FN:13,(anonymous_3)
FNF:4
FNH:4
FNDA:3,(anonymous_0)
FNDA:188,(anonymous_1)
FNDA:2,(anonymous_2)
FNDA:1,(anonymous_3)
DA:1,17
DA:2,17
DA:3,3
DA:4,3
DA:5,1
DA:7,3
DA:8,3
DA:10,17
DA:11,188
DA:12,2
DA:13,1
LF:11
LH:11
BRDA:4,0,0,1
BRDA:4,0,1,2
BRF:2
BRH:2
end_of_record
TN:
SF:src/hooks/useDebouncedValue.ts
FN:2,(anonymous_0)
FN:4,(anonymous_1)
FN:5,(anonymous_2)
FN:8,(anonymous_3)
FNF:4
FNH:4
FNDA:42,(anonymous_0)
FNDA:4,(anonymous_1)
FNDA:2,(anonymous_2)
FNDA:2,(anonymous_3)
DA:2,2
DA:3,42
DA:4,42
DA:5,4
DA:6,2
DA:8,4
DA:9,2
DA:15,42
LF:8
LH:8
BRDA:2,0,0,0
BRF:1
BRH:0
end_of_record
TN:
SF:src/hooks/useProductLocationMap.ts
FN:3,(anonymous_0)
FN:13,(anonymous_1)
FN:16,(anonymous_2)
FN:21,(anonymous_3)
FN:62,(anonymous_4)
FN:77,(anonymous_5)
FN:102,(anonymous_6)
FN:118,(anonymous_7)
FN:123,(anonymous_8)
FN:126,(anonymous_9)
FNF:10
FNH:5
FNDA:18,(anonymous_0)
FNDA:102,(anonymous_1)
FNDA:30,(anonymous_2)
FNDA:30,(anonymous_3)
FNDA:0,(anonymous_4)
FNDA:0,(anonymous_5)
FNDA:18,(anonymous_6)
FNDA:0,(anonymous_7)
FNDA:0,(anonymous_8)
FNDA:0,(anonymous_9)
DA:3,17
DA:4,18
DA:5,18
DA:7,0
DA:8,0
DA:9,0
DA:11,0
DA:13,17
DA:14,102
DA:15,102
DA:16,102
DA:17,30
DA:18,0
DA:20,30
DA:21,30
DA:22,30
DA:23,30
DA:24,30
DA:28,0
DA:29,0
DA:31,0
DA:35,0
DA:39,0
DA:40,0
DA:42,0
DA:43,0
DA:44,0
DA:45,0
DA:47,0
DA:56,0
DA:57,0
DA:59,0
DA:60,0
DA:61,0
DA:62,0
DA:66,0
DA:75,0
DA:76,0
DA:77,0
DA:78,0
DA:79,0
DA:81,0
DA:82,0
DA:83,0
DA:85,0
DA:90,0
DA:95,0
DA:97,0
DA:98,0
DA:101,30
DA:102,30
DA:103,18
DA:104,18
DA:105,18
DA:118,17
DA:119,0
DA:120,0
DA:122,0
DA:123,0
DA:124,0
DA:127,0
DA:128,0
DA:129,0
DA:131,0
DA:132,0
DA:133,0
DA:134,0
DA:136,0
LF:68
LH:19
BRDA:4,0,0,18
BRDA:4,0,1,0
BRDA:7,1,0,0
BRDA:7,1,1,0
BRDA:13,2,0,0
BRDA:17,3,0,0
BRDA:17,3,1,30
BRDA:28,4,0,0
BRDA:28,4,1,0
BRDA:28,5,0,0
BRDA:28,5,1,0
BRDA:31,6,0,0
BRDA:31,6,1,0
BRDA:35,7,0,0
BRDA:35,7,1,0
BRDA:39,8,0,0
BRDA:39,8,1,0
BRDA:42,9,0,0
BRDA:42,9,1,0
BRDA:44,10,0,0
BRDA:44,10,1,0
BRDA:44,11,0,0
BRDA:44,11,1,0
BRDA:49,12,0,0
BRDA:49,12,1,0
BRDA:49,13,0,0
BRDA:49,13,1,0
BRDA:57,14,0,0
BRDA:57,14,1,0
BRDA:57,15,0,0
BRDA:57,15,1,0
BRDA:61,16,0,0
BRDA:61,16,1,0
BRDA:61,17,0,0
BRDA:61,17,1,0
BRDA:82,18,0,0
BRDA:82,18,1,0
BRDA:82,19,0,0
BRDA:82,19,1,0
BRDA:88,20,0,0
BRDA:88,20,1,0
BRDA:119,21,0,0
BRDA:119,21,1,0
BRDA:127,22,0,0
BRDA:127,22,1,0
BRDA:127,23,0,0
BRDA:127,23,1,0
BRDA:132,24,0,0
BRDA:132,24,1,0
BRF:49
BRH:2
end_of_record
TN:
SF:src/hooks/useScrollToTop.ts
FN:5,(anonymous_0)
FN:6,(anonymous_1)
FNF:2
FNH:2
FNDA:72,(anonymous_0)
FNDA:44,(anonymous_1)
DA:5,18
DA:6,72
DA:7,44
LF:3
LH:3
BRF:0
BRH:0
end_of_record
TN:
SF:src/hooks/useSeo.ts
FN:3,setMeta
FN:12,setProperty
FN:22,(anonymous_2)
FN:23,(anonymous_3)
FN:32,(anonymous_4)
FN:33,(anonymous_5)
FN:59,(anonymous_6)
FN:60,(anonymous_7)
FNF:8
FNH:7
FNDA:1540,setMeta
FNDA:1100,setProperty
FNDA:220,(anonymous_2)
FNDA:0,(anonymous_3)
FNDA:426,(anonymous_4)
FNDA:220,(anonymous_5)
FNDA:179,(anonymous_6)
FNDA:74,(anonymous_7)
DA:4,1540
DA:5,1540
DA:6,0
DA:7,0
DA:8,0
DA:10,1540
DA:13,1100
DA:14,1100
DA:15,0
DA:16,0
DA:17,0
DA:19,1100
DA:21,41
DA:22,41
DA:23,220
DA:24,220
DA:25,127
DA:26,127
DA:27,127
DA:28,127
DA:29,127
DA:32,41
DA:33,426
DA:34,220
DA:35,220
DA:36,220
DA:37,220
DA:38,220
DA:39,220
DA:40,220
DA:41,220
DA:42,220
DA:43,220
DA:44,220
DA:45,220
DA:46,220
DA:47,220
DA:48,220
DA:49,220
DA:50,220
DA:51,220
DA:52,41
DA:53,41
DA:54,41
DA:56,220
DA:58,220
DA:59,220
DA:60,179
LF:48
LH:42
BRDA:5,0,0,0
BRDA:5,0,1,1540
BRDA:14,1,0,0
BRDA:14,1,1,1100
BRDA:34,2,0,0
BRDA:34,2,1,220
BRDA:37,3,0,220
BRDA:37,3,1,0
BRDA:38,4,0,220
BRDA:38,4,1,0
BRDA:38,5,0,220
BRDA:38,5,1,220
BRDA:39,6,0,220
BRDA:39,6,1,0
BRDA:40,7,0,220
BRDA:40,7,1,0
BRDA:41,8,0,220
BRDA:41,8,1,0
BRDA:42,9,0,220
BRDA:42,9,1,0
BRDA:43,10,0,220
BRDA:43,10,1,0
BRDA:44,11,0,220
BRDA:44,11,1,0
BRDA:45,12,0,220
BRDA:45,12,1,0
BRDA:46,13,0,220
BRDA:46,13,1,0
BRDA:47,14,0,220
BRDA:47,14,1,0
BRDA:48,15,0,220
BRDA:48,15,1,0
BRDA:49,16,0,220
BRDA:49,16,1,0
BRDA:51,17,0,41
BRDA:51,17,1,179
BRDA:58,18,0,220
BRDA:58,18,1,0
BRF:38
BRH:21
end_of_record
TN:
SF:src/lib/utils.ts
FN:3,cn
FNF:1
FNH:1
FNDA:12142,cn
DA:4,12142
LF:1
LH:1
BRF:0
BRH:0
end_of_record
TN:
SF:src/main.tsx
FN:5,(anonymous_0)
FN:9,(anonymous_1)
FN:16,(anonymous_2)
FNF:3
FNH:2
FNDA:41,(anonymous_0)
FNDA:0,(anonymous_1)
FNDA:41,(anonymous_2)
DA:5,41
DA:6,41
DA:7,41
DA:9,41
DA:10,0
DA:11,0
DA:12,0
DA:14,0
DA:16,41
DA:17,41
DA:18,0
DA:19,0
DA:20,0
DA:21,0
DA:22,0
DA:23,0
DA:25,0
DA:27,0
DA:29,41
DA:30,41
DA:31,0
DA:33,41
DA:34,41
DA:37,41
DA:49,41
LF:25
LH:12
BRDA:6,0,0,41
BRDA:6,0,1,0
BRDA:7,1,0,41
BRDA:7,1,1,41
BRDA:7,1,2,41
BRDA:7,1,3,41
BRDA:10,2,0,0
BRDA:10,2,1,0
BRDA:11,3,0,0
BRDA:11,3,1,0
BRDA:17,4,0,0
BRDA:17,4,1,41
BRDA:20,5,0,0
BRDA:20,5,1,0
BRDA:21,6,0,0
BRDA:21,6,1,0
BRDA:30,7,0,0
BRDA:30,7,1,41
BRF:18
BRH:7
end_of_record
TN:
SF:src/pages/CategoriesPage.tsx
FN:20,(anonymous_0)
FN:29,(anonymous_1)
FN:32,(anonymous_2)
FN:83,(anonymous_3)
FN:186,(anonymous_4)
FN:202,(anonymous_5)
FN:204,(anonymous_6)
FNF:7
FNH:6
FNDA:10,(anonymous_0)
FNDA:10,(anonymous_1)
FNDA:20,(anonymous_2)
FNDA:16,(anonymous_3)
FNDA:2,(anonymous_4)
FNDA:2,(anonymous_5)
FNDA:0,(anonymous_6)
DA:1,2
DA:2,2
DA:3,2
DA:4,2
DA:5,2
DA:10,2
DA:20,2
DA:21,10
DA:22,10
DA:23,10
DA:28,10
DA:29,10
DA:30,10
DA:32,20
DA:36,10
DA:83,16
DA:186,2
DA:187,2
DA:193,2
DA:196,2
DA:199,2
DA:200,2
DA:202,2
DA:203,2
DA:204,2
DA:205,0
DA:206,0
DA:207,0
LF:28
LH:25
BRDA:1,0,0,0
BRDA:1,0,1,2
BRDA:74,1,0,2
BRDA:74,1,1,8
BRDA:81,2,0,4
BRDA:81,2,1,4
BRDA:92,3,0,0
BRDA:92,3,1,16
BRDA:92,4,0,16
BRDA:92,4,1,16
BRDA:93,5,0,0
BRDA:93,5,1,0
BRDA:93,6,0,0
BRDA:93,6,1,0
BRDA:131,7,0,0
BRDA:131,7,1,16
BRDA:205,8,0,0
BRDA:205,8,1,0
BRDA:207,9,0,0
BRDA:207,9,1,0
BRF:20
BRH:9
end_of_record
TN:
SF:src/pages/CategoryPage.tsx
FN:56,(anonymous_0)
FN:60,(anonymous_1)
FN:61,(anonymous_2)
FN:93,(anonymous_3)
FN:95,(anonymous_4)
FN:101,(anonymous_5)
FN:104,(anonymous_6)
FN:112,(anonymous_7)
FN:113,(anonymous_8)
FN:144,(anonymous_9)
FN:152,(anonymous_10)
FN:179,(anonymous_11)
FN:191,(anonymous_12)
FN:213,(anonymous_13)
FN:223,(anonymous_14)
FN:249,(anonymous_15)
FN:252,(anonymous_16)
FN:256,(anonymous_17)
FN:257,(anonymous_18)
FN:260,(anonymous_19)
FN:267,(anonymous_20)
FN:292,(anonymous_21)
FN:293,(anonymous_22)
FN:298,(anonymous_23)
FN:309,(anonymous_24)
FN:310,(anonymous_25)
FN:468,(anonymous_26)
FN:487,(anonymous_27)
FN:489,(anonymous_28)
FN:617,(anonymous_29)
FN:636,(anonymous_30)
FN:638,(anonymous_31)
FNF:32
FNH:28
FNDA:4,(anonymous_0)
FNDA:6,(anonymous_1)
FNDA:42,(anonymous_2)
FNDA:12,(anonymous_3)
FNDA:32,(anonymous_4)
FNDA:4,(anonymous_5)
FNDA:4,(anonymous_6)
FNDA:10,(anonymous_7)
FNDA:4,(anonymous_8)
FNDA:10,(anonymous_9)
FNDA:16,(anonymous_10)
FNDA:6,(anonymous_11)
FNDA:16,(anonymous_12)
FNDA:18,(anonymous_13)
FNDA:4,(anonymous_14)
FNDA:0,(anonymous_15)
FNDA:1,(anonymous_16)
FNDA:1,(anonymous_17)
FNDA:0,(anonymous_18)
FNDA:1,(anonymous_19)
FNDA:2,(anonymous_20)
FNDA:1,(anonymous_21)
FNDA:2,(anonymous_22)
FNDA:0,(anonymous_23)
FNDA:2,(anonymous_24)
FNDA:4,(anonymous_25)
FNDA:2,(anonymous_26)
FNDA:1,(anonymous_27)
FNDA:168,(anonymous_28)
FNDA:2,(anonymous_29)
FNDA:2,(anonymous_30)
FNDA:0,(anonymous_31)
DA:1,2
DA:2,2
DA:3,2
DA:4,2
DA:5,2
DA:10,2
DA:29,2
DA:30,2
DA:56,2
DA:57,4
DA:58,4
DA:60,6
DA:61,2
DA:62,42
DA:63,42
DA:64,42
DA:65,42
DA:66,42
DA:67,42
DA:68,42
DA:69,42
DA:70,42
DA:71,42
DA:72,42
DA:73,42
DA:74,42
DA:75,42
DA:76,42
DA:81,42
DA:85,42
DA:86,42
DA:87,42
DA:88,42
DA:91,42
DA:92,42
DA:93,42
DA:94,12
DA:95,32
DA:96,12
DA:101,42
DA:102,4
DA:104,42
DA:105,4
DA:106,4
DA:107,4
DA:108,4
DA:112,42
DA:113,10
DA:144,42
DA:145,10
DA:146,4
DA:148,6
DA:152,42
DA:153,16
DA:163,16
DA:164,10
DA:166,6
DA:167,6
DA:168,6
DA:169,6
DA:170,6
DA:176,6
DA:177,6
DA:179,6
DA:180,6
DA:181,6
DA:186,6
DA:191,42
DA:192,16
DA:193,0
DA:200,16
DA:201,10
DA:207,6
DA:208,6
DA:209,6
DA:210,6
DA:213,18
DA:220,6
DA:223,4
DA:230,6
DA:248,42
DA:249,42
DA:250,0
DA:252,42
DA:253,1
DA:254,0
DA:256,1
DA:257,1
DA:260,1
DA:267,42
DA:268,2
DA:269,2
DA:270,1
DA:271,1
DA:272,1
DA:273,1
DA:275,1
DA:276,1
DA:277,1
DA:278,1
DA:279,1
DA:280,0
DA:282,1
DA:283,1
DA:285,1
DA:288,0
DA:289,0
DA:290,0
DA:292,42
DA:293,1
DA:294,2
DA:295,2
DA:298,0
DA:299,2
DA:300,0
DA:301,0
DA:303,2
DA:309,42
DA:310,2
DA:311,4
DA:312,4
DA:316,4
DA:317,0
DA:318,0
DA:320,4
DA:326,42
DA:327,14
DA:359,28
DA:360,0
DA:405,28
DA:468,2
DA:487,1
DA:489,168
DA:617,2
DA:618,2
DA:627,2
DA:630,2
DA:633,2
DA:634,2
DA:636,2
DA:637,2
DA:638,2
DA:639,0
DA:640,0
DA:641,0
LF:145
LH:129
BRDA:1,0,0,0
BRDA:1,0,1,2
BRDA:57,1,0,4
BRDA:57,1,1,0
BRDA:58,2,0,4
BRDA:58,2,1,4
BRDA:60,3,0,6
BRDA:60,3,1,0
BRDA:76,4,0,0
BRDA:76,4,1,42
BRDA:76,5,0,42
BRDA:76,5,1,0
BRDA:85,6,0,42
BRDA:85,6,1,14
BRDA:86,7,0,42
BRDA:86,7,1,14
BRDA:87,8,0,42
BRDA:87,8,1,14
BRDA:88,9,0,28
BRDA:88,9,1,14
BRDA:91,10,0,42
BRDA:91,10,1,28
BRDA:92,11,0,42
BRDA:92,11,1,14
BRDA:120,12,0,4
BRDA:120,12,1,0
BRDA:126,13,0,4
BRDA:126,13,1,0
BRDA:127,14,0,4
BRDA:127,14,1,0
BRDA:131,15,0,4
BRDA:131,15,1,0
BRDA:132,16,0,4
BRDA:132,16,1,0
BRDA:133,17,0,4
BRDA:133,17,1,0
BRDA:135,18,0,4
BRDA:135,18,1,0
BRDA:136,19,0,4
BRDA:136,19,1,0
BRDA:145,20,0,4
BRDA:145,20,1,6
BRDA:148,21,0,6
BRDA:148,21,1,6
BRDA:163,22,0,10
BRDA:163,22,1,6
BRDA:169,23,0,12
BRDA:169,23,1,6
BRDA:176,24,0,0
BRDA:176,24,1,6
BRDA:183,25,0,6
BRDA:183,25,1,0
BRDA:192,26,0,0
BRDA:192,26,1,16
BRDA:196,27,0,0
BRDA:196,27,1,0
BRDA:200,28,0,10
BRDA:200,28,1,6
BRDA:200,29,0,16
BRDA:200,29,1,6
BRDA:208,30,0,6
BRDA:208,30,1,0
BRDA:208,31,0,0
BRDA:208,31,1,0
BRDA:217,32,0,18
BRDA:217,32,1,6
BRDA:220,33,0,4
BRDA:220,33,1,2
BRDA:234,34,0,4
BRDA:234,34,1,2
BRDA:253,35,0,0
BRDA:253,35,1,1
BRDA:269,36,0,1
BRDA:269,36,1,1
BRDA:276,37,0,1
BRDA:276,37,1,0
BRDA:282,38,0,1
BRDA:282,38,1,0
BRDA:294,39,0,2
BRDA:294,39,1,2
BRDA:295,40,0,2
BRDA:295,40,1,0
BRDA:299,41,0,0
BRDA:299,41,1,2
BRDA:311,42,0,0
BRDA:311,42,1,4
BRDA:313,43,0,4
BRDA:313,43,1,2
BRDA:314,44,0,4
BRDA:314,44,1,0
BRDA:316,45,0,0
BRDA:316,45,1,4
BRDA:316,46,0,4
BRDA:316,46,1,0
BRDA:326,47,0,14
BRDA:326,47,1,28
BRDA:326,48,0,42
BRDA:326,48,1,14
BRDA:359,49,0,0
BRDA:359,49,1,28
BRDA:359,50,0,28
BRDA:359,50,1,28
BRDA:432,51,0,28
BRDA:432,51,1,0
BRDA:471,52,0,2
BRDA:471,52,1,26
BRDA:502,53,0,28
BRDA:502,53,1,2
BRDA:510,54,0,28
BRDA:510,54,1,4
BRDA:518,55,0,28
BRDA:518,55,1,14
BRDA:555,56,0,28
BRDA:555,56,1,2
BRDA:563,57,0,16
BRDA:563,57,1,12
BRDA:639,58,0,0
BRDA:639,58,1,0
BRDA:641,59,0,0
BRDA:641,59,1,0
BRF:120
BRH:84
end_of_record
TN:
SF:src/pages/ContactPage.tsx
FN:40,(anonymous_0)
FN:60,(anonymous_1)
FN:167,(anonymous_2)
FN:200,(anonymous_3)
FN:243,(anonymous_4)
FN:285,(anonymous_5)
FN:330,(anonymous_6)
FN:466,(anonymous_7)
FN:483,(anonymous_8)
FN:485,(anonymous_9)
FNF:10
FNH:9
FNDA:60,(anonymous_0)
FNDA:3,(anonymous_1)
FNDA:62,(anonymous_2)
FNDA:310,(anonymous_3)
FNDA:62,(anonymous_4)
FNDA:62,(anonymous_5)
FNDA:62,(anonymous_6)
FNDA:2,(anonymous_7)
FNDA:2,(anonymous_8)
FNDA:0,(anonymous_9)
DA:1,2
DA:2,2
DA:3,2
DA:4,2
DA:5,2
DA:10,2
DA:26,2
DA:27,2
DA:34,2
DA:40,2
DA:41,60
DA:42,60
DA:47,60
DA:48,60
DA:49,60
DA:50,60
DA:51,60
DA:60,60
DA:61,3
DA:62,3
DA:63,3
DA:64,3
DA:65,3
DA:72,1
DA:73,1
DA:80,2
DA:81,2
DA:82,2
DA:86,2
DA:90,2
DA:94,2
DA:98,2
DA:99,1
DA:100,1
DA:103,1
DA:106,60
DA:167,62
DA:200,310
DA:243,62
DA:285,62
DA:330,62
DA:466,2
DA:467,2
DA:474,2
DA:477,2
DA:480,2
DA:481,2
DA:483,2
DA:484,2
DA:485,2
DA:486,0
DA:487,0
DA:488,0
LF:53
LH:50
BRDA:1,0,0,0
BRDA:1,0,1,2
BRDA:81,1,0,2
BRDA:81,1,1,0
BRDA:82,2,0,1
BRDA:82,2,1,1
BRDA:86,3,0,1
BRDA:86,3,1,1
BRDA:90,4,0,1
BRDA:90,4,1,1
BRDA:94,5,0,1
BRDA:94,5,1,1
BRDA:98,6,0,1
BRDA:98,6,1,1
BRDA:103,7,0,1
BRDA:103,7,1,0
BRDA:143,8,0,60
BRDA:143,8,1,2
BRDA:151,9,0,60
BRDA:151,9,1,4
BRDA:394,10,0,60
BRDA:394,10,1,54
BRDA:395,11,0,6
BRDA:395,11,1,54
BRDA:486,12,0,0
BRDA:486,12,1,0
BRDA:488,13,0,0
BRDA:488,13,1,0
BRF:28
BRH:21
end_of_record
TN:
SF:src/pages/Index.tsx
FN:20,(anonymous_0)
FN:38,(anonymous_1)
FN:127,(anonymous_2)
FN:143,(anonymous_3)
FN:145,(anonymous_4)
FNF:5
FNH:4
FNDA:52,(anonymous_0)
FNDA:26,(anonymous_1)
FNDA:11,(anonymous_2)
FNDA:11,(anonymous_3)
FNDA:0,(anonymous_4)
DA:1,11
DA:2,11
DA:3,11
DA:4,11
DA:5,11
DA:10,11
DA:20,52
DA:35,11
DA:38,11
DA:39,26
DA:40,26
DA:41,26
DA:68,26
DA:127,11
DA:128,11
DA:133,11
DA:136,11
DA:137,11
DA:140,11
DA:141,11
DA:143,11
DA:144,11
DA:145,11
DA:146,0
DA:147,0
DA:148,0
LF:26
LH:23
BRDA:1,0,0,0
BRDA:1,0,1,11
BRDA:146,1,0,0
BRDA:146,1,1,0
BRDA:148,2,0,0
BRDA:148,2,1,0
BRF:6
BRH:1
end_of_record
TN:
SF:src/pages/PartnersPage.tsx
FN:18,(anonymous_0)
FN:31,(anonymous_1)
FN:88,(anonymous_2)
FN:114,(anonymous_3)
FN:143,(anonymous_4)
FN:170,(anonymous_5)
FN:202,(anonymous_6)
FN:264,(anonymous_7)
FN:347,(anonymous_8)
FN:361,(anonymous_9)
FN:363,(anonymous_10)
FNF:11
FNH:7
FNDA:10,(anonymous_0)
FNDA:10,(anonymous_1)
FNDA:1,(anonymous_2)
FNDA:0,(anonymous_3)
FNDA:1,(anonymous_4)
FNDA:0,(anonymous_5)
FNDA:0,(anonymous_6)
FNDA:1,(anonymous_7)
FNDA:2,(anonymous_8)
FNDA:2,(anonymous_9)
FNDA:0,(anonymous_10)
DA:1,2
DA:2,2
DA:3,2
DA:4,2
DA:5,2
DA:10,2
DA:17,2
DA:18,2
DA:19,10
DA:20,10
DA:25,10
DA:26,10
DA:27,10
DA:28,10
DA:29,10
DA:30,10
DA:31,10
DA:32,10
DA:33,10
DA:34,10
DA:43,10
DA:44,10
DA:88,1
DA:114,0
DA:143,1
DA:170,0
DA:202,0
DA:264,1
DA:347,2
DA:348,2
DA:352,2
DA:355,2
DA:358,2
DA:359,2
DA:361,2
DA:362,2
DA:363,2
DA:364,0
DA:365,0
DA:366,0
LF:40
LH:34
BRDA:1,0,0,0
BRDA:1,0,1,2
BRDA:32,1,0,10
BRDA:32,1,1,4
BRDA:43,2,0,10
BRDA:43,2,1,6
BRDA:43,2,2,4
BRDA:364,3,0,0
BRDA:364,3,1,0
BRDA:366,4,0,0
BRDA:366,4,1,0
BRF:11
BRH:6
end_of_record
TN:
SF:src/pages/ProductDetail.tsx
FN:15,(anonymous_0)
FN:18,(anonymous_1)
FN:63,(anonymous_2)
FN:65,(anonymous_3)
FNF:4
FNH:3
FNDA:24,(anonymous_0)
FNDA:24,(anonymous_1)
FNDA:12,(anonymous_2)
FNDA:0,(anonymous_3)
DA:1,12
DA:2,12
DA:3,12
DA:4,12
DA:5,12
DA:10,12
DA:15,12
DA:16,24
DA:18,24
DA:19,24
DA:21,24
DA:53,12
DA:54,12
DA:57,12
DA:60,12
DA:61,12
DA:63,12
DA:64,12
DA:65,12
DA:66,0
DA:67,0
DA:68,0
LF:22
LH:19
BRDA:1,0,0,0
BRDA:1,0,1,12
BRDA:66,1,0,0
BRDA:66,1,1,0
BRDA:68,2,0,0
BRDA:68,2,1,0
BRF:6
BRH:1
end_of_record
TN:
SF:src/pages/PublicCompanyPage.tsx
FN:30,(anonymous_0)
FN:34,(anonymous_1)
FN:35,(anonymous_2)
FN:35,(anonymous_3)
FN:36,(anonymous_4)
FN:40,(anonymous_5)
FN:64,(anonymous_6)
FN:83,(anonymous_7)
FN:86,(anonymous_8)
FN:89,(anonymous_9)
FN:90,(anonymous_10)
FN:121,(anonymous_11)
FN:134,(anonymous_12)
FN:163,(anonymous_13)
FN:173,(anonymous_14)
FN:211,(anonymous_15)
FN:220,(anonymous_16)
FN:225,(anonymous_17)
FN:281,(anonymous_18)
FN:532,(anonymous_19)
FN:541,(anonymous_20)
FN:630,(anonymous_21)
FN:654,(anonymous_22)
FN:709,(anonymous_23)
FN:730,(anonymous_24)
FN:732,(anonymous_25)
FNF:26
FNH:21
FNDA:10,(anonymous_0)
FNDA:32,(anonymous_1)
FNDA:52,(anonymous_2)
FNDA:216,(anonymous_3)
FNDA:32,(anonymous_4)
FNDA:18,(anonymous_5)
FNDA:32,(anonymous_6)
FNDA:20,(anonymous_7)
FNDA:20,(anonymous_8)
FNDA:28,(anonymous_9)
FNDA:10,(anonymous_10)
FNDA:20,(anonymous_11)
FNDA:32,(anonymous_12)
FNDA:36,(anonymous_13)
FNDA:8,(anonymous_14)
FNDA:0,(anonymous_15)
FNDA:13,(anonymous_16)
FNDA:19,(anonymous_17)
FNDA:128,(anonymous_18)
FNDA:0,(anonymous_19)
FNDA:1,(anonymous_20)
FNDA:0,(anonymous_21)
FNDA:0,(anonymous_22)
FNDA:6,(anonymous_23)
FNDA:6,(anonymous_24)
FNDA:0,(anonymous_25)
DA:1,6
DA:2,6
DA:3,6
DA:4,6
DA:5,6
DA:10,6
DA:28,6
DA:29,6
DA:30,6
DA:31,10
DA:32,10
DA:34,32
DA:35,216
DA:36,32
DA:40,6
DA:41,18
DA:42,0
DA:44,18
DA:45,4
DA:54,14
DA:55,12
DA:62,2
DA:64,6
DA:65,32
DA:66,32
DA:67,32
DA:68,32
DA:69,32
DA:70,32
DA:71,32
DA:72,32
DA:73,32
DA:74,32
DA:75,32
DA:76,32
DA:77,32
DA:78,32
DA:79,32
DA:80,32
DA:81,32
DA:82,32
DA:83,32
DA:86,32
DA:89,32
DA:90,28
DA:121,32
DA:134,32
DA:135,32
DA:136,0
DA:142,32
DA:143,2
DA:150,30
DA:151,12
DA:157,18
DA:158,18
DA:159,18
DA:160,18
DA:163,36
DA:170,18
DA:173,8
DA:180,18
DA:210,32
DA:211,32
DA:212,0
DA:213,0
DA:214,0
DA:216,0
DA:218,0
DA:220,32
DA:221,13
DA:225,32
DA:226,19
DA:227,18
DA:229,1
DA:230,1
DA:231,0
DA:233,1
DA:235,1
DA:244,32
DA:245,32
DA:246,32
DA:247,32
DA:281,128
DA:532,0
DA:541,1
DA:630,0
DA:654,0
DA:709,6
DA:710,6
DA:721,6
DA:724,6
DA:727,6
DA:728,6
DA:730,6
DA:731,6
DA:732,6
DA:733,0
DA:734,0
DA:735,0
LF:99
LH:85
BRDA:1,0,0,0
BRDA:1,0,1,6
BRDA:31,1,0,10
BRDA:31,1,1,0
BRDA:32,2,0,10
BRDA:32,2,1,10
BRDA:34,3,0,32
BRDA:34,3,1,12
BRDA:35,4,0,216
BRDA:35,4,1,28
BRDA:36,5,0,32
BRDA:36,5,1,28
BRDA:41,6,0,0
BRDA:41,6,1,18
BRDA:44,7,0,4
BRDA:44,7,1,14
BRDA:47,8,0,4
BRDA:47,8,1,0
BRDA:48,9,0,4
BRDA:48,9,1,0
BRDA:49,10,0,4
BRDA:49,10,1,0
BRDA:50,11,0,4
BRDA:50,11,1,0
BRDA:51,12,0,4
BRDA:51,12,1,0
BRDA:54,13,0,12
BRDA:54,13,1,2
BRDA:54,14,0,14
BRDA:54,14,1,2
BRDA:54,14,2,2
BRDA:57,15,0,12
BRDA:57,15,1,0
BRDA:58,16,0,12
BRDA:58,16,1,0
BRDA:59,17,0,12
BRDA:59,17,1,0
BRDA:71,18,0,32
BRDA:71,18,1,0
BRDA:71,19,0,32
BRDA:71,19,1,24
BRDA:72,20,0,32
BRDA:72,20,1,0
BRDA:73,21,0,32
BRDA:73,21,1,0
BRDA:74,22,0,32
BRDA:74,22,1,14
BRDA:75,23,0,32
BRDA:75,23,1,14
BRDA:76,24,0,32
BRDA:76,24,1,14
BRDA:78,25,0,32
BRDA:78,25,1,16
BRDA:80,26,0,32
BRDA:80,26,1,28
BRDA:81,27,0,32
BRDA:81,27,1,10
BRDA:81,27,2,4
BRDA:82,28,0,32
BRDA:82,28,1,16
BRDA:82,28,2,16
BRDA:82,29,0,28
BRDA:82,29,1,4
BRDA:97,30,0,10
BRDA:97,30,1,0
BRDA:103,31,0,10
BRDA:103,31,1,0
BRDA:104,32,0,10
BRDA:104,32,1,2
BRDA:104,32,2,0
BRDA:105,33,0,10
BRDA:105,33,1,2
BRDA:105,33,2,0
BRDA:108,34,0,10
BRDA:108,34,1,0
BRDA:109,35,0,10
BRDA:109,35,1,0
BRDA:110,36,0,10
BRDA:110,36,1,0
BRDA:112,37,0,10
BRDA:112,37,1,0
BRDA:113,38,0,10
BRDA:113,38,1,0
BRDA:126,39,0,10
BRDA:126,39,1,10
BRDA:135,40,0,0
BRDA:135,40,1,32
BRDA:142,41,0,2
BRDA:142,41,1,30
BRDA:150,42,0,12
BRDA:150,42,1,18
BRDA:159,43,0,18
BRDA:159,43,1,8
BRDA:159,44,0,6
BRDA:159,44,1,2
BRDA:167,45,0,36
BRDA:167,45,1,18
BRDA:170,46,0,8
BRDA:170,46,1,10
BRDA:190,47,0,18
BRDA:190,47,1,8
BRDA:192,48,0,18
BRDA:192,48,1,18
BRDA:195,49,0,8
BRDA:195,49,1,10
BRDA:213,50,0,0
BRDA:213,50,1,0
BRDA:226,51,0,18
BRDA:226,51,1,1
BRDA:226,52,0,19
BRDA:226,52,1,7
BRDA:226,52,2,6
BRDA:230,53,0,0
BRDA:230,53,1,1
BRDA:244,54,0,32
BRDA:244,54,1,20
BRDA:267,55,0,32
BRDA:267,55,1,16
BRDA:299,56,0,32
BRDA:299,56,1,16
BRDA:299,56,2,2
BRDA:324,57,0,32
BRDA:324,57,1,16
BRDA:324,57,2,14
BRDA:324,57,3,14
BRDA:331,58,0,0
BRDA:331,58,1,14
BRDA:373,59,0,0
BRDA:373,59,1,14
BRDA:413,60,0,12
BRDA:413,60,1,2
BRDA:475,61,0,14
BRDA:475,61,1,8
BRDA:498,62,0,14
BRDA:498,62,1,10
BRDA:565,63,0,12
BRDA:565,63,1,2
BRDA:566,64,0,10
BRDA:566,64,1,2
BRDA:569,65,0,10
BRDA:569,65,1,2
BRDA:609,66,0,0
BRDA:609,66,1,14
BRDA:616,67,0,8
BRDA:616,67,1,6
BRDA:733,68,0,0
BRDA:733,68,1,0
BRDA:735,69,0,0
BRDA:735,69,1,0
BRF:149
BRH:115
end_of_record
TN:
SF:src/pages/SearchPage.tsx
FN:54,(anonymous_0)
FN:58,(anonymous_1)
FN:74,(anonymous_2)
FN:75,(anonymous_3)
FN:83,(anonymous_4)
FN:89,(anonymous_5)
FN:97,(anonymous_6)
FN:104,(anonymous_7)
FN:106,(anonymous_8)
FN:119,(anonymous_9)
FN:121,(anonymous_10)
FN:138,(anonymous_11)
FN:139,(anonymous_12)
FN:145,(anonymous_13)
FN:188,(anonymous_14)
FN:206,(anonymous_15)
FN:254,(anonymous_16)
FN:256,(anonymous_17)
FN:295,(anonymous_18)
FN:326,(anonymous_19)
FN:331,(anonymous_20)
FN:334,(anonymous_21)
FN:334,(anonymous_22)
FN:338,(anonymous_23)
FN:341,(anonymous_24)
FN:346,(anonymous_25)
FN:354,(anonymous_26)
FN:362,(anonymous_27)
FN:365,(anonymous_28)
FN:377,(anonymous_29)
FN:382,(anonymous_30)
FN:387,(anonymous_31)
FN:392,(anonymous_32)
FN:397,(anonymous_33)
FN:410,(anonymous_34)
FN:413,(anonymous_35)
FN:419,(anonymous_36)
FN:420,(anonymous_37)
FN:454,(anonymous_38)
FN:458,(anonymous_39)
FN:461,(anonymous_40)
FN:475,(anonymous_41)
FN:476,(anonymous_42)
FN:480,(anonymous_43)
FN:481,(anonymous_44)
FN:484,(anonymous_45)
FN:491,(anonymous_46)
FN:529,(anonymous_47)
FN:530,(anonymous_48)
FN:536,(anonymous_49)
FN:548,(anonymous_50)
FN:549,(anonymous_51)
FN:554,(anonymous_52)
FN:565,(anonymous_53)
FN:566,(anonymous_54)
FN:693,(anonymous_55)
FN:755,(anonymous_56)
FN:846,(anonymous_57)
FN:865,(anonymous_58)
FN:867,(anonymous_59)
FNF:60
FNH:56
FNDA:32,(anonymous_0)
FNDA:32,(anonymous_1)
FNDA:122,(anonymous_2)
FNDA:96,(anonymous_3)
FNDA:246,(anonymous_4)
FNDA:433,(anonymous_5)
FNDA:162,(anonymous_6)
FNDA:24,(anonymous_7)
FNDA:24,(anonymous_8)
FNDA:24,(anonymous_9)
FNDA:24,(anonymous_10)
FNDA:144,(anonymous_11)
FNDA:432,(anonymous_12)
FNDA:1,(anonymous_13)
FNDA:160,(anonymous_14)
FNDA:6,(anonymous_15)
FNDA:4,(anonymous_16)
FNDA:864,(anonymous_17)
FNDA:272,(anonymous_18)
FNDA:120,(anonymous_19)
FNDA:24,(anonymous_20)
FNDA:12,(anonymous_21)
FNDA:12,(anonymous_22)
FNDA:24,(anonymous_23)
FNDA:12,(anonymous_24)
FNDA:24,(anonymous_25)
FNDA:24,(anonymous_26)
FNDA:24,(anonymous_27)
FNDA:24,(anonymous_28)
FNDA:16,(anonymous_29)
FNDA:18,(anonymous_30)
FNDA:18,(anonymous_31)
FNDA:20,(anonymous_32)
FNDA:20,(anonymous_33)
FNDA:32,(anonymous_34)
FNDA:22,(anonymous_35)
FNDA:40,(anonymous_36)
FNDA:32,(anonymous_37)
FNDA:0,(anonymous_38)
FNDA:1,(anonymous_39)
FNDA:1,(anonymous_40)
FNDA:6,(anonymous_41)
FNDA:3,(anonymous_42)
FNDA:3,(anonymous_43)
FNDA:1,(anonymous_44)
FNDA:2,(anonymous_45)
FNDA:6,(anonymous_46)
FNDA:1,(anonymous_47)
FNDA:1,(anonymous_48)
FNDA:1,(anonymous_49)
FNDA:1,(anonymous_50)
FNDA:1,(anonymous_51)
FNDA:0,(anonymous_52)
FNDA:2,(anonymous_53)
FNDA:2,(anonymous_54)
FNDA:3,(anonymous_55)
FNDA:0,(anonymous_56)
FNDA:8,(anonymous_57)
FNDA:9,(anonymous_58)
FNDA:0,(anonymous_59)
DA:1,9
DA:2,9
DA:3,9
DA:4,9
DA:5,9
DA:10,9
DA:26,9
DA:27,9
DA:28,9
DA:54,9
DA:55,32
DA:56,32
DA:58,9
DA:59,32
DA:60,32
DA:61,32
DA:62,90
DA:67,32
DA:68,90
DA:69,12
DA:71,78
DA:74,32
DA:75,122
DA:76,122
DA:77,90
DA:80,32
DA:81,32
DA:83,9
DA:84,246
DA:87,82
DA:89,9
DA:90,433
DA:91,352
DA:96,81
DA:97,162
DA:98,81
DA:99,81
DA:104,9
DA:105,24
DA:106,24
DA:107,24
DA:108,24
DA:109,22
DA:111,2
DA:112,2
DA:117,24
DA:119,9
DA:120,24
DA:121,24
DA:122,24
DA:123,24
DA:124,20
DA:126,4
DA:127,4
DA:128,0
DA:130,4
DA:131,4
DA:136,24
DA:138,9
DA:139,144
DA:140,432
DA:141,432
DA:145,1
DA:188,160
DA:201,144
DA:207,6
DA:254,4
DA:256,864
DA:295,272
DA:325,9
DA:326,9
DA:327,120
DA:328,120
DA:329,120
DA:330,120
DA:331,120
DA:332,24
DA:333,24
DA:334,12
DA:338,120
DA:339,24
DA:340,24
DA:341,12
DA:342,0
DA:346,120
DA:347,24
DA:348,24
DA:349,4
DA:350,4
DA:354,120
DA:355,24
DA:356,24
DA:357,4
DA:358,4
DA:362,120
DA:365,120
DA:368,120
DA:369,120
DA:370,120
DA:371,120
DA:372,120
DA:373,120
DA:374,120
DA:375,120
DA:376,120
DA:377,120
DA:378,16
DA:382,120
DA:383,18
DA:387,120
DA:388,18
DA:392,120
DA:393,20
DA:397,120
DA:398,20
DA:402,120
DA:410,120
DA:413,120
DA:416,120
DA:417,120
DA:418,120
DA:419,120
DA:420,40
DA:448,120
DA:454,120
DA:455,0
DA:456,0
DA:458,120
DA:459,1
DA:460,1
DA:461,1
DA:462,1
DA:463,1
DA:464,0
DA:465,0
DA:467,1
DA:468,2
DA:470,1
DA:471,1
DA:472,1
DA:475,120
DA:476,120
DA:477,3
DA:478,0
DA:480,3
DA:481,3
DA:484,2
DA:491,120
DA:492,6
DA:493,6
DA:494,6
DA:495,6
DA:496,6
DA:497,6
DA:498,6
DA:499,6
DA:500,3
DA:501,3
DA:502,3
DA:503,3
DA:504,1
DA:505,1
DA:507,2
DA:508,2
DA:510,3
DA:514,3
DA:515,3
DA:517,4
DA:518,0
DA:520,4
DA:521,2
DA:523,4
DA:524,1
DA:525,1
DA:526,1
DA:528,4
DA:529,2
DA:530,1
DA:531,1
DA:532,1
DA:536,2
DA:537,1
DA:538,1
DA:540,1
DA:541,1
DA:545,4
DA:546,4
DA:548,120
DA:549,1
DA:550,1
DA:551,1
DA:554,0
DA:555,1
DA:556,0
DA:557,0
DA:559,1
DA:565,120
DA:566,2
DA:567,2
DA:568,2
DA:572,2
DA:573,0
DA:574,0
DA:576,2
DA:582,120
DA:694,3
DA:695,3
DA:696,2
DA:698,3
DA:755,0
DA:846,9
DA:847,8
DA:855,9
DA:858,9
DA:859,9
DA:862,9
DA:863,9
DA:865,9
DA:866,9
DA:867,9
DA:868,0
DA:869,0
DA:870,0
LF:223
LH:206
BRDA:1,0,0,0
BRDA:1,0,1,9
BRDA:55,1,0,32
BRDA:55,1,1,0
BRDA:56,2,0,32
BRDA:56,2,1,32
BRDA:68,3,0,12
BRDA:68,3,1,78
BRDA:68,4,0,90
BRDA:68,4,1,12
BRDA:84,5,0,164
BRDA:84,5,1,82
BRDA:90,6,0,352
BRDA:90,6,1,81
BRDA:98,7,0,81
BRDA:98,7,1,52
BRDA:100,8,0,81
BRDA:100,8,1,29
BRDA:101,9,0,81
BRDA:101,9,1,29
BRDA:108,10,0,22
BRDA:108,10,1,2
BRDA:108,11,0,24
BRDA:108,11,1,2
BRDA:113,12,0,2
BRDA:113,12,1,2
BRDA:123,13,0,20
BRDA:123,13,1,4
BRDA:123,14,0,24
BRDA:123,14,1,4
BRDA:127,15,0,0
BRDA:127,15,1,4
BRDA:132,16,0,4
BRDA:132,16,1,2
BRDA:152,17,0,156
BRDA:152,17,1,276
BRDA:152,18,0,432
BRDA:152,18,1,276
BRDA:153,19,0,156
BRDA:153,19,1,276
BRDA:159,20,0,0
BRDA:159,20,1,276
BRDA:186,21,0,432
BRDA:186,21,1,80
BRDA:212,22,0,8
BRDA:212,22,1,136
BRDA:285,23,0,144
BRDA:285,23,1,6
BRDA:307,24,0,144
BRDA:307,24,1,36
BRDA:330,25,0,120
BRDA:330,25,1,112
BRDA:333,26,0,20
BRDA:333,26,1,4
BRDA:340,27,0,20
BRDA:340,27,1,4
BRDA:341,28,0,4
BRDA:341,28,1,0
BRDA:348,29,0,20
BRDA:348,29,1,4
BRDA:350,30,0,4
BRDA:350,30,1,0
BRDA:356,31,0,20
BRDA:356,31,1,4
BRDA:358,32,0,4
BRDA:358,32,1,0
BRDA:405,33,0,104
BRDA:405,33,1,16
BRDA:416,34,0,120
BRDA:416,34,1,16
BRDA:417,35,0,120
BRDA:417,35,1,16
BRDA:418,36,0,120
BRDA:418,36,1,18
BRDA:427,37,0,32
BRDA:427,37,1,0
BRDA:433,38,0,32
BRDA:433,38,1,0
BRDA:434,39,0,32
BRDA:434,39,1,0
BRDA:438,40,0,32
BRDA:438,40,1,0
BRDA:439,41,0,32
BRDA:439,41,1,0
BRDA:440,42,0,32
BRDA:440,42,1,0
BRDA:442,43,0,32
BRDA:442,43,1,0
BRDA:443,44,0,32
BRDA:443,44,1,0
BRDA:449,45,0,8
BRDA:449,45,1,112
BRDA:463,46,0,0
BRDA:463,46,1,1
BRDA:463,47,0,1
BRDA:463,47,1,1
BRDA:477,48,0,0
BRDA:477,48,1,3
BRDA:499,49,0,3
BRDA:499,49,1,3
BRDA:500,50,0,3
BRDA:500,50,1,0
BRDA:500,51,0,3
BRDA:500,51,1,0
BRDA:507,52,0,2
BRDA:507,52,1,0
BRDA:517,53,0,0
BRDA:517,53,1,4
BRDA:520,54,0,2
BRDA:520,54,1,2
BRDA:523,55,0,1
BRDA:523,55,1,3
BRDA:523,56,0,4
BRDA:523,56,1,1
BRDA:523,56,2,1
BRDA:528,57,0,2
BRDA:528,57,1,2
BRDA:531,58,0,1
BRDA:531,58,1,0
BRDA:537,59,0,1
BRDA:537,59,1,0
BRDA:540,60,0,1
BRDA:540,60,1,0
BRDA:550,61,0,1
BRDA:550,61,1,1
BRDA:551,62,0,1
BRDA:551,62,1,0
BRDA:555,63,0,0
BRDA:555,63,1,1
BRDA:567,64,0,0
BRDA:567,64,1,2
BRDA:569,65,0,2
BRDA:569,65,1,1
BRDA:570,66,0,2
BRDA:570,66,1,0
BRDA:572,67,0,0
BRDA:572,67,1,2
BRDA:572,68,0,2
BRDA:572,68,1,0
BRDA:695,69,0,2
BRDA:695,69,1,1
BRDA:774,70,0,120
BRDA:774,70,1,36
BRDA:782,71,0,16
BRDA:782,71,1,104
BRDA:782,72,0,120
BRDA:782,72,1,16
BRDA:786,73,0,98
BRDA:786,73,1,6
BRDA:805,74,0,0
BRDA:805,74,1,6
BRDA:868,75,0,0
BRDA:868,75,1,0
BRDA:870,76,0,0
BRDA:870,76,1,0
BRF:155
BRH:120
end_of_record
TN:
SF:src/pages/legal/PrivacyPage.tsx
FN:15,(anonymous_0)
FN:535,(anonymous_1)
FN:549,(anonymous_2)
FN:551,(anonymous_3)
FNF:4
FNH:3
FNDA:2,(anonymous_0)
FNDA:1,(anonymous_1)
FNDA:1,(anonymous_2)
FNDA:0,(anonymous_3)
DA:1,1
DA:2,1
DA:3,1
DA:4,1
DA:5,1
DA:10,1
DA:15,1
DA:16,2
DA:17,2
DA:23,2
DA:535,1
DA:536,1
DA:540,1
DA:543,1
DA:546,1
DA:547,1
DA:549,1
DA:550,1
DA:551,1
DA:552,0
DA:553,0
DA:554,0
LF:22
LH:19
BRDA:1,0,0,0
BRDA:1,0,1,1
BRDA:552,1,0,0
BRDA:552,1,1,0
BRDA:554,2,0,0
BRDA:554,2,1,0
BRF:6
BRH:1
end_of_record
TN:
SF:src/utils/backendError.ts
FN:1,(anonymous_0)
FN:2,(anonymous_1)
FN:9,(anonymous_2)
FN:15,(anonymous_3)
FN:27,(anonymous_4)
FN:36,(anonymous_5)
FN:40,(anonymous_6)
FN:44,(anonymous_7)
FN:63,(anonymous_8)
FN:69,(anonymous_9)
FNF:10
FNH:5
FNDA:3,(anonymous_0)
FNDA:0,(anonymous_1)
FNDA:0,(anonymous_2)
FNDA:0,(anonymous_3)
FNDA:1,(anonymous_4)
FNDA:1,(anonymous_5)
FNDA:1,(anonymous_6)
FNDA:0,(anonymous_7)
FNDA:1,(anonymous_8)
FNDA:0,(anonymous_9)
DA:1,41
DA:2,41
DA:3,0
DA:4,0
DA:6,0
DA:7,0
DA:9,41
DA:10,0
DA:11,0
DA:13,0
DA:14,0
DA:15,0
DA:16,0
DA:17,0
DA:20,0
DA:21,0
DA:22,0
DA:25,0
DA:27,41
DA:28,1
DA:29,0
DA:31,1
DA:32,1
DA:34,0
DA:36,41
DA:37,1
DA:38,1
DA:39,1
DA:40,1
DA:42,0
DA:44,41
DA:45,0
DA:46,0
DA:47,0
DA:48,0
DA:50,0
DA:51,0
DA:52,0
DA:54,0
DA:55,0
DA:56,0
DA:58,0
DA:59,0
DA:61,0
DA:63,41
DA:64,1
DA:65,0
DA:67,1
DA:69,41
LF:49
LH:17
BRDA:1,0,0,3
BRDA:1,0,1,3
BRDA:3,1,0,0
BRDA:3,1,1,0
BRDA:7,2,0,0
BRDA:7,2,1,0
BRDA:10,3,0,0
BRDA:10,3,1,0
BRDA:14,4,0,0
BRDA:14,4,1,0
BRDA:16,5,0,0
BRDA:16,5,1,0
BRDA:21,6,0,0
BRDA:21,6,1,0
BRDA:28,7,0,0
BRDA:28,7,1,1
BRDA:31,8,0,1
BRDA:31,8,1,0
BRDA:39,9,0,1
BRDA:39,9,1,0
BRDA:40,10,0,1
BRDA:40,10,1,0
BRDA:47,11,0,0
BRDA:47,11,1,0
BRDA:51,12,0,0
BRDA:51,12,1,0
BRDA:55,13,0,0
BRDA:55,13,1,0
BRDA:58,14,0,0
BRDA:58,14,1,0
BRDA:64,15,0,0
BRDA:64,15,1,1
BRDA:67,16,0,1
BRDA:67,16,1,0
BRDA:69,17,0,0
BRDA:69,17,1,0
BRF:36
BRH:8
end_of_record
TN:
SF:src/utils/categoryBreadcrumb.ts
FN:5,buildCategoryBreadcrumbName
FNF:1
FNH:1
FNDA:2,buildCategoryBreadcrumbName
DA:6,2
DA:7,2
DA:8,2
DA:9,2
DA:10,2
DA:11,2
DA:12,2
DA:13,2
DA:14,2
DA:16,2
LF:10
LH:10
BRDA:6,0,0,2
BRDA:6,0,1,2
BRDA:7,1,0,2
BRDA:7,1,1,2
BRDA:11,2,0,4
BRDA:11,2,1,2
BRDA:13,3,0,0
BRDA:13,3,1,2
BRF:8
BRH:7
end_of_record
